[0.018s] Invoking command in '/home/caros/DEV/ROS_DEV/ros2_lidar_navigation/build/rslidar_msg': CMAKE_PREFIX_PATH=/opt/ros/foxy /usr/local/bin/cmake --build /home/caros/DEV/ROS_DEV/ros2_lidar_navigation/build/rslidar_msg -- -j48 -l48
[0.146s] [  3%] Built target rslidar_msg__cpp
[0.162s] [ 12%] Built target rslidar_msg__rosidl_generator_c
[0.174s] [ 22%] Built target rslidar_msg__rosidl_typesupport_cpp
[0.175s] [ 32%] Built target rslidar_msg__rosidl_typesupport_fastrtps_cpp
[0.177s] [ 41%] Built target rslidar_msg__rosidl_typesupport_introspection_cpp
[0.186s] [ 51%] Built target rslidar_msg__rosidl_typesupport_c
[0.187s] [ 61%] Built target rslidar_msg__rosidl_typesupport_introspection_c
[0.204s] [ 70%] Built target rslidar_msg__rosidl_typesupport_fastrtps_c
[0.224s] [ 70%] Built target rslidar_msg
[0.246s] [ 74%] Built target rslidar_msg__py
[0.346s] [ 80%] Built target rslidar_msg__python
[0.373s] [ 90%] Built target rslidar_msg__rosidl_typesupport_introspection_c__pyext
[0.373s] [ 93%] Built target rslidar_msg__rosidl_typesupport_fastrtps_c__pyext
[0.374s] [100%] Built target rslidar_msg__rosidl_typesupport_c__pyext
[0.386s] Invoked command in '/home/caros/DEV/ROS_DEV/ros2_lidar_navigation/build/rslidar_msg' returned '0': CMAKE_PREFIX_PATH=/opt/ros/foxy /usr/local/bin/cmake --build /home/caros/DEV/ROS_DEV/ros2_lidar_navigation/build/rslidar_msg -- -j48 -l48
[0.404s] Invoking command in '/home/caros/DEV/ROS_DEV/ros2_lidar_navigation/build/rslidar_msg': CMAKE_PREFIX_PATH=/opt/ros/foxy /usr/local/bin/cmake --install /home/caros/DEV/ROS_DEV/ros2_lidar_navigation/build/rslidar_msg
[0.412s] -- Install configuration: ""
[0.412s] -- Up-to-date: /home/caros/DEV/ROS_DEV/ros2_lidar_navigation/install/rslidar_msg/share/ament_index/resource_index/rosidl_interfaces/rslidar_msg
[0.412s] -- Up-to-date: /home/caros/DEV/ROS_DEV/ros2_lidar_navigation/install/rslidar_msg/include/rslidar_msg
[0.413s] -- Up-to-date: /home/caros/DEV/ROS_DEV/ros2_lidar_navigation/install/rslidar_msg/include/rslidar_msg/msg
[0.413s] -- Up-to-date: /home/caros/DEV/ROS_DEV/ros2_lidar_navigation/install/rslidar_msg/include/rslidar_msg/msg/rslidar_packet.h
[0.413s] -- Up-to-date: /home/caros/DEV/ROS_DEV/ros2_lidar_navigation/install/rslidar_msg/include/rslidar_msg/msg/detail
[0.413s] -- Up-to-date: /home/caros/DEV/ROS_DEV/ros2_lidar_navigation/install/rslidar_msg/include/rslidar_msg/msg/detail/rslidar_packet__functions.h
[0.413s] -- Up-to-date: /home/caros/DEV/ROS_DEV/ros2_lidar_navigation/install/rslidar_msg/include/rslidar_msg/msg/detail/rslidar_packet__struct.h
[0.414s] -- Up-to-date: /home/caros/DEV/ROS_DEV/ros2_lidar_navigation/install/rslidar_msg/include/rslidar_msg/msg/detail/rslidar_packet__type_support.h
[0.414s] -- Up-to-date: /home/caros/DEV/ROS_DEV/ros2_lidar_navigation/install/rslidar_msg/include/rslidar_msg/msg/detail/rslidar_packet__functions.c
[0.414s] -- Up-to-date: /home/caros/DEV/ROS_DEV/ros2_lidar_navigation/install/rslidar_msg/include/rslidar_msg/msg/rosidl_generator_c__visibility_control.h
[0.414s] -- Up-to-date: /home/caros/DEV/ROS_DEV/ros2_lidar_navigation/install/rslidar_msg/share/rslidar_msg/environment/library_path.sh
[0.415s] -- Up-to-date: /home/caros/DEV/ROS_DEV/ros2_lidar_navigation/install/rslidar_msg/share/rslidar_msg/environment/library_path.dsv
[0.415s] -- Up-to-date: /home/caros/DEV/ROS_DEV/ros2_lidar_navigation/install/rslidar_msg/lib/librslidar_msg__rosidl_generator_c.so
[0.415s] -- Up-to-date: /home/caros/DEV/ROS_DEV/ros2_lidar_navigation/install/rslidar_msg/include/rslidar_msg
[0.415s] -- Up-to-date: /home/caros/DEV/ROS_DEV/ros2_lidar_navigation/install/rslidar_msg/include/rslidar_msg/msg
[0.415s] -- Up-to-date: /home/caros/DEV/ROS_DEV/ros2_lidar_navigation/install/rslidar_msg/include/rslidar_msg/msg/detail
[0.416s] -- Up-to-date: /home/caros/DEV/ROS_DEV/ros2_lidar_navigation/install/rslidar_msg/include/rslidar_msg/msg/detail/rslidar_packet__rosidl_typesupport_fastrtps_c.h
[0.416s] -- Up-to-date: /home/caros/DEV/ROS_DEV/ros2_lidar_navigation/install/rslidar_msg/include/rslidar_msg/msg/rosidl_typesupport_fastrtps_c__visibility_control.h
[0.416s] -- Up-to-date: /home/caros/DEV/ROS_DEV/ros2_lidar_navigation/install/rslidar_msg/lib/librslidar_msg__rosidl_typesupport_fastrtps_c.so
[0.416s] -- Up-to-date: /home/caros/DEV/ROS_DEV/ros2_lidar_navigation/install/rslidar_msg/include/rslidar_msg
[0.416s] -- Up-to-date: /home/caros/DEV/ROS_DEV/ros2_lidar_navigation/install/rslidar_msg/include/rslidar_msg/msg
[0.417s] -- Up-to-date: /home/caros/DEV/ROS_DEV/ros2_lidar_navigation/install/rslidar_msg/include/rslidar_msg/msg/detail
[0.417s] -- Up-to-date: /home/caros/DEV/ROS_DEV/ros2_lidar_navigation/install/rslidar_msg/include/rslidar_msg/msg/detail/dds_fastrtps
[0.417s] -- Up-to-date: /home/caros/DEV/ROS_DEV/ros2_lidar_navigation/install/rslidar_msg/include/rslidar_msg/msg/detail/rslidar_packet__rosidl_typesupport_fastrtps_cpp.hpp
[0.418s] -- Up-to-date: /home/caros/DEV/ROS_DEV/ros2_lidar_navigation/install/rslidar_msg/include/rslidar_msg/msg/rosidl_typesupport_fastrtps_cpp__visibility_control.h
[0.418s] -- Up-to-date: /home/caros/DEV/ROS_DEV/ros2_lidar_navigation/install/rslidar_msg/lib/librslidar_msg__rosidl_typesupport_fastrtps_cpp.so
[0.418s] -- Up-to-date: /home/caros/DEV/ROS_DEV/ros2_lidar_navigation/install/rslidar_msg/include/rslidar_msg
[0.418s] -- Up-to-date: /home/caros/DEV/ROS_DEV/ros2_lidar_navigation/install/rslidar_msg/include/rslidar_msg/msg
[0.419s] -- Up-to-date: /home/caros/DEV/ROS_DEV/ros2_lidar_navigation/install/rslidar_msg/include/rslidar_msg/msg/detail
[0.419s] -- Up-to-date: /home/caros/DEV/ROS_DEV/ros2_lidar_navigation/install/rslidar_msg/include/rslidar_msg/msg/detail/rslidar_packet__type_support.c
[0.419s] -- Up-to-date: /home/caros/DEV/ROS_DEV/ros2_lidar_navigation/install/rslidar_msg/include/rslidar_msg/msg/detail/rslidar_packet__rosidl_typesupport_introspection_c.h
[0.419s] -- Up-to-date: /home/caros/DEV/ROS_DEV/ros2_lidar_navigation/install/rslidar_msg/include/rslidar_msg/msg/rosidl_typesupport_introspection_c__visibility_control.h
[0.420s] -- Up-to-date: /home/caros/DEV/ROS_DEV/ros2_lidar_navigation/install/rslidar_msg/lib/librslidar_msg__rosidl_typesupport_introspection_c.so
[0.420s] -- Up-to-date: /home/caros/DEV/ROS_DEV/ros2_lidar_navigation/install/rslidar_msg/lib/librslidar_msg__rosidl_typesupport_c.so
[0.420s] -- Up-to-date: /home/caros/DEV/ROS_DEV/ros2_lidar_navigation/install/rslidar_msg/include/rslidar_msg
[0.420s] -- Up-to-date: /home/caros/DEV/ROS_DEV/ros2_lidar_navigation/install/rslidar_msg/include/rslidar_msg/msg
[0.420s] -- Up-to-date: /home/caros/DEV/ROS_DEV/ros2_lidar_navigation/install/rslidar_msg/include/rslidar_msg/msg/detail
[0.420s] -- Up-to-date: /home/caros/DEV/ROS_DEV/ros2_lidar_navigation/install/rslidar_msg/include/rslidar_msg/msg/detail/rslidar_packet__traits.hpp
[0.421s] -- Up-to-date: /home/caros/DEV/ROS_DEV/ros2_lidar_navigation/install/rslidar_msg/include/rslidar_msg/msg/detail/rslidar_packet__struct.hpp
[0.421s] -- Up-to-date: /home/caros/DEV/ROS_DEV/ros2_lidar_navigation/install/rslidar_msg/include/rslidar_msg/msg/detail/rslidar_packet__type_support.hpp
[0.421s] -- Up-to-date: /home/caros/DEV/ROS_DEV/ros2_lidar_navigation/install/rslidar_msg/include/rslidar_msg/msg/detail/rslidar_packet__builder.hpp
[0.421s] -- Up-to-date: /home/caros/DEV/ROS_DEV/ros2_lidar_navigation/install/rslidar_msg/include/rslidar_msg/msg/rosidl_generator_cpp__visibility_control.hpp
[0.421s] -- Up-to-date: /home/caros/DEV/ROS_DEV/ros2_lidar_navigation/install/rslidar_msg/include/rslidar_msg/msg/rslidar_packet.hpp
[0.421s] -- Up-to-date: /home/caros/DEV/ROS_DEV/ros2_lidar_navigation/install/rslidar_msg/include/rslidar_msg
[0.422s] -- Up-to-date: /home/caros/DEV/ROS_DEV/ros2_lidar_navigation/install/rslidar_msg/include/rslidar_msg/msg
[0.422s] -- Up-to-date: /home/caros/DEV/ROS_DEV/ros2_lidar_navigation/install/rslidar_msg/include/rslidar_msg/msg/detail
[0.422s] -- Up-to-date: /home/caros/DEV/ROS_DEV/ros2_lidar_navigation/install/rslidar_msg/include/rslidar_msg/msg/detail/rslidar_packet__type_support.cpp
[0.422s] -- Up-to-date: /home/caros/DEV/ROS_DEV/ros2_lidar_navigation/install/rslidar_msg/include/rslidar_msg/msg/detail/rslidar_packet__rosidl_typesupport_introspection_cpp.hpp
[0.422s] -- Up-to-date: /home/caros/DEV/ROS_DEV/ros2_lidar_navigation/install/rslidar_msg/lib/librslidar_msg__rosidl_typesupport_introspection_cpp.so
[0.423s] -- Up-to-date: /home/caros/DEV/ROS_DEV/ros2_lidar_navigation/install/rslidar_msg/lib/librslidar_msg__rosidl_typesupport_cpp.so
[0.423s] -- Up-to-date: /home/caros/DEV/ROS_DEV/ros2_lidar_navigation/install/rslidar_msg/share/rslidar_msg/environment/pythonpath.sh
[0.423s] -- Up-to-date: /home/caros/DEV/ROS_DEV/ros2_lidar_navigation/install/rslidar_msg/share/rslidar_msg/environment/pythonpath.dsv
[0.423s] -- Up-to-date: /home/caros/DEV/ROS_DEV/ros2_lidar_navigation/install/rslidar_msg/lib/python3.8/site-packages/rslidar_msg/__init__.py
[0.485s] -- Up-to-date: /home/caros/DEV/ROS_DEV/ros2_lidar_navigation/install/rslidar_msg/lib/python3.8/site-packages/rslidar_msg/msg
[0.485s] -- Up-to-date: /home/caros/DEV/ROS_DEV/ros2_lidar_navigation/install/rslidar_msg/lib/python3.8/site-packages/rslidar_msg/msg/_rslidar_packet.py
[0.485s] -- Up-to-date: /home/caros/DEV/ROS_DEV/ros2_lidar_navigation/install/rslidar_msg/lib/python3.8/site-packages/rslidar_msg/msg/__init__.py
[0.485s] -- Up-to-date: /home/caros/DEV/ROS_DEV/ros2_lidar_navigation/install/rslidar_msg/lib/python3.8/site-packages/rslidar_msg/msg/_rslidar_packet_s.c
[0.486s] -- Up-to-date: /home/caros/DEV/ROS_DEV/ros2_lidar_navigation/install/rslidar_msg/lib/python3.8/site-packages/rslidar_msg/rslidar_msg_s__rosidl_typesupport_fastrtps_c.cpython-38-x86_64-linux-gnu.so
[0.486s] -- Up-to-date: /home/caros/DEV/ROS_DEV/ros2_lidar_navigation/install/rslidar_msg/lib/python3.8/site-packages/rslidar_msg/rslidar_msg_s__rosidl_typesupport_introspection_c.cpython-38-x86_64-linux-gnu.so
[0.487s] -- Up-to-date: /home/caros/DEV/ROS_DEV/ros2_lidar_navigation/install/rslidar_msg/lib/python3.8/site-packages/rslidar_msg/rslidar_msg_s__rosidl_typesupport_c.cpython-38-x86_64-linux-gnu.so
[0.488s] -- Up-to-date: /home/caros/DEV/ROS_DEV/ros2_lidar_navigation/install/rslidar_msg/lib/librslidar_msg__python.so
[0.488s] -- Up-to-date: /home/caros/DEV/ROS_DEV/ros2_lidar_navigation/install/rslidar_msg/share/rslidar_msg/msg/RslidarPacket.idl
[0.488s] -- Up-to-date: /home/caros/DEV/ROS_DEV/ros2_lidar_navigation/install/rslidar_msg/share/rslidar_msg/msg/RslidarPacket.msg
[0.489s] -- Up-to-date: /home/caros/DEV/ROS_DEV/ros2_lidar_navigation/install/rslidar_msg/share/ament_index/resource_index/package_run_dependencies/rslidar_msg
[0.489s] -- Up-to-date: /home/caros/DEV/ROS_DEV/ros2_lidar_navigation/install/rslidar_msg/share/ament_index/resource_index/parent_prefix_path/rslidar_msg
[0.489s] -- Up-to-date: /home/caros/DEV/ROS_DEV/ros2_lidar_navigation/install/rslidar_msg/share/rslidar_msg/environment/ament_prefix_path.sh
[0.489s] -- Up-to-date: /home/caros/DEV/ROS_DEV/ros2_lidar_navigation/install/rslidar_msg/share/rslidar_msg/environment/ament_prefix_path.dsv
[0.490s] -- Up-to-date: /home/caros/DEV/ROS_DEV/ros2_lidar_navigation/install/rslidar_msg/share/rslidar_msg/environment/path.sh
[0.490s] -- Up-to-date: /home/caros/DEV/ROS_DEV/ros2_lidar_navigation/install/rslidar_msg/share/rslidar_msg/environment/path.dsv
[0.490s] -- Up-to-date: /home/caros/DEV/ROS_DEV/ros2_lidar_navigation/install/rslidar_msg/share/rslidar_msg/local_setup.bash
[0.490s] -- Up-to-date: /home/caros/DEV/ROS_DEV/ros2_lidar_navigation/install/rslidar_msg/share/rslidar_msg/local_setup.sh
[0.491s] -- Up-to-date: /home/caros/DEV/ROS_DEV/ros2_lidar_navigation/install/rslidar_msg/share/rslidar_msg/local_setup.zsh
[0.491s] -- Up-to-date: /home/caros/DEV/ROS_DEV/ros2_lidar_navigation/install/rslidar_msg/share/rslidar_msg/local_setup.dsv
[0.491s] -- Installing: /home/caros/DEV/ROS_DEV/ros2_lidar_navigation/install/rslidar_msg/share/rslidar_msg/package.dsv
[0.491s] -- Up-to-date: /home/caros/DEV/ROS_DEV/ros2_lidar_navigation/install/rslidar_msg/share/ament_index/resource_index/packages/rslidar_msg
[0.492s] -- Up-to-date: /home/caros/DEV/ROS_DEV/ros2_lidar_navigation/install/rslidar_msg/share/rslidar_msg/cmake/rslidar_msg__rosidl_generator_cExport.cmake
[0.492s] -- Up-to-date: /home/caros/DEV/ROS_DEV/ros2_lidar_navigation/install/rslidar_msg/share/rslidar_msg/cmake/rslidar_msg__rosidl_generator_cExport-noconfig.cmake
[0.492s] -- Up-to-date: /home/caros/DEV/ROS_DEV/ros2_lidar_navigation/install/rslidar_msg/share/rslidar_msg/cmake/rslidar_msg__rosidl_typesupport_introspection_cExport.cmake
[0.493s] -- Up-to-date: /home/caros/DEV/ROS_DEV/ros2_lidar_navigation/install/rslidar_msg/share/rslidar_msg/cmake/rslidar_msg__rosidl_typesupport_introspection_cExport-noconfig.cmake
[0.493s] -- Up-to-date: /home/caros/DEV/ROS_DEV/ros2_lidar_navigation/install/rslidar_msg/share/rslidar_msg/cmake/rslidar_msg__rosidl_typesupport_cExport.cmake
[0.493s] -- Up-to-date: /home/caros/DEV/ROS_DEV/ros2_lidar_navigation/install/rslidar_msg/share/rslidar_msg/cmake/rslidar_msg__rosidl_typesupport_cExport-noconfig.cmake
[0.493s] -- Up-to-date: /home/caros/DEV/ROS_DEV/ros2_lidar_navigation/install/rslidar_msg/share/rslidar_msg/cmake/rslidar_msg__rosidl_generator_cppExport.cmake
[0.493s] -- Up-to-date: /home/caros/DEV/ROS_DEV/ros2_lidar_navigation/install/rslidar_msg/share/rslidar_msg/cmake/rslidar_msg__rosidl_typesupport_introspection_cppExport.cmake
[0.494s] -- Up-to-date: /home/caros/DEV/ROS_DEV/ros2_lidar_navigation/install/rslidar_msg/share/rslidar_msg/cmake/rslidar_msg__rosidl_typesupport_introspection_cppExport-noconfig.cmake
[0.494s] -- Up-to-date: /home/caros/DEV/ROS_DEV/ros2_lidar_navigation/install/rslidar_msg/share/rslidar_msg/cmake/rslidar_msg__rosidl_typesupport_cppExport.cmake
[0.494s] -- Up-to-date: /home/caros/DEV/ROS_DEV/ros2_lidar_navigation/install/rslidar_msg/share/rslidar_msg/cmake/rslidar_msg__rosidl_typesupport_cppExport-noconfig.cmake
[0.494s] -- Up-to-date: /home/caros/DEV/ROS_DEV/ros2_lidar_navigation/install/rslidar_msg/share/rslidar_msg/cmake/rosidl_cmake-extras.cmake
[0.494s] -- Up-to-date: /home/caros/DEV/ROS_DEV/ros2_lidar_navigation/install/rslidar_msg/share/rslidar_msg/cmake/ament_cmake_export_dependencies-extras.cmake
[0.494s] -- Up-to-date: /home/caros/DEV/ROS_DEV/ros2_lidar_navigation/install/rslidar_msg/share/rslidar_msg/cmake/ament_cmake_export_libraries-extras.cmake
[0.495s] -- Up-to-date: /home/caros/DEV/ROS_DEV/ros2_lidar_navigation/install/rslidar_msg/share/rslidar_msg/cmake/ament_cmake_export_targets-extras.cmake
[0.495s] -- Up-to-date: /home/caros/DEV/ROS_DEV/ros2_lidar_navigation/install/rslidar_msg/share/rslidar_msg/cmake/ament_cmake_export_include_directories-extras.cmake
[0.495s] -- Up-to-date: /home/caros/DEV/ROS_DEV/ros2_lidar_navigation/install/rslidar_msg/share/rslidar_msg/cmake/rosidl_cmake_export_typesupport_libraries-extras.cmake
[0.495s] -- Up-to-date: /home/caros/DEV/ROS_DEV/ros2_lidar_navigation/install/rslidar_msg/share/rslidar_msg/cmake/rosidl_cmake_export_typesupport_targets-extras.cmake
[0.495s] -- Up-to-date: /home/caros/DEV/ROS_DEV/ros2_lidar_navigation/install/rslidar_msg/share/rslidar_msg/cmake/rslidar_msgConfig.cmake
[0.495s] -- Up-to-date: /home/caros/DEV/ROS_DEV/ros2_lidar_navigation/install/rslidar_msg/share/rslidar_msg/cmake/rslidar_msgConfig-version.cmake
[0.496s] -- Up-to-date: /home/caros/DEV/ROS_DEV/ros2_lidar_navigation/install/rslidar_msg/share/rslidar_msg/package.xml
[0.499s] Invoked command in '/home/caros/DEV/ROS_DEV/ros2_lidar_navigation/build/rslidar_msg' returned '0': CMAKE_PREFIX_PATH=/opt/ros/foxy /usr/local/bin/cmake --install /home/caros/DEV/ROS_DEV/ros2_lidar_navigation/build/rslidar_msg
