[0.770s] DEBUG:colcon:Command line arguments: ['/usr/bin/colcon', 'build']
[0.770s] DEBUG:colcon:Parsed command line arguments: Namespace(allow_overriding=[], ament_cmake_args=None, base_paths=['.'], build_base='build', catkin_cmake_args=None, catkin_skip_building_tests=False, cmake_args=None, cmake_clean_cache=False, cmake_clean_first=False, cmake_force_configure=False, cmake_target=None, cmake_target_skip_unavailable=False, continue_on_error=False, event_handlers=None, executor='parallel', ignore_user_meta=False, install_base='install', log_base=None, log_level=None, main=<bound method BuildVerb.main of <colcon_core.verb.build.BuildVerb object at 0x7f1c685a9dc0>>, merge_install=False, metas=['./colcon.meta'], mixin=None, mixin_files=None, mixin_verb=('build',), packages_above=None, packages_above_and_dependencies=None, packages_above_depth=None, packages_end=None, packages_ignore=None, packages_ignore_regex=None, packages_select=None, packages_select_build_failed=False, packages_select_by_dep=None, packages_select_regex=None, packages_select_test_failures=False, packages_skip=None, packages_skip_build_finished=False, packages_skip_by_dep=None, packages_skip_regex=None, packages_skip_test_passed=False, packages_skip_up_to=None, packages_start=None, packages_up_to=None, packages_up_to_regex=None, parallel_workers=48, paths=None, symlink_install=False, test_result_base=None, verb_extension=<colcon_core.verb.build.BuildVerb object at 0x7f1c685a9dc0>, verb_name='build', verb_parser=<colcon_mixin.mixin.mixin_argument.MixinArgumentDecorator object at 0x7f1c685b83d0>)
[0.955s] Level 1:colcon.colcon_core.package_discovery:discover_packages(colcon_meta) check parameters
[0.955s] Level 1:colcon.colcon_core.package_discovery:discover_packages(recursive) check parameters
[0.955s] Level 1:colcon.colcon_core.package_discovery:discover_packages(ignore) check parameters
[0.955s] Level 1:colcon.colcon_core.package_discovery:discover_packages(path) check parameters
[0.955s] Level 1:colcon.colcon_core.package_discovery:discover_packages(colcon_meta) discover
[0.955s] Level 1:colcon.colcon_core.package_discovery:discover_packages(recursive) discover
[0.955s] INFO:colcon.colcon_core.package_discovery:Crawling recursively for packages in '/home/caros/DEV/ROS_DEV/ros2_lidar_navigation'
[0.955s] Level 1:colcon.colcon_core.package_identification:_identify(.) by extensions ['ignore', 'ignore_ament_install']
[0.956s] Level 1:colcon.colcon_core.package_identification:_identify(.) by extension 'ignore'
[0.956s] Level 1:colcon.colcon_core.package_identification:_identify(.) by extension 'ignore_ament_install'
[0.956s] Level 1:colcon.colcon_core.package_identification:_identify(.) by extensions ['colcon_pkg']
[0.956s] Level 1:colcon.colcon_core.package_identification:_identify(.) by extension 'colcon_pkg'
[0.956s] Level 1:colcon.colcon_core.package_identification:_identify(.) by extensions ['colcon_meta']
[0.956s] Level 1:colcon.colcon_core.package_identification:_identify(.) by extension 'colcon_meta'
[0.956s] Level 1:colcon.colcon_core.package_identification:_identify(.) by extensions ['ros']
[0.956s] Level 1:colcon.colcon_core.package_identification:_identify(.) by extension 'ros'
[0.997s] Level 1:colcon.colcon_core.package_identification:_identify(.) by extensions ['cmake', 'python']
[0.998s] Level 1:colcon.colcon_core.package_identification:_identify(.) by extension 'cmake'
[0.998s] Level 1:colcon.colcon_core.package_identification:_identify(.) by extension 'python'
[0.998s] Level 1:colcon.colcon_core.package_identification:_identify(.) by extensions ['python_setup_py']
[0.998s] Level 1:colcon.colcon_core.package_identification:_identify(.) by extension 'python_setup_py'
[0.998s] Level 1:colcon.colcon_core.package_identification:_identify(build) by extensions ['ignore', 'ignore_ament_install']
[0.998s] Level 1:colcon.colcon_core.package_identification:_identify(build) by extension 'ignore'
[0.998s] Level 1:colcon.colcon_core.package_identification:_identify(build) ignored
[0.999s] Level 1:colcon.colcon_core.package_identification:_identify(install) by extensions ['ignore', 'ignore_ament_install']
[0.999s] Level 1:colcon.colcon_core.package_identification:_identify(install) by extension 'ignore'
[0.999s] Level 1:colcon.colcon_core.package_identification:_identify(install) ignored
[0.999s] Level 1:colcon.colcon_core.package_identification:_identify(log) by extensions ['ignore', 'ignore_ament_install']
[0.999s] Level 1:colcon.colcon_core.package_identification:_identify(log) by extension 'ignore'
[0.999s] Level 1:colcon.colcon_core.package_identification:_identify(log) ignored
[1.000s] Level 1:colcon.colcon_core.package_identification:_identify(src) by extensions ['ignore', 'ignore_ament_install']
[1.000s] Level 1:colcon.colcon_core.package_identification:_identify(src) by extension 'ignore'
[1.000s] Level 1:colcon.colcon_core.package_identification:_identify(src) by extension 'ignore_ament_install'
[1.000s] Level 1:colcon.colcon_core.package_identification:_identify(src) by extensions ['colcon_pkg']
[1.000s] Level 1:colcon.colcon_core.package_identification:_identify(src) by extension 'colcon_pkg'
[1.000s] Level 1:colcon.colcon_core.package_identification:_identify(src) by extensions ['colcon_meta']
[1.000s] Level 1:colcon.colcon_core.package_identification:_identify(src) by extension 'colcon_meta'
[1.000s] Level 1:colcon.colcon_core.package_identification:_identify(src) by extensions ['ros']
[1.000s] Level 1:colcon.colcon_core.package_identification:_identify(src) by extension 'ros'
[1.001s] Level 1:colcon.colcon_core.package_identification:_identify(src) by extensions ['cmake', 'python']
[1.001s] Level 1:colcon.colcon_core.package_identification:_identify(src) by extension 'cmake'
[1.001s] Level 1:colcon.colcon_core.package_identification:_identify(src) by extension 'python'
[1.001s] Level 1:colcon.colcon_core.package_identification:_identify(src) by extensions ['python_setup_py']
[1.001s] Level 1:colcon.colcon_core.package_identification:_identify(src) by extension 'python_setup_py'
[1.001s] Level 1:colcon.colcon_core.package_identification:_identify(src/rslidar_msg) by extensions ['ignore', 'ignore_ament_install']
[1.001s] Level 1:colcon.colcon_core.package_identification:_identify(src/rslidar_msg) by extension 'ignore'
[1.001s] Level 1:colcon.colcon_core.package_identification:_identify(src/rslidar_msg) by extension 'ignore_ament_install'
[1.001s] Level 1:colcon.colcon_core.package_identification:_identify(src/rslidar_msg) by extensions ['colcon_pkg']
[1.001s] Level 1:colcon.colcon_core.package_identification:_identify(src/rslidar_msg) by extension 'colcon_pkg'
[1.001s] Level 1:colcon.colcon_core.package_identification:_identify(src/rslidar_msg) by extensions ['colcon_meta']
[1.001s] Level 1:colcon.colcon_core.package_identification:_identify(src/rslidar_msg) by extension 'colcon_meta'
[1.001s] Level 1:colcon.colcon_core.package_identification:_identify(src/rslidar_msg) by extensions ['ros']
[1.002s] Level 1:colcon.colcon_core.package_identification:_identify(src/rslidar_msg) by extension 'ros'
[1.005s] DEBUG:colcon.colcon_core.package_identification:Package 'src/rslidar_msg' with type 'ros.ament_cmake' and name 'rslidar_msg'
[1.006s] Level 1:colcon.colcon_core.package_identification:_identify(src/rslidar_sdk) by extensions ['ignore', 'ignore_ament_install']
[1.006s] Level 1:colcon.colcon_core.package_identification:_identify(src/rslidar_sdk) by extension 'ignore'
[1.006s] Level 1:colcon.colcon_core.package_identification:_identify(src/rslidar_sdk) by extension 'ignore_ament_install'
[1.006s] Level 1:colcon.colcon_core.package_identification:_identify(src/rslidar_sdk) by extensions ['colcon_pkg']
[1.006s] Level 1:colcon.colcon_core.package_identification:_identify(src/rslidar_sdk) by extension 'colcon_pkg'
[1.006s] Level 1:colcon.colcon_core.package_identification:_identify(src/rslidar_sdk) by extensions ['colcon_meta']
[1.006s] Level 1:colcon.colcon_core.package_identification:_identify(src/rslidar_sdk) by extension 'colcon_meta'
[1.006s] Level 1:colcon.colcon_core.package_identification:_identify(src/rslidar_sdk) by extensions ['ros']
[1.006s] Level 1:colcon.colcon_core.package_identification:_identify(src/rslidar_sdk) by extension 'ros'
[1.025s] DEBUG:colcon.colcon_core.package_identification:Package 'src/rslidar_sdk' with type 'ros.ament_cmake' and name 'rslidar_sdk'
[1.025s] Level 1:colcon.colcon_core.package_discovery:discover_packages(recursive) using defaults
[1.025s] Level 1:colcon.colcon_core.package_discovery:discover_packages(ignore) discover
[1.025s] Level 1:colcon.colcon_core.package_discovery:discover_packages(ignore) using defaults
[1.025s] Level 1:colcon.colcon_core.package_discovery:discover_packages(path) discover
[1.025s] Level 1:colcon.colcon_core.package_discovery:discover_packages(path) using defaults
[1.042s] Level 1:colcon.colcon_core.package_discovery:discover_packages(prefix_path) check parameters
[1.042s] Level 1:colcon.colcon_core.package_discovery:discover_packages(prefix_path) discover
[1.044s] DEBUG:colcon.colcon_installed_package_information.package_discovery:Found 299 installed packages in /opt/ros/foxy
[1.046s] Level 1:colcon.colcon_core.package_discovery:discover_packages(prefix_path) using defaults
[1.108s] Level 5:colcon.colcon_core.verb:set package 'rslidar_msg' build argument 'cmake_args' from command line to 'None'
[1.108s] Level 5:colcon.colcon_core.verb:set package 'rslidar_msg' build argument 'cmake_target' from command line to 'None'
[1.108s] Level 5:colcon.colcon_core.verb:set package 'rslidar_msg' build argument 'cmake_target_skip_unavailable' from command line to 'False'
[1.108s] Level 5:colcon.colcon_core.verb:set package 'rslidar_msg' build argument 'cmake_clean_cache' from command line to 'False'
[1.108s] Level 5:colcon.colcon_core.verb:set package 'rslidar_msg' build argument 'cmake_clean_first' from command line to 'False'
[1.108s] Level 5:colcon.colcon_core.verb:set package 'rslidar_msg' build argument 'cmake_force_configure' from command line to 'False'
[1.108s] Level 5:colcon.colcon_core.verb:set package 'rslidar_msg' build argument 'ament_cmake_args' from command line to 'None'
[1.108s] Level 5:colcon.colcon_core.verb:set package 'rslidar_msg' build argument 'catkin_cmake_args' from command line to 'None'
[1.108s] Level 5:colcon.colcon_core.verb:set package 'rslidar_msg' build argument 'catkin_skip_building_tests' from command line to 'False'
[1.108s] DEBUG:colcon.colcon_core.verb:Building package 'rslidar_msg' with the following arguments: {'ament_cmake_args': None, 'build_base': '/home/caros/DEV/ROS_DEV/ros2_lidar_navigation/build/rslidar_msg', 'catkin_cmake_args': None, 'catkin_skip_building_tests': False, 'cmake_args': None, 'cmake_clean_cache': False, 'cmake_clean_first': False, 'cmake_force_configure': False, 'cmake_target': None, 'cmake_target_skip_unavailable': False, 'install_base': '/home/caros/DEV/ROS_DEV/ros2_lidar_navigation/install/rslidar_msg', 'merge_install': False, 'path': '/home/caros/DEV/ROS_DEV/ros2_lidar_navigation/src/rslidar_msg', 'symlink_install': False, 'test_result_base': None}
[1.109s] Level 5:colcon.colcon_core.verb:set package 'rslidar_sdk' build argument 'cmake_args' from command line to 'None'
[1.109s] Level 5:colcon.colcon_core.verb:set package 'rslidar_sdk' build argument 'cmake_target' from command line to 'None'
[1.109s] Level 5:colcon.colcon_core.verb:set package 'rslidar_sdk' build argument 'cmake_target_skip_unavailable' from command line to 'False'
[1.109s] Level 5:colcon.colcon_core.verb:set package 'rslidar_sdk' build argument 'cmake_clean_cache' from command line to 'False'
[1.109s] Level 5:colcon.colcon_core.verb:set package 'rslidar_sdk' build argument 'cmake_clean_first' from command line to 'False'
[1.109s] Level 5:colcon.colcon_core.verb:set package 'rslidar_sdk' build argument 'cmake_force_configure' from command line to 'False'
[1.109s] Level 5:colcon.colcon_core.verb:set package 'rslidar_sdk' build argument 'ament_cmake_args' from command line to 'None'
[1.109s] Level 5:colcon.colcon_core.verb:set package 'rslidar_sdk' build argument 'catkin_cmake_args' from command line to 'None'
[1.109s] Level 5:colcon.colcon_core.verb:set package 'rslidar_sdk' build argument 'catkin_skip_building_tests' from command line to 'False'
[1.109s] DEBUG:colcon.colcon_core.verb:Building package 'rslidar_sdk' with the following arguments: {'ament_cmake_args': None, 'build_base': '/home/caros/DEV/ROS_DEV/ros2_lidar_navigation/build/rslidar_sdk', 'catkin_cmake_args': None, 'catkin_skip_building_tests': False, 'cmake_args': None, 'cmake_clean_cache': False, 'cmake_clean_first': False, 'cmake_force_configure': False, 'cmake_target': None, 'cmake_target_skip_unavailable': False, 'install_base': '/home/caros/DEV/ROS_DEV/ros2_lidar_navigation/install/rslidar_sdk', 'merge_install': False, 'path': '/home/caros/DEV/ROS_DEV/ros2_lidar_navigation/src/rslidar_sdk', 'symlink_install': False, 'test_result_base': None}
[1.109s] INFO:colcon.colcon_core.executor:Executing jobs using 'parallel' executor
[1.110s] DEBUG:colcon.colcon_parallel_executor.executor.parallel:run_until_complete
[1.110s] INFO:colcon.colcon_ros.task.ament_cmake.build:Building ROS package in '/home/caros/DEV/ROS_DEV/ros2_lidar_navigation/src/rslidar_msg' with build type 'ament_cmake'
[1.111s] INFO:colcon.colcon_cmake.task.cmake.build:Building CMake package in '/home/caros/DEV/ROS_DEV/ros2_lidar_navigation/src/rslidar_msg'
[1.113s] INFO:colcon.colcon_core.plugin_system:Skipping extension 'colcon_core.shell.bat': Not used on non-Windows systems
[1.113s] INFO:colcon.colcon_core.shell:Skip shell extension 'powershell' for command environment: Not usable outside of PowerShell
[1.113s] DEBUG:colcon.colcon_core.shell:Skip shell extension 'dsv' for command environment
[1.129s] DEBUG:colcon.colcon_core.event_handler.log_command:Invoking command in '/home/caros/DEV/ROS_DEV/ros2_lidar_navigation/build/rslidar_msg': CMAKE_PREFIX_PATH=/opt/ros/foxy /usr/local/bin/cmake --build /home/caros/DEV/ROS_DEV/ros2_lidar_navigation/build/rslidar_msg -- -j48 -l48
[1.497s] DEBUG:colcon.colcon_core.event_handler.log_command:Invoked command in '/home/caros/DEV/ROS_DEV/ros2_lidar_navigation/build/rslidar_msg' returned '0': CMAKE_PREFIX_PATH=/opt/ros/foxy /usr/local/bin/cmake --build /home/caros/DEV/ROS_DEV/ros2_lidar_navigation/build/rslidar_msg -- -j48 -l48
[1.516s] DEBUG:colcon.colcon_core.event_handler.log_command:Invoking command in '/home/caros/DEV/ROS_DEV/ros2_lidar_navigation/build/rslidar_msg': CMAKE_PREFIX_PATH=/opt/ros/foxy /usr/local/bin/cmake --install /home/caros/DEV/ROS_DEV/ros2_lidar_navigation/build/rslidar_msg
[1.608s] Level 1:colcon.colcon_core.environment:create_environment_scripts_only(rslidar_msg)
[1.610s] DEBUG:colcon.colcon_core.event_handler.log_command:Invoked command in '/home/caros/DEV/ROS_DEV/ros2_lidar_navigation/build/rslidar_msg' returned '0': CMAKE_PREFIX_PATH=/opt/ros/foxy /usr/local/bin/cmake --install /home/caros/DEV/ROS_DEV/ros2_lidar_navigation/build/rslidar_msg
[1.617s] Level 1:colcon.colcon_core.environment:checking '/home/caros/DEV/ROS_DEV/ros2_lidar_navigation/install/rslidar_msg' for CMake module files
[1.619s] Level 1:colcon.colcon_core.environment:checking '/home/caros/DEV/ROS_DEV/ros2_lidar_navigation/install/rslidar_msg' for CMake config files
[1.620s] Level 1:colcon.colcon_core.shell:create_environment_hook('rslidar_msg', 'cmake_prefix_path')
[1.621s] INFO:colcon.colcon_core.shell:Creating environment hook '/home/caros/DEV/ROS_DEV/ros2_lidar_navigation/install/rslidar_msg/share/rslidar_msg/hook/cmake_prefix_path.ps1'
[1.623s] INFO:colcon.colcon_core.shell:Creating environment descriptor '/home/caros/DEV/ROS_DEV/ros2_lidar_navigation/install/rslidar_msg/share/rslidar_msg/hook/cmake_prefix_path.dsv'
[1.624s] INFO:colcon.colcon_core.shell:Creating environment hook '/home/caros/DEV/ROS_DEV/ros2_lidar_navigation/install/rslidar_msg/share/rslidar_msg/hook/cmake_prefix_path.sh'
[1.626s] Level 1:colcon.colcon_core.environment:checking '/home/caros/DEV/ROS_DEV/ros2_lidar_navigation/install/rslidar_msg/lib'
[1.626s] Level 1:colcon.colcon_core.shell:create_environment_hook('rslidar_msg', 'ld_library_path_lib')
[1.627s] INFO:colcon.colcon_core.shell:Creating environment hook '/home/caros/DEV/ROS_DEV/ros2_lidar_navigation/install/rslidar_msg/share/rslidar_msg/hook/ld_library_path_lib.ps1'
[1.627s] INFO:colcon.colcon_core.shell:Creating environment descriptor '/home/caros/DEV/ROS_DEV/ros2_lidar_navigation/install/rslidar_msg/share/rslidar_msg/hook/ld_library_path_lib.dsv'
[1.628s] INFO:colcon.colcon_core.shell:Creating environment hook '/home/caros/DEV/ROS_DEV/ros2_lidar_navigation/install/rslidar_msg/share/rslidar_msg/hook/ld_library_path_lib.sh'
[1.629s] Level 1:colcon.colcon_core.environment:checking '/home/caros/DEV/ROS_DEV/ros2_lidar_navigation/install/rslidar_msg/bin'
[1.629s] Level 1:colcon.colcon_core.environment:checking '/home/caros/DEV/ROS_DEV/ros2_lidar_navigation/install/rslidar_msg/lib/pkgconfig/rslidar_msg.pc'
[1.630s] Level 1:colcon.colcon_core.environment:checking '/home/caros/DEV/ROS_DEV/ros2_lidar_navigation/install/rslidar_msg/lib/python3.8/site-packages'
[1.630s] Level 1:colcon.colcon_core.shell:create_environment_hook('rslidar_msg', 'pythonpath')
[1.630s] INFO:colcon.colcon_core.shell:Creating environment hook '/home/caros/DEV/ROS_DEV/ros2_lidar_navigation/install/rslidar_msg/share/rslidar_msg/hook/pythonpath.ps1'
[1.631s] INFO:colcon.colcon_core.shell:Creating environment descriptor '/home/caros/DEV/ROS_DEV/ros2_lidar_navigation/install/rslidar_msg/share/rslidar_msg/hook/pythonpath.dsv'
[1.632s] INFO:colcon.colcon_core.shell:Creating environment hook '/home/caros/DEV/ROS_DEV/ros2_lidar_navigation/install/rslidar_msg/share/rslidar_msg/hook/pythonpath.sh'
[1.633s] Level 1:colcon.colcon_core.environment:checking '/home/caros/DEV/ROS_DEV/ros2_lidar_navigation/install/rslidar_msg/bin'
[1.633s] INFO:colcon.colcon_core.shell:Creating package script '/home/caros/DEV/ROS_DEV/ros2_lidar_navigation/install/rslidar_msg/share/rslidar_msg/package.ps1'
[1.634s] INFO:colcon.colcon_core.shell:Creating package descriptor '/home/caros/DEV/ROS_DEV/ros2_lidar_navigation/install/rslidar_msg/share/rslidar_msg/package.dsv'
[1.635s] INFO:colcon.colcon_core.shell:Creating package script '/home/caros/DEV/ROS_DEV/ros2_lidar_navigation/install/rslidar_msg/share/rslidar_msg/package.sh'
[1.636s] INFO:colcon.colcon_core.shell:Creating package script '/home/caros/DEV/ROS_DEV/ros2_lidar_navigation/install/rslidar_msg/share/rslidar_msg/package.bash'
[1.637s] INFO:colcon.colcon_core.shell:Creating package script '/home/caros/DEV/ROS_DEV/ros2_lidar_navigation/install/rslidar_msg/share/rslidar_msg/package.zsh'
[1.638s] Level 1:colcon.colcon_core.environment:create_file_with_runtime_dependencies(/home/caros/DEV/ROS_DEV/ros2_lidar_navigation/install/rslidar_msg/share/colcon-core/packages/rslidar_msg)
[1.639s] Level 1:colcon.colcon_core.environment:create_environment_scripts_only(rslidar_msg)
[1.639s] Level 1:colcon.colcon_core.environment:checking '/home/caros/DEV/ROS_DEV/ros2_lidar_navigation/install/rslidar_msg' for CMake module files
[1.640s] Level 1:colcon.colcon_core.environment:checking '/home/caros/DEV/ROS_DEV/ros2_lidar_navigation/install/rslidar_msg' for CMake config files
[1.640s] Level 1:colcon.colcon_core.shell:create_environment_hook('rslidar_msg', 'cmake_prefix_path')
[1.641s] INFO:colcon.colcon_core.shell:Creating environment hook '/home/caros/DEV/ROS_DEV/ros2_lidar_navigation/install/rslidar_msg/share/rslidar_msg/hook/cmake_prefix_path.ps1'
[1.641s] INFO:colcon.colcon_core.shell:Creating environment descriptor '/home/caros/DEV/ROS_DEV/ros2_lidar_navigation/install/rslidar_msg/share/rslidar_msg/hook/cmake_prefix_path.dsv'
[1.642s] INFO:colcon.colcon_core.shell:Creating environment hook '/home/caros/DEV/ROS_DEV/ros2_lidar_navigation/install/rslidar_msg/share/rslidar_msg/hook/cmake_prefix_path.sh'
[1.642s] Level 1:colcon.colcon_core.environment:checking '/home/caros/DEV/ROS_DEV/ros2_lidar_navigation/install/rslidar_msg/lib'
[1.642s] Level 1:colcon.colcon_core.shell:create_environment_hook('rslidar_msg', 'ld_library_path_lib')
[1.643s] INFO:colcon.colcon_core.shell:Creating environment hook '/home/caros/DEV/ROS_DEV/ros2_lidar_navigation/install/rslidar_msg/share/rslidar_msg/hook/ld_library_path_lib.ps1'
[1.643s] INFO:colcon.colcon_core.shell:Creating environment descriptor '/home/caros/DEV/ROS_DEV/ros2_lidar_navigation/install/rslidar_msg/share/rslidar_msg/hook/ld_library_path_lib.dsv'
[1.643s] INFO:colcon.colcon_core.shell:Creating environment hook '/home/caros/DEV/ROS_DEV/ros2_lidar_navigation/install/rslidar_msg/share/rslidar_msg/hook/ld_library_path_lib.sh'
[1.644s] Level 1:colcon.colcon_core.environment:checking '/home/caros/DEV/ROS_DEV/ros2_lidar_navigation/install/rslidar_msg/bin'
[1.644s] Level 1:colcon.colcon_core.environment:checking '/home/caros/DEV/ROS_DEV/ros2_lidar_navigation/install/rslidar_msg/lib/pkgconfig/rslidar_msg.pc'
[1.644s] Level 1:colcon.colcon_core.environment:checking '/home/caros/DEV/ROS_DEV/ros2_lidar_navigation/install/rslidar_msg/lib/python3.8/site-packages'
[1.644s] Level 1:colcon.colcon_core.shell:create_environment_hook('rslidar_msg', 'pythonpath')
[1.644s] INFO:colcon.colcon_core.shell:Creating environment hook '/home/caros/DEV/ROS_DEV/ros2_lidar_navigation/install/rslidar_msg/share/rslidar_msg/hook/pythonpath.ps1'
[1.645s] INFO:colcon.colcon_core.shell:Creating environment descriptor '/home/caros/DEV/ROS_DEV/ros2_lidar_navigation/install/rslidar_msg/share/rslidar_msg/hook/pythonpath.dsv'
[1.645s] INFO:colcon.colcon_core.shell:Creating environment hook '/home/caros/DEV/ROS_DEV/ros2_lidar_navigation/install/rslidar_msg/share/rslidar_msg/hook/pythonpath.sh'
[1.646s] Level 1:colcon.colcon_core.environment:checking '/home/caros/DEV/ROS_DEV/ros2_lidar_navigation/install/rslidar_msg/bin'
[1.646s] INFO:colcon.colcon_core.shell:Creating package script '/home/caros/DEV/ROS_DEV/ros2_lidar_navigation/install/rslidar_msg/share/rslidar_msg/package.ps1'
[1.647s] INFO:colcon.colcon_core.shell:Creating package descriptor '/home/caros/DEV/ROS_DEV/ros2_lidar_navigation/install/rslidar_msg/share/rslidar_msg/package.dsv'
[1.647s] INFO:colcon.colcon_core.shell:Creating package script '/home/caros/DEV/ROS_DEV/ros2_lidar_navigation/install/rslidar_msg/share/rslidar_msg/package.sh'
[1.657s] INFO:colcon.colcon_core.shell:Creating package script '/home/caros/DEV/ROS_DEV/ros2_lidar_navigation/install/rslidar_msg/share/rslidar_msg/package.bash'
[1.658s] INFO:colcon.colcon_core.shell:Creating package script '/home/caros/DEV/ROS_DEV/ros2_lidar_navigation/install/rslidar_msg/share/rslidar_msg/package.zsh'
[1.659s] Level 1:colcon.colcon_core.environment:create_file_with_runtime_dependencies(/home/caros/DEV/ROS_DEV/ros2_lidar_navigation/install/rslidar_msg/share/colcon-core/packages/rslidar_msg)
[1.660s] INFO:colcon.colcon_ros.task.ament_cmake.build:Building ROS package in '/home/caros/DEV/ROS_DEV/ros2_lidar_navigation/src/rslidar_sdk' with build type 'ament_cmake'
[1.661s] INFO:colcon.colcon_cmake.task.cmake.build:Building CMake package in '/home/caros/DEV/ROS_DEV/ros2_lidar_navigation/src/rslidar_sdk'
[1.662s] INFO:colcon.colcon_core.shell:Skip shell extension 'powershell' for command environment: Not usable outside of PowerShell
[1.662s] DEBUG:colcon.colcon_core.shell:Skip shell extension 'dsv' for command environment
[1.697s] DEBUG:colcon.colcon_core.event_handler.log_command:Invoking command in '/home/caros/DEV/ROS_DEV/ros2_lidar_navigation/build/rslidar_sdk': AMENT_PREFIX_PATH=/home/caros/DEV/ROS_DEV/ros2_lidar_navigation/install/rslidar_msg:${AMENT_PREFIX_PATH} CMAKE_PREFIX_PATH=/home/caros/DEV/ROS_DEV/ros2_lidar_navigation/install/rslidar_msg:/opt/ros/foxy LD_LIBRARY_PATH=/home/caros/DEV/ROS_DEV/ros2_lidar_navigation/install/rslidar_msg/lib:${LD_LIBRARY_PATH} PYTHONPATH=/home/caros/DEV/ROS_DEV/ros2_lidar_navigation/install/rslidar_msg/lib/python3.8/site-packages:${PYTHONPATH} /usr/local/bin/cmake --build /home/caros/DEV/ROS_DEV/ros2_lidar_navigation/build/rslidar_sdk -- -j48 -l48
[20.663s] DEBUG:colcon.colcon_core.event_handler.log_command:Invoked command in '/home/caros/DEV/ROS_DEV/ros2_lidar_navigation/build/rslidar_sdk' returned '0': AMENT_PREFIX_PATH=/home/caros/DEV/ROS_DEV/ros2_lidar_navigation/install/rslidar_msg:${AMENT_PREFIX_PATH} CMAKE_PREFIX_PATH=/home/caros/DEV/ROS_DEV/ros2_lidar_navigation/install/rslidar_msg:/opt/ros/foxy LD_LIBRARY_PATH=/home/caros/DEV/ROS_DEV/ros2_lidar_navigation/install/rslidar_msg/lib:${LD_LIBRARY_PATH} PYTHONPATH=/home/caros/DEV/ROS_DEV/ros2_lidar_navigation/install/rslidar_msg/lib/python3.8/site-packages:${PYTHONPATH} /usr/local/bin/cmake --build /home/caros/DEV/ROS_DEV/ros2_lidar_navigation/build/rslidar_sdk -- -j48 -l48
[20.669s] DEBUG:colcon.colcon_core.event_handler.log_command:Invoking command in '/home/caros/DEV/ROS_DEV/ros2_lidar_navigation/build/rslidar_sdk': AMENT_PREFIX_PATH=/home/caros/DEV/ROS_DEV/ros2_lidar_navigation/install/rslidar_msg:${AMENT_PREFIX_PATH} CMAKE_PREFIX_PATH=/home/caros/DEV/ROS_DEV/ros2_lidar_navigation/install/rslidar_msg:/opt/ros/foxy LD_LIBRARY_PATH=/home/caros/DEV/ROS_DEV/ros2_lidar_navigation/install/rslidar_msg/lib:${LD_LIBRARY_PATH} PYTHONPATH=/home/caros/DEV/ROS_DEV/ros2_lidar_navigation/install/rslidar_msg/lib/python3.8/site-packages:${PYTHONPATH} /usr/local/bin/cmake --install /home/caros/DEV/ROS_DEV/ros2_lidar_navigation/build/rslidar_sdk
[20.692s] Level 1:colcon.colcon_core.environment:create_environment_scripts_only(rslidar_sdk)
[20.693s] Level 1:colcon.colcon_core.environment:checking '/home/caros/DEV/ROS_DEV/ros2_lidar_navigation/install/rslidar_sdk' for CMake module files
[20.694s] DEBUG:colcon.colcon_core.event_handler.log_command:Invoked command in '/home/caros/DEV/ROS_DEV/ros2_lidar_navigation/build/rslidar_sdk' returned '0': AMENT_PREFIX_PATH=/home/caros/DEV/ROS_DEV/ros2_lidar_navigation/install/rslidar_msg:${AMENT_PREFIX_PATH} CMAKE_PREFIX_PATH=/home/caros/DEV/ROS_DEV/ros2_lidar_navigation/install/rslidar_msg:/opt/ros/foxy LD_LIBRARY_PATH=/home/caros/DEV/ROS_DEV/ros2_lidar_navigation/install/rslidar_msg/lib:${LD_LIBRARY_PATH} PYTHONPATH=/home/caros/DEV/ROS_DEV/ros2_lidar_navigation/install/rslidar_msg/lib/python3.8/site-packages:${PYTHONPATH} /usr/local/bin/cmake --install /home/caros/DEV/ROS_DEV/ros2_lidar_navigation/build/rslidar_sdk
[20.695s] Level 1:colcon.colcon_core.environment:checking '/home/caros/DEV/ROS_DEV/ros2_lidar_navigation/install/rslidar_sdk' for CMake config files
[20.696s] Level 1:colcon.colcon_core.shell:create_environment_hook('rslidar_sdk', 'cmake_prefix_path')
[20.697s] INFO:colcon.colcon_core.shell:Creating environment hook '/home/caros/DEV/ROS_DEV/ros2_lidar_navigation/install/rslidar_sdk/share/rslidar_sdk/hook/cmake_prefix_path.ps1'
[20.698s] INFO:colcon.colcon_core.shell:Creating environment descriptor '/home/caros/DEV/ROS_DEV/ros2_lidar_navigation/install/rslidar_sdk/share/rslidar_sdk/hook/cmake_prefix_path.dsv'
[20.699s] INFO:colcon.colcon_core.shell:Creating environment hook '/home/caros/DEV/ROS_DEV/ros2_lidar_navigation/install/rslidar_sdk/share/rslidar_sdk/hook/cmake_prefix_path.sh'
[20.701s] Level 1:colcon.colcon_core.environment:checking '/home/caros/DEV/ROS_DEV/ros2_lidar_navigation/install/rslidar_sdk/lib'
[20.701s] Level 1:colcon.colcon_core.environment:checking '/home/caros/DEV/ROS_DEV/ros2_lidar_navigation/install/rslidar_sdk/bin'
[20.701s] Level 1:colcon.colcon_core.environment:checking '/home/caros/DEV/ROS_DEV/ros2_lidar_navigation/install/rslidar_sdk/lib/pkgconfig/rslidar_sdk.pc'
[20.702s] Level 1:colcon.colcon_core.environment:checking '/home/caros/DEV/ROS_DEV/ros2_lidar_navigation/install/rslidar_sdk/lib/python3.8/site-packages'
[20.703s] Level 1:colcon.colcon_core.environment:checking '/home/caros/DEV/ROS_DEV/ros2_lidar_navigation/install/rslidar_sdk/bin'
[20.703s] INFO:colcon.colcon_core.shell:Creating package script '/home/caros/DEV/ROS_DEV/ros2_lidar_navigation/install/rslidar_sdk/share/rslidar_sdk/package.ps1'
[20.705s] INFO:colcon.colcon_core.shell:Creating package descriptor '/home/caros/DEV/ROS_DEV/ros2_lidar_navigation/install/rslidar_sdk/share/rslidar_sdk/package.dsv'
[20.706s] INFO:colcon.colcon_core.shell:Creating package script '/home/caros/DEV/ROS_DEV/ros2_lidar_navigation/install/rslidar_sdk/share/rslidar_sdk/package.sh'
[20.707s] INFO:colcon.colcon_core.shell:Creating package script '/home/caros/DEV/ROS_DEV/ros2_lidar_navigation/install/rslidar_sdk/share/rslidar_sdk/package.bash'
[20.710s] INFO:colcon.colcon_core.shell:Creating package script '/home/caros/DEV/ROS_DEV/ros2_lidar_navigation/install/rslidar_sdk/share/rslidar_sdk/package.zsh'
[20.711s] Level 1:colcon.colcon_core.environment:create_file_with_runtime_dependencies(/home/caros/DEV/ROS_DEV/ros2_lidar_navigation/install/rslidar_sdk/share/colcon-core/packages/rslidar_sdk)
[20.712s] Level 1:colcon.colcon_core.environment:create_environment_scripts_only(rslidar_sdk)
[20.712s] Level 1:colcon.colcon_core.environment:checking '/home/caros/DEV/ROS_DEV/ros2_lidar_navigation/install/rslidar_sdk' for CMake module files
[20.713s] Level 1:colcon.colcon_core.environment:checking '/home/caros/DEV/ROS_DEV/ros2_lidar_navigation/install/rslidar_sdk' for CMake config files
[20.713s] Level 1:colcon.colcon_core.shell:create_environment_hook('rslidar_sdk', 'cmake_prefix_path')
[20.714s] INFO:colcon.colcon_core.shell:Creating environment hook '/home/caros/DEV/ROS_DEV/ros2_lidar_navigation/install/rslidar_sdk/share/rslidar_sdk/hook/cmake_prefix_path.ps1'
[20.714s] INFO:colcon.colcon_core.shell:Creating environment descriptor '/home/caros/DEV/ROS_DEV/ros2_lidar_navigation/install/rslidar_sdk/share/rslidar_sdk/hook/cmake_prefix_path.dsv'
[20.715s] INFO:colcon.colcon_core.shell:Creating environment hook '/home/caros/DEV/ROS_DEV/ros2_lidar_navigation/install/rslidar_sdk/share/rslidar_sdk/hook/cmake_prefix_path.sh'
[20.716s] Level 1:colcon.colcon_core.environment:checking '/home/caros/DEV/ROS_DEV/ros2_lidar_navigation/install/rslidar_sdk/lib'
[20.716s] Level 1:colcon.colcon_core.environment:checking '/home/caros/DEV/ROS_DEV/ros2_lidar_navigation/install/rslidar_sdk/bin'
[20.716s] Level 1:colcon.colcon_core.environment:checking '/home/caros/DEV/ROS_DEV/ros2_lidar_navigation/install/rslidar_sdk/lib/pkgconfig/rslidar_sdk.pc'
[20.716s] Level 1:colcon.colcon_core.environment:checking '/home/caros/DEV/ROS_DEV/ros2_lidar_navigation/install/rslidar_sdk/lib/python3.8/site-packages'
[20.717s] Level 1:colcon.colcon_core.environment:checking '/home/caros/DEV/ROS_DEV/ros2_lidar_navigation/install/rslidar_sdk/bin'
[20.717s] INFO:colcon.colcon_core.shell:Creating package script '/home/caros/DEV/ROS_DEV/ros2_lidar_navigation/install/rslidar_sdk/share/rslidar_sdk/package.ps1'
[20.718s] INFO:colcon.colcon_core.shell:Creating package descriptor '/home/caros/DEV/ROS_DEV/ros2_lidar_navigation/install/rslidar_sdk/share/rslidar_sdk/package.dsv'
[20.719s] INFO:colcon.colcon_core.shell:Creating package script '/home/caros/DEV/ROS_DEV/ros2_lidar_navigation/install/rslidar_sdk/share/rslidar_sdk/package.sh'
[20.720s] INFO:colcon.colcon_core.shell:Creating package script '/home/caros/DEV/ROS_DEV/ros2_lidar_navigation/install/rslidar_sdk/share/rslidar_sdk/package.bash'
[20.720s] INFO:colcon.colcon_core.shell:Creating package script '/home/caros/DEV/ROS_DEV/ros2_lidar_navigation/install/rslidar_sdk/share/rslidar_sdk/package.zsh'
[20.721s] Level 1:colcon.colcon_core.environment:create_file_with_runtime_dependencies(/home/caros/DEV/ROS_DEV/ros2_lidar_navigation/install/rslidar_sdk/share/colcon-core/packages/rslidar_sdk)
[20.721s] DEBUG:colcon.colcon_parallel_executor.executor.parallel:closing loop
[20.722s] DEBUG:colcon.colcon_parallel_executor.executor.parallel:loop closed
[20.722s] DEBUG:colcon.colcon_parallel_executor.executor.parallel:run_until_complete finished with '0'
[20.722s] DEBUG:colcon.colcon_core.event_reactor:joining thread
[20.731s] INFO:colcon.colcon_core.plugin_system:Skipping extension 'colcon_notification.desktop_notification.terminal_notifier': Not used on non-Darwin systems
[20.731s] INFO:colcon.colcon_core.plugin_system:Skipping extension 'colcon_notification.desktop_notification.win32': Not used on non-Windows systems
[20.731s] INFO:colcon.colcon_notification.desktop_notification:Sending desktop notification using 'notify2'
[20.756s] DEBUG:colcon.colcon_core.event_reactor:joined thread
[20.757s] INFO:colcon.colcon_core.shell:Creating prefix script '/home/caros/DEV/ROS_DEV/ros2_lidar_navigation/install/local_setup.ps1'
[20.760s] INFO:colcon.colcon_core.shell:Creating prefix util module '/home/caros/DEV/ROS_DEV/ros2_lidar_navigation/install/_local_setup_util_ps1.py'
[20.764s] INFO:colcon.colcon_core.shell:Creating prefix chain script '/home/caros/DEV/ROS_DEV/ros2_lidar_navigation/install/setup.ps1'
[20.767s] INFO:colcon.colcon_core.shell:Creating prefix script '/home/caros/DEV/ROS_DEV/ros2_lidar_navigation/install/local_setup.sh'
[20.769s] INFO:colcon.colcon_core.shell:Creating prefix util module '/home/caros/DEV/ROS_DEV/ros2_lidar_navigation/install/_local_setup_util_sh.py'
[20.770s] INFO:colcon.colcon_core.shell:Creating prefix chain script '/home/caros/DEV/ROS_DEV/ros2_lidar_navigation/install/setup.sh'
[20.772s] INFO:colcon.colcon_core.shell:Creating prefix script '/home/caros/DEV/ROS_DEV/ros2_lidar_navigation/install/local_setup.bash'
[20.773s] INFO:colcon.colcon_core.shell:Creating prefix chain script '/home/caros/DEV/ROS_DEV/ros2_lidar_navigation/install/setup.bash'
[20.774s] INFO:colcon.colcon_core.shell:Creating prefix script '/home/caros/DEV/ROS_DEV/ros2_lidar_navigation/install/local_setup.zsh'
[20.775s] INFO:colcon.colcon_core.shell:Creating prefix chain script '/home/caros/DEV/ROS_DEV/ros2_lidar_navigation/install/setup.zsh'
