[0.026s] Invoking command in '/home/caros/DEV/ROS_DEV/ros2_lidar_navigation/build/rslidar_sdk': CMAKE_PREFIX_PATH=/home/caros/DEV/ROS_DEV/ros2_lidar_navigation/install/rslidar_msg:/home/caros/DEV/ROS_DEV/ros2_lidar_navigation/install/rslidar_sdk:/home/caros/DEV/ROS_DEV/ros2_dev/install/more_interfaces:/home/caros/DEV/ROS_DEV/ros2_dev/install/cpp_srvcli:/home/caros/DEV/ROS_DEV/ros2_dev/install/cpp_pubsub:/home/caros/DEV/ROS_DEV/ros2_dev/install/tutorial_interfaces:/home/caros/DEV/ROS_DEV/ros2_dev/install/turtlesim:/home/caros/DEV/ROS_DEV/ros2_dev/install/examples_rclcpp_multithreaded_executor:/home/caros/DEV/ROS_DEV/ros2_dev/install/examples_rclcpp_minimal_timer:/home/caros/DEV/ROS_DEV/ros2_dev/install/examples_rclcpp_minimal_subscriber:/home/caros/DEV/ROS_DEV/ros2_dev/install/examples_rclcpp_minimal_service:/home/caros/DEV/ROS_DEV/ros2_dev/install/examples_rclcpp_minimal_publisher:/home/caros/DEV/ROS_DEV/ros2_dev/install/examples_rclcpp_minimal_composition:/home/caros/DEV/ROS_DEV/ros2_dev/install/examples_rclcpp_minimal_client:/home/caros/DEV/ROS_DEV/ros2_dev/install/examples_rclcpp_minimal_action_server:/home/caros/DEV/ROS_DEV/ros2_dev/install/examples_rclcpp_minimal_action_client:/home/caros/DEV/ROS_DEV/ros2_dev/install/cpp_parameters:/home/caros/DEV/ROS_DEV/ros2_dev/install/action_tutorials_cpp:/home/caros/DEV/ROS_DEV/ros2_dev/install/action_tutorials_interfaces:/home/caros/DEV/ROS_DEV/ros2_dev/install/py_pubsub:/home/caros/DEV/ROS_DEV/ros2_dev/install/py_srvcli:/home/caros/DEV/ROS_DEV/ros2_dev/install/examples_rclpy_minimal_subscriber:/home/caros/DEV/ROS_DEV/ros2_dev/install/examples_rclpy_minimal_service:/home/caros/DEV/ROS_DEV/ros2_dev/install/examples_rclpy_minimal_publisher:/home/caros/DEV/ROS_DEV/ros2_dev/install/examples_rclpy_minimal_client:/home/caros/DEV/ROS_DEV/ros2_dev/install/examples_rclpy_minimal_action_server:/home/caros/DEV/ROS_DEV/ros2_dev/install/examples_rclpy_minimal_action_client:/home/caros/DEV/ROS_DEV/ros2_dev/install/examples_rclpy_executors:/opt/ros/foxy /usr/local/bin/cmake --build /home/caros/DEV/ROS_DEV/ros2_lidar_navigation/build/rslidar_sdk -- -j48 -l48
[0.050s] [0mCMake Deprecation Warning at CMakeLists.txt:1 (cmake_minimum_required):
[0.050s]   Compatibility with CMake < 3.10 will be removed from a future version of
[0.050s]   CMake.
[0.051s] 
[0.051s]   Update the VERSION argument <min> value.  Or, use the <min>...<max> syntax
[0.051s]   to tell CMake that the project requires at least <min> but has been updated
[0.051s]   to work with policies introduced by <max> or earlier.
[0.051s] 
[0.051s] [0m
[0.074s] [0m=============================================================[0m
[0.074s] [0m-- POINT_TYPE is XYZI[0m
[0.074s] [0m=============================================================[0m
[0.092s] [0m=============================================================[0m
[0.092s] [0m-- ROS Not Found. ROS Support is turned Off.[0m
[0.093s] [0m=============================================================[0m
[0.094s] [33mCMake Warning (dev) at /opt/ros/foxy/share/ament_cmake_core/cmake/core/python.cmake:22 (find_package):
[0.094s]   Policy CMP0148 is not set: The FindPythonInterp and FindPythonLibs modules
[0.094s]   are removed.  Run "cmake --help-policy CMP0148" for policy details.  Use
[0.094s]   the cmake_policy command to set the policy and suppress this warning.
[0.094s] 
[0.094s] Call Stack (most recent call first):
[0.095s]   /opt/ros/foxy/share/ament_cmake_core/cmake/core/all.cmake:53 (include)
[0.095s]   /opt/ros/foxy/share/ament_cmake_core/cmake/ament_cmake_core-extras.cmake:17 (include)
[0.095s]   /opt/ros/foxy/share/ament_cmake_core/cmake/ament_cmake_coreConfig.cmake:41 (include)
[0.095s]   /opt/ros/foxy/share/rclcpp/cmake/ament_cmake_export_include_directories-extras.cmake:8 (find_package)
[0.095s]   /opt/ros/foxy/share/rclcpp/cmake/rclcppConfig.cmake:41 (include)
[0.095s]   CMakeLists.txt:130 (find_package)
[0.096s] This warning is for project developers.  Use -Wno-dev to suppress it.
[0.096s] [0m
[0.136s] -- Using PYTHON_EXECUTABLE: /usr/bin/python3
[0.382s] -- Using all available rosidl_typesupport_c: rosidl_typesupport_fastrtps_c;rosidl_typesupport_introspection_c
[0.385s] -- Found rosidl_adapter: 1.3.1 (/opt/ros/foxy/share/rosidl_adapter/cmake)
[0.529s] -- Using all available rosidl_typesupport_cpp: rosidl_typesupport_fastrtps_cpp;rosidl_typesupport_introspection_cpp
[0.580s] -- Found rmw_implementation_cmake: 1.0.4 (/opt/ros/foxy/share/rmw_implementation_cmake/cmake)
[0.583s] -- Using RMW implementation 'rmw_fastrtps_cpp' as default
[0.726s] [0m=============================================================[0m
[0.726s] [0m-- ROS2 Found. ROS2 Support is turned On.[0m
[0.727s] [0m=============================================================[0m
[0.727s] -- Found sensor_msgs: 2.0.5 (/opt/ros/foxy/share/sensor_msgs/cmake)
[0.846s] -- Found rslidar_msg: 0.0.0 (/home/caros/DEV/ROS_DEV/ros2_lidar_navigation/install/rslidar_msg/share/rslidar_msg/cmake)
[0.880s] [0mCMake Deprecation Warning at src/rs_driver/CMakeLists.txt:1 (cmake_minimum_required):
[0.881s]   Compatibility with CMake < 3.10 will be removed from a future version of
[0.881s]   CMake.
[0.881s] 
[0.881s]   Update the VERSION argument <min> value.  Or, use the <min>...<max> syntax
[0.881s]   to tell CMake that the project requires at least <min> but has been updated
[0.881s]   to work with policies introduced by <max> or earlier.
[0.882s] 
[0.882s] [0m
[0.882s] [0m=============================================================[0m
[0.882s] [0m-- CMake run for UNIX GNU Compiler[0m
[0.882s] [0m=============================================================[0m
[0.882s] [0m=============================================================[0m
[0.883s] [0m-- rs_driver Version : v1.5.17[0m
[0.883s] [0m=============================================================[0m
[0.963s] -- Configuring done (0.9s)
[0.986s] -- Generating done (0.0s)
[0.988s] -- Build files have been written to: /home/caros/DEV/ROS_DEV/ros2_lidar_navigation/build/rslidar_sdk
[1.056s] [ 33%] [32mBuilding CXX object CMakeFiles/rslidar_sdk_node.dir/node/rslidar_sdk_node.cpp.o[0m
[1.058s] [ 66%] [32mBuilding CXX object CMakeFiles/rslidar_sdk_node.dir/src/manager/node_manager.cpp.o[0m
[18.059s] [100%] [32m[1mLinking CXX executable rslidar_sdk_node[0m
[18.248s] [100%] Built target rslidar_sdk_node
[18.257s] Invoked command in '/home/caros/DEV/ROS_DEV/ros2_lidar_navigation/build/rslidar_sdk' returned '0': CMAKE_PREFIX_PATH=/home/caros/DEV/ROS_DEV/ros2_lidar_navigation/install/rslidar_msg:/home/caros/DEV/ROS_DEV/ros2_lidar_navigation/install/rslidar_sdk:/home/caros/DEV/ROS_DEV/ros2_dev/install/more_interfaces:/home/caros/DEV/ROS_DEV/ros2_dev/install/cpp_srvcli:/home/caros/DEV/ROS_DEV/ros2_dev/install/cpp_pubsub:/home/caros/DEV/ROS_DEV/ros2_dev/install/tutorial_interfaces:/home/caros/DEV/ROS_DEV/ros2_dev/install/turtlesim:/home/caros/DEV/ROS_DEV/ros2_dev/install/examples_rclcpp_multithreaded_executor:/home/caros/DEV/ROS_DEV/ros2_dev/install/examples_rclcpp_minimal_timer:/home/caros/DEV/ROS_DEV/ros2_dev/install/examples_rclcpp_minimal_subscriber:/home/caros/DEV/ROS_DEV/ros2_dev/install/examples_rclcpp_minimal_service:/home/caros/DEV/ROS_DEV/ros2_dev/install/examples_rclcpp_minimal_publisher:/home/caros/DEV/ROS_DEV/ros2_dev/install/examples_rclcpp_minimal_composition:/home/caros/DEV/ROS_DEV/ros2_dev/install/examples_rclcpp_minimal_client:/home/caros/DEV/ROS_DEV/ros2_dev/install/examples_rclcpp_minimal_action_server:/home/caros/DEV/ROS_DEV/ros2_dev/install/examples_rclcpp_minimal_action_client:/home/caros/DEV/ROS_DEV/ros2_dev/install/cpp_parameters:/home/caros/DEV/ROS_DEV/ros2_dev/install/action_tutorials_cpp:/home/caros/DEV/ROS_DEV/ros2_dev/install/action_tutorials_interfaces:/home/caros/DEV/ROS_DEV/ros2_dev/install/py_pubsub:/home/caros/DEV/ROS_DEV/ros2_dev/install/py_srvcli:/home/caros/DEV/ROS_DEV/ros2_dev/install/examples_rclpy_minimal_subscriber:/home/caros/DEV/ROS_DEV/ros2_dev/install/examples_rclpy_minimal_service:/home/caros/DEV/ROS_DEV/ros2_dev/install/examples_rclpy_minimal_publisher:/home/caros/DEV/ROS_DEV/ros2_dev/install/examples_rclpy_minimal_client:/home/caros/DEV/ROS_DEV/ros2_dev/install/examples_rclpy_minimal_action_server:/home/caros/DEV/ROS_DEV/ros2_dev/install/examples_rclpy_minimal_action_client:/home/caros/DEV/ROS_DEV/ros2_dev/install/examples_rclpy_executors:/opt/ros/foxy /usr/local/bin/cmake --build /home/caros/DEV/ROS_DEV/ros2_lidar_navigation/build/rslidar_sdk -- -j48 -l48
[18.264s] Invoking command in '/home/caros/DEV/ROS_DEV/ros2_lidar_navigation/build/rslidar_sdk': CMAKE_PREFIX_PATH=/home/caros/DEV/ROS_DEV/ros2_lidar_navigation/install/rslidar_msg:/home/caros/DEV/ROS_DEV/ros2_lidar_navigation/install/rslidar_sdk:/home/caros/DEV/ROS_DEV/ros2_dev/install/more_interfaces:/home/caros/DEV/ROS_DEV/ros2_dev/install/cpp_srvcli:/home/caros/DEV/ROS_DEV/ros2_dev/install/cpp_pubsub:/home/caros/DEV/ROS_DEV/ros2_dev/install/tutorial_interfaces:/home/caros/DEV/ROS_DEV/ros2_dev/install/turtlesim:/home/caros/DEV/ROS_DEV/ros2_dev/install/examples_rclcpp_multithreaded_executor:/home/caros/DEV/ROS_DEV/ros2_dev/install/examples_rclcpp_minimal_timer:/home/caros/DEV/ROS_DEV/ros2_dev/install/examples_rclcpp_minimal_subscriber:/home/caros/DEV/ROS_DEV/ros2_dev/install/examples_rclcpp_minimal_service:/home/caros/DEV/ROS_DEV/ros2_dev/install/examples_rclcpp_minimal_publisher:/home/caros/DEV/ROS_DEV/ros2_dev/install/examples_rclcpp_minimal_composition:/home/caros/DEV/ROS_DEV/ros2_dev/install/examples_rclcpp_minimal_client:/home/caros/DEV/ROS_DEV/ros2_dev/install/examples_rclcpp_minimal_action_server:/home/caros/DEV/ROS_DEV/ros2_dev/install/examples_rclcpp_minimal_action_client:/home/caros/DEV/ROS_DEV/ros2_dev/install/cpp_parameters:/home/caros/DEV/ROS_DEV/ros2_dev/install/action_tutorials_cpp:/home/caros/DEV/ROS_DEV/ros2_dev/install/action_tutorials_interfaces:/home/caros/DEV/ROS_DEV/ros2_dev/install/py_pubsub:/home/caros/DEV/ROS_DEV/ros2_dev/install/py_srvcli:/home/caros/DEV/ROS_DEV/ros2_dev/install/examples_rclpy_minimal_subscriber:/home/caros/DEV/ROS_DEV/ros2_dev/install/examples_rclpy_minimal_service:/home/caros/DEV/ROS_DEV/ros2_dev/install/examples_rclpy_minimal_publisher:/home/caros/DEV/ROS_DEV/ros2_dev/install/examples_rclpy_minimal_client:/home/caros/DEV/ROS_DEV/ros2_dev/install/examples_rclpy_minimal_action_server:/home/caros/DEV/ROS_DEV/ros2_dev/install/examples_rclpy_minimal_action_client:/home/caros/DEV/ROS_DEV/ros2_dev/install/examples_rclpy_executors:/opt/ros/foxy /usr/local/bin/cmake --install /home/caros/DEV/ROS_DEV/ros2_lidar_navigation/build/rslidar_sdk
[18.270s] -- Install configuration: "Release"
[18.270s] -- Installing: /home/caros/DEV/ROS_DEV/ros2_lidar_navigation/install/rslidar_sdk/lib/rslidar_sdk/rslidar_sdk_node
[18.274s] -- Set non-toolchain portion of runtime path of "/home/caros/DEV/ROS_DEV/ros2_lidar_navigation/install/rslidar_sdk/lib/rslidar_sdk/rslidar_sdk_node" to ""
[18.274s] -- Up-to-date: /home/caros/DEV/ROS_DEV/ros2_lidar_navigation/install/rslidar_sdk/share/rslidar_sdk/launch
[18.275s] -- Installing: /home/caros/DEV/ROS_DEV/ros2_lidar_navigation/install/rslidar_sdk/share/rslidar_sdk/launch/elequent_start.py
[18.275s] -- Installing: /home/caros/DEV/ROS_DEV/ros2_lidar_navigation/install/rslidar_sdk/share/rslidar_sdk/launch/start.py
[18.275s] -- Installing: /home/caros/DEV/ROS_DEV/ros2_lidar_navigation/install/rslidar_sdk/share/rslidar_sdk/launch/start.launch
[18.275s] -- Up-to-date: /home/caros/DEV/ROS_DEV/ros2_lidar_navigation/install/rslidar_sdk/share/rslidar_sdk/rviz
[18.276s] -- Installing: /home/caros/DEV/ROS_DEV/ros2_lidar_navigation/install/rslidar_sdk/share/rslidar_sdk/rviz/rviz2.rviz
[18.276s] -- Installing: /home/caros/DEV/ROS_DEV/ros2_lidar_navigation/install/rslidar_sdk/share/rslidar_sdk/rviz/rviz.rviz
[18.276s] -- Up-to-date: /home/caros/DEV/ROS_DEV/ros2_lidar_navigation/install/rslidar_sdk/share/ament_index/resource_index/package_run_dependencies/rslidar_sdk
[18.276s] -- Installing: /home/caros/DEV/ROS_DEV/ros2_lidar_navigation/install/rslidar_sdk/share/ament_index/resource_index/parent_prefix_path/rslidar_sdk
[18.276s] -- Up-to-date: /home/caros/DEV/ROS_DEV/ros2_lidar_navigation/install/rslidar_sdk/share/rslidar_sdk/environment/ament_prefix_path.sh
[18.277s] -- Installing: /home/caros/DEV/ROS_DEV/ros2_lidar_navigation/install/rslidar_sdk/share/rslidar_sdk/environment/ament_prefix_path.dsv
[18.277s] -- Up-to-date: /home/caros/DEV/ROS_DEV/ros2_lidar_navigation/install/rslidar_sdk/share/rslidar_sdk/environment/path.sh
[18.277s] -- Installing: /home/caros/DEV/ROS_DEV/ros2_lidar_navigation/install/rslidar_sdk/share/rslidar_sdk/environment/path.dsv
[18.277s] -- Up-to-date: /home/caros/DEV/ROS_DEV/ros2_lidar_navigation/install/rslidar_sdk/share/rslidar_sdk/local_setup.bash
[18.278s] -- Up-to-date: /home/caros/DEV/ROS_DEV/ros2_lidar_navigation/install/rslidar_sdk/share/rslidar_sdk/local_setup.sh
[18.278s] -- Up-to-date: /home/caros/DEV/ROS_DEV/ros2_lidar_navigation/install/rslidar_sdk/share/rslidar_sdk/local_setup.zsh
[18.278s] -- Installing: /home/caros/DEV/ROS_DEV/ros2_lidar_navigation/install/rslidar_sdk/share/rslidar_sdk/local_setup.dsv
[18.278s] -- Installing: /home/caros/DEV/ROS_DEV/ros2_lidar_navigation/install/rslidar_sdk/share/rslidar_sdk/package.dsv
[18.278s] -- Up-to-date: /home/caros/DEV/ROS_DEV/ros2_lidar_navigation/install/rslidar_sdk/share/ament_index/resource_index/packages/rslidar_sdk
[18.279s] -- Up-to-date: /home/caros/DEV/ROS_DEV/ros2_lidar_navigation/install/rslidar_sdk/share/rslidar_sdk/cmake/rslidar_sdkConfig.cmake
[18.279s] -- Up-to-date: /home/caros/DEV/ROS_DEV/ros2_lidar_navigation/install/rslidar_sdk/share/rslidar_sdk/cmake/rslidar_sdkConfig-version.cmake
[18.279s] -- Installing: /home/caros/DEV/ROS_DEV/ros2_lidar_navigation/install/rslidar_sdk/share/rslidar_sdk/package.xml
[18.282s] Invoked command in '/home/caros/DEV/ROS_DEV/ros2_lidar_navigation/build/rslidar_sdk' returned '0': CMAKE_PREFIX_PATH=/home/caros/DEV/ROS_DEV/ros2_lidar_navigation/install/rslidar_msg:/home/caros/DEV/ROS_DEV/ros2_lidar_navigation/install/rslidar_sdk:/home/caros/DEV/ROS_DEV/ros2_dev/install/more_interfaces:/home/caros/DEV/ROS_DEV/ros2_dev/install/cpp_srvcli:/home/caros/DEV/ROS_DEV/ros2_dev/install/cpp_pubsub:/home/caros/DEV/ROS_DEV/ros2_dev/install/tutorial_interfaces:/home/caros/DEV/ROS_DEV/ros2_dev/install/turtlesim:/home/caros/DEV/ROS_DEV/ros2_dev/install/examples_rclcpp_multithreaded_executor:/home/caros/DEV/ROS_DEV/ros2_dev/install/examples_rclcpp_minimal_timer:/home/caros/DEV/ROS_DEV/ros2_dev/install/examples_rclcpp_minimal_subscriber:/home/caros/DEV/ROS_DEV/ros2_dev/install/examples_rclcpp_minimal_service:/home/caros/DEV/ROS_DEV/ros2_dev/install/examples_rclcpp_minimal_publisher:/home/caros/DEV/ROS_DEV/ros2_dev/install/examples_rclcpp_minimal_composition:/home/caros/DEV/ROS_DEV/ros2_dev/install/examples_rclcpp_minimal_client:/home/caros/DEV/ROS_DEV/ros2_dev/install/examples_rclcpp_minimal_action_server:/home/caros/DEV/ROS_DEV/ros2_dev/install/examples_rclcpp_minimal_action_client:/home/caros/DEV/ROS_DEV/ros2_dev/install/cpp_parameters:/home/caros/DEV/ROS_DEV/ros2_dev/install/action_tutorials_cpp:/home/caros/DEV/ROS_DEV/ros2_dev/install/action_tutorials_interfaces:/home/caros/DEV/ROS_DEV/ros2_dev/install/py_pubsub:/home/caros/DEV/ROS_DEV/ros2_dev/install/py_srvcli:/home/caros/DEV/ROS_DEV/ros2_dev/install/examples_rclpy_minimal_subscriber:/home/caros/DEV/ROS_DEV/ros2_dev/install/examples_rclpy_minimal_service:/home/caros/DEV/ROS_DEV/ros2_dev/install/examples_rclpy_minimal_publisher:/home/caros/DEV/ROS_DEV/ros2_dev/install/examples_rclpy_minimal_client:/home/caros/DEV/ROS_DEV/ros2_dev/install/examples_rclpy_minimal_action_server:/home/caros/DEV/ROS_DEV/ros2_dev/install/examples_rclpy_minimal_action_client:/home/caros/DEV/ROS_DEV/ros2_dev/install/examples_rclpy_executors:/opt/ros/foxy /usr/local/bin/cmake --install /home/caros/DEV/ROS_DEV/ros2_lidar_navigation/build/rslidar_sdk
