[0.229s] DEBUG:colcon:Command line arguments: ['/usr/bin/colcon', 'build']
[0.229s] DEBUG:colcon:Parsed command line arguments: Namespace(allow_overriding=[], ament_cmake_args=None, base_paths=['.'], build_base='build', catkin_cmake_args=None, catkin_skip_building_tests=False, cmake_args=None, cmake_clean_cache=False, cmake_clean_first=False, cmake_force_configure=False, cmake_target=None, cmake_target_skip_unavailable=False, continue_on_error=False, event_handlers=None, executor='parallel', ignore_user_meta=False, install_base='install', log_base=None, log_level=None, main=<bound method BuildVerb.main of <colcon_core.verb.build.BuildVerb object at 0x7f82b2ff1400>>, merge_install=False, metas=['./colcon.meta'], mixin=None, mixin_files=None, mixin_verb=('build',), packages_above=None, packages_above_and_dependencies=None, packages_above_depth=None, packages_end=None, packages_ignore=None, packages_ignore_regex=None, packages_select=None, packages_select_build_failed=False, packages_select_by_dep=None, packages_select_regex=None, packages_select_test_failures=False, packages_skip=None, packages_skip_build_finished=False, packages_skip_by_dep=None, packages_skip_regex=None, packages_skip_test_passed=False, packages_skip_up_to=None, packages_start=None, packages_up_to=None, packages_up_to_regex=None, parallel_workers=48, paths=None, symlink_install=False, test_result_base=None, verb_extension=<colcon_core.verb.build.BuildVerb object at 0x7f82b2ff1400>, verb_name='build', verb_parser=<colcon_mixin.mixin.mixin_argument.MixinArgumentDecorator object at 0x7f82b2ff1a60>)
[0.388s] Level 1:colcon.colcon_core.package_discovery:discover_packages(colcon_meta) check parameters
[0.388s] Level 1:colcon.colcon_core.package_discovery:discover_packages(recursive) check parameters
[0.388s] Level 1:colcon.colcon_core.package_discovery:discover_packages(ignore) check parameters
[0.388s] Level 1:colcon.colcon_core.package_discovery:discover_packages(path) check parameters
[0.388s] Level 1:colcon.colcon_core.package_discovery:discover_packages(colcon_meta) discover
[0.388s] Level 1:colcon.colcon_core.package_discovery:discover_packages(recursive) discover
[0.388s] INFO:colcon.colcon_core.package_discovery:Crawling recursively for packages in '/home/caros/DEV/ROS_DEV/ros2_lidar_navigation'
[0.388s] Level 1:colcon.colcon_core.package_identification:_identify(.) by extensions ['ignore', 'ignore_ament_install']
[0.388s] Level 1:colcon.colcon_core.package_identification:_identify(.) by extension 'ignore'
[0.388s] Level 1:colcon.colcon_core.package_identification:_identify(.) by extension 'ignore_ament_install'
[0.388s] Level 1:colcon.colcon_core.package_identification:_identify(.) by extensions ['colcon_pkg']
[0.388s] Level 1:colcon.colcon_core.package_identification:_identify(.) by extension 'colcon_pkg'
[0.388s] Level 1:colcon.colcon_core.package_identification:_identify(.) by extensions ['colcon_meta']
[0.388s] Level 1:colcon.colcon_core.package_identification:_identify(.) by extension 'colcon_meta'
[0.388s] Level 1:colcon.colcon_core.package_identification:_identify(.) by extensions ['ros']
[0.388s] Level 1:colcon.colcon_core.package_identification:_identify(.) by extension 'ros'
[0.399s] Level 1:colcon.colcon_core.package_identification:_identify(.) by extensions ['cmake', 'python']
[0.399s] Level 1:colcon.colcon_core.package_identification:_identify(.) by extension 'cmake'
[0.399s] Level 1:colcon.colcon_core.package_identification:_identify(.) by extension 'python'
[0.399s] Level 1:colcon.colcon_core.package_identification:_identify(.) by extensions ['python_setup_py']
[0.399s] Level 1:colcon.colcon_core.package_identification:_identify(.) by extension 'python_setup_py'
[0.399s] Level 1:colcon.colcon_core.package_identification:_identify(build) by extensions ['ignore', 'ignore_ament_install']
[0.400s] Level 1:colcon.colcon_core.package_identification:_identify(build) by extension 'ignore'
[0.400s] Level 1:colcon.colcon_core.package_identification:_identify(build) ignored
[0.400s] Level 1:colcon.colcon_core.package_identification:_identify(install) by extensions ['ignore', 'ignore_ament_install']
[0.400s] Level 1:colcon.colcon_core.package_identification:_identify(install) by extension 'ignore'
[0.400s] Level 1:colcon.colcon_core.package_identification:_identify(install) ignored
[0.400s] Level 1:colcon.colcon_core.package_identification:_identify(log) by extensions ['ignore', 'ignore_ament_install']
[0.400s] Level 1:colcon.colcon_core.package_identification:_identify(log) by extension 'ignore'
[0.400s] Level 1:colcon.colcon_core.package_identification:_identify(log) ignored
[0.400s] Level 1:colcon.colcon_core.package_identification:_identify(src) by extensions ['ignore', 'ignore_ament_install']
[0.400s] Level 1:colcon.colcon_core.package_identification:_identify(src) by extension 'ignore'
[0.400s] Level 1:colcon.colcon_core.package_identification:_identify(src) by extension 'ignore_ament_install'
[0.400s] Level 1:colcon.colcon_core.package_identification:_identify(src) by extensions ['colcon_pkg']
[0.400s] Level 1:colcon.colcon_core.package_identification:_identify(src) by extension 'colcon_pkg'
[0.400s] Level 1:colcon.colcon_core.package_identification:_identify(src) by extensions ['colcon_meta']
[0.400s] Level 1:colcon.colcon_core.package_identification:_identify(src) by extension 'colcon_meta'
[0.400s] Level 1:colcon.colcon_core.package_identification:_identify(src) by extensions ['ros']
[0.400s] Level 1:colcon.colcon_core.package_identification:_identify(src) by extension 'ros'
[0.401s] Level 1:colcon.colcon_core.package_identification:_identify(src) by extensions ['cmake', 'python']
[0.401s] Level 1:colcon.colcon_core.package_identification:_identify(src) by extension 'cmake'
[0.401s] Level 1:colcon.colcon_core.package_identification:_identify(src) by extension 'python'
[0.401s] Level 1:colcon.colcon_core.package_identification:_identify(src) by extensions ['python_setup_py']
[0.401s] Level 1:colcon.colcon_core.package_identification:_identify(src) by extension 'python_setup_py'
[0.401s] Level 1:colcon.colcon_core.package_identification:_identify(src/rslidar_msg) by extensions ['ignore', 'ignore_ament_install']
[0.401s] Level 1:colcon.colcon_core.package_identification:_identify(src/rslidar_msg) by extension 'ignore'
[0.401s] Level 1:colcon.colcon_core.package_identification:_identify(src/rslidar_msg) by extension 'ignore_ament_install'
[0.401s] Level 1:colcon.colcon_core.package_identification:_identify(src/rslidar_msg) by extensions ['colcon_pkg']
[0.401s] Level 1:colcon.colcon_core.package_identification:_identify(src/rslidar_msg) by extension 'colcon_pkg'
[0.401s] Level 1:colcon.colcon_core.package_identification:_identify(src/rslidar_msg) by extensions ['colcon_meta']
[0.401s] Level 1:colcon.colcon_core.package_identification:_identify(src/rslidar_msg) by extension 'colcon_meta'
[0.401s] Level 1:colcon.colcon_core.package_identification:_identify(src/rslidar_msg) by extensions ['ros']
[0.401s] Level 1:colcon.colcon_core.package_identification:_identify(src/rslidar_msg) by extension 'ros'
[0.404s] DEBUG:colcon.colcon_core.package_identification:Package 'src/rslidar_msg' with type 'ros.ament_cmake' and name 'rslidar_msg'
[0.404s] Level 1:colcon.colcon_core.package_identification:_identify(src/rslidar_sdk) by extensions ['ignore', 'ignore_ament_install']
[0.404s] Level 1:colcon.colcon_core.package_identification:_identify(src/rslidar_sdk) by extension 'ignore'
[0.404s] Level 1:colcon.colcon_core.package_identification:_identify(src/rslidar_sdk) by extension 'ignore_ament_install'
[0.404s] Level 1:colcon.colcon_core.package_identification:_identify(src/rslidar_sdk) by extensions ['colcon_pkg']
[0.404s] Level 1:colcon.colcon_core.package_identification:_identify(src/rslidar_sdk) by extension 'colcon_pkg'
[0.404s] Level 1:colcon.colcon_core.package_identification:_identify(src/rslidar_sdk) by extensions ['colcon_meta']
[0.404s] Level 1:colcon.colcon_core.package_identification:_identify(src/rslidar_sdk) by extension 'colcon_meta'
[0.404s] Level 1:colcon.colcon_core.package_identification:_identify(src/rslidar_sdk) by extensions ['ros']
[0.404s] Level 1:colcon.colcon_core.package_identification:_identify(src/rslidar_sdk) by extension 'ros'
[0.420s] DEBUG:colcon.colcon_core.package_identification:Package 'src/rslidar_sdk' with type 'ros.ament_cmake' and name 'rslidar_sdk'
[0.420s] Level 1:colcon.colcon_core.package_discovery:discover_packages(recursive) using defaults
[0.420s] Level 1:colcon.colcon_core.package_discovery:discover_packages(ignore) discover
[0.420s] Level 1:colcon.colcon_core.package_discovery:discover_packages(ignore) using defaults
[0.420s] Level 1:colcon.colcon_core.package_discovery:discover_packages(path) discover
[0.420s] Level 1:colcon.colcon_core.package_discovery:discover_packages(path) using defaults
[0.436s] Level 1:colcon.colcon_core.package_discovery:discover_packages(prefix_path) check parameters
[0.436s] Level 1:colcon.colcon_core.package_discovery:discover_packages(prefix_path) discover
[0.437s] WARNING:colcon.colcon_core.prefix_path.colcon:The path '/home/caros/DEV/ROS_DEV/ros2_dev/install' in the environment variable COLCON_PREFIX_PATH doesn't exist
[0.437s] WARNING:colcon.colcon_ros.prefix_path.ament:The path '/home/caros/DEV/ROS_DEV/ros2_dev/install/py_pubsub' in the environment variable AMENT_PREFIX_PATH doesn't exist
[0.437s] WARNING:colcon.colcon_ros.prefix_path.ament:The path '/home/caros/DEV/ROS_DEV/ros2_dev/install/more_interfaces' in the environment variable AMENT_PREFIX_PATH doesn't exist
[0.437s] WARNING:colcon.colcon_ros.prefix_path.ament:The path '/home/caros/DEV/ROS_DEV/ros2_dev/install/cpp_srvcli' in the environment variable AMENT_PREFIX_PATH doesn't exist
[0.437s] WARNING:colcon.colcon_ros.prefix_path.ament:The path '/home/caros/DEV/ROS_DEV/ros2_dev/install/cpp_pubsub' in the environment variable AMENT_PREFIX_PATH doesn't exist
[0.437s] WARNING:colcon.colcon_ros.prefix_path.ament:The path '/home/caros/DEV/ROS_DEV/ros2_dev/install/tutorial_interfaces' in the environment variable AMENT_PREFIX_PATH doesn't exist
[0.437s] WARNING:colcon.colcon_ros.prefix_path.ament:The path '/home/caros/DEV/ROS_DEV/ros2_dev/install/turtlesim' in the environment variable AMENT_PREFIX_PATH doesn't exist
[0.437s] WARNING:colcon.colcon_ros.prefix_path.ament:The path '/home/caros/DEV/ROS_DEV/ros2_dev/install/py_srvcli' in the environment variable AMENT_PREFIX_PATH doesn't exist
[0.437s] WARNING:colcon.colcon_ros.prefix_path.ament:The path '/home/caros/DEV/ROS_DEV/ros2_dev/install/examples_rclpy_minimal_subscriber' in the environment variable AMENT_PREFIX_PATH doesn't exist
[0.437s] WARNING:colcon.colcon_ros.prefix_path.ament:The path '/home/caros/DEV/ROS_DEV/ros2_dev/install/examples_rclpy_minimal_service' in the environment variable AMENT_PREFIX_PATH doesn't exist
[0.437s] WARNING:colcon.colcon_ros.prefix_path.ament:The path '/home/caros/DEV/ROS_DEV/ros2_dev/install/examples_rclpy_minimal_publisher' in the environment variable AMENT_PREFIX_PATH doesn't exist
[0.437s] WARNING:colcon.colcon_ros.prefix_path.ament:The path '/home/caros/DEV/ROS_DEV/ros2_dev/install/examples_rclpy_minimal_client' in the environment variable AMENT_PREFIX_PATH doesn't exist
[0.437s] WARNING:colcon.colcon_ros.prefix_path.ament:The path '/home/caros/DEV/ROS_DEV/ros2_dev/install/examples_rclpy_minimal_action_server' in the environment variable AMENT_PREFIX_PATH doesn't exist
[0.438s] WARNING:colcon.colcon_ros.prefix_path.ament:The path '/home/caros/DEV/ROS_DEV/ros2_dev/install/examples_rclpy_minimal_action_client' in the environment variable AMENT_PREFIX_PATH doesn't exist
[0.438s] WARNING:colcon.colcon_ros.prefix_path.ament:The path '/home/caros/DEV/ROS_DEV/ros2_dev/install/examples_rclpy_executors' in the environment variable AMENT_PREFIX_PATH doesn't exist
[0.438s] WARNING:colcon.colcon_ros.prefix_path.ament:The path '/home/caros/DEV/ROS_DEV/ros2_dev/install/examples_rclcpp_multithreaded_executor' in the environment variable AMENT_PREFIX_PATH doesn't exist
[0.438s] WARNING:colcon.colcon_ros.prefix_path.ament:The path '/home/caros/DEV/ROS_DEV/ros2_dev/install/examples_rclcpp_minimal_timer' in the environment variable AMENT_PREFIX_PATH doesn't exist
[0.438s] WARNING:colcon.colcon_ros.prefix_path.ament:The path '/home/caros/DEV/ROS_DEV/ros2_dev/install/examples_rclcpp_minimal_subscriber' in the environment variable AMENT_PREFIX_PATH doesn't exist
[0.438s] WARNING:colcon.colcon_ros.prefix_path.ament:The path '/home/caros/DEV/ROS_DEV/ros2_dev/install/examples_rclcpp_minimal_service' in the environment variable AMENT_PREFIX_PATH doesn't exist
[0.438s] WARNING:colcon.colcon_ros.prefix_path.ament:The path '/home/caros/DEV/ROS_DEV/ros2_dev/install/examples_rclcpp_minimal_publisher' in the environment variable AMENT_PREFIX_PATH doesn't exist
[0.438s] WARNING:colcon.colcon_ros.prefix_path.ament:The path '/home/caros/DEV/ROS_DEV/ros2_dev/install/examples_rclcpp_minimal_composition' in the environment variable AMENT_PREFIX_PATH doesn't exist
[0.438s] WARNING:colcon.colcon_ros.prefix_path.ament:The path '/home/caros/DEV/ROS_DEV/ros2_dev/install/examples_rclcpp_minimal_client' in the environment variable AMENT_PREFIX_PATH doesn't exist
[0.438s] WARNING:colcon.colcon_ros.prefix_path.ament:The path '/home/caros/DEV/ROS_DEV/ros2_dev/install/examples_rclcpp_minimal_action_server' in the environment variable AMENT_PREFIX_PATH doesn't exist
[0.438s] WARNING:colcon.colcon_ros.prefix_path.ament:The path '/home/caros/DEV/ROS_DEV/ros2_dev/install/examples_rclcpp_minimal_action_client' in the environment variable AMENT_PREFIX_PATH doesn't exist
[0.438s] WARNING:colcon.colcon_ros.prefix_path.ament:The path '/home/caros/DEV/ROS_DEV/ros2_dev/install/cpp_parameters' in the environment variable AMENT_PREFIX_PATH doesn't exist
[0.438s] WARNING:colcon.colcon_ros.prefix_path.ament:The path '/home/caros/DEV/ROS_DEV/ros2_dev/install/action_tutorials_cpp' in the environment variable AMENT_PREFIX_PATH doesn't exist
[0.438s] WARNING:colcon.colcon_ros.prefix_path.ament:The path '/home/caros/DEV/ROS_DEV/ros2_dev/install/action_tutorials_interfaces' in the environment variable AMENT_PREFIX_PATH doesn't exist
[0.438s] WARNING:colcon.colcon_ros.prefix_path.catkin:The path '/home/caros/DEV/ROS_DEV/ros2_dev/install/more_interfaces' in the environment variable CMAKE_PREFIX_PATH doesn't exist
[0.438s] WARNING:colcon.colcon_ros.prefix_path.catkin:The path '/home/caros/DEV/ROS_DEV/ros2_dev/install/cpp_srvcli' in the environment variable CMAKE_PREFIX_PATH doesn't exist
[0.438s] WARNING:colcon.colcon_ros.prefix_path.catkin:The path '/home/caros/DEV/ROS_DEV/ros2_dev/install/cpp_pubsub' in the environment variable CMAKE_PREFIX_PATH doesn't exist
[0.438s] WARNING:colcon.colcon_ros.prefix_path.catkin:The path '/home/caros/DEV/ROS_DEV/ros2_dev/install/tutorial_interfaces' in the environment variable CMAKE_PREFIX_PATH doesn't exist
[0.438s] WARNING:colcon.colcon_ros.prefix_path.catkin:The path '/home/caros/DEV/ROS_DEV/ros2_dev/install/turtlesim' in the environment variable CMAKE_PREFIX_PATH doesn't exist
[0.438s] WARNING:colcon.colcon_ros.prefix_path.catkin:The path '/home/caros/DEV/ROS_DEV/ros2_dev/install/examples_rclcpp_multithreaded_executor' in the environment variable CMAKE_PREFIX_PATH doesn't exist
[0.438s] WARNING:colcon.colcon_ros.prefix_path.catkin:The path '/home/caros/DEV/ROS_DEV/ros2_dev/install/examples_rclcpp_minimal_timer' in the environment variable CMAKE_PREFIX_PATH doesn't exist
[0.438s] WARNING:colcon.colcon_ros.prefix_path.catkin:The path '/home/caros/DEV/ROS_DEV/ros2_dev/install/examples_rclcpp_minimal_subscriber' in the environment variable CMAKE_PREFIX_PATH doesn't exist
[0.438s] WARNING:colcon.colcon_ros.prefix_path.catkin:The path '/home/caros/DEV/ROS_DEV/ros2_dev/install/examples_rclcpp_minimal_service' in the environment variable CMAKE_PREFIX_PATH doesn't exist
[0.438s] WARNING:colcon.colcon_ros.prefix_path.catkin:The path '/home/caros/DEV/ROS_DEV/ros2_dev/install/examples_rclcpp_minimal_publisher' in the environment variable CMAKE_PREFIX_PATH doesn't exist
[0.438s] WARNING:colcon.colcon_ros.prefix_path.catkin:The path '/home/caros/DEV/ROS_DEV/ros2_dev/install/examples_rclcpp_minimal_composition' in the environment variable CMAKE_PREFIX_PATH doesn't exist
[0.438s] WARNING:colcon.colcon_ros.prefix_path.catkin:The path '/home/caros/DEV/ROS_DEV/ros2_dev/install/examples_rclcpp_minimal_client' in the environment variable CMAKE_PREFIX_PATH doesn't exist
[0.438s] WARNING:colcon.colcon_ros.prefix_path.catkin:The path '/home/caros/DEV/ROS_DEV/ros2_dev/install/examples_rclcpp_minimal_action_server' in the environment variable CMAKE_PREFIX_PATH doesn't exist
[0.438s] WARNING:colcon.colcon_ros.prefix_path.catkin:The path '/home/caros/DEV/ROS_DEV/ros2_dev/install/examples_rclcpp_minimal_action_client' in the environment variable CMAKE_PREFIX_PATH doesn't exist
[0.439s] WARNING:colcon.colcon_ros.prefix_path.catkin:The path '/home/caros/DEV/ROS_DEV/ros2_dev/install/cpp_parameters' in the environment variable CMAKE_PREFIX_PATH doesn't exist
[0.439s] WARNING:colcon.colcon_ros.prefix_path.catkin:The path '/home/caros/DEV/ROS_DEV/ros2_dev/install/action_tutorials_cpp' in the environment variable CMAKE_PREFIX_PATH doesn't exist
[0.439s] WARNING:colcon.colcon_ros.prefix_path.catkin:The path '/home/caros/DEV/ROS_DEV/ros2_dev/install/action_tutorials_interfaces' in the environment variable CMAKE_PREFIX_PATH doesn't exist
[0.439s] DEBUG:colcon.colcon_installed_package_information.package_discovery:Found 2 installed packages in /home/caros/DEV/ROS_DEV/ros2_lidar_navigation/install
[0.440s] DEBUG:colcon.colcon_installed_package_information.package_discovery:Found 299 installed packages in /opt/ros/foxy
[0.442s] Level 1:colcon.colcon_core.package_discovery:discover_packages(prefix_path) using defaults
[0.504s] Level 5:colcon.colcon_core.verb:set package 'rslidar_msg' build argument 'cmake_args' from command line to 'None'
[0.504s] Level 5:colcon.colcon_core.verb:set package 'rslidar_msg' build argument 'cmake_target' from command line to 'None'
[0.504s] Level 5:colcon.colcon_core.verb:set package 'rslidar_msg' build argument 'cmake_target_skip_unavailable' from command line to 'False'
[0.504s] Level 5:colcon.colcon_core.verb:set package 'rslidar_msg' build argument 'cmake_clean_cache' from command line to 'False'
[0.504s] Level 5:colcon.colcon_core.verb:set package 'rslidar_msg' build argument 'cmake_clean_first' from command line to 'False'
[0.504s] Level 5:colcon.colcon_core.verb:set package 'rslidar_msg' build argument 'cmake_force_configure' from command line to 'False'
[0.504s] Level 5:colcon.colcon_core.verb:set package 'rslidar_msg' build argument 'ament_cmake_args' from command line to 'None'
[0.504s] Level 5:colcon.colcon_core.verb:set package 'rslidar_msg' build argument 'catkin_cmake_args' from command line to 'None'
[0.504s] Level 5:colcon.colcon_core.verb:set package 'rslidar_msg' build argument 'catkin_skip_building_tests' from command line to 'False'
[0.504s] DEBUG:colcon.colcon_core.verb:Building package 'rslidar_msg' with the following arguments: {'ament_cmake_args': None, 'build_base': '/home/caros/DEV/ROS_DEV/ros2_lidar_navigation/build/rslidar_msg', 'catkin_cmake_args': None, 'catkin_skip_building_tests': False, 'cmake_args': None, 'cmake_clean_cache': False, 'cmake_clean_first': False, 'cmake_force_configure': False, 'cmake_target': None, 'cmake_target_skip_unavailable': False, 'install_base': '/home/caros/DEV/ROS_DEV/ros2_lidar_navigation/install/rslidar_msg', 'merge_install': False, 'path': '/home/caros/DEV/ROS_DEV/ros2_lidar_navigation/src/rslidar_msg', 'symlink_install': False, 'test_result_base': None}
[0.504s] Level 5:colcon.colcon_core.verb:set package 'rslidar_sdk' build argument 'cmake_args' from command line to 'None'
[0.504s] Level 5:colcon.colcon_core.verb:set package 'rslidar_sdk' build argument 'cmake_target' from command line to 'None'
[0.504s] Level 5:colcon.colcon_core.verb:set package 'rslidar_sdk' build argument 'cmake_target_skip_unavailable' from command line to 'False'
[0.504s] Level 5:colcon.colcon_core.verb:set package 'rslidar_sdk' build argument 'cmake_clean_cache' from command line to 'False'
[0.504s] Level 5:colcon.colcon_core.verb:set package 'rslidar_sdk' build argument 'cmake_clean_first' from command line to 'False'
[0.505s] Level 5:colcon.colcon_core.verb:set package 'rslidar_sdk' build argument 'cmake_force_configure' from command line to 'False'
[0.505s] Level 5:colcon.colcon_core.verb:set package 'rslidar_sdk' build argument 'ament_cmake_args' from command line to 'None'
[0.505s] Level 5:colcon.colcon_core.verb:set package 'rslidar_sdk' build argument 'catkin_cmake_args' from command line to 'None'
[0.505s] Level 5:colcon.colcon_core.verb:set package 'rslidar_sdk' build argument 'catkin_skip_building_tests' from command line to 'False'
[0.505s] DEBUG:colcon.colcon_core.verb:Building package 'rslidar_sdk' with the following arguments: {'ament_cmake_args': None, 'build_base': '/home/caros/DEV/ROS_DEV/ros2_lidar_navigation/build/rslidar_sdk', 'catkin_cmake_args': None, 'catkin_skip_building_tests': False, 'cmake_args': None, 'cmake_clean_cache': False, 'cmake_clean_first': False, 'cmake_force_configure': False, 'cmake_target': None, 'cmake_target_skip_unavailable': False, 'install_base': '/home/caros/DEV/ROS_DEV/ros2_lidar_navigation/install/rslidar_sdk', 'merge_install': False, 'path': '/home/caros/DEV/ROS_DEV/ros2_lidar_navigation/src/rslidar_sdk', 'symlink_install': False, 'test_result_base': None}
[0.505s] INFO:colcon.colcon_core.executor:Executing jobs using 'parallel' executor
[0.506s] DEBUG:colcon.colcon_parallel_executor.executor.parallel:run_until_complete
[0.506s] INFO:colcon.colcon_ros.task.ament_cmake.build:Building ROS package in '/home/caros/DEV/ROS_DEV/ros2_lidar_navigation/src/rslidar_msg' with build type 'ament_cmake'
[0.506s] INFO:colcon.colcon_cmake.task.cmake.build:Building CMake package in '/home/caros/DEV/ROS_DEV/ros2_lidar_navigation/src/rslidar_msg'
[0.509s] INFO:colcon.colcon_core.plugin_system:Skipping extension 'colcon_core.shell.bat': Not used on non-Windows systems
[0.509s] INFO:colcon.colcon_core.shell:Skip shell extension 'powershell' for command environment: Not usable outside of PowerShell
[0.509s] DEBUG:colcon.colcon_core.shell:Skip shell extension 'dsv' for command environment
[0.528s] DEBUG:colcon.colcon_core.event_handler.log_command:Invoking command in '/home/caros/DEV/ROS_DEV/ros2_lidar_navigation/build/rslidar_msg': CMAKE_PREFIX_PATH=${CMAKE_PREFIX_PATH}:/home/caros/DEV/ROS_DEV/ros2_dev/install/py_pubsub:/home/caros/DEV/ROS_DEV/ros2_dev/install/py_srvcli:/home/caros/DEV/ROS_DEV/ros2_dev/install/examples_rclpy_minimal_subscriber:/home/caros/DEV/ROS_DEV/ros2_dev/install/examples_rclpy_minimal_service:/home/caros/DEV/ROS_DEV/ros2_dev/install/examples_rclpy_minimal_publisher:/home/caros/DEV/ROS_DEV/ros2_dev/install/examples_rclpy_minimal_client:/home/caros/DEV/ROS_DEV/ros2_dev/install/examples_rclpy_minimal_action_server:/home/caros/DEV/ROS_DEV/ros2_dev/install/examples_rclpy_minimal_action_client:/home/caros/DEV/ROS_DEV/ros2_dev/install/examples_rclpy_executors:/opt/ros/foxy /usr/local/bin/cmake --build /home/caros/DEV/ROS_DEV/ros2_lidar_navigation/build/rslidar_msg -- -j48 -l48
[0.774s] DEBUG:colcon.colcon_core.event_handler.log_command:Invoked command in '/home/caros/DEV/ROS_DEV/ros2_lidar_navigation/build/rslidar_msg' returned '0': CMAKE_PREFIX_PATH=${CMAKE_PREFIX_PATH}:/home/caros/DEV/ROS_DEV/ros2_dev/install/py_pubsub:/home/caros/DEV/ROS_DEV/ros2_dev/install/py_srvcli:/home/caros/DEV/ROS_DEV/ros2_dev/install/examples_rclpy_minimal_subscriber:/home/caros/DEV/ROS_DEV/ros2_dev/install/examples_rclpy_minimal_service:/home/caros/DEV/ROS_DEV/ros2_dev/install/examples_rclpy_minimal_publisher:/home/caros/DEV/ROS_DEV/ros2_dev/install/examples_rclpy_minimal_client:/home/caros/DEV/ROS_DEV/ros2_dev/install/examples_rclpy_minimal_action_server:/home/caros/DEV/ROS_DEV/ros2_dev/install/examples_rclpy_minimal_action_client:/home/caros/DEV/ROS_DEV/ros2_dev/install/examples_rclpy_executors:/opt/ros/foxy /usr/local/bin/cmake --build /home/caros/DEV/ROS_DEV/ros2_lidar_navigation/build/rslidar_msg -- -j48 -l48
[0.793s] DEBUG:colcon.colcon_core.event_handler.log_command:Invoking command in '/home/caros/DEV/ROS_DEV/ros2_lidar_navigation/build/rslidar_msg': CMAKE_PREFIX_PATH=${CMAKE_PREFIX_PATH}:/home/caros/DEV/ROS_DEV/ros2_dev/install/py_pubsub:/home/caros/DEV/ROS_DEV/ros2_dev/install/py_srvcli:/home/caros/DEV/ROS_DEV/ros2_dev/install/examples_rclpy_minimal_subscriber:/home/caros/DEV/ROS_DEV/ros2_dev/install/examples_rclpy_minimal_service:/home/caros/DEV/ROS_DEV/ros2_dev/install/examples_rclpy_minimal_publisher:/home/caros/DEV/ROS_DEV/ros2_dev/install/examples_rclpy_minimal_client:/home/caros/DEV/ROS_DEV/ros2_dev/install/examples_rclpy_minimal_action_server:/home/caros/DEV/ROS_DEV/ros2_dev/install/examples_rclpy_minimal_action_client:/home/caros/DEV/ROS_DEV/ros2_dev/install/examples_rclpy_executors:/opt/ros/foxy /usr/local/bin/cmake --install /home/caros/DEV/ROS_DEV/ros2_lidar_navigation/build/rslidar_msg
[0.871s] Level 1:colcon.colcon_core.environment:create_environment_scripts_only(rslidar_msg)
[0.872s] DEBUG:colcon.colcon_core.event_handler.log_command:Invoked command in '/home/caros/DEV/ROS_DEV/ros2_lidar_navigation/build/rslidar_msg' returned '0': CMAKE_PREFIX_PATH=${CMAKE_PREFIX_PATH}:/home/caros/DEV/ROS_DEV/ros2_dev/install/py_pubsub:/home/caros/DEV/ROS_DEV/ros2_dev/install/py_srvcli:/home/caros/DEV/ROS_DEV/ros2_dev/install/examples_rclpy_minimal_subscriber:/home/caros/DEV/ROS_DEV/ros2_dev/install/examples_rclpy_minimal_service:/home/caros/DEV/ROS_DEV/ros2_dev/install/examples_rclpy_minimal_publisher:/home/caros/DEV/ROS_DEV/ros2_dev/install/examples_rclpy_minimal_client:/home/caros/DEV/ROS_DEV/ros2_dev/install/examples_rclpy_minimal_action_server:/home/caros/DEV/ROS_DEV/ros2_dev/install/examples_rclpy_minimal_action_client:/home/caros/DEV/ROS_DEV/ros2_dev/install/examples_rclpy_executors:/opt/ros/foxy /usr/local/bin/cmake --install /home/caros/DEV/ROS_DEV/ros2_lidar_navigation/build/rslidar_msg
[0.878s] Level 1:colcon.colcon_core.environment:checking '/home/caros/DEV/ROS_DEV/ros2_lidar_navigation/install/rslidar_msg' for CMake module files
[0.880s] Level 1:colcon.colcon_core.environment:checking '/home/caros/DEV/ROS_DEV/ros2_lidar_navigation/install/rslidar_msg' for CMake config files
[0.881s] Level 1:colcon.colcon_core.shell:create_environment_hook('rslidar_msg', 'cmake_prefix_path')
[0.882s] INFO:colcon.colcon_core.shell:Creating environment hook '/home/caros/DEV/ROS_DEV/ros2_lidar_navigation/install/rslidar_msg/share/rslidar_msg/hook/cmake_prefix_path.ps1'
[0.883s] INFO:colcon.colcon_core.shell:Creating environment descriptor '/home/caros/DEV/ROS_DEV/ros2_lidar_navigation/install/rslidar_msg/share/rslidar_msg/hook/cmake_prefix_path.dsv'
[0.884s] INFO:colcon.colcon_core.shell:Creating environment hook '/home/caros/DEV/ROS_DEV/ros2_lidar_navigation/install/rslidar_msg/share/rslidar_msg/hook/cmake_prefix_path.sh'
[0.887s] Level 1:colcon.colcon_core.environment:checking '/home/caros/DEV/ROS_DEV/ros2_lidar_navigation/install/rslidar_msg/lib'
[0.887s] Level 1:colcon.colcon_core.shell:create_environment_hook('rslidar_msg', 'ld_library_path_lib')
[0.888s] INFO:colcon.colcon_core.shell:Creating environment hook '/home/caros/DEV/ROS_DEV/ros2_lidar_navigation/install/rslidar_msg/share/rslidar_msg/hook/ld_library_path_lib.ps1'
[0.889s] INFO:colcon.colcon_core.shell:Creating environment descriptor '/home/caros/DEV/ROS_DEV/ros2_lidar_navigation/install/rslidar_msg/share/rslidar_msg/hook/ld_library_path_lib.dsv'
[0.890s] INFO:colcon.colcon_core.shell:Creating environment hook '/home/caros/DEV/ROS_DEV/ros2_lidar_navigation/install/rslidar_msg/share/rslidar_msg/hook/ld_library_path_lib.sh'
[0.890s] Level 1:colcon.colcon_core.environment:checking '/home/caros/DEV/ROS_DEV/ros2_lidar_navigation/install/rslidar_msg/bin'
[0.890s] Level 1:colcon.colcon_core.environment:checking '/home/caros/DEV/ROS_DEV/ros2_lidar_navigation/install/rslidar_msg/lib/pkgconfig/rslidar_msg.pc'
[0.891s] Level 1:colcon.colcon_core.environment:checking '/home/caros/DEV/ROS_DEV/ros2_lidar_navigation/install/rslidar_msg/lib/python3.8/site-packages'
[0.891s] Level 1:colcon.colcon_core.shell:create_environment_hook('rslidar_msg', 'pythonpath')
[0.891s] INFO:colcon.colcon_core.shell:Creating environment hook '/home/caros/DEV/ROS_DEV/ros2_lidar_navigation/install/rslidar_msg/share/rslidar_msg/hook/pythonpath.ps1'
[0.892s] INFO:colcon.colcon_core.shell:Creating environment descriptor '/home/caros/DEV/ROS_DEV/ros2_lidar_navigation/install/rslidar_msg/share/rslidar_msg/hook/pythonpath.dsv'
[0.893s] INFO:colcon.colcon_core.shell:Creating environment hook '/home/caros/DEV/ROS_DEV/ros2_lidar_navigation/install/rslidar_msg/share/rslidar_msg/hook/pythonpath.sh'
[0.893s] Level 1:colcon.colcon_core.environment:checking '/home/caros/DEV/ROS_DEV/ros2_lidar_navigation/install/rslidar_msg/bin'
[0.894s] INFO:colcon.colcon_core.shell:Creating package script '/home/caros/DEV/ROS_DEV/ros2_lidar_navigation/install/rslidar_msg/share/rslidar_msg/package.ps1'
[0.896s] INFO:colcon.colcon_core.shell:Creating package descriptor '/home/caros/DEV/ROS_DEV/ros2_lidar_navigation/install/rslidar_msg/share/rslidar_msg/package.dsv'
[0.897s] INFO:colcon.colcon_core.shell:Creating package script '/home/caros/DEV/ROS_DEV/ros2_lidar_navigation/install/rslidar_msg/share/rslidar_msg/package.sh'
[0.898s] INFO:colcon.colcon_core.shell:Creating package script '/home/caros/DEV/ROS_DEV/ros2_lidar_navigation/install/rslidar_msg/share/rslidar_msg/package.bash'
[0.899s] INFO:colcon.colcon_core.shell:Creating package script '/home/caros/DEV/ROS_DEV/ros2_lidar_navigation/install/rslidar_msg/share/rslidar_msg/package.zsh'
[0.900s] Level 1:colcon.colcon_core.environment:create_file_with_runtime_dependencies(/home/caros/DEV/ROS_DEV/ros2_lidar_navigation/install/rslidar_msg/share/colcon-core/packages/rslidar_msg)
[0.901s] Level 1:colcon.colcon_core.environment:create_environment_scripts_only(rslidar_msg)
[0.901s] Level 1:colcon.colcon_core.environment:checking '/home/caros/DEV/ROS_DEV/ros2_lidar_navigation/install/rslidar_msg' for CMake module files
[0.902s] Level 1:colcon.colcon_core.environment:checking '/home/caros/DEV/ROS_DEV/ros2_lidar_navigation/install/rslidar_msg' for CMake config files
[0.902s] Level 1:colcon.colcon_core.shell:create_environment_hook('rslidar_msg', 'cmake_prefix_path')
[0.902s] INFO:colcon.colcon_core.shell:Creating environment hook '/home/caros/DEV/ROS_DEV/ros2_lidar_navigation/install/rslidar_msg/share/rslidar_msg/hook/cmake_prefix_path.ps1'
[0.903s] INFO:colcon.colcon_core.shell:Creating environment descriptor '/home/caros/DEV/ROS_DEV/ros2_lidar_navigation/install/rslidar_msg/share/rslidar_msg/hook/cmake_prefix_path.dsv'
[0.903s] INFO:colcon.colcon_core.shell:Creating environment hook '/home/caros/DEV/ROS_DEV/ros2_lidar_navigation/install/rslidar_msg/share/rslidar_msg/hook/cmake_prefix_path.sh'
[0.904s] Level 1:colcon.colcon_core.environment:checking '/home/caros/DEV/ROS_DEV/ros2_lidar_navigation/install/rslidar_msg/lib'
[0.904s] Level 1:colcon.colcon_core.shell:create_environment_hook('rslidar_msg', 'ld_library_path_lib')
[0.904s] INFO:colcon.colcon_core.shell:Creating environment hook '/home/caros/DEV/ROS_DEV/ros2_lidar_navigation/install/rslidar_msg/share/rslidar_msg/hook/ld_library_path_lib.ps1'
[0.905s] INFO:colcon.colcon_core.shell:Creating environment descriptor '/home/caros/DEV/ROS_DEV/ros2_lidar_navigation/install/rslidar_msg/share/rslidar_msg/hook/ld_library_path_lib.dsv'
[0.905s] INFO:colcon.colcon_core.shell:Creating environment hook '/home/caros/DEV/ROS_DEV/ros2_lidar_navigation/install/rslidar_msg/share/rslidar_msg/hook/ld_library_path_lib.sh'
[0.906s] Level 1:colcon.colcon_core.environment:checking '/home/caros/DEV/ROS_DEV/ros2_lidar_navigation/install/rslidar_msg/bin'
[0.906s] Level 1:colcon.colcon_core.environment:checking '/home/caros/DEV/ROS_DEV/ros2_lidar_navigation/install/rslidar_msg/lib/pkgconfig/rslidar_msg.pc'
[0.906s] Level 1:colcon.colcon_core.environment:checking '/home/caros/DEV/ROS_DEV/ros2_lidar_navigation/install/rslidar_msg/lib/python3.8/site-packages'
[0.906s] Level 1:colcon.colcon_core.shell:create_environment_hook('rslidar_msg', 'pythonpath')
[0.906s] INFO:colcon.colcon_core.shell:Creating environment hook '/home/caros/DEV/ROS_DEV/ros2_lidar_navigation/install/rslidar_msg/share/rslidar_msg/hook/pythonpath.ps1'
[0.907s] INFO:colcon.colcon_core.shell:Creating environment descriptor '/home/caros/DEV/ROS_DEV/ros2_lidar_navigation/install/rslidar_msg/share/rslidar_msg/hook/pythonpath.dsv'
[0.907s] INFO:colcon.colcon_core.shell:Creating environment hook '/home/caros/DEV/ROS_DEV/ros2_lidar_navigation/install/rslidar_msg/share/rslidar_msg/hook/pythonpath.sh'
[0.908s] Level 1:colcon.colcon_core.environment:checking '/home/caros/DEV/ROS_DEV/ros2_lidar_navigation/install/rslidar_msg/bin'
[0.909s] INFO:colcon.colcon_core.shell:Creating package script '/home/caros/DEV/ROS_DEV/ros2_lidar_navigation/install/rslidar_msg/share/rslidar_msg/package.ps1'
[0.909s] INFO:colcon.colcon_core.shell:Creating package descriptor '/home/caros/DEV/ROS_DEV/ros2_lidar_navigation/install/rslidar_msg/share/rslidar_msg/package.dsv'
[0.910s] INFO:colcon.colcon_core.shell:Creating package script '/home/caros/DEV/ROS_DEV/ros2_lidar_navigation/install/rslidar_msg/share/rslidar_msg/package.sh'
[0.910s] INFO:colcon.colcon_core.shell:Creating package script '/home/caros/DEV/ROS_DEV/ros2_lidar_navigation/install/rslidar_msg/share/rslidar_msg/package.bash'
[0.911s] INFO:colcon.colcon_core.shell:Creating package script '/home/caros/DEV/ROS_DEV/ros2_lidar_navigation/install/rslidar_msg/share/rslidar_msg/package.zsh'
[0.911s] Level 1:colcon.colcon_core.environment:create_file_with_runtime_dependencies(/home/caros/DEV/ROS_DEV/ros2_lidar_navigation/install/rslidar_msg/share/colcon-core/packages/rslidar_msg)
[0.911s] INFO:colcon.colcon_ros.task.ament_cmake.build:Building ROS package in '/home/caros/DEV/ROS_DEV/ros2_lidar_navigation/src/rslidar_sdk' with build type 'ament_cmake'
[0.912s] INFO:colcon.colcon_cmake.task.cmake.build:Building CMake package in '/home/caros/DEV/ROS_DEV/ros2_lidar_navigation/src/rslidar_sdk'
[0.912s] INFO:colcon.colcon_core.shell:Skip shell extension 'powershell' for command environment: Not usable outside of PowerShell
[0.912s] DEBUG:colcon.colcon_core.shell:Skip shell extension 'dsv' for command environment
[0.940s] DEBUG:colcon.colcon_core.event_handler.log_command:Invoking command in '/home/caros/DEV/ROS_DEV/ros2_lidar_navigation/build/rslidar_sdk': CMAKE_PREFIX_PATH=/home/caros/DEV/ROS_DEV/ros2_lidar_navigation/install/rslidar_msg:/home/caros/DEV/ROS_DEV/ros2_lidar_navigation/install/rslidar_sdk:/home/caros/DEV/ROS_DEV/ros2_dev/install/more_interfaces:/home/caros/DEV/ROS_DEV/ros2_dev/install/cpp_srvcli:/home/caros/DEV/ROS_DEV/ros2_dev/install/cpp_pubsub:/home/caros/DEV/ROS_DEV/ros2_dev/install/tutorial_interfaces:/home/caros/DEV/ROS_DEV/ros2_dev/install/turtlesim:/home/caros/DEV/ROS_DEV/ros2_dev/install/examples_rclcpp_multithreaded_executor:/home/caros/DEV/ROS_DEV/ros2_dev/install/examples_rclcpp_minimal_timer:/home/caros/DEV/ROS_DEV/ros2_dev/install/examples_rclcpp_minimal_subscriber:/home/caros/DEV/ROS_DEV/ros2_dev/install/examples_rclcpp_minimal_service:/home/caros/DEV/ROS_DEV/ros2_dev/install/examples_rclcpp_minimal_publisher:/home/caros/DEV/ROS_DEV/ros2_dev/install/examples_rclcpp_minimal_composition:/home/caros/DEV/ROS_DEV/ros2_dev/install/examples_rclcpp_minimal_client:/home/caros/DEV/ROS_DEV/ros2_dev/install/examples_rclcpp_minimal_action_server:/home/caros/DEV/ROS_DEV/ros2_dev/install/examples_rclcpp_minimal_action_client:/home/caros/DEV/ROS_DEV/ros2_dev/install/cpp_parameters:/home/caros/DEV/ROS_DEV/ros2_dev/install/action_tutorials_cpp:/home/caros/DEV/ROS_DEV/ros2_dev/install/action_tutorials_interfaces:/home/caros/DEV/ROS_DEV/ros2_dev/install/py_pubsub:/home/caros/DEV/ROS_DEV/ros2_dev/install/py_srvcli:/home/caros/DEV/ROS_DEV/ros2_dev/install/examples_rclpy_minimal_subscriber:/home/caros/DEV/ROS_DEV/ros2_dev/install/examples_rclpy_minimal_service:/home/caros/DEV/ROS_DEV/ros2_dev/install/examples_rclpy_minimal_publisher:/home/caros/DEV/ROS_DEV/ros2_dev/install/examples_rclpy_minimal_client:/home/caros/DEV/ROS_DEV/ros2_dev/install/examples_rclpy_minimal_action_server:/home/caros/DEV/ROS_DEV/ros2_dev/install/examples_rclpy_minimal_action_client:/home/caros/DEV/ROS_DEV/ros2_dev/install/examples_rclpy_executors:/opt/ros/foxy /usr/local/bin/cmake --build /home/caros/DEV/ROS_DEV/ros2_lidar_navigation/build/rslidar_sdk -- -j48 -l48
[1.044s] DEBUG:colcon.colcon_core.event_handler.log_command:Invoked command in '/home/caros/DEV/ROS_DEV/ros2_lidar_navigation/build/rslidar_sdk' returned '0': CMAKE_PREFIX_PATH=/home/caros/DEV/ROS_DEV/ros2_lidar_navigation/install/rslidar_msg:/home/caros/DEV/ROS_DEV/ros2_lidar_navigation/install/rslidar_sdk:/home/caros/DEV/ROS_DEV/ros2_dev/install/more_interfaces:/home/caros/DEV/ROS_DEV/ros2_dev/install/cpp_srvcli:/home/caros/DEV/ROS_DEV/ros2_dev/install/cpp_pubsub:/home/caros/DEV/ROS_DEV/ros2_dev/install/tutorial_interfaces:/home/caros/DEV/ROS_DEV/ros2_dev/install/turtlesim:/home/caros/DEV/ROS_DEV/ros2_dev/install/examples_rclcpp_multithreaded_executor:/home/caros/DEV/ROS_DEV/ros2_dev/install/examples_rclcpp_minimal_timer:/home/caros/DEV/ROS_DEV/ros2_dev/install/examples_rclcpp_minimal_subscriber:/home/caros/DEV/ROS_DEV/ros2_dev/install/examples_rclcpp_minimal_service:/home/caros/DEV/ROS_DEV/ros2_dev/install/examples_rclcpp_minimal_publisher:/home/caros/DEV/ROS_DEV/ros2_dev/install/examples_rclcpp_minimal_composition:/home/caros/DEV/ROS_DEV/ros2_dev/install/examples_rclcpp_minimal_client:/home/caros/DEV/ROS_DEV/ros2_dev/install/examples_rclcpp_minimal_action_server:/home/caros/DEV/ROS_DEV/ros2_dev/install/examples_rclcpp_minimal_action_client:/home/caros/DEV/ROS_DEV/ros2_dev/install/cpp_parameters:/home/caros/DEV/ROS_DEV/ros2_dev/install/action_tutorials_cpp:/home/caros/DEV/ROS_DEV/ros2_dev/install/action_tutorials_interfaces:/home/caros/DEV/ROS_DEV/ros2_dev/install/py_pubsub:/home/caros/DEV/ROS_DEV/ros2_dev/install/py_srvcli:/home/caros/DEV/ROS_DEV/ros2_dev/install/examples_rclpy_minimal_subscriber:/home/caros/DEV/ROS_DEV/ros2_dev/install/examples_rclpy_minimal_service:/home/caros/DEV/ROS_DEV/ros2_dev/install/examples_rclpy_minimal_publisher:/home/caros/DEV/ROS_DEV/ros2_dev/install/examples_rclpy_minimal_client:/home/caros/DEV/ROS_DEV/ros2_dev/install/examples_rclpy_minimal_action_server:/home/caros/DEV/ROS_DEV/ros2_dev/install/examples_rclpy_minimal_action_client:/home/caros/DEV/ROS_DEV/ros2_dev/install/examples_rclpy_executors:/opt/ros/foxy /usr/local/bin/cmake --build /home/caros/DEV/ROS_DEV/ros2_lidar_navigation/build/rslidar_sdk -- -j48 -l48
[1.050s] DEBUG:colcon.colcon_core.event_handler.log_command:Invoking command in '/home/caros/DEV/ROS_DEV/ros2_lidar_navigation/build/rslidar_sdk': CMAKE_PREFIX_PATH=/home/caros/DEV/ROS_DEV/ros2_lidar_navigation/install/rslidar_msg:/home/caros/DEV/ROS_DEV/ros2_lidar_navigation/install/rslidar_sdk:/home/caros/DEV/ROS_DEV/ros2_dev/install/more_interfaces:/home/caros/DEV/ROS_DEV/ros2_dev/install/cpp_srvcli:/home/caros/DEV/ROS_DEV/ros2_dev/install/cpp_pubsub:/home/caros/DEV/ROS_DEV/ros2_dev/install/tutorial_interfaces:/home/caros/DEV/ROS_DEV/ros2_dev/install/turtlesim:/home/caros/DEV/ROS_DEV/ros2_dev/install/examples_rclcpp_multithreaded_executor:/home/caros/DEV/ROS_DEV/ros2_dev/install/examples_rclcpp_minimal_timer:/home/caros/DEV/ROS_DEV/ros2_dev/install/examples_rclcpp_minimal_subscriber:/home/caros/DEV/ROS_DEV/ros2_dev/install/examples_rclcpp_minimal_service:/home/caros/DEV/ROS_DEV/ros2_dev/install/examples_rclcpp_minimal_publisher:/home/caros/DEV/ROS_DEV/ros2_dev/install/examples_rclcpp_minimal_composition:/home/caros/DEV/ROS_DEV/ros2_dev/install/examples_rclcpp_minimal_client:/home/caros/DEV/ROS_DEV/ros2_dev/install/examples_rclcpp_minimal_action_server:/home/caros/DEV/ROS_DEV/ros2_dev/install/examples_rclcpp_minimal_action_client:/home/caros/DEV/ROS_DEV/ros2_dev/install/cpp_parameters:/home/caros/DEV/ROS_DEV/ros2_dev/install/action_tutorials_cpp:/home/caros/DEV/ROS_DEV/ros2_dev/install/action_tutorials_interfaces:/home/caros/DEV/ROS_DEV/ros2_dev/install/py_pubsub:/home/caros/DEV/ROS_DEV/ros2_dev/install/py_srvcli:/home/caros/DEV/ROS_DEV/ros2_dev/install/examples_rclpy_minimal_subscriber:/home/caros/DEV/ROS_DEV/ros2_dev/install/examples_rclpy_minimal_service:/home/caros/DEV/ROS_DEV/ros2_dev/install/examples_rclpy_minimal_publisher:/home/caros/DEV/ROS_DEV/ros2_dev/install/examples_rclpy_minimal_client:/home/caros/DEV/ROS_DEV/ros2_dev/install/examples_rclpy_minimal_action_server:/home/caros/DEV/ROS_DEV/ros2_dev/install/examples_rclpy_minimal_action_client:/home/caros/DEV/ROS_DEV/ros2_dev/install/examples_rclpy_executors:/opt/ros/foxy /usr/local/bin/cmake --install /home/caros/DEV/ROS_DEV/ros2_lidar_navigation/build/rslidar_sdk
[1.063s] Level 1:colcon.colcon_core.environment:create_environment_scripts_only(rslidar_sdk)
[1.064s] Level 1:colcon.colcon_core.environment:checking '/home/caros/DEV/ROS_DEV/ros2_lidar_navigation/install/rslidar_sdk' for CMake module files
[1.066s] DEBUG:colcon.colcon_core.event_handler.log_command:Invoked command in '/home/caros/DEV/ROS_DEV/ros2_lidar_navigation/build/rslidar_sdk' returned '0': CMAKE_PREFIX_PATH=/home/caros/DEV/ROS_DEV/ros2_lidar_navigation/install/rslidar_msg:/home/caros/DEV/ROS_DEV/ros2_lidar_navigation/install/rslidar_sdk:/home/caros/DEV/ROS_DEV/ros2_dev/install/more_interfaces:/home/caros/DEV/ROS_DEV/ros2_dev/install/cpp_srvcli:/home/caros/DEV/ROS_DEV/ros2_dev/install/cpp_pubsub:/home/caros/DEV/ROS_DEV/ros2_dev/install/tutorial_interfaces:/home/caros/DEV/ROS_DEV/ros2_dev/install/turtlesim:/home/caros/DEV/ROS_DEV/ros2_dev/install/examples_rclcpp_multithreaded_executor:/home/caros/DEV/ROS_DEV/ros2_dev/install/examples_rclcpp_minimal_timer:/home/caros/DEV/ROS_DEV/ros2_dev/install/examples_rclcpp_minimal_subscriber:/home/caros/DEV/ROS_DEV/ros2_dev/install/examples_rclcpp_minimal_service:/home/caros/DEV/ROS_DEV/ros2_dev/install/examples_rclcpp_minimal_publisher:/home/caros/DEV/ROS_DEV/ros2_dev/install/examples_rclcpp_minimal_composition:/home/caros/DEV/ROS_DEV/ros2_dev/install/examples_rclcpp_minimal_client:/home/caros/DEV/ROS_DEV/ros2_dev/install/examples_rclcpp_minimal_action_server:/home/caros/DEV/ROS_DEV/ros2_dev/install/examples_rclcpp_minimal_action_client:/home/caros/DEV/ROS_DEV/ros2_dev/install/cpp_parameters:/home/caros/DEV/ROS_DEV/ros2_dev/install/action_tutorials_cpp:/home/caros/DEV/ROS_DEV/ros2_dev/install/action_tutorials_interfaces:/home/caros/DEV/ROS_DEV/ros2_dev/install/py_pubsub:/home/caros/DEV/ROS_DEV/ros2_dev/install/py_srvcli:/home/caros/DEV/ROS_DEV/ros2_dev/install/examples_rclpy_minimal_subscriber:/home/caros/DEV/ROS_DEV/ros2_dev/install/examples_rclpy_minimal_service:/home/caros/DEV/ROS_DEV/ros2_dev/install/examples_rclpy_minimal_publisher:/home/caros/DEV/ROS_DEV/ros2_dev/install/examples_rclpy_minimal_client:/home/caros/DEV/ROS_DEV/ros2_dev/install/examples_rclpy_minimal_action_server:/home/caros/DEV/ROS_DEV/ros2_dev/install/examples_rclpy_minimal_action_client:/home/caros/DEV/ROS_DEV/ros2_dev/install/examples_rclpy_executors:/opt/ros/foxy /usr/local/bin/cmake --install /home/caros/DEV/ROS_DEV/ros2_lidar_navigation/build/rslidar_sdk
[1.067s] Level 1:colcon.colcon_core.environment:checking '/home/caros/DEV/ROS_DEV/ros2_lidar_navigation/install/rslidar_sdk' for CMake config files
[1.067s] Level 1:colcon.colcon_core.shell:create_environment_hook('rslidar_sdk', 'cmake_prefix_path')
[1.068s] INFO:colcon.colcon_core.shell:Creating environment hook '/home/caros/DEV/ROS_DEV/ros2_lidar_navigation/install/rslidar_sdk/share/rslidar_sdk/hook/cmake_prefix_path.ps1'
[1.069s] INFO:colcon.colcon_core.shell:Creating environment descriptor '/home/caros/DEV/ROS_DEV/ros2_lidar_navigation/install/rslidar_sdk/share/rslidar_sdk/hook/cmake_prefix_path.dsv'
[1.070s] INFO:colcon.colcon_core.shell:Creating environment hook '/home/caros/DEV/ROS_DEV/ros2_lidar_navigation/install/rslidar_sdk/share/rslidar_sdk/hook/cmake_prefix_path.sh'
[1.072s] Level 1:colcon.colcon_core.environment:checking '/home/caros/DEV/ROS_DEV/ros2_lidar_navigation/install/rslidar_sdk/lib'
[1.072s] Level 1:colcon.colcon_core.environment:checking '/home/caros/DEV/ROS_DEV/ros2_lidar_navigation/install/rslidar_sdk/bin'
[1.072s] Level 1:colcon.colcon_core.environment:checking '/home/caros/DEV/ROS_DEV/ros2_lidar_navigation/install/rslidar_sdk/lib/pkgconfig/rslidar_sdk.pc'
[1.073s] Level 1:colcon.colcon_core.environment:checking '/home/caros/DEV/ROS_DEV/ros2_lidar_navigation/install/rslidar_sdk/lib/python3.8/site-packages'
[1.073s] Level 1:colcon.colcon_core.environment:checking '/home/caros/DEV/ROS_DEV/ros2_lidar_navigation/install/rslidar_sdk/bin'
[1.074s] INFO:colcon.colcon_core.shell:Creating package script '/home/caros/DEV/ROS_DEV/ros2_lidar_navigation/install/rslidar_sdk/share/rslidar_sdk/package.ps1'
[1.075s] INFO:colcon.colcon_core.shell:Creating package descriptor '/home/caros/DEV/ROS_DEV/ros2_lidar_navigation/install/rslidar_sdk/share/rslidar_sdk/package.dsv'
[1.076s] INFO:colcon.colcon_core.shell:Creating package script '/home/caros/DEV/ROS_DEV/ros2_lidar_navigation/install/rslidar_sdk/share/rslidar_sdk/package.sh'
[1.077s] INFO:colcon.colcon_core.shell:Creating package script '/home/caros/DEV/ROS_DEV/ros2_lidar_navigation/install/rslidar_sdk/share/rslidar_sdk/package.bash'
[1.078s] INFO:colcon.colcon_core.shell:Creating package script '/home/caros/DEV/ROS_DEV/ros2_lidar_navigation/install/rslidar_sdk/share/rslidar_sdk/package.zsh'
[1.079s] Level 1:colcon.colcon_core.environment:create_file_with_runtime_dependencies(/home/caros/DEV/ROS_DEV/ros2_lidar_navigation/install/rslidar_sdk/share/colcon-core/packages/rslidar_sdk)
[1.082s] Level 1:colcon.colcon_core.environment:create_environment_scripts_only(rslidar_sdk)
[1.082s] Level 1:colcon.colcon_core.environment:checking '/home/caros/DEV/ROS_DEV/ros2_lidar_navigation/install/rslidar_sdk' for CMake module files
[1.083s] Level 1:colcon.colcon_core.environment:checking '/home/caros/DEV/ROS_DEV/ros2_lidar_navigation/install/rslidar_sdk' for CMake config files
[1.083s] Level 1:colcon.colcon_core.shell:create_environment_hook('rslidar_sdk', 'cmake_prefix_path')
[1.084s] INFO:colcon.colcon_core.shell:Creating environment hook '/home/caros/DEV/ROS_DEV/ros2_lidar_navigation/install/rslidar_sdk/share/rslidar_sdk/hook/cmake_prefix_path.ps1'
[1.084s] INFO:colcon.colcon_core.shell:Creating environment descriptor '/home/caros/DEV/ROS_DEV/ros2_lidar_navigation/install/rslidar_sdk/share/rslidar_sdk/hook/cmake_prefix_path.dsv'
[1.085s] INFO:colcon.colcon_core.shell:Creating environment hook '/home/caros/DEV/ROS_DEV/ros2_lidar_navigation/install/rslidar_sdk/share/rslidar_sdk/hook/cmake_prefix_path.sh'
[1.086s] Level 1:colcon.colcon_core.environment:checking '/home/caros/DEV/ROS_DEV/ros2_lidar_navigation/install/rslidar_sdk/lib'
[1.086s] Level 1:colcon.colcon_core.environment:checking '/home/caros/DEV/ROS_DEV/ros2_lidar_navigation/install/rslidar_sdk/bin'
[1.086s] Level 1:colcon.colcon_core.environment:checking '/home/caros/DEV/ROS_DEV/ros2_lidar_navigation/install/rslidar_sdk/lib/pkgconfig/rslidar_sdk.pc'
[1.086s] Level 1:colcon.colcon_core.environment:checking '/home/caros/DEV/ROS_DEV/ros2_lidar_navigation/install/rslidar_sdk/lib/python3.8/site-packages'
[1.087s] Level 1:colcon.colcon_core.environment:checking '/home/caros/DEV/ROS_DEV/ros2_lidar_navigation/install/rslidar_sdk/bin'
[1.087s] INFO:colcon.colcon_core.shell:Creating package script '/home/caros/DEV/ROS_DEV/ros2_lidar_navigation/install/rslidar_sdk/share/rslidar_sdk/package.ps1'
[1.088s] INFO:colcon.colcon_core.shell:Creating package descriptor '/home/caros/DEV/ROS_DEV/ros2_lidar_navigation/install/rslidar_sdk/share/rslidar_sdk/package.dsv'
[1.089s] INFO:colcon.colcon_core.shell:Creating package script '/home/caros/DEV/ROS_DEV/ros2_lidar_navigation/install/rslidar_sdk/share/rslidar_sdk/package.sh'
[1.089s] INFO:colcon.colcon_core.shell:Creating package script '/home/caros/DEV/ROS_DEV/ros2_lidar_navigation/install/rslidar_sdk/share/rslidar_sdk/package.bash'
[1.090s] INFO:colcon.colcon_core.shell:Creating package script '/home/caros/DEV/ROS_DEV/ros2_lidar_navigation/install/rslidar_sdk/share/rslidar_sdk/package.zsh'
[1.091s] Level 1:colcon.colcon_core.environment:create_file_with_runtime_dependencies(/home/caros/DEV/ROS_DEV/ros2_lidar_navigation/install/rslidar_sdk/share/colcon-core/packages/rslidar_sdk)
[1.091s] DEBUG:colcon.colcon_parallel_executor.executor.parallel:closing loop
[1.092s] DEBUG:colcon.colcon_parallel_executor.executor.parallel:loop closed
[1.092s] DEBUG:colcon.colcon_parallel_executor.executor.parallel:run_until_complete finished with '0'
[1.092s] DEBUG:colcon.colcon_core.event_reactor:joining thread
[1.105s] INFO:colcon.colcon_core.plugin_system:Skipping extension 'colcon_notification.desktop_notification.terminal_notifier': Not used on non-Darwin systems
[1.106s] INFO:colcon.colcon_core.plugin_system:Skipping extension 'colcon_notification.desktop_notification.win32': Not used on non-Windows systems
[1.106s] INFO:colcon.colcon_notification.desktop_notification:Sending desktop notification using 'notify2'
[1.145s] DEBUG:colcon.colcon_core.event_reactor:joined thread
[1.146s] INFO:colcon.colcon_core.shell:Creating prefix script '/home/caros/DEV/ROS_DEV/ros2_lidar_navigation/install/local_setup.ps1'
[1.148s] INFO:colcon.colcon_core.shell:Creating prefix util module '/home/caros/DEV/ROS_DEV/ros2_lidar_navigation/install/_local_setup_util_ps1.py'
[1.153s] INFO:colcon.colcon_core.shell:Creating prefix chain script '/home/caros/DEV/ROS_DEV/ros2_lidar_navigation/install/setup.ps1'
[1.156s] INFO:colcon.colcon_core.shell:Creating prefix script '/home/caros/DEV/ROS_DEV/ros2_lidar_navigation/install/local_setup.sh'
[1.158s] INFO:colcon.colcon_core.shell:Creating prefix util module '/home/caros/DEV/ROS_DEV/ros2_lidar_navigation/install/_local_setup_util_sh.py'
[1.159s] INFO:colcon.colcon_core.shell:Creating prefix chain script '/home/caros/DEV/ROS_DEV/ros2_lidar_navigation/install/setup.sh'
[1.162s] INFO:colcon.colcon_core.shell:Creating prefix script '/home/caros/DEV/ROS_DEV/ros2_lidar_navigation/install/local_setup.bash'
[1.163s] INFO:colcon.colcon_core.shell:Creating prefix chain script '/home/caros/DEV/ROS_DEV/ros2_lidar_navigation/install/setup.bash'
[1.165s] INFO:colcon.colcon_core.shell:Creating prefix script '/home/caros/DEV/ROS_DEV/ros2_lidar_navigation/install/local_setup.zsh'
[1.166s] INFO:colcon.colcon_core.shell:Creating prefix chain script '/home/caros/DEV/ROS_DEV/ros2_lidar_navigation/install/setup.zsh'
