[0mCMake Deprecation Warning at CMakeLists.txt:1 (cmake_minimum_required):
  Compatibility with CMake < 3.10 will be removed from a future version of
  CMake.

  Update the VERSION argument <min> value.  Or, use the <min>...<max> syntax
  to tell CMake that the project requires at least <min> but has been updated
  to work with policies introduced by <max> or earlier.

[0m
-- The C compiler identification is GNU 9.4.0
-- The CXX compiler identification is GNU 9.4.0
-- Detecting C compiler ABI info
-- Detecting C compiler ABI info - done
-- Check for working C compiler: /usr/bin/cc - skipped
-- Detecting C compile features
-- Detecting C compile features - done
-- Detecting CXX compiler ABI info
-- Detecting CXX compiler ABI info - done
-- Check for working CXX compiler: /usr/bin/c++ - skipped
-- Detecting CXX compile features
-- Detecting CXX compile features - done
[0m=============================================================[0m
[0m-- POINT_TYPE is XYZI[0m
[0m=============================================================[0m
[0m=============================================================[0m
[0m-- ROS Not Found. ROS Support is turned Off.[0m
[0m=============================================================[0m
[33mCMake Warning (dev) at /opt/ros/foxy/share/ament_cmake_core/cmake/core/python.cmake:22 (find_package):
  Policy CMP0148 is not set: The FindPythonInterp and FindPythonLibs modules
  are removed.  Run "cmake --help-policy CMP0148" for policy details.  Use
  the cmake_policy command to set the policy and suppress this warning.

Call Stack (most recent call first):
  /opt/ros/foxy/share/ament_cmake_core/cmake/core/all.cmake:53 (include)
  /opt/ros/foxy/share/ament_cmake_core/cmake/ament_cmake_core-extras.cmake:17 (include)
  /opt/ros/foxy/share/ament_cmake_core/cmake/ament_cmake_coreConfig.cmake:41 (include)
  /opt/ros/foxy/share/rclcpp/cmake/ament_cmake_export_include_directories-extras.cmake:8 (find_package)
  /opt/ros/foxy/share/rclcpp/cmake/rclcppConfig.cmake:41 (include)
  CMakeLists.txt:130 (find_package)
This warning is for project developers.  Use -Wno-dev to suppress it.
[0m
-- Found PythonInterp: /usr/bin/python3 (found suitable version "3.8.10", minimum required is "3")
-- Using PYTHON_EXECUTABLE: /usr/bin/python3
-- Using all available rosidl_typesupport_c: rosidl_typesupport_fastrtps_c;rosidl_typesupport_introspection_c
-- Found rosidl_adapter: 1.3.1 (/opt/ros/foxy/share/rosidl_adapter/cmake)
-- Found OpenSSL: /usr/lib/x86_64-linux-gnu/libcrypto.so (found version "1.1.1f")
-- Found FastRTPS: /opt/ros/foxy/include
-- Using all available rosidl_typesupport_cpp: rosidl_typesupport_fastrtps_cpp;rosidl_typesupport_introspection_cpp
-- Found rmw_implementation_cmake: 1.0.4 (/opt/ros/foxy/share/rmw_implementation_cmake/cmake)
-- Using RMW implementation 'rmw_fastrtps_cpp' as default
-- Performing Test CMAKE_HAVE_LIBC_PTHREAD
-- Performing Test CMAKE_HAVE_LIBC_PTHREAD - Failed
-- Looking for pthread_create in pthreads
-- Looking for pthread_create in pthreads - not found
-- Looking for pthread_create in pthread
-- Looking for pthread_create in pthread - found
-- Found Threads: TRUE
[0m=============================================================[0m
[0m-- ROS2 Found. ROS2 Support is turned On.[0m
[0m=============================================================[0m
-- Found sensor_msgs: 2.0.5 (/opt/ros/foxy/share/sensor_msgs/cmake)
-- Found rslidar_msg: 0.0.0 (/home/caros/DEV/ROS_DEV/ros2_lidar_navigation/install/rslidar_msg/share/rslidar_msg/cmake)
[0mCMake Deprecation Warning at src/rs_driver/CMakeLists.txt:1 (cmake_minimum_required):
  Compatibility with CMake < 3.10 will be removed from a future version of
  CMake.

  Update the VERSION argument <min> value.  Or, use the <min>...<max> syntax
  to tell CMake that the project requires at least <min> but has been updated
  to work with policies introduced by <max> or earlier.

[0m
[0m=============================================================[0m
[0m-- CMake run for UNIX GNU Compiler[0m
[0m=============================================================[0m
[0m=============================================================[0m
[0m-- rs_driver Version : v1.5.17[0m
[0m=============================================================[0m
-- Configuring done (2.4s)
-- Generating done (0.0s)
-- Build files have been written to: /home/caros/DEV/ROS_DEV/ros2_lidar_navigation/build/rslidar_sdk
[ 33%] [32mBuilding CXX object CMakeFiles/rslidar_sdk_node.dir/node/rslidar_sdk_node.cpp.o[0m
[ 66%] [32mBuilding CXX object CMakeFiles/rslidar_sdk_node.dir/src/manager/node_manager.cpp.o[0m
[100%] [32m[1mLinking CXX executable rslidar_sdk_node[0m
[100%] Built target rslidar_sdk_node
-- Install configuration: "Release"
-- Installing: /home/caros/DEV/ROS_DEV/ros2_lidar_navigation/install/rslidar_sdk/lib/rslidar_sdk/rslidar_sdk_node
-- Set non-toolchain portion of runtime path of "/home/caros/DEV/ROS_DEV/ros2_lidar_navigation/install/rslidar_sdk/lib/rslidar_sdk/rslidar_sdk_node" to ""
-- Installing: /home/caros/DEV/ROS_DEV/ros2_lidar_navigation/install/rslidar_sdk/share/rslidar_sdk/launch
-- Installing: /home/caros/DEV/ROS_DEV/ros2_lidar_navigation/install/rslidar_sdk/share/rslidar_sdk/launch/elequent_start.py
-- Installing: /home/caros/DEV/ROS_DEV/ros2_lidar_navigation/install/rslidar_sdk/share/rslidar_sdk/launch/start.py
-- Installing: /home/caros/DEV/ROS_DEV/ros2_lidar_navigation/install/rslidar_sdk/share/rslidar_sdk/launch/start.launch
-- Installing: /home/caros/DEV/ROS_DEV/ros2_lidar_navigation/install/rslidar_sdk/share/rslidar_sdk/rviz
-- Installing: /home/caros/DEV/ROS_DEV/ros2_lidar_navigation/install/rslidar_sdk/share/rslidar_sdk/rviz/rviz2.rviz
-- Installing: /home/caros/DEV/ROS_DEV/ros2_lidar_navigation/install/rslidar_sdk/share/rslidar_sdk/rviz/rviz.rviz
-- Installing: /home/caros/DEV/ROS_DEV/ros2_lidar_navigation/install/rslidar_sdk/share/ament_index/resource_index/package_run_dependencies/rslidar_sdk
-- Installing: /home/caros/DEV/ROS_DEV/ros2_lidar_navigation/install/rslidar_sdk/share/ament_index/resource_index/parent_prefix_path/rslidar_sdk
-- Installing: /home/caros/DEV/ROS_DEV/ros2_lidar_navigation/install/rslidar_sdk/share/rslidar_sdk/environment/ament_prefix_path.sh
-- Installing: /home/caros/DEV/ROS_DEV/ros2_lidar_navigation/install/rslidar_sdk/share/rslidar_sdk/environment/ament_prefix_path.dsv
-- Installing: /home/caros/DEV/ROS_DEV/ros2_lidar_navigation/install/rslidar_sdk/share/rslidar_sdk/environment/path.sh
-- Installing: /home/caros/DEV/ROS_DEV/ros2_lidar_navigation/install/rslidar_sdk/share/rslidar_sdk/environment/path.dsv
-- Installing: /home/caros/DEV/ROS_DEV/ros2_lidar_navigation/install/rslidar_sdk/share/rslidar_sdk/local_setup.bash
-- Installing: /home/caros/DEV/ROS_DEV/ros2_lidar_navigation/install/rslidar_sdk/share/rslidar_sdk/local_setup.sh
-- Installing: /home/caros/DEV/ROS_DEV/ros2_lidar_navigation/install/rslidar_sdk/share/rslidar_sdk/local_setup.zsh
-- Installing: /home/caros/DEV/ROS_DEV/ros2_lidar_navigation/install/rslidar_sdk/share/rslidar_sdk/local_setup.dsv
-- Installing: /home/caros/DEV/ROS_DEV/ros2_lidar_navigation/install/rslidar_sdk/share/rslidar_sdk/package.dsv
-- Installing: /home/caros/DEV/ROS_DEV/ros2_lidar_navigation/install/rslidar_sdk/share/ament_index/resource_index/packages/rslidar_sdk
-- Installing: /home/caros/DEV/ROS_DEV/ros2_lidar_navigation/install/rslidar_sdk/share/rslidar_sdk/cmake/rslidar_sdkConfig.cmake
-- Installing: /home/caros/DEV/ROS_DEV/ros2_lidar_navigation/install/rslidar_sdk/share/rslidar_sdk/cmake/rslidar_sdkConfig-version.cmake
-- Installing: /home/caros/DEV/ROS_DEV/ros2_lidar_navigation/install/rslidar_sdk/share/rslidar_sdk/package.xml
