[0.030s] Invoking command in '/home/caros/DEV/ROS_DEV/ros2_lidar_navigation/build/rslidar_sdk': AMENT_PREFIX_PATH=/home/caros/DEV/ROS_DEV/ros2_lidar_navigation/install/rslidar_msg:${AMENT_PREFIX_PATH} CMAKE_PREFIX_PATH=/home/caros/DEV/ROS_DEV/ros2_lidar_navigation/install/rslidar_msg:/home/caros/DEV/ROS_DEV/ros2_dev/install/more_interfaces:/home/caros/DEV/ROS_DEV/ros2_dev/install/cpp_srvcli:/home/caros/DEV/ROS_DEV/ros2_dev/install/cpp_pubsub:/home/caros/DEV/ROS_DEV/ros2_dev/install/tutorial_interfaces:/home/caros/DEV/ROS_DEV/ros2_dev/install/turtlesim:/home/caros/DEV/ROS_DEV/ros2_dev/install/examples_rclcpp_multithreaded_executor:/home/caros/DEV/ROS_DEV/ros2_dev/install/examples_rclcpp_minimal_timer:/home/caros/DEV/ROS_DEV/ros2_dev/install/examples_rclcpp_minimal_subscriber:/home/caros/DEV/ROS_DEV/ros2_dev/install/examples_rclcpp_minimal_service:/home/caros/DEV/ROS_DEV/ros2_dev/install/examples_rclcpp_minimal_publisher:/home/caros/DEV/ROS_DEV/ros2_dev/install/examples_rclcpp_minimal_composition:/home/caros/DEV/ROS_DEV/ros2_dev/install/examples_rclcpp_minimal_client:/home/caros/DEV/ROS_DEV/ros2_dev/install/examples_rclcpp_minimal_action_server:/home/caros/DEV/ROS_DEV/ros2_dev/install/examples_rclcpp_minimal_action_client:/home/caros/DEV/ROS_DEV/ros2_dev/install/cpp_parameters:/home/caros/DEV/ROS_DEV/ros2_dev/install/action_tutorials_cpp:/home/caros/DEV/ROS_DEV/ros2_dev/install/action_tutorials_interfaces:/home/caros/DEV/ROS_DEV/ros2_dev/install/py_pubsub:/home/caros/DEV/ROS_DEV/ros2_dev/install/py_srvcli:/home/caros/DEV/ROS_DEV/ros2_dev/install/examples_rclpy_minimal_subscriber:/home/caros/DEV/ROS_DEV/ros2_dev/install/examples_rclpy_minimal_service:/home/caros/DEV/ROS_DEV/ros2_dev/install/examples_rclpy_minimal_publisher:/home/caros/DEV/ROS_DEV/ros2_dev/install/examples_rclpy_minimal_client:/home/caros/DEV/ROS_DEV/ros2_dev/install/examples_rclpy_minimal_action_server:/home/caros/DEV/ROS_DEV/ros2_dev/install/examples_rclpy_minimal_action_client:/home/caros/DEV/ROS_DEV/ros2_dev/install/examples_rclpy_executors:/opt/ros/foxy LD_LIBRARY_PATH=/home/caros/DEV/ROS_DEV/ros2_lidar_navigation/install/rslidar_msg/lib:${LD_LIBRARY_PATH} PYTHONPATH=/home/caros/DEV/ROS_DEV/ros2_lidar_navigation/install/rslidar_msg/lib/python3.8/site-packages:${PYTHONPATH} /usr/local/bin/cmake /home/caros/DEV/ROS_DEV/ros2_lidar_navigation/src/rslidar_sdk -DCMAKE_INSTALL_PREFIX=/home/caros/DEV/ROS_DEV/ros2_lidar_navigation/install/rslidar_sdk
[0.034s] [0mCMake Deprecation Warning at CMakeLists.txt:1 (cmake_minimum_required):
[0.034s]   Compatibility with CMake < 3.10 will be removed from a future version of
[0.034s]   CMake.
[0.034s] 
[0.034s]   Update the VERSION argument <min> value.  Or, use the <min>...<max> syntax
[0.035s]   to tell CMake that the project requires at least <min> but has been updated
[0.035s]   to work with policies introduced by <max> or earlier.
[0.035s] 
[0.035s] [0m
[0.145s] -- The C compiler identification is GNU 9.4.0
[0.264s] -- The CXX compiler identification is GNU 9.4.0
[0.285s] -- Detecting C compiler ABI info
[0.420s] -- Detecting C compiler ABI info - done
[0.456s] -- Check for working C compiler: /usr/bin/cc - skipped
[0.456s] -- Detecting C compile features
[0.457s] -- Detecting C compile features - done
[0.482s] -- Detecting CXX compiler ABI info
[0.636s] -- Detecting CXX compiler ABI info - done
[0.675s] -- Check for working CXX compiler: /usr/bin/c++ - skipped
[0.675s] -- Detecting CXX compile features
[0.676s] -- Detecting CXX compile features - done
[0.689s] [0m=============================================================[0m
[0.689s] [0m-- POINT_TYPE is XYZI[0m
[0.689s] [0m=============================================================[0m
[0.707s] [0m=============================================================[0m
[0.707s] [0m-- ROS Not Found. ROS Support is turned Off.[0m
[0.707s] [0m=============================================================[0m
[0.711s] [33mCMake Warning (dev) at /opt/ros/foxy/share/ament_cmake_core/cmake/core/python.cmake:22 (find_package):
[0.711s]   Policy CMP0148 is not set: The FindPythonInterp and FindPythonLibs modules
[0.711s]   are removed.  Run "cmake --help-policy CMP0148" for policy details.  Use
[0.712s]   the cmake_policy command to set the policy and suppress this warning.
[0.712s] 
[0.712s] Call Stack (most recent call first):
[0.712s]   /opt/ros/foxy/share/ament_cmake_core/cmake/core/all.cmake:53 (include)
[0.712s]   /opt/ros/foxy/share/ament_cmake_core/cmake/ament_cmake_core-extras.cmake:17 (include)
[0.713s]   /opt/ros/foxy/share/ament_cmake_core/cmake/ament_cmake_coreConfig.cmake:41 (include)
[0.713s]   /opt/ros/foxy/share/rclcpp/cmake/ament_cmake_export_include_directories-extras.cmake:8 (find_package)
[0.713s]   /opt/ros/foxy/share/rclcpp/cmake/rclcppConfig.cmake:41 (include)
[0.713s]   CMakeLists.txt:130 (find_package)
[0.713s] This warning is for project developers.  Use -Wno-dev to suppress it.
[0.713s] [0m
[0.755s] -- Found PythonInterp: /usr/bin/python3 (found suitable version "3.8.10", minimum required is "3")
[0.755s] -- Using PYTHON_EXECUTABLE: /usr/bin/python3
[1.042s] -- Using all available rosidl_typesupport_c: rosidl_typesupport_fastrtps_c;rosidl_typesupport_introspection_c
[1.049s] -- Found rosidl_adapter: 1.3.1 (/opt/ros/foxy/share/rosidl_adapter/cmake)
[1.259s] -- Found OpenSSL: /usr/lib/x86_64-linux-gnu/libcrypto.so (found version "1.1.1f")
[1.307s] -- Found FastRTPS: /opt/ros/foxy/include
[1.408s] -- Using all available rosidl_typesupport_cpp: rosidl_typesupport_fastrtps_cpp;rosidl_typesupport_introspection_cpp
[1.468s] -- Found rmw_implementation_cmake: 1.0.4 (/opt/ros/foxy/share/rmw_implementation_cmake/cmake)
[1.470s] -- Using RMW implementation 'rmw_fastrtps_cpp' as default
[1.471s] -- Performing Test CMAKE_HAVE_LIBC_PTHREAD
[1.610s] -- Performing Test CMAKE_HAVE_LIBC_PTHREAD - Failed
[1.610s] -- Looking for pthread_create in pthreads
[1.738s] -- Looking for pthread_create in pthreads - not found
[1.738s] -- Looking for pthread_create in pthread
[1.889s] -- Looking for pthread_create in pthread - found
[1.893s] -- Found Threads: TRUE
[2.064s] [0m=============================================================[0m
[2.064s] [0m-- ROS2 Found. ROS2 Support is turned On.[0m
[2.064s] [0m=============================================================[0m
[2.082s] -- Found sensor_msgs: 2.0.5 (/opt/ros/foxy/share/sensor_msgs/cmake)
[2.259s] -- Found rslidar_msg: 0.0.0 (/home/caros/DEV/ROS_DEV/ros2_lidar_navigation/install/rslidar_msg/share/rslidar_msg/cmake)
[2.318s] [0mCMake Deprecation Warning at src/rs_driver/CMakeLists.txt:1 (cmake_minimum_required):
[2.318s]   Compatibility with CMake < 3.10 will be removed from a future version of
[2.318s]   CMake.
[2.319s] 
[2.319s]   Update the VERSION argument <min> value.  Or, use the <min>...<max> syntax
[2.319s]   to tell CMake that the project requires at least <min> but has been updated
[2.319s]   to work with policies introduced by <max> or earlier.
[2.319s] 
[2.319s] [0m
[2.320s] [0m=============================================================[0m
[2.320s] [0m-- CMake run for UNIX GNU Compiler[0m
[2.320s] [0m=============================================================[0m
[2.320s] [0m=============================================================[0m
[2.320s] [0m-- rs_driver Version : v1.5.17[0m
[2.321s] [0m=============================================================[0m
[2.407s] -- Configuring done (2.4s)
[2.432s] -- Generating done (0.0s)
[2.435s] -- Build files have been written to: /home/caros/DEV/ROS_DEV/ros2_lidar_navigation/build/rslidar_sdk
[2.451s] Invoked command in '/home/caros/DEV/ROS_DEV/ros2_lidar_navigation/build/rslidar_sdk' returned '0': AMENT_PREFIX_PATH=/home/caros/DEV/ROS_DEV/ros2_lidar_navigation/install/rslidar_msg:${AMENT_PREFIX_PATH} CMAKE_PREFIX_PATH=/home/caros/DEV/ROS_DEV/ros2_lidar_navigation/install/rslidar_msg:/home/caros/DEV/ROS_DEV/ros2_dev/install/more_interfaces:/home/caros/DEV/ROS_DEV/ros2_dev/install/cpp_srvcli:/home/caros/DEV/ROS_DEV/ros2_dev/install/cpp_pubsub:/home/caros/DEV/ROS_DEV/ros2_dev/install/tutorial_interfaces:/home/caros/DEV/ROS_DEV/ros2_dev/install/turtlesim:/home/caros/DEV/ROS_DEV/ros2_dev/install/examples_rclcpp_multithreaded_executor:/home/caros/DEV/ROS_DEV/ros2_dev/install/examples_rclcpp_minimal_timer:/home/caros/DEV/ROS_DEV/ros2_dev/install/examples_rclcpp_minimal_subscriber:/home/caros/DEV/ROS_DEV/ros2_dev/install/examples_rclcpp_minimal_service:/home/caros/DEV/ROS_DEV/ros2_dev/install/examples_rclcpp_minimal_publisher:/home/caros/DEV/ROS_DEV/ros2_dev/install/examples_rclcpp_minimal_composition:/home/caros/DEV/ROS_DEV/ros2_dev/install/examples_rclcpp_minimal_client:/home/caros/DEV/ROS_DEV/ros2_dev/install/examples_rclcpp_minimal_action_server:/home/caros/DEV/ROS_DEV/ros2_dev/install/examples_rclcpp_minimal_action_client:/home/caros/DEV/ROS_DEV/ros2_dev/install/cpp_parameters:/home/caros/DEV/ROS_DEV/ros2_dev/install/action_tutorials_cpp:/home/caros/DEV/ROS_DEV/ros2_dev/install/action_tutorials_interfaces:/home/caros/DEV/ROS_DEV/ros2_dev/install/py_pubsub:/home/caros/DEV/ROS_DEV/ros2_dev/install/py_srvcli:/home/caros/DEV/ROS_DEV/ros2_dev/install/examples_rclpy_minimal_subscriber:/home/caros/DEV/ROS_DEV/ros2_dev/install/examples_rclpy_minimal_service:/home/caros/DEV/ROS_DEV/ros2_dev/install/examples_rclpy_minimal_publisher:/home/caros/DEV/ROS_DEV/ros2_dev/install/examples_rclpy_minimal_client:/home/caros/DEV/ROS_DEV/ros2_dev/install/examples_rclpy_minimal_action_server:/home/caros/DEV/ROS_DEV/ros2_dev/install/examples_rclpy_minimal_action_client:/home/caros/DEV/ROS_DEV/ros2_dev/install/examples_rclpy_executors:/opt/ros/foxy LD_LIBRARY_PATH=/home/caros/DEV/ROS_DEV/ros2_lidar_navigation/install/rslidar_msg/lib:${LD_LIBRARY_PATH} PYTHONPATH=/home/caros/DEV/ROS_DEV/ros2_lidar_navigation/install/rslidar_msg/lib/python3.8/site-packages:${PYTHONPATH} /usr/local/bin/cmake /home/caros/DEV/ROS_DEV/ros2_lidar_navigation/src/rslidar_sdk -DCMAKE_INSTALL_PREFIX=/home/caros/DEV/ROS_DEV/ros2_lidar_navigation/install/rslidar_sdk
[2.455s] Invoking command in '/home/caros/DEV/ROS_DEV/ros2_lidar_navigation/build/rslidar_sdk': AMENT_PREFIX_PATH=/home/caros/DEV/ROS_DEV/ros2_lidar_navigation/install/rslidar_msg:${AMENT_PREFIX_PATH} CMAKE_PREFIX_PATH=/home/caros/DEV/ROS_DEV/ros2_lidar_navigation/install/rslidar_msg:/home/caros/DEV/ROS_DEV/ros2_dev/install/more_interfaces:/home/caros/DEV/ROS_DEV/ros2_dev/install/cpp_srvcli:/home/caros/DEV/ROS_DEV/ros2_dev/install/cpp_pubsub:/home/caros/DEV/ROS_DEV/ros2_dev/install/tutorial_interfaces:/home/caros/DEV/ROS_DEV/ros2_dev/install/turtlesim:/home/caros/DEV/ROS_DEV/ros2_dev/install/examples_rclcpp_multithreaded_executor:/home/caros/DEV/ROS_DEV/ros2_dev/install/examples_rclcpp_minimal_timer:/home/caros/DEV/ROS_DEV/ros2_dev/install/examples_rclcpp_minimal_subscriber:/home/caros/DEV/ROS_DEV/ros2_dev/install/examples_rclcpp_minimal_service:/home/caros/DEV/ROS_DEV/ros2_dev/install/examples_rclcpp_minimal_publisher:/home/caros/DEV/ROS_DEV/ros2_dev/install/examples_rclcpp_minimal_composition:/home/caros/DEV/ROS_DEV/ros2_dev/install/examples_rclcpp_minimal_client:/home/caros/DEV/ROS_DEV/ros2_dev/install/examples_rclcpp_minimal_action_server:/home/caros/DEV/ROS_DEV/ros2_dev/install/examples_rclcpp_minimal_action_client:/home/caros/DEV/ROS_DEV/ros2_dev/install/cpp_parameters:/home/caros/DEV/ROS_DEV/ros2_dev/install/action_tutorials_cpp:/home/caros/DEV/ROS_DEV/ros2_dev/install/action_tutorials_interfaces:/home/caros/DEV/ROS_DEV/ros2_dev/install/py_pubsub:/home/caros/DEV/ROS_DEV/ros2_dev/install/py_srvcli:/home/caros/DEV/ROS_DEV/ros2_dev/install/examples_rclpy_minimal_subscriber:/home/caros/DEV/ROS_DEV/ros2_dev/install/examples_rclpy_minimal_service:/home/caros/DEV/ROS_DEV/ros2_dev/install/examples_rclpy_minimal_publisher:/home/caros/DEV/ROS_DEV/ros2_dev/install/examples_rclpy_minimal_client:/home/caros/DEV/ROS_DEV/ros2_dev/install/examples_rclpy_minimal_action_server:/home/caros/DEV/ROS_DEV/ros2_dev/install/examples_rclpy_minimal_action_client:/home/caros/DEV/ROS_DEV/ros2_dev/install/examples_rclpy_executors:/opt/ros/foxy LD_LIBRARY_PATH=/home/caros/DEV/ROS_DEV/ros2_lidar_navigation/install/rslidar_msg/lib:${LD_LIBRARY_PATH} PYTHONPATH=/home/caros/DEV/ROS_DEV/ros2_lidar_navigation/install/rslidar_msg/lib/python3.8/site-packages:${PYTHONPATH} /usr/local/bin/cmake --build /home/caros/DEV/ROS_DEV/ros2_lidar_navigation/build/rslidar_sdk -- -j48 -l48
[2.508s] [ 33%] [32mBuilding CXX object CMakeFiles/rslidar_sdk_node.dir/node/rslidar_sdk_node.cpp.o[0m
[2.508s] [ 66%] [32mBuilding CXX object CMakeFiles/rslidar_sdk_node.dir/src/manager/node_manager.cpp.o[0m
[19.773s] [100%] [32m[1mLinking CXX executable rslidar_sdk_node[0m
[20.341s] [100%] Built target rslidar_sdk_node
[20.351s] Invoked command in '/home/caros/DEV/ROS_DEV/ros2_lidar_navigation/build/rslidar_sdk' returned '0': AMENT_PREFIX_PATH=/home/caros/DEV/ROS_DEV/ros2_lidar_navigation/install/rslidar_msg:${AMENT_PREFIX_PATH} CMAKE_PREFIX_PATH=/home/caros/DEV/ROS_DEV/ros2_lidar_navigation/install/rslidar_msg:/home/caros/DEV/ROS_DEV/ros2_dev/install/more_interfaces:/home/caros/DEV/ROS_DEV/ros2_dev/install/cpp_srvcli:/home/caros/DEV/ROS_DEV/ros2_dev/install/cpp_pubsub:/home/caros/DEV/ROS_DEV/ros2_dev/install/tutorial_interfaces:/home/caros/DEV/ROS_DEV/ros2_dev/install/turtlesim:/home/caros/DEV/ROS_DEV/ros2_dev/install/examples_rclcpp_multithreaded_executor:/home/caros/DEV/ROS_DEV/ros2_dev/install/examples_rclcpp_minimal_timer:/home/caros/DEV/ROS_DEV/ros2_dev/install/examples_rclcpp_minimal_subscriber:/home/caros/DEV/ROS_DEV/ros2_dev/install/examples_rclcpp_minimal_service:/home/caros/DEV/ROS_DEV/ros2_dev/install/examples_rclcpp_minimal_publisher:/home/caros/DEV/ROS_DEV/ros2_dev/install/examples_rclcpp_minimal_composition:/home/caros/DEV/ROS_DEV/ros2_dev/install/examples_rclcpp_minimal_client:/home/caros/DEV/ROS_DEV/ros2_dev/install/examples_rclcpp_minimal_action_server:/home/caros/DEV/ROS_DEV/ros2_dev/install/examples_rclcpp_minimal_action_client:/home/caros/DEV/ROS_DEV/ros2_dev/install/cpp_parameters:/home/caros/DEV/ROS_DEV/ros2_dev/install/action_tutorials_cpp:/home/caros/DEV/ROS_DEV/ros2_dev/install/action_tutorials_interfaces:/home/caros/DEV/ROS_DEV/ros2_dev/install/py_pubsub:/home/caros/DEV/ROS_DEV/ros2_dev/install/py_srvcli:/home/caros/DEV/ROS_DEV/ros2_dev/install/examples_rclpy_minimal_subscriber:/home/caros/DEV/ROS_DEV/ros2_dev/install/examples_rclpy_minimal_service:/home/caros/DEV/ROS_DEV/ros2_dev/install/examples_rclpy_minimal_publisher:/home/caros/DEV/ROS_DEV/ros2_dev/install/examples_rclpy_minimal_client:/home/caros/DEV/ROS_DEV/ros2_dev/install/examples_rclpy_minimal_action_server:/home/caros/DEV/ROS_DEV/ros2_dev/install/examples_rclpy_minimal_action_client:/home/caros/DEV/ROS_DEV/ros2_dev/install/examples_rclpy_executors:/opt/ros/foxy LD_LIBRARY_PATH=/home/caros/DEV/ROS_DEV/ros2_lidar_navigation/install/rslidar_msg/lib:${LD_LIBRARY_PATH} PYTHONPATH=/home/caros/DEV/ROS_DEV/ros2_lidar_navigation/install/rslidar_msg/lib/python3.8/site-packages:${PYTHONPATH} /usr/local/bin/cmake --build /home/caros/DEV/ROS_DEV/ros2_lidar_navigation/build/rslidar_sdk -- -j48 -l48
[20.357s] Invoking command in '/home/caros/DEV/ROS_DEV/ros2_lidar_navigation/build/rslidar_sdk': AMENT_PREFIX_PATH=/home/caros/DEV/ROS_DEV/ros2_lidar_navigation/install/rslidar_msg:${AMENT_PREFIX_PATH} CMAKE_PREFIX_PATH=/home/caros/DEV/ROS_DEV/ros2_lidar_navigation/install/rslidar_msg:/home/caros/DEV/ROS_DEV/ros2_dev/install/more_interfaces:/home/caros/DEV/ROS_DEV/ros2_dev/install/cpp_srvcli:/home/caros/DEV/ROS_DEV/ros2_dev/install/cpp_pubsub:/home/caros/DEV/ROS_DEV/ros2_dev/install/tutorial_interfaces:/home/caros/DEV/ROS_DEV/ros2_dev/install/turtlesim:/home/caros/DEV/ROS_DEV/ros2_dev/install/examples_rclcpp_multithreaded_executor:/home/caros/DEV/ROS_DEV/ros2_dev/install/examples_rclcpp_minimal_timer:/home/caros/DEV/ROS_DEV/ros2_dev/install/examples_rclcpp_minimal_subscriber:/home/caros/DEV/ROS_DEV/ros2_dev/install/examples_rclcpp_minimal_service:/home/caros/DEV/ROS_DEV/ros2_dev/install/examples_rclcpp_minimal_publisher:/home/caros/DEV/ROS_DEV/ros2_dev/install/examples_rclcpp_minimal_composition:/home/caros/DEV/ROS_DEV/ros2_dev/install/examples_rclcpp_minimal_client:/home/caros/DEV/ROS_DEV/ros2_dev/install/examples_rclcpp_minimal_action_server:/home/caros/DEV/ROS_DEV/ros2_dev/install/examples_rclcpp_minimal_action_client:/home/caros/DEV/ROS_DEV/ros2_dev/install/cpp_parameters:/home/caros/DEV/ROS_DEV/ros2_dev/install/action_tutorials_cpp:/home/caros/DEV/ROS_DEV/ros2_dev/install/action_tutorials_interfaces:/home/caros/DEV/ROS_DEV/ros2_dev/install/py_pubsub:/home/caros/DEV/ROS_DEV/ros2_dev/install/py_srvcli:/home/caros/DEV/ROS_DEV/ros2_dev/install/examples_rclpy_minimal_subscriber:/home/caros/DEV/ROS_DEV/ros2_dev/install/examples_rclpy_minimal_service:/home/caros/DEV/ROS_DEV/ros2_dev/install/examples_rclpy_minimal_publisher:/home/caros/DEV/ROS_DEV/ros2_dev/install/examples_rclpy_minimal_client:/home/caros/DEV/ROS_DEV/ros2_dev/install/examples_rclpy_minimal_action_server:/home/caros/DEV/ROS_DEV/ros2_dev/install/examples_rclpy_minimal_action_client:/home/caros/DEV/ROS_DEV/ros2_dev/install/examples_rclpy_executors:/opt/ros/foxy LD_LIBRARY_PATH=/home/caros/DEV/ROS_DEV/ros2_lidar_navigation/install/rslidar_msg/lib:${LD_LIBRARY_PATH} PYTHONPATH=/home/caros/DEV/ROS_DEV/ros2_lidar_navigation/install/rslidar_msg/lib/python3.8/site-packages:${PYTHONPATH} /usr/local/bin/cmake --install /home/caros/DEV/ROS_DEV/ros2_lidar_navigation/build/rslidar_sdk
[20.363s] -- Install configuration: "Release"
[20.363s] -- Installing: /home/caros/DEV/ROS_DEV/ros2_lidar_navigation/install/rslidar_sdk/lib/rslidar_sdk/rslidar_sdk_node
[20.367s] -- Set non-toolchain portion of runtime path of "/home/caros/DEV/ROS_DEV/ros2_lidar_navigation/install/rslidar_sdk/lib/rslidar_sdk/rslidar_sdk_node" to ""
[20.367s] -- Installing: /home/caros/DEV/ROS_DEV/ros2_lidar_navigation/install/rslidar_sdk/share/rslidar_sdk/launch
[20.367s] -- Installing: /home/caros/DEV/ROS_DEV/ros2_lidar_navigation/install/rslidar_sdk/share/rslidar_sdk/launch/elequent_start.py
[20.367s] -- Installing: /home/caros/DEV/ROS_DEV/ros2_lidar_navigation/install/rslidar_sdk/share/rslidar_sdk/launch/start.py
[20.367s] -- Installing: /home/caros/DEV/ROS_DEV/ros2_lidar_navigation/install/rslidar_sdk/share/rslidar_sdk/launch/start.launch
[20.368s] -- Installing: /home/caros/DEV/ROS_DEV/ros2_lidar_navigation/install/rslidar_sdk/share/rslidar_sdk/rviz
[20.368s] -- Installing: /home/caros/DEV/ROS_DEV/ros2_lidar_navigation/install/rslidar_sdk/share/rslidar_sdk/rviz/rviz2.rviz
[20.368s] -- Installing: /home/caros/DEV/ROS_DEV/ros2_lidar_navigation/install/rslidar_sdk/share/rslidar_sdk/rviz/rviz.rviz
[20.368s] -- Installing: /home/caros/DEV/ROS_DEV/ros2_lidar_navigation/install/rslidar_sdk/share/ament_index/resource_index/package_run_dependencies/rslidar_sdk
[20.369s] -- Installing: /home/caros/DEV/ROS_DEV/ros2_lidar_navigation/install/rslidar_sdk/share/ament_index/resource_index/parent_prefix_path/rslidar_sdk
[20.369s] -- Installing: /home/caros/DEV/ROS_DEV/ros2_lidar_navigation/install/rslidar_sdk/share/rslidar_sdk/environment/ament_prefix_path.sh
[20.369s] -- Installing: /home/caros/DEV/ROS_DEV/ros2_lidar_navigation/install/rslidar_sdk/share/rslidar_sdk/environment/ament_prefix_path.dsv
[20.369s] -- Installing: /home/caros/DEV/ROS_DEV/ros2_lidar_navigation/install/rslidar_sdk/share/rslidar_sdk/environment/path.sh
[20.370s] -- Installing: /home/caros/DEV/ROS_DEV/ros2_lidar_navigation/install/rslidar_sdk/share/rslidar_sdk/environment/path.dsv
[20.370s] -- Installing: /home/caros/DEV/ROS_DEV/ros2_lidar_navigation/install/rslidar_sdk/share/rslidar_sdk/local_setup.bash
[20.370s] -- Installing: /home/caros/DEV/ROS_DEV/ros2_lidar_navigation/install/rslidar_sdk/share/rslidar_sdk/local_setup.sh
[20.370s] -- Installing: /home/caros/DEV/ROS_DEV/ros2_lidar_navigation/install/rslidar_sdk/share/rslidar_sdk/local_setup.zsh
[20.370s] -- Installing: /home/caros/DEV/ROS_DEV/ros2_lidar_navigation/install/rslidar_sdk/share/rslidar_sdk/local_setup.dsv
[20.371s] -- Installing: /home/caros/DEV/ROS_DEV/ros2_lidar_navigation/install/rslidar_sdk/share/rslidar_sdk/package.dsv
[20.371s] -- Installing: /home/caros/DEV/ROS_DEV/ros2_lidar_navigation/install/rslidar_sdk/share/ament_index/resource_index/packages/rslidar_sdk
[20.371s] -- Installing: /home/caros/DEV/ROS_DEV/ros2_lidar_navigation/install/rslidar_sdk/share/rslidar_sdk/cmake/rslidar_sdkConfig.cmake
[20.371s] -- Installing: /home/caros/DEV/ROS_DEV/ros2_lidar_navigation/install/rslidar_sdk/share/rslidar_sdk/cmake/rslidar_sdkConfig-version.cmake
[20.371s] -- Installing: /home/caros/DEV/ROS_DEV/ros2_lidar_navigation/install/rslidar_sdk/share/rslidar_sdk/package.xml
[20.375s] Invoked command in '/home/caros/DEV/ROS_DEV/ros2_lidar_navigation/build/rslidar_sdk' returned '0': AMENT_PREFIX_PATH=/home/caros/DEV/ROS_DEV/ros2_lidar_navigation/install/rslidar_msg:${AMENT_PREFIX_PATH} CMAKE_PREFIX_PATH=/home/caros/DEV/ROS_DEV/ros2_lidar_navigation/install/rslidar_msg:/home/caros/DEV/ROS_DEV/ros2_dev/install/more_interfaces:/home/caros/DEV/ROS_DEV/ros2_dev/install/cpp_srvcli:/home/caros/DEV/ROS_DEV/ros2_dev/install/cpp_pubsub:/home/caros/DEV/ROS_DEV/ros2_dev/install/tutorial_interfaces:/home/caros/DEV/ROS_DEV/ros2_dev/install/turtlesim:/home/caros/DEV/ROS_DEV/ros2_dev/install/examples_rclcpp_multithreaded_executor:/home/caros/DEV/ROS_DEV/ros2_dev/install/examples_rclcpp_minimal_timer:/home/caros/DEV/ROS_DEV/ros2_dev/install/examples_rclcpp_minimal_subscriber:/home/caros/DEV/ROS_DEV/ros2_dev/install/examples_rclcpp_minimal_service:/home/caros/DEV/ROS_DEV/ros2_dev/install/examples_rclcpp_minimal_publisher:/home/caros/DEV/ROS_DEV/ros2_dev/install/examples_rclcpp_minimal_composition:/home/caros/DEV/ROS_DEV/ros2_dev/install/examples_rclcpp_minimal_client:/home/caros/DEV/ROS_DEV/ros2_dev/install/examples_rclcpp_minimal_action_server:/home/caros/DEV/ROS_DEV/ros2_dev/install/examples_rclcpp_minimal_action_client:/home/caros/DEV/ROS_DEV/ros2_dev/install/cpp_parameters:/home/caros/DEV/ROS_DEV/ros2_dev/install/action_tutorials_cpp:/home/caros/DEV/ROS_DEV/ros2_dev/install/action_tutorials_interfaces:/home/caros/DEV/ROS_DEV/ros2_dev/install/py_pubsub:/home/caros/DEV/ROS_DEV/ros2_dev/install/py_srvcli:/home/caros/DEV/ROS_DEV/ros2_dev/install/examples_rclpy_minimal_subscriber:/home/caros/DEV/ROS_DEV/ros2_dev/install/examples_rclpy_minimal_service:/home/caros/DEV/ROS_DEV/ros2_dev/install/examples_rclpy_minimal_publisher:/home/caros/DEV/ROS_DEV/ros2_dev/install/examples_rclpy_minimal_client:/home/caros/DEV/ROS_DEV/ros2_dev/install/examples_rclpy_minimal_action_server:/home/caros/DEV/ROS_DEV/ros2_dev/install/examples_rclpy_minimal_action_client:/home/caros/DEV/ROS_DEV/ros2_dev/install/examples_rclpy_executors:/opt/ros/foxy LD_LIBRARY_PATH=/home/caros/DEV/ROS_DEV/ros2_lidar_navigation/install/rslidar_msg/lib:${LD_LIBRARY_PATH} PYTHONPATH=/home/caros/DEV/ROS_DEV/ros2_lidar_navigation/install/rslidar_msg/lib/python3.8/site-packages:${PYTHONPATH} /usr/local/bin/cmake --install /home/caros/DEV/ROS_DEV/ros2_lidar_navigation/build/rslidar_sdk
