[1.764s] DEBUG:colcon:Command line arguments: ['/usr/bin/colcon', 'build']
[1.764s] DEBUG:colcon:Parsed command line arguments: Namespace(allow_overriding=[], ament_cmake_args=None, base_paths=['.'], build_base='build', catkin_cmake_args=None, catkin_skip_building_tests=False, cmake_args=None, cmake_clean_cache=False, cmake_clean_first=False, cmake_force_configure=False, cmake_target=None, cmake_target_skip_unavailable=False, continue_on_error=False, event_handlers=None, executor='parallel', ignore_user_meta=False, install_base='install', log_base=None, log_level=None, main=<bound method BuildVerb.main of <colcon_core.verb.build.BuildVerb object at 0x7fee3022c3a0>>, merge_install=False, metas=['./colcon.meta'], mixin=None, mixin_files=None, mixin_verb=('build',), packages_above=None, packages_above_and_dependencies=None, packages_above_depth=None, packages_end=None, packages_ignore=None, packages_ignore_regex=None, packages_select=None, packages_select_build_failed=False, packages_select_by_dep=None, packages_select_regex=None, packages_select_test_failures=False, packages_skip=None, packages_skip_build_finished=False, packages_skip_by_dep=None, packages_skip_regex=None, packages_skip_test_passed=False, packages_skip_up_to=None, packages_start=None, packages_up_to=None, packages_up_to_regex=None, parallel_workers=48, paths=None, symlink_install=False, test_result_base=None, verb_extension=<colcon_core.verb.build.BuildVerb object at 0x7fee3022c3a0>, verb_name='build', verb_parser=<colcon_mixin.mixin.mixin_argument.MixinArgumentDecorator object at 0x7fee3022ca00>)
[2.154s] Level 1:colcon.colcon_core.package_discovery:discover_packages(colcon_meta) check parameters
[2.155s] Level 1:colcon.colcon_core.package_discovery:discover_packages(recursive) check parameters
[2.155s] Level 1:colcon.colcon_core.package_discovery:discover_packages(ignore) check parameters
[2.155s] Level 1:colcon.colcon_core.package_discovery:discover_packages(path) check parameters
[2.155s] Level 1:colcon.colcon_core.package_discovery:discover_packages(colcon_meta) discover
[2.155s] Level 1:colcon.colcon_core.package_discovery:discover_packages(recursive) discover
[2.155s] INFO:colcon.colcon_core.package_discovery:Crawling recursively for packages in '/home/caros/DEV/ROS_DEV/ros2_lidar_navigation'
[2.156s] Level 1:colcon.colcon_core.package_identification:_identify(.) by extensions ['ignore', 'ignore_ament_install']
[2.156s] Level 1:colcon.colcon_core.package_identification:_identify(.) by extension 'ignore'
[2.156s] Level 1:colcon.colcon_core.package_identification:_identify(.) by extension 'ignore_ament_install'
[2.156s] Level 1:colcon.colcon_core.package_identification:_identify(.) by extensions ['colcon_pkg']
[2.156s] Level 1:colcon.colcon_core.package_identification:_identify(.) by extension 'colcon_pkg'
[2.157s] Level 1:colcon.colcon_core.package_identification:_identify(.) by extensions ['colcon_meta']
[2.157s] Level 1:colcon.colcon_core.package_identification:_identify(.) by extension 'colcon_meta'
[2.157s] Level 1:colcon.colcon_core.package_identification:_identify(.) by extensions ['ros']
[2.157s] Level 1:colcon.colcon_core.package_identification:_identify(.) by extension 'ros'
[2.205s] Level 1:colcon.colcon_core.package_identification:_identify(.) by extensions ['cmake', 'python']
[2.205s] Level 1:colcon.colcon_core.package_identification:_identify(.) by extension 'cmake'
[2.205s] Level 1:colcon.colcon_core.package_identification:_identify(.) by extension 'python'
[2.205s] Level 1:colcon.colcon_core.package_identification:_identify(.) by extensions ['python_setup_py']
[2.205s] Level 1:colcon.colcon_core.package_identification:_identify(.) by extension 'python_setup_py'
[2.206s] Level 1:colcon.colcon_core.package_identification:_identify(build) by extensions ['ignore', 'ignore_ament_install']
[2.206s] Level 1:colcon.colcon_core.package_identification:_identify(build) by extension 'ignore'
[2.206s] Level 1:colcon.colcon_core.package_identification:_identify(build) ignored
[2.206s] Level 1:colcon.colcon_core.package_identification:_identify(install) by extensions ['ignore', 'ignore_ament_install']
[2.206s] Level 1:colcon.colcon_core.package_identification:_identify(install) by extension 'ignore'
[2.206s] Level 1:colcon.colcon_core.package_identification:_identify(install) ignored
[2.207s] Level 1:colcon.colcon_core.package_identification:_identify(log) by extensions ['ignore', 'ignore_ament_install']
[2.207s] Level 1:colcon.colcon_core.package_identification:_identify(log) by extension 'ignore'
[2.207s] Level 1:colcon.colcon_core.package_identification:_identify(log) ignored
[2.207s] Level 1:colcon.colcon_core.package_identification:_identify(src) by extensions ['ignore', 'ignore_ament_install']
[2.207s] Level 1:colcon.colcon_core.package_identification:_identify(src) by extension 'ignore'
[2.207s] Level 1:colcon.colcon_core.package_identification:_identify(src) by extension 'ignore_ament_install'
[2.207s] Level 1:colcon.colcon_core.package_identification:_identify(src) by extensions ['colcon_pkg']
[2.207s] Level 1:colcon.colcon_core.package_identification:_identify(src) by extension 'colcon_pkg'
[2.207s] Level 1:colcon.colcon_core.package_identification:_identify(src) by extensions ['colcon_meta']
[2.207s] Level 1:colcon.colcon_core.package_identification:_identify(src) by extension 'colcon_meta'
[2.208s] Level 1:colcon.colcon_core.package_identification:_identify(src) by extensions ['ros']
[2.208s] Level 1:colcon.colcon_core.package_identification:_identify(src) by extension 'ros'
[2.208s] Level 1:colcon.colcon_core.package_identification:_identify(src) by extensions ['cmake', 'python']
[2.208s] Level 1:colcon.colcon_core.package_identification:_identify(src) by extension 'cmake'
[2.208s] Level 1:colcon.colcon_core.package_identification:_identify(src) by extension 'python'
[2.208s] Level 1:colcon.colcon_core.package_identification:_identify(src) by extensions ['python_setup_py']
[2.208s] Level 1:colcon.colcon_core.package_identification:_identify(src) by extension 'python_setup_py'
[2.208s] Level 1:colcon.colcon_core.package_identification:_identify(src/rslidar_msg) by extensions ['ignore', 'ignore_ament_install']
[2.208s] Level 1:colcon.colcon_core.package_identification:_identify(src/rslidar_msg) by extension 'ignore'
[2.208s] Level 1:colcon.colcon_core.package_identification:_identify(src/rslidar_msg) by extension 'ignore_ament_install'
[2.208s] Level 1:colcon.colcon_core.package_identification:_identify(src/rslidar_msg) by extensions ['colcon_pkg']
[2.209s] Level 1:colcon.colcon_core.package_identification:_identify(src/rslidar_msg) by extension 'colcon_pkg'
[2.209s] Level 1:colcon.colcon_core.package_identification:_identify(src/rslidar_msg) by extensions ['colcon_meta']
[2.209s] Level 1:colcon.colcon_core.package_identification:_identify(src/rslidar_msg) by extension 'colcon_meta'
[2.209s] Level 1:colcon.colcon_core.package_identification:_identify(src/rslidar_msg) by extensions ['ros']
[2.209s] Level 1:colcon.colcon_core.package_identification:_identify(src/rslidar_msg) by extension 'ros'
[2.224s] DEBUG:colcon.colcon_core.package_identification:Package 'src/rslidar_msg' with type 'ros.ament_cmake' and name 'rslidar_msg'
[2.224s] Level 1:colcon.colcon_core.package_identification:_identify(src/rslidar_sdk) by extensions ['ignore', 'ignore_ament_install']
[2.224s] Level 1:colcon.colcon_core.package_identification:_identify(src/rslidar_sdk) by extension 'ignore'
[2.224s] Level 1:colcon.colcon_core.package_identification:_identify(src/rslidar_sdk) by extension 'ignore_ament_install'
[2.225s] Level 1:colcon.colcon_core.package_identification:_identify(src/rslidar_sdk) by extensions ['colcon_pkg']
[2.225s] Level 1:colcon.colcon_core.package_identification:_identify(src/rslidar_sdk) by extension 'colcon_pkg'
[2.225s] Level 1:colcon.colcon_core.package_identification:_identify(src/rslidar_sdk) by extensions ['colcon_meta']
[2.225s] Level 1:colcon.colcon_core.package_identification:_identify(src/rslidar_sdk) by extension 'colcon_meta'
[2.225s] Level 1:colcon.colcon_core.package_identification:_identify(src/rslidar_sdk) by extensions ['ros']
[2.225s] Level 1:colcon.colcon_core.package_identification:_identify(src/rslidar_sdk) by extension 'ros'
[2.254s] DEBUG:colcon.colcon_core.package_identification:Package 'src/rslidar_sdk' with type 'ros.ament_cmake' and name 'rslidar_sdk'
[2.254s] Level 1:colcon.colcon_core.package_discovery:discover_packages(recursive) using defaults
[2.255s] Level 1:colcon.colcon_core.package_discovery:discover_packages(ignore) discover
[2.255s] Level 1:colcon.colcon_core.package_discovery:discover_packages(ignore) using defaults
[2.255s] Level 1:colcon.colcon_core.package_discovery:discover_packages(path) discover
[2.255s] Level 1:colcon.colcon_core.package_discovery:discover_packages(path) using defaults
[2.318s] Level 1:colcon.colcon_core.package_discovery:discover_packages(prefix_path) check parameters
[2.318s] Level 1:colcon.colcon_core.package_discovery:discover_packages(prefix_path) discover
[2.320s] WARNING:colcon.colcon_core.prefix_path.colcon:The path '/home/caros/DEV/ROS_DEV/ros2_dev/install' in the environment variable COLCON_PREFIX_PATH doesn't exist
[2.320s] WARNING:colcon.colcon_ros.prefix_path.ament:The path '/home/caros/DEV/ROS_DEV/ros2_dev/install/py_pubsub' in the environment variable AMENT_PREFIX_PATH doesn't exist
[2.320s] WARNING:colcon.colcon_ros.prefix_path.ament:The path '/home/caros/DEV/ROS_DEV/ros2_dev/install/more_interfaces' in the environment variable AMENT_PREFIX_PATH doesn't exist
[2.320s] WARNING:colcon.colcon_ros.prefix_path.ament:The path '/home/caros/DEV/ROS_DEV/ros2_dev/install/cpp_srvcli' in the environment variable AMENT_PREFIX_PATH doesn't exist
[2.321s] WARNING:colcon.colcon_ros.prefix_path.ament:The path '/home/caros/DEV/ROS_DEV/ros2_dev/install/cpp_pubsub' in the environment variable AMENT_PREFIX_PATH doesn't exist
[2.321s] WARNING:colcon.colcon_ros.prefix_path.ament:The path '/home/caros/DEV/ROS_DEV/ros2_dev/install/tutorial_interfaces' in the environment variable AMENT_PREFIX_PATH doesn't exist
[2.321s] WARNING:colcon.colcon_ros.prefix_path.ament:The path '/home/caros/DEV/ROS_DEV/ros2_dev/install/turtlesim' in the environment variable AMENT_PREFIX_PATH doesn't exist
[2.321s] WARNING:colcon.colcon_ros.prefix_path.ament:The path '/home/caros/DEV/ROS_DEV/ros2_dev/install/py_srvcli' in the environment variable AMENT_PREFIX_PATH doesn't exist
[2.321s] WARNING:colcon.colcon_ros.prefix_path.ament:The path '/home/caros/DEV/ROS_DEV/ros2_dev/install/examples_rclpy_minimal_subscriber' in the environment variable AMENT_PREFIX_PATH doesn't exist
[2.321s] WARNING:colcon.colcon_ros.prefix_path.ament:The path '/home/caros/DEV/ROS_DEV/ros2_dev/install/examples_rclpy_minimal_service' in the environment variable AMENT_PREFIX_PATH doesn't exist
[2.321s] WARNING:colcon.colcon_ros.prefix_path.ament:The path '/home/caros/DEV/ROS_DEV/ros2_dev/install/examples_rclpy_minimal_publisher' in the environment variable AMENT_PREFIX_PATH doesn't exist
[2.321s] WARNING:colcon.colcon_ros.prefix_path.ament:The path '/home/caros/DEV/ROS_DEV/ros2_dev/install/examples_rclpy_minimal_client' in the environment variable AMENT_PREFIX_PATH doesn't exist
[2.321s] WARNING:colcon.colcon_ros.prefix_path.ament:The path '/home/caros/DEV/ROS_DEV/ros2_dev/install/examples_rclpy_minimal_action_server' in the environment variable AMENT_PREFIX_PATH doesn't exist
[2.321s] WARNING:colcon.colcon_ros.prefix_path.ament:The path '/home/caros/DEV/ROS_DEV/ros2_dev/install/examples_rclpy_minimal_action_client' in the environment variable AMENT_PREFIX_PATH doesn't exist
[2.321s] WARNING:colcon.colcon_ros.prefix_path.ament:The path '/home/caros/DEV/ROS_DEV/ros2_dev/install/examples_rclpy_executors' in the environment variable AMENT_PREFIX_PATH doesn't exist
[2.321s] WARNING:colcon.colcon_ros.prefix_path.ament:The path '/home/caros/DEV/ROS_DEV/ros2_dev/install/examples_rclcpp_multithreaded_executor' in the environment variable AMENT_PREFIX_PATH doesn't exist
[2.321s] WARNING:colcon.colcon_ros.prefix_path.ament:The path '/home/caros/DEV/ROS_DEV/ros2_dev/install/examples_rclcpp_minimal_timer' in the environment variable AMENT_PREFIX_PATH doesn't exist
[2.321s] WARNING:colcon.colcon_ros.prefix_path.ament:The path '/home/caros/DEV/ROS_DEV/ros2_dev/install/examples_rclcpp_minimal_subscriber' in the environment variable AMENT_PREFIX_PATH doesn't exist
[2.321s] WARNING:colcon.colcon_ros.prefix_path.ament:The path '/home/caros/DEV/ROS_DEV/ros2_dev/install/examples_rclcpp_minimal_service' in the environment variable AMENT_PREFIX_PATH doesn't exist
[2.321s] WARNING:colcon.colcon_ros.prefix_path.ament:The path '/home/caros/DEV/ROS_DEV/ros2_dev/install/examples_rclcpp_minimal_publisher' in the environment variable AMENT_PREFIX_PATH doesn't exist
[2.321s] WARNING:colcon.colcon_ros.prefix_path.ament:The path '/home/caros/DEV/ROS_DEV/ros2_dev/install/examples_rclcpp_minimal_composition' in the environment variable AMENT_PREFIX_PATH doesn't exist
[2.321s] WARNING:colcon.colcon_ros.prefix_path.ament:The path '/home/caros/DEV/ROS_DEV/ros2_dev/install/examples_rclcpp_minimal_client' in the environment variable AMENT_PREFIX_PATH doesn't exist
[2.321s] WARNING:colcon.colcon_ros.prefix_path.ament:The path '/home/caros/DEV/ROS_DEV/ros2_dev/install/examples_rclcpp_minimal_action_server' in the environment variable AMENT_PREFIX_PATH doesn't exist
[2.321s] WARNING:colcon.colcon_ros.prefix_path.ament:The path '/home/caros/DEV/ROS_DEV/ros2_dev/install/examples_rclcpp_minimal_action_client' in the environment variable AMENT_PREFIX_PATH doesn't exist
[2.321s] WARNING:colcon.colcon_ros.prefix_path.ament:The path '/home/caros/DEV/ROS_DEV/ros2_dev/install/cpp_parameters' in the environment variable AMENT_PREFIX_PATH doesn't exist
[2.322s] WARNING:colcon.colcon_ros.prefix_path.ament:The path '/home/caros/DEV/ROS_DEV/ros2_dev/install/action_tutorials_cpp' in the environment variable AMENT_PREFIX_PATH doesn't exist
[2.322s] WARNING:colcon.colcon_ros.prefix_path.ament:The path '/home/caros/DEV/ROS_DEV/ros2_dev/install/action_tutorials_interfaces' in the environment variable AMENT_PREFIX_PATH doesn't exist
[2.322s] WARNING:colcon.colcon_ros.prefix_path.catkin:The path '/home/caros/DEV/ROS_DEV/ros2_dev/install/more_interfaces' in the environment variable CMAKE_PREFIX_PATH doesn't exist
[2.322s] WARNING:colcon.colcon_ros.prefix_path.catkin:The path '/home/caros/DEV/ROS_DEV/ros2_dev/install/cpp_srvcli' in the environment variable CMAKE_PREFIX_PATH doesn't exist
[2.322s] WARNING:colcon.colcon_ros.prefix_path.catkin:The path '/home/caros/DEV/ROS_DEV/ros2_dev/install/cpp_pubsub' in the environment variable CMAKE_PREFIX_PATH doesn't exist
[2.322s] WARNING:colcon.colcon_ros.prefix_path.catkin:The path '/home/caros/DEV/ROS_DEV/ros2_dev/install/tutorial_interfaces' in the environment variable CMAKE_PREFIX_PATH doesn't exist
[2.322s] WARNING:colcon.colcon_ros.prefix_path.catkin:The path '/home/caros/DEV/ROS_DEV/ros2_dev/install/turtlesim' in the environment variable CMAKE_PREFIX_PATH doesn't exist
[2.322s] WARNING:colcon.colcon_ros.prefix_path.catkin:The path '/home/caros/DEV/ROS_DEV/ros2_dev/install/examples_rclcpp_multithreaded_executor' in the environment variable CMAKE_PREFIX_PATH doesn't exist
[2.322s] WARNING:colcon.colcon_ros.prefix_path.catkin:The path '/home/caros/DEV/ROS_DEV/ros2_dev/install/examples_rclcpp_minimal_timer' in the environment variable CMAKE_PREFIX_PATH doesn't exist
[2.322s] WARNING:colcon.colcon_ros.prefix_path.catkin:The path '/home/caros/DEV/ROS_DEV/ros2_dev/install/examples_rclcpp_minimal_subscriber' in the environment variable CMAKE_PREFIX_PATH doesn't exist
[2.322s] WARNING:colcon.colcon_ros.prefix_path.catkin:The path '/home/caros/DEV/ROS_DEV/ros2_dev/install/examples_rclcpp_minimal_service' in the environment variable CMAKE_PREFIX_PATH doesn't exist
[2.322s] WARNING:colcon.colcon_ros.prefix_path.catkin:The path '/home/caros/DEV/ROS_DEV/ros2_dev/install/examples_rclcpp_minimal_publisher' in the environment variable CMAKE_PREFIX_PATH doesn't exist
[2.322s] WARNING:colcon.colcon_ros.prefix_path.catkin:The path '/home/caros/DEV/ROS_DEV/ros2_dev/install/examples_rclcpp_minimal_composition' in the environment variable CMAKE_PREFIX_PATH doesn't exist
[2.322s] WARNING:colcon.colcon_ros.prefix_path.catkin:The path '/home/caros/DEV/ROS_DEV/ros2_dev/install/examples_rclcpp_minimal_client' in the environment variable CMAKE_PREFIX_PATH doesn't exist
[2.322s] WARNING:colcon.colcon_ros.prefix_path.catkin:The path '/home/caros/DEV/ROS_DEV/ros2_dev/install/examples_rclcpp_minimal_action_server' in the environment variable CMAKE_PREFIX_PATH doesn't exist
[2.322s] WARNING:colcon.colcon_ros.prefix_path.catkin:The path '/home/caros/DEV/ROS_DEV/ros2_dev/install/examples_rclcpp_minimal_action_client' in the environment variable CMAKE_PREFIX_PATH doesn't exist
[2.322s] WARNING:colcon.colcon_ros.prefix_path.catkin:The path '/home/caros/DEV/ROS_DEV/ros2_dev/install/cpp_parameters' in the environment variable CMAKE_PREFIX_PATH doesn't exist
[2.322s] WARNING:colcon.colcon_ros.prefix_path.catkin:The path '/home/caros/DEV/ROS_DEV/ros2_dev/install/action_tutorials_cpp' in the environment variable CMAKE_PREFIX_PATH doesn't exist
[2.322s] WARNING:colcon.colcon_ros.prefix_path.catkin:The path '/home/caros/DEV/ROS_DEV/ros2_dev/install/action_tutorials_interfaces' in the environment variable CMAKE_PREFIX_PATH doesn't exist
[2.325s] DEBUG:colcon.colcon_installed_package_information.package_discovery:Found 299 installed packages in /opt/ros/foxy
[2.326s] Level 1:colcon.colcon_core.package_discovery:discover_packages(prefix_path) using defaults
[2.758s] Level 5:colcon.colcon_core.verb:set package 'rslidar_msg' build argument 'cmake_args' from command line to 'None'
[2.758s] Level 5:colcon.colcon_core.verb:set package 'rslidar_msg' build argument 'cmake_target' from command line to 'None'
[2.758s] Level 5:colcon.colcon_core.verb:set package 'rslidar_msg' build argument 'cmake_target_skip_unavailable' from command line to 'False'
[2.759s] Level 5:colcon.colcon_core.verb:set package 'rslidar_msg' build argument 'cmake_clean_cache' from command line to 'False'
[2.759s] Level 5:colcon.colcon_core.verb:set package 'rslidar_msg' build argument 'cmake_clean_first' from command line to 'False'
[2.759s] Level 5:colcon.colcon_core.verb:set package 'rslidar_msg' build argument 'cmake_force_configure' from command line to 'False'
[2.759s] Level 5:colcon.colcon_core.verb:set package 'rslidar_msg' build argument 'ament_cmake_args' from command line to 'None'
[2.759s] Level 5:colcon.colcon_core.verb:set package 'rslidar_msg' build argument 'catkin_cmake_args' from command line to 'None'
[2.759s] Level 5:colcon.colcon_core.verb:set package 'rslidar_msg' build argument 'catkin_skip_building_tests' from command line to 'False'
[2.759s] DEBUG:colcon.colcon_core.verb:Building package 'rslidar_msg' with the following arguments: {'ament_cmake_args': None, 'build_base': '/home/caros/DEV/ROS_DEV/ros2_lidar_navigation/build/rslidar_msg', 'catkin_cmake_args': None, 'catkin_skip_building_tests': False, 'cmake_args': None, 'cmake_clean_cache': False, 'cmake_clean_first': False, 'cmake_force_configure': False, 'cmake_target': None, 'cmake_target_skip_unavailable': False, 'install_base': '/home/caros/DEV/ROS_DEV/ros2_lidar_navigation/install/rslidar_msg', 'merge_install': False, 'path': '/home/caros/DEV/ROS_DEV/ros2_lidar_navigation/src/rslidar_msg', 'symlink_install': False, 'test_result_base': None}
[2.759s] Level 5:colcon.colcon_core.verb:set package 'rslidar_sdk' build argument 'cmake_args' from command line to 'None'
[2.759s] Level 5:colcon.colcon_core.verb:set package 'rslidar_sdk' build argument 'cmake_target' from command line to 'None'
[2.759s] Level 5:colcon.colcon_core.verb:set package 'rslidar_sdk' build argument 'cmake_target_skip_unavailable' from command line to 'False'
[2.759s] Level 5:colcon.colcon_core.verb:set package 'rslidar_sdk' build argument 'cmake_clean_cache' from command line to 'False'
[2.759s] Level 5:colcon.colcon_core.verb:set package 'rslidar_sdk' build argument 'cmake_clean_first' from command line to 'False'
[2.759s] Level 5:colcon.colcon_core.verb:set package 'rslidar_sdk' build argument 'cmake_force_configure' from command line to 'False'
[2.759s] Level 5:colcon.colcon_core.verb:set package 'rslidar_sdk' build argument 'ament_cmake_args' from command line to 'None'
[2.760s] Level 5:colcon.colcon_core.verb:set package 'rslidar_sdk' build argument 'catkin_cmake_args' from command line to 'None'
[2.760s] Level 5:colcon.colcon_core.verb:set package 'rslidar_sdk' build argument 'catkin_skip_building_tests' from command line to 'False'
[2.760s] DEBUG:colcon.colcon_core.verb:Building package 'rslidar_sdk' with the following arguments: {'ament_cmake_args': None, 'build_base': '/home/caros/DEV/ROS_DEV/ros2_lidar_navigation/build/rslidar_sdk', 'catkin_cmake_args': None, 'catkin_skip_building_tests': False, 'cmake_args': None, 'cmake_clean_cache': False, 'cmake_clean_first': False, 'cmake_force_configure': False, 'cmake_target': None, 'cmake_target_skip_unavailable': False, 'install_base': '/home/caros/DEV/ROS_DEV/ros2_lidar_navigation/install/rslidar_sdk', 'merge_install': False, 'path': '/home/caros/DEV/ROS_DEV/ros2_lidar_navigation/src/rslidar_sdk', 'symlink_install': False, 'test_result_base': None}
[2.760s] INFO:colcon.colcon_core.executor:Executing jobs using 'parallel' executor
[2.761s] DEBUG:colcon.colcon_parallel_executor.executor.parallel:run_until_complete
[2.762s] INFO:colcon.colcon_ros.task.ament_cmake.build:Building ROS package in '/home/caros/DEV/ROS_DEV/ros2_lidar_navigation/src/rslidar_msg' with build type 'ament_cmake'
[2.762s] INFO:colcon.colcon_cmake.task.cmake.build:Building CMake package in '/home/caros/DEV/ROS_DEV/ros2_lidar_navigation/src/rslidar_msg'
[2.772s] INFO:colcon.colcon_core.plugin_system:Skipping extension 'colcon_core.shell.bat': Not used on non-Windows systems
[2.773s] INFO:colcon.colcon_core.shell:Skip shell extension 'powershell' for command environment: Not usable outside of PowerShell
[2.773s] DEBUG:colcon.colcon_core.shell:Skip shell extension 'dsv' for command environment
[2.791s] DEBUG:colcon.colcon_core.event_handler.log_command:Invoking command in '/home/caros/DEV/ROS_DEV/ros2_lidar_navigation/build/rslidar_msg': CMAKE_PREFIX_PATH=${CMAKE_PREFIX_PATH}:/home/caros/DEV/ROS_DEV/ros2_dev/install/py_pubsub:/home/caros/DEV/ROS_DEV/ros2_dev/install/py_srvcli:/home/caros/DEV/ROS_DEV/ros2_dev/install/examples_rclpy_minimal_subscriber:/home/caros/DEV/ROS_DEV/ros2_dev/install/examples_rclpy_minimal_service:/home/caros/DEV/ROS_DEV/ros2_dev/install/examples_rclpy_minimal_publisher:/home/caros/DEV/ROS_DEV/ros2_dev/install/examples_rclpy_minimal_client:/home/caros/DEV/ROS_DEV/ros2_dev/install/examples_rclpy_minimal_action_server:/home/caros/DEV/ROS_DEV/ros2_dev/install/examples_rclpy_minimal_action_client:/home/caros/DEV/ROS_DEV/ros2_dev/install/examples_rclpy_executors:/opt/ros/foxy /usr/local/bin/cmake /home/caros/DEV/ROS_DEV/ros2_lidar_navigation/src/rslidar_msg -DCMAKE_INSTALL_PREFIX=/home/caros/DEV/ROS_DEV/ros2_lidar_navigation/install/rslidar_msg
[8.107s] DEBUG:colcon.colcon_core.event_handler.log_command:Invoked command in '/home/caros/DEV/ROS_DEV/ros2_lidar_navigation/build/rslidar_msg' returned '0': CMAKE_PREFIX_PATH=${CMAKE_PREFIX_PATH}:/home/caros/DEV/ROS_DEV/ros2_dev/install/py_pubsub:/home/caros/DEV/ROS_DEV/ros2_dev/install/py_srvcli:/home/caros/DEV/ROS_DEV/ros2_dev/install/examples_rclpy_minimal_subscriber:/home/caros/DEV/ROS_DEV/ros2_dev/install/examples_rclpy_minimal_service:/home/caros/DEV/ROS_DEV/ros2_dev/install/examples_rclpy_minimal_publisher:/home/caros/DEV/ROS_DEV/ros2_dev/install/examples_rclpy_minimal_client:/home/caros/DEV/ROS_DEV/ros2_dev/install/examples_rclpy_minimal_action_server:/home/caros/DEV/ROS_DEV/ros2_dev/install/examples_rclpy_minimal_action_client:/home/caros/DEV/ROS_DEV/ros2_dev/install/examples_rclpy_executors:/opt/ros/foxy /usr/local/bin/cmake /home/caros/DEV/ROS_DEV/ros2_lidar_navigation/src/rslidar_msg -DCMAKE_INSTALL_PREFIX=/home/caros/DEV/ROS_DEV/ros2_lidar_navigation/install/rslidar_msg
[8.113s] DEBUG:colcon.colcon_core.event_handler.log_command:Invoking command in '/home/caros/DEV/ROS_DEV/ros2_lidar_navigation/build/rslidar_msg': CMAKE_PREFIX_PATH=${CMAKE_PREFIX_PATH}:/home/caros/DEV/ROS_DEV/ros2_dev/install/py_pubsub:/home/caros/DEV/ROS_DEV/ros2_dev/install/py_srvcli:/home/caros/DEV/ROS_DEV/ros2_dev/install/examples_rclpy_minimal_subscriber:/home/caros/DEV/ROS_DEV/ros2_dev/install/examples_rclpy_minimal_service:/home/caros/DEV/ROS_DEV/ros2_dev/install/examples_rclpy_minimal_publisher:/home/caros/DEV/ROS_DEV/ros2_dev/install/examples_rclpy_minimal_client:/home/caros/DEV/ROS_DEV/ros2_dev/install/examples_rclpy_minimal_action_server:/home/caros/DEV/ROS_DEV/ros2_dev/install/examples_rclpy_minimal_action_client:/home/caros/DEV/ROS_DEV/ros2_dev/install/examples_rclpy_executors:/opt/ros/foxy /usr/local/bin/cmake --build /home/caros/DEV/ROS_DEV/ros2_lidar_navigation/build/rslidar_msg -- -j48 -l48
[11.979s] DEBUG:colcon.colcon_core.event_handler.log_command:Invoked command in '/home/caros/DEV/ROS_DEV/ros2_lidar_navigation/build/rslidar_msg' returned '0': CMAKE_PREFIX_PATH=${CMAKE_PREFIX_PATH}:/home/caros/DEV/ROS_DEV/ros2_dev/install/py_pubsub:/home/caros/DEV/ROS_DEV/ros2_dev/install/py_srvcli:/home/caros/DEV/ROS_DEV/ros2_dev/install/examples_rclpy_minimal_subscriber:/home/caros/DEV/ROS_DEV/ros2_dev/install/examples_rclpy_minimal_service:/home/caros/DEV/ROS_DEV/ros2_dev/install/examples_rclpy_minimal_publisher:/home/caros/DEV/ROS_DEV/ros2_dev/install/examples_rclpy_minimal_client:/home/caros/DEV/ROS_DEV/ros2_dev/install/examples_rclpy_minimal_action_server:/home/caros/DEV/ROS_DEV/ros2_dev/install/examples_rclpy_minimal_action_client:/home/caros/DEV/ROS_DEV/ros2_dev/install/examples_rclpy_executors:/opt/ros/foxy /usr/local/bin/cmake --build /home/caros/DEV/ROS_DEV/ros2_lidar_navigation/build/rslidar_msg -- -j48 -l48
[11.996s] DEBUG:colcon.colcon_core.event_handler.log_command:Invoking command in '/home/caros/DEV/ROS_DEV/ros2_lidar_navigation/build/rslidar_msg': CMAKE_PREFIX_PATH=${CMAKE_PREFIX_PATH}:/home/caros/DEV/ROS_DEV/ros2_dev/install/py_pubsub:/home/caros/DEV/ROS_DEV/ros2_dev/install/py_srvcli:/home/caros/DEV/ROS_DEV/ros2_dev/install/examples_rclpy_minimal_subscriber:/home/caros/DEV/ROS_DEV/ros2_dev/install/examples_rclpy_minimal_service:/home/caros/DEV/ROS_DEV/ros2_dev/install/examples_rclpy_minimal_publisher:/home/caros/DEV/ROS_DEV/ros2_dev/install/examples_rclpy_minimal_client:/home/caros/DEV/ROS_DEV/ros2_dev/install/examples_rclpy_minimal_action_server:/home/caros/DEV/ROS_DEV/ros2_dev/install/examples_rclpy_minimal_action_client:/home/caros/DEV/ROS_DEV/ros2_dev/install/examples_rclpy_executors:/opt/ros/foxy /usr/local/bin/cmake --install /home/caros/DEV/ROS_DEV/ros2_lidar_navigation/build/rslidar_msg
[12.081s] Level 1:colcon.colcon_core.environment:create_environment_scripts_only(rslidar_msg)
[12.083s] DEBUG:colcon.colcon_core.event_handler.log_command:Invoked command in '/home/caros/DEV/ROS_DEV/ros2_lidar_navigation/build/rslidar_msg' returned '0': CMAKE_PREFIX_PATH=${CMAKE_PREFIX_PATH}:/home/caros/DEV/ROS_DEV/ros2_dev/install/py_pubsub:/home/caros/DEV/ROS_DEV/ros2_dev/install/py_srvcli:/home/caros/DEV/ROS_DEV/ros2_dev/install/examples_rclpy_minimal_subscriber:/home/caros/DEV/ROS_DEV/ros2_dev/install/examples_rclpy_minimal_service:/home/caros/DEV/ROS_DEV/ros2_dev/install/examples_rclpy_minimal_publisher:/home/caros/DEV/ROS_DEV/ros2_dev/install/examples_rclpy_minimal_client:/home/caros/DEV/ROS_DEV/ros2_dev/install/examples_rclpy_minimal_action_server:/home/caros/DEV/ROS_DEV/ros2_dev/install/examples_rclpy_minimal_action_client:/home/caros/DEV/ROS_DEV/ros2_dev/install/examples_rclpy_executors:/opt/ros/foxy /usr/local/bin/cmake --install /home/caros/DEV/ROS_DEV/ros2_lidar_navigation/build/rslidar_msg
[12.122s] Level 1:colcon.colcon_core.environment:checking '/home/caros/DEV/ROS_DEV/ros2_lidar_navigation/install/rslidar_msg' for CMake module files
[12.124s] Level 1:colcon.colcon_core.environment:checking '/home/caros/DEV/ROS_DEV/ros2_lidar_navigation/install/rslidar_msg' for CMake config files
[12.124s] Level 1:colcon.colcon_core.shell:create_environment_hook('rslidar_msg', 'cmake_prefix_path')
[12.125s] INFO:colcon.colcon_core.shell:Creating environment hook '/home/caros/DEV/ROS_DEV/ros2_lidar_navigation/install/rslidar_msg/share/rslidar_msg/hook/cmake_prefix_path.ps1'
[12.129s] INFO:colcon.colcon_core.shell:Creating environment descriptor '/home/caros/DEV/ROS_DEV/ros2_lidar_navigation/install/rslidar_msg/share/rslidar_msg/hook/cmake_prefix_path.dsv'
[12.132s] INFO:colcon.colcon_core.shell:Creating environment hook '/home/caros/DEV/ROS_DEV/ros2_lidar_navigation/install/rslidar_msg/share/rslidar_msg/hook/cmake_prefix_path.sh'
[12.135s] Level 1:colcon.colcon_core.environment:checking '/home/caros/DEV/ROS_DEV/ros2_lidar_navigation/install/rslidar_msg/lib'
[12.135s] Level 1:colcon.colcon_core.shell:create_environment_hook('rslidar_msg', 'ld_library_path_lib')
[12.136s] INFO:colcon.colcon_core.shell:Creating environment hook '/home/caros/DEV/ROS_DEV/ros2_lidar_navigation/install/rslidar_msg/share/rslidar_msg/hook/ld_library_path_lib.ps1'
[12.137s] INFO:colcon.colcon_core.shell:Creating environment descriptor '/home/caros/DEV/ROS_DEV/ros2_lidar_navigation/install/rslidar_msg/share/rslidar_msg/hook/ld_library_path_lib.dsv'
[12.138s] INFO:colcon.colcon_core.shell:Creating environment hook '/home/caros/DEV/ROS_DEV/ros2_lidar_navigation/install/rslidar_msg/share/rslidar_msg/hook/ld_library_path_lib.sh'
[12.139s] Level 1:colcon.colcon_core.environment:checking '/home/caros/DEV/ROS_DEV/ros2_lidar_navigation/install/rslidar_msg/bin'
[12.139s] Level 1:colcon.colcon_core.environment:checking '/home/caros/DEV/ROS_DEV/ros2_lidar_navigation/install/rslidar_msg/lib/pkgconfig/rslidar_msg.pc'
[12.140s] Level 1:colcon.colcon_core.environment:checking '/home/caros/DEV/ROS_DEV/ros2_lidar_navigation/install/rslidar_msg/lib/python3.8/site-packages'
[12.140s] Level 1:colcon.colcon_core.shell:create_environment_hook('rslidar_msg', 'pythonpath')
[12.140s] INFO:colcon.colcon_core.shell:Creating environment hook '/home/caros/DEV/ROS_DEV/ros2_lidar_navigation/install/rslidar_msg/share/rslidar_msg/hook/pythonpath.ps1'
[12.142s] INFO:colcon.colcon_core.shell:Creating environment descriptor '/home/caros/DEV/ROS_DEV/ros2_lidar_navigation/install/rslidar_msg/share/rslidar_msg/hook/pythonpath.dsv'
[12.142s] INFO:colcon.colcon_core.shell:Creating environment hook '/home/caros/DEV/ROS_DEV/ros2_lidar_navigation/install/rslidar_msg/share/rslidar_msg/hook/pythonpath.sh'
[12.144s] Level 1:colcon.colcon_core.environment:checking '/home/caros/DEV/ROS_DEV/ros2_lidar_navigation/install/rslidar_msg/bin'
[12.145s] INFO:colcon.colcon_core.shell:Creating package script '/home/caros/DEV/ROS_DEV/ros2_lidar_navigation/install/rslidar_msg/share/rslidar_msg/package.ps1'
[12.147s] INFO:colcon.colcon_core.shell:Creating package descriptor '/home/caros/DEV/ROS_DEV/ros2_lidar_navigation/install/rslidar_msg/share/rslidar_msg/package.dsv'
[12.157s] INFO:colcon.colcon_core.shell:Creating package script '/home/caros/DEV/ROS_DEV/ros2_lidar_navigation/install/rslidar_msg/share/rslidar_msg/package.sh'
[12.159s] INFO:colcon.colcon_core.shell:Creating package script '/home/caros/DEV/ROS_DEV/ros2_lidar_navigation/install/rslidar_msg/share/rslidar_msg/package.bash'
[12.161s] INFO:colcon.colcon_core.shell:Creating package script '/home/caros/DEV/ROS_DEV/ros2_lidar_navigation/install/rslidar_msg/share/rslidar_msg/package.zsh'
[12.164s] Level 1:colcon.colcon_core.environment:create_file_with_runtime_dependencies(/home/caros/DEV/ROS_DEV/ros2_lidar_navigation/install/rslidar_msg/share/colcon-core/packages/rslidar_msg)
[12.165s] Level 1:colcon.colcon_core.environment:create_environment_scripts_only(rslidar_msg)
[12.166s] Level 1:colcon.colcon_core.environment:checking '/home/caros/DEV/ROS_DEV/ros2_lidar_navigation/install/rslidar_msg' for CMake module files
[12.167s] Level 1:colcon.colcon_core.environment:checking '/home/caros/DEV/ROS_DEV/ros2_lidar_navigation/install/rslidar_msg' for CMake config files
[12.168s] Level 1:colcon.colcon_core.shell:create_environment_hook('rslidar_msg', 'cmake_prefix_path')
[12.168s] INFO:colcon.colcon_core.shell:Creating environment hook '/home/caros/DEV/ROS_DEV/ros2_lidar_navigation/install/rslidar_msg/share/rslidar_msg/hook/cmake_prefix_path.ps1'
[12.169s] INFO:colcon.colcon_core.shell:Creating environment descriptor '/home/caros/DEV/ROS_DEV/ros2_lidar_navigation/install/rslidar_msg/share/rslidar_msg/hook/cmake_prefix_path.dsv'
[12.169s] INFO:colcon.colcon_core.shell:Creating environment hook '/home/caros/DEV/ROS_DEV/ros2_lidar_navigation/install/rslidar_msg/share/rslidar_msg/hook/cmake_prefix_path.sh'
[12.170s] Level 1:colcon.colcon_core.environment:checking '/home/caros/DEV/ROS_DEV/ros2_lidar_navigation/install/rslidar_msg/lib'
[12.170s] Level 1:colcon.colcon_core.shell:create_environment_hook('rslidar_msg', 'ld_library_path_lib')
[12.171s] INFO:colcon.colcon_core.shell:Creating environment hook '/home/caros/DEV/ROS_DEV/ros2_lidar_navigation/install/rslidar_msg/share/rslidar_msg/hook/ld_library_path_lib.ps1'
[12.172s] INFO:colcon.colcon_core.shell:Creating environment descriptor '/home/caros/DEV/ROS_DEV/ros2_lidar_navigation/install/rslidar_msg/share/rslidar_msg/hook/ld_library_path_lib.dsv'
[12.172s] INFO:colcon.colcon_core.shell:Creating environment hook '/home/caros/DEV/ROS_DEV/ros2_lidar_navigation/install/rslidar_msg/share/rslidar_msg/hook/ld_library_path_lib.sh'
[12.173s] Level 1:colcon.colcon_core.environment:checking '/home/caros/DEV/ROS_DEV/ros2_lidar_navigation/install/rslidar_msg/bin'
[12.173s] Level 1:colcon.colcon_core.environment:checking '/home/caros/DEV/ROS_DEV/ros2_lidar_navigation/install/rslidar_msg/lib/pkgconfig/rslidar_msg.pc'
[12.174s] Level 1:colcon.colcon_core.environment:checking '/home/caros/DEV/ROS_DEV/ros2_lidar_navigation/install/rslidar_msg/lib/python3.8/site-packages'
[12.174s] Level 1:colcon.colcon_core.shell:create_environment_hook('rslidar_msg', 'pythonpath')
[12.174s] INFO:colcon.colcon_core.shell:Creating environment hook '/home/caros/DEV/ROS_DEV/ros2_lidar_navigation/install/rslidar_msg/share/rslidar_msg/hook/pythonpath.ps1'
[12.175s] INFO:colcon.colcon_core.shell:Creating environment descriptor '/home/caros/DEV/ROS_DEV/ros2_lidar_navigation/install/rslidar_msg/share/rslidar_msg/hook/pythonpath.dsv'
[12.175s] INFO:colcon.colcon_core.shell:Creating environment hook '/home/caros/DEV/ROS_DEV/ros2_lidar_navigation/install/rslidar_msg/share/rslidar_msg/hook/pythonpath.sh'
[12.176s] Level 1:colcon.colcon_core.environment:checking '/home/caros/DEV/ROS_DEV/ros2_lidar_navigation/install/rslidar_msg/bin'
[12.177s] INFO:colcon.colcon_core.shell:Creating package script '/home/caros/DEV/ROS_DEV/ros2_lidar_navigation/install/rslidar_msg/share/rslidar_msg/package.ps1'
[12.178s] INFO:colcon.colcon_core.shell:Creating package descriptor '/home/caros/DEV/ROS_DEV/ros2_lidar_navigation/install/rslidar_msg/share/rslidar_msg/package.dsv'
[12.179s] INFO:colcon.colcon_core.shell:Creating package script '/home/caros/DEV/ROS_DEV/ros2_lidar_navigation/install/rslidar_msg/share/rslidar_msg/package.sh'
[12.179s] INFO:colcon.colcon_core.shell:Creating package script '/home/caros/DEV/ROS_DEV/ros2_lidar_navigation/install/rslidar_msg/share/rslidar_msg/package.bash'
[12.180s] INFO:colcon.colcon_core.shell:Creating package script '/home/caros/DEV/ROS_DEV/ros2_lidar_navigation/install/rslidar_msg/share/rslidar_msg/package.zsh'
[12.180s] Level 1:colcon.colcon_core.environment:create_file_with_runtime_dependencies(/home/caros/DEV/ROS_DEV/ros2_lidar_navigation/install/rslidar_msg/share/colcon-core/packages/rslidar_msg)
[12.181s] INFO:colcon.colcon_ros.task.ament_cmake.build:Building ROS package in '/home/caros/DEV/ROS_DEV/ros2_lidar_navigation/src/rslidar_sdk' with build type 'ament_cmake'
[12.181s] INFO:colcon.colcon_cmake.task.cmake.build:Building CMake package in '/home/caros/DEV/ROS_DEV/ros2_lidar_navigation/src/rslidar_sdk'
[12.181s] INFO:colcon.colcon_core.shell:Skip shell extension 'powershell' for command environment: Not usable outside of PowerShell
[12.181s] DEBUG:colcon.colcon_core.shell:Skip shell extension 'dsv' for command environment
[12.214s] DEBUG:colcon.colcon_core.event_handler.log_command:Invoking command in '/home/caros/DEV/ROS_DEV/ros2_lidar_navigation/build/rslidar_sdk': AMENT_PREFIX_PATH=/home/caros/DEV/ROS_DEV/ros2_lidar_navigation/install/rslidar_msg:${AMENT_PREFIX_PATH} CMAKE_PREFIX_PATH=/home/caros/DEV/ROS_DEV/ros2_lidar_navigation/install/rslidar_msg:/home/caros/DEV/ROS_DEV/ros2_dev/install/more_interfaces:/home/caros/DEV/ROS_DEV/ros2_dev/install/cpp_srvcli:/home/caros/DEV/ROS_DEV/ros2_dev/install/cpp_pubsub:/home/caros/DEV/ROS_DEV/ros2_dev/install/tutorial_interfaces:/home/caros/DEV/ROS_DEV/ros2_dev/install/turtlesim:/home/caros/DEV/ROS_DEV/ros2_dev/install/examples_rclcpp_multithreaded_executor:/home/caros/DEV/ROS_DEV/ros2_dev/install/examples_rclcpp_minimal_timer:/home/caros/DEV/ROS_DEV/ros2_dev/install/examples_rclcpp_minimal_subscriber:/home/caros/DEV/ROS_DEV/ros2_dev/install/examples_rclcpp_minimal_service:/home/caros/DEV/ROS_DEV/ros2_dev/install/examples_rclcpp_minimal_publisher:/home/caros/DEV/ROS_DEV/ros2_dev/install/examples_rclcpp_minimal_composition:/home/caros/DEV/ROS_DEV/ros2_dev/install/examples_rclcpp_minimal_client:/home/caros/DEV/ROS_DEV/ros2_dev/install/examples_rclcpp_minimal_action_server:/home/caros/DEV/ROS_DEV/ros2_dev/install/examples_rclcpp_minimal_action_client:/home/caros/DEV/ROS_DEV/ros2_dev/install/cpp_parameters:/home/caros/DEV/ROS_DEV/ros2_dev/install/action_tutorials_cpp:/home/caros/DEV/ROS_DEV/ros2_dev/install/action_tutorials_interfaces:/home/caros/DEV/ROS_DEV/ros2_dev/install/py_pubsub:/home/caros/DEV/ROS_DEV/ros2_dev/install/py_srvcli:/home/caros/DEV/ROS_DEV/ros2_dev/install/examples_rclpy_minimal_subscriber:/home/caros/DEV/ROS_DEV/ros2_dev/install/examples_rclpy_minimal_service:/home/caros/DEV/ROS_DEV/ros2_dev/install/examples_rclpy_minimal_publisher:/home/caros/DEV/ROS_DEV/ros2_dev/install/examples_rclpy_minimal_client:/home/caros/DEV/ROS_DEV/ros2_dev/install/examples_rclpy_minimal_action_server:/home/caros/DEV/ROS_DEV/ros2_dev/install/examples_rclpy_minimal_action_client:/home/caros/DEV/ROS_DEV/ros2_dev/install/examples_rclpy_executors:/opt/ros/foxy LD_LIBRARY_PATH=/home/caros/DEV/ROS_DEV/ros2_lidar_navigation/install/rslidar_msg/lib:${LD_LIBRARY_PATH} PYTHONPATH=/home/caros/DEV/ROS_DEV/ros2_lidar_navigation/install/rslidar_msg/lib/python3.8/site-packages:${PYTHONPATH} /usr/local/bin/cmake /home/caros/DEV/ROS_DEV/ros2_lidar_navigation/src/rslidar_sdk -DCMAKE_INSTALL_PREFIX=/home/caros/DEV/ROS_DEV/ros2_lidar_navigation/install/rslidar_sdk
[14.636s] DEBUG:colcon.colcon_core.event_handler.log_command:Invoked command in '/home/caros/DEV/ROS_DEV/ros2_lidar_navigation/build/rslidar_sdk' returned '0': AMENT_PREFIX_PATH=/home/caros/DEV/ROS_DEV/ros2_lidar_navigation/install/rslidar_msg:${AMENT_PREFIX_PATH} CMAKE_PREFIX_PATH=/home/caros/DEV/ROS_DEV/ros2_lidar_navigation/install/rslidar_msg:/home/caros/DEV/ROS_DEV/ros2_dev/install/more_interfaces:/home/caros/DEV/ROS_DEV/ros2_dev/install/cpp_srvcli:/home/caros/DEV/ROS_DEV/ros2_dev/install/cpp_pubsub:/home/caros/DEV/ROS_DEV/ros2_dev/install/tutorial_interfaces:/home/caros/DEV/ROS_DEV/ros2_dev/install/turtlesim:/home/caros/DEV/ROS_DEV/ros2_dev/install/examples_rclcpp_multithreaded_executor:/home/caros/DEV/ROS_DEV/ros2_dev/install/examples_rclcpp_minimal_timer:/home/caros/DEV/ROS_DEV/ros2_dev/install/examples_rclcpp_minimal_subscriber:/home/caros/DEV/ROS_DEV/ros2_dev/install/examples_rclcpp_minimal_service:/home/caros/DEV/ROS_DEV/ros2_dev/install/examples_rclcpp_minimal_publisher:/home/caros/DEV/ROS_DEV/ros2_dev/install/examples_rclcpp_minimal_composition:/home/caros/DEV/ROS_DEV/ros2_dev/install/examples_rclcpp_minimal_client:/home/caros/DEV/ROS_DEV/ros2_dev/install/examples_rclcpp_minimal_action_server:/home/caros/DEV/ROS_DEV/ros2_dev/install/examples_rclcpp_minimal_action_client:/home/caros/DEV/ROS_DEV/ros2_dev/install/cpp_parameters:/home/caros/DEV/ROS_DEV/ros2_dev/install/action_tutorials_cpp:/home/caros/DEV/ROS_DEV/ros2_dev/install/action_tutorials_interfaces:/home/caros/DEV/ROS_DEV/ros2_dev/install/py_pubsub:/home/caros/DEV/ROS_DEV/ros2_dev/install/py_srvcli:/home/caros/DEV/ROS_DEV/ros2_dev/install/examples_rclpy_minimal_subscriber:/home/caros/DEV/ROS_DEV/ros2_dev/install/examples_rclpy_minimal_service:/home/caros/DEV/ROS_DEV/ros2_dev/install/examples_rclpy_minimal_publisher:/home/caros/DEV/ROS_DEV/ros2_dev/install/examples_rclpy_minimal_client:/home/caros/DEV/ROS_DEV/ros2_dev/install/examples_rclpy_minimal_action_server:/home/caros/DEV/ROS_DEV/ros2_dev/install/examples_rclpy_minimal_action_client:/home/caros/DEV/ROS_DEV/ros2_dev/install/examples_rclpy_executors:/opt/ros/foxy LD_LIBRARY_PATH=/home/caros/DEV/ROS_DEV/ros2_lidar_navigation/install/rslidar_msg/lib:${LD_LIBRARY_PATH} PYTHONPATH=/home/caros/DEV/ROS_DEV/ros2_lidar_navigation/install/rslidar_msg/lib/python3.8/site-packages:${PYTHONPATH} /usr/local/bin/cmake /home/caros/DEV/ROS_DEV/ros2_lidar_navigation/src/rslidar_sdk -DCMAKE_INSTALL_PREFIX=/home/caros/DEV/ROS_DEV/ros2_lidar_navigation/install/rslidar_sdk
[14.639s] DEBUG:colcon.colcon_core.event_handler.log_command:Invoking command in '/home/caros/DEV/ROS_DEV/ros2_lidar_navigation/build/rslidar_sdk': AMENT_PREFIX_PATH=/home/caros/DEV/ROS_DEV/ros2_lidar_navigation/install/rslidar_msg:${AMENT_PREFIX_PATH} CMAKE_PREFIX_PATH=/home/caros/DEV/ROS_DEV/ros2_lidar_navigation/install/rslidar_msg:/home/caros/DEV/ROS_DEV/ros2_dev/install/more_interfaces:/home/caros/DEV/ROS_DEV/ros2_dev/install/cpp_srvcli:/home/caros/DEV/ROS_DEV/ros2_dev/install/cpp_pubsub:/home/caros/DEV/ROS_DEV/ros2_dev/install/tutorial_interfaces:/home/caros/DEV/ROS_DEV/ros2_dev/install/turtlesim:/home/caros/DEV/ROS_DEV/ros2_dev/install/examples_rclcpp_multithreaded_executor:/home/caros/DEV/ROS_DEV/ros2_dev/install/examples_rclcpp_minimal_timer:/home/caros/DEV/ROS_DEV/ros2_dev/install/examples_rclcpp_minimal_subscriber:/home/caros/DEV/ROS_DEV/ros2_dev/install/examples_rclcpp_minimal_service:/home/caros/DEV/ROS_DEV/ros2_dev/install/examples_rclcpp_minimal_publisher:/home/caros/DEV/ROS_DEV/ros2_dev/install/examples_rclcpp_minimal_composition:/home/caros/DEV/ROS_DEV/ros2_dev/install/examples_rclcpp_minimal_client:/home/caros/DEV/ROS_DEV/ros2_dev/install/examples_rclcpp_minimal_action_server:/home/caros/DEV/ROS_DEV/ros2_dev/install/examples_rclcpp_minimal_action_client:/home/caros/DEV/ROS_DEV/ros2_dev/install/cpp_parameters:/home/caros/DEV/ROS_DEV/ros2_dev/install/action_tutorials_cpp:/home/caros/DEV/ROS_DEV/ros2_dev/install/action_tutorials_interfaces:/home/caros/DEV/ROS_DEV/ros2_dev/install/py_pubsub:/home/caros/DEV/ROS_DEV/ros2_dev/install/py_srvcli:/home/caros/DEV/ROS_DEV/ros2_dev/install/examples_rclpy_minimal_subscriber:/home/caros/DEV/ROS_DEV/ros2_dev/install/examples_rclpy_minimal_service:/home/caros/DEV/ROS_DEV/ros2_dev/install/examples_rclpy_minimal_publisher:/home/caros/DEV/ROS_DEV/ros2_dev/install/examples_rclpy_minimal_client:/home/caros/DEV/ROS_DEV/ros2_dev/install/examples_rclpy_minimal_action_server:/home/caros/DEV/ROS_DEV/ros2_dev/install/examples_rclpy_minimal_action_client:/home/caros/DEV/ROS_DEV/ros2_dev/install/examples_rclpy_executors:/opt/ros/foxy LD_LIBRARY_PATH=/home/caros/DEV/ROS_DEV/ros2_lidar_navigation/install/rslidar_msg/lib:${LD_LIBRARY_PATH} PYTHONPATH=/home/caros/DEV/ROS_DEV/ros2_lidar_navigation/install/rslidar_msg/lib/python3.8/site-packages:${PYTHONPATH} /usr/local/bin/cmake --build /home/caros/DEV/ROS_DEV/ros2_lidar_navigation/build/rslidar_sdk -- -j48 -l48
[32.535s] DEBUG:colcon.colcon_core.event_handler.log_command:Invoked command in '/home/caros/DEV/ROS_DEV/ros2_lidar_navigation/build/rslidar_sdk' returned '0': AMENT_PREFIX_PATH=/home/caros/DEV/ROS_DEV/ros2_lidar_navigation/install/rslidar_msg:${AMENT_PREFIX_PATH} CMAKE_PREFIX_PATH=/home/caros/DEV/ROS_DEV/ros2_lidar_navigation/install/rslidar_msg:/home/caros/DEV/ROS_DEV/ros2_dev/install/more_interfaces:/home/caros/DEV/ROS_DEV/ros2_dev/install/cpp_srvcli:/home/caros/DEV/ROS_DEV/ros2_dev/install/cpp_pubsub:/home/caros/DEV/ROS_DEV/ros2_dev/install/tutorial_interfaces:/home/caros/DEV/ROS_DEV/ros2_dev/install/turtlesim:/home/caros/DEV/ROS_DEV/ros2_dev/install/examples_rclcpp_multithreaded_executor:/home/caros/DEV/ROS_DEV/ros2_dev/install/examples_rclcpp_minimal_timer:/home/caros/DEV/ROS_DEV/ros2_dev/install/examples_rclcpp_minimal_subscriber:/home/caros/DEV/ROS_DEV/ros2_dev/install/examples_rclcpp_minimal_service:/home/caros/DEV/ROS_DEV/ros2_dev/install/examples_rclcpp_minimal_publisher:/home/caros/DEV/ROS_DEV/ros2_dev/install/examples_rclcpp_minimal_composition:/home/caros/DEV/ROS_DEV/ros2_dev/install/examples_rclcpp_minimal_client:/home/caros/DEV/ROS_DEV/ros2_dev/install/examples_rclcpp_minimal_action_server:/home/caros/DEV/ROS_DEV/ros2_dev/install/examples_rclcpp_minimal_action_client:/home/caros/DEV/ROS_DEV/ros2_dev/install/cpp_parameters:/home/caros/DEV/ROS_DEV/ros2_dev/install/action_tutorials_cpp:/home/caros/DEV/ROS_DEV/ros2_dev/install/action_tutorials_interfaces:/home/caros/DEV/ROS_DEV/ros2_dev/install/py_pubsub:/home/caros/DEV/ROS_DEV/ros2_dev/install/py_srvcli:/home/caros/DEV/ROS_DEV/ros2_dev/install/examples_rclpy_minimal_subscriber:/home/caros/DEV/ROS_DEV/ros2_dev/install/examples_rclpy_minimal_service:/home/caros/DEV/ROS_DEV/ros2_dev/install/examples_rclpy_minimal_publisher:/home/caros/DEV/ROS_DEV/ros2_dev/install/examples_rclpy_minimal_client:/home/caros/DEV/ROS_DEV/ros2_dev/install/examples_rclpy_minimal_action_server:/home/caros/DEV/ROS_DEV/ros2_dev/install/examples_rclpy_minimal_action_client:/home/caros/DEV/ROS_DEV/ros2_dev/install/examples_rclpy_executors:/opt/ros/foxy LD_LIBRARY_PATH=/home/caros/DEV/ROS_DEV/ros2_lidar_navigation/install/rslidar_msg/lib:${LD_LIBRARY_PATH} PYTHONPATH=/home/caros/DEV/ROS_DEV/ros2_lidar_navigation/install/rslidar_msg/lib/python3.8/site-packages:${PYTHONPATH} /usr/local/bin/cmake --build /home/caros/DEV/ROS_DEV/ros2_lidar_navigation/build/rslidar_sdk -- -j48 -l48
[32.541s] DEBUG:colcon.colcon_core.event_handler.log_command:Invoking command in '/home/caros/DEV/ROS_DEV/ros2_lidar_navigation/build/rslidar_sdk': AMENT_PREFIX_PATH=/home/caros/DEV/ROS_DEV/ros2_lidar_navigation/install/rslidar_msg:${AMENT_PREFIX_PATH} CMAKE_PREFIX_PATH=/home/caros/DEV/ROS_DEV/ros2_lidar_navigation/install/rslidar_msg:/home/caros/DEV/ROS_DEV/ros2_dev/install/more_interfaces:/home/caros/DEV/ROS_DEV/ros2_dev/install/cpp_srvcli:/home/caros/DEV/ROS_DEV/ros2_dev/install/cpp_pubsub:/home/caros/DEV/ROS_DEV/ros2_dev/install/tutorial_interfaces:/home/caros/DEV/ROS_DEV/ros2_dev/install/turtlesim:/home/caros/DEV/ROS_DEV/ros2_dev/install/examples_rclcpp_multithreaded_executor:/home/caros/DEV/ROS_DEV/ros2_dev/install/examples_rclcpp_minimal_timer:/home/caros/DEV/ROS_DEV/ros2_dev/install/examples_rclcpp_minimal_subscriber:/home/caros/DEV/ROS_DEV/ros2_dev/install/examples_rclcpp_minimal_service:/home/caros/DEV/ROS_DEV/ros2_dev/install/examples_rclcpp_minimal_publisher:/home/caros/DEV/ROS_DEV/ros2_dev/install/examples_rclcpp_minimal_composition:/home/caros/DEV/ROS_DEV/ros2_dev/install/examples_rclcpp_minimal_client:/home/caros/DEV/ROS_DEV/ros2_dev/install/examples_rclcpp_minimal_action_server:/home/caros/DEV/ROS_DEV/ros2_dev/install/examples_rclcpp_minimal_action_client:/home/caros/DEV/ROS_DEV/ros2_dev/install/cpp_parameters:/home/caros/DEV/ROS_DEV/ros2_dev/install/action_tutorials_cpp:/home/caros/DEV/ROS_DEV/ros2_dev/install/action_tutorials_interfaces:/home/caros/DEV/ROS_DEV/ros2_dev/install/py_pubsub:/home/caros/DEV/ROS_DEV/ros2_dev/install/py_srvcli:/home/caros/DEV/ROS_DEV/ros2_dev/install/examples_rclpy_minimal_subscriber:/home/caros/DEV/ROS_DEV/ros2_dev/install/examples_rclpy_minimal_service:/home/caros/DEV/ROS_DEV/ros2_dev/install/examples_rclpy_minimal_publisher:/home/caros/DEV/ROS_DEV/ros2_dev/install/examples_rclpy_minimal_client:/home/caros/DEV/ROS_DEV/ros2_dev/install/examples_rclpy_minimal_action_server:/home/caros/DEV/ROS_DEV/ros2_dev/install/examples_rclpy_minimal_action_client:/home/caros/DEV/ROS_DEV/ros2_dev/install/examples_rclpy_executors:/opt/ros/foxy LD_LIBRARY_PATH=/home/caros/DEV/ROS_DEV/ros2_lidar_navigation/install/rslidar_msg/lib:${LD_LIBRARY_PATH} PYTHONPATH=/home/caros/DEV/ROS_DEV/ros2_lidar_navigation/install/rslidar_msg/lib/python3.8/site-packages:${PYTHONPATH} /usr/local/bin/cmake --install /home/caros/DEV/ROS_DEV/ros2_lidar_navigation/build/rslidar_sdk
[32.557s] Level 1:colcon.colcon_core.environment:create_environment_scripts_only(rslidar_sdk)
[32.558s] Level 1:colcon.colcon_core.environment:checking '/home/caros/DEV/ROS_DEV/ros2_lidar_navigation/install/rslidar_sdk' for CMake module files
[32.559s] DEBUG:colcon.colcon_core.event_handler.log_command:Invoked command in '/home/caros/DEV/ROS_DEV/ros2_lidar_navigation/build/rslidar_sdk' returned '0': AMENT_PREFIX_PATH=/home/caros/DEV/ROS_DEV/ros2_lidar_navigation/install/rslidar_msg:${AMENT_PREFIX_PATH} CMAKE_PREFIX_PATH=/home/caros/DEV/ROS_DEV/ros2_lidar_navigation/install/rslidar_msg:/home/caros/DEV/ROS_DEV/ros2_dev/install/more_interfaces:/home/caros/DEV/ROS_DEV/ros2_dev/install/cpp_srvcli:/home/caros/DEV/ROS_DEV/ros2_dev/install/cpp_pubsub:/home/caros/DEV/ROS_DEV/ros2_dev/install/tutorial_interfaces:/home/caros/DEV/ROS_DEV/ros2_dev/install/turtlesim:/home/caros/DEV/ROS_DEV/ros2_dev/install/examples_rclcpp_multithreaded_executor:/home/caros/DEV/ROS_DEV/ros2_dev/install/examples_rclcpp_minimal_timer:/home/caros/DEV/ROS_DEV/ros2_dev/install/examples_rclcpp_minimal_subscriber:/home/caros/DEV/ROS_DEV/ros2_dev/install/examples_rclcpp_minimal_service:/home/caros/DEV/ROS_DEV/ros2_dev/install/examples_rclcpp_minimal_publisher:/home/caros/DEV/ROS_DEV/ros2_dev/install/examples_rclcpp_minimal_composition:/home/caros/DEV/ROS_DEV/ros2_dev/install/examples_rclcpp_minimal_client:/home/caros/DEV/ROS_DEV/ros2_dev/install/examples_rclcpp_minimal_action_server:/home/caros/DEV/ROS_DEV/ros2_dev/install/examples_rclcpp_minimal_action_client:/home/caros/DEV/ROS_DEV/ros2_dev/install/cpp_parameters:/home/caros/DEV/ROS_DEV/ros2_dev/install/action_tutorials_cpp:/home/caros/DEV/ROS_DEV/ros2_dev/install/action_tutorials_interfaces:/home/caros/DEV/ROS_DEV/ros2_dev/install/py_pubsub:/home/caros/DEV/ROS_DEV/ros2_dev/install/py_srvcli:/home/caros/DEV/ROS_DEV/ros2_dev/install/examples_rclpy_minimal_subscriber:/home/caros/DEV/ROS_DEV/ros2_dev/install/examples_rclpy_minimal_service:/home/caros/DEV/ROS_DEV/ros2_dev/install/examples_rclpy_minimal_publisher:/home/caros/DEV/ROS_DEV/ros2_dev/install/examples_rclpy_minimal_client:/home/caros/DEV/ROS_DEV/ros2_dev/install/examples_rclpy_minimal_action_server:/home/caros/DEV/ROS_DEV/ros2_dev/install/examples_rclpy_minimal_action_client:/home/caros/DEV/ROS_DEV/ros2_dev/install/examples_rclpy_executors:/opt/ros/foxy LD_LIBRARY_PATH=/home/caros/DEV/ROS_DEV/ros2_lidar_navigation/install/rslidar_msg/lib:${LD_LIBRARY_PATH} PYTHONPATH=/home/caros/DEV/ROS_DEV/ros2_lidar_navigation/install/rslidar_msg/lib/python3.8/site-packages:${PYTHONPATH} /usr/local/bin/cmake --install /home/caros/DEV/ROS_DEV/ros2_lidar_navigation/build/rslidar_sdk
[32.560s] Level 1:colcon.colcon_core.environment:checking '/home/caros/DEV/ROS_DEV/ros2_lidar_navigation/install/rslidar_sdk' for CMake config files
[32.561s] Level 1:colcon.colcon_core.shell:create_environment_hook('rslidar_sdk', 'cmake_prefix_path')
[32.562s] INFO:colcon.colcon_core.shell:Creating environment hook '/home/caros/DEV/ROS_DEV/ros2_lidar_navigation/install/rslidar_sdk/share/rslidar_sdk/hook/cmake_prefix_path.ps1'
[32.563s] INFO:colcon.colcon_core.shell:Creating environment descriptor '/home/caros/DEV/ROS_DEV/ros2_lidar_navigation/install/rslidar_sdk/share/rslidar_sdk/hook/cmake_prefix_path.dsv'
[32.564s] INFO:colcon.colcon_core.shell:Creating environment hook '/home/caros/DEV/ROS_DEV/ros2_lidar_navigation/install/rslidar_sdk/share/rslidar_sdk/hook/cmake_prefix_path.sh'
[32.566s] Level 1:colcon.colcon_core.environment:checking '/home/caros/DEV/ROS_DEV/ros2_lidar_navigation/install/rslidar_sdk/lib'
[32.567s] Level 1:colcon.colcon_core.environment:checking '/home/caros/DEV/ROS_DEV/ros2_lidar_navigation/install/rslidar_sdk/bin'
[32.567s] Level 1:colcon.colcon_core.environment:checking '/home/caros/DEV/ROS_DEV/ros2_lidar_navigation/install/rslidar_sdk/lib/pkgconfig/rslidar_sdk.pc'
[32.568s] Level 1:colcon.colcon_core.environment:checking '/home/caros/DEV/ROS_DEV/ros2_lidar_navigation/install/rslidar_sdk/lib/python3.8/site-packages'
[32.569s] Level 1:colcon.colcon_core.environment:checking '/home/caros/DEV/ROS_DEV/ros2_lidar_navigation/install/rslidar_sdk/bin'
[32.570s] INFO:colcon.colcon_core.shell:Creating package script '/home/caros/DEV/ROS_DEV/ros2_lidar_navigation/install/rslidar_sdk/share/rslidar_sdk/package.ps1'
[32.572s] INFO:colcon.colcon_core.shell:Creating package descriptor '/home/caros/DEV/ROS_DEV/ros2_lidar_navigation/install/rslidar_sdk/share/rslidar_sdk/package.dsv'
[32.573s] INFO:colcon.colcon_core.shell:Creating package script '/home/caros/DEV/ROS_DEV/ros2_lidar_navigation/install/rslidar_sdk/share/rslidar_sdk/package.sh'
[32.574s] INFO:colcon.colcon_core.shell:Creating package script '/home/caros/DEV/ROS_DEV/ros2_lidar_navigation/install/rslidar_sdk/share/rslidar_sdk/package.bash'
[32.574s] INFO:colcon.colcon_core.shell:Creating package script '/home/caros/DEV/ROS_DEV/ros2_lidar_navigation/install/rslidar_sdk/share/rslidar_sdk/package.zsh'
[32.575s] Level 1:colcon.colcon_core.environment:create_file_with_runtime_dependencies(/home/caros/DEV/ROS_DEV/ros2_lidar_navigation/install/rslidar_sdk/share/colcon-core/packages/rslidar_sdk)
[32.578s] Level 1:colcon.colcon_core.environment:create_environment_scripts_only(rslidar_sdk)
[32.578s] Level 1:colcon.colcon_core.environment:checking '/home/caros/DEV/ROS_DEV/ros2_lidar_navigation/install/rslidar_sdk' for CMake module files
[32.579s] Level 1:colcon.colcon_core.environment:checking '/home/caros/DEV/ROS_DEV/ros2_lidar_navigation/install/rslidar_sdk' for CMake config files
[32.579s] Level 1:colcon.colcon_core.shell:create_environment_hook('rslidar_sdk', 'cmake_prefix_path')
[32.580s] INFO:colcon.colcon_core.shell:Creating environment hook '/home/caros/DEV/ROS_DEV/ros2_lidar_navigation/install/rslidar_sdk/share/rslidar_sdk/hook/cmake_prefix_path.ps1'
[32.581s] INFO:colcon.colcon_core.shell:Creating environment descriptor '/home/caros/DEV/ROS_DEV/ros2_lidar_navigation/install/rslidar_sdk/share/rslidar_sdk/hook/cmake_prefix_path.dsv'
[32.581s] INFO:colcon.colcon_core.shell:Creating environment hook '/home/caros/DEV/ROS_DEV/ros2_lidar_navigation/install/rslidar_sdk/share/rslidar_sdk/hook/cmake_prefix_path.sh'
[32.582s] Level 1:colcon.colcon_core.environment:checking '/home/caros/DEV/ROS_DEV/ros2_lidar_navigation/install/rslidar_sdk/lib'
[32.582s] Level 1:colcon.colcon_core.environment:checking '/home/caros/DEV/ROS_DEV/ros2_lidar_navigation/install/rslidar_sdk/bin'
[32.582s] Level 1:colcon.colcon_core.environment:checking '/home/caros/DEV/ROS_DEV/ros2_lidar_navigation/install/rslidar_sdk/lib/pkgconfig/rslidar_sdk.pc'
[32.582s] Level 1:colcon.colcon_core.environment:checking '/home/caros/DEV/ROS_DEV/ros2_lidar_navigation/install/rslidar_sdk/lib/python3.8/site-packages'
[32.582s] Level 1:colcon.colcon_core.environment:checking '/home/caros/DEV/ROS_DEV/ros2_lidar_navigation/install/rslidar_sdk/bin'
[32.583s] INFO:colcon.colcon_core.shell:Creating package script '/home/caros/DEV/ROS_DEV/ros2_lidar_navigation/install/rslidar_sdk/share/rslidar_sdk/package.ps1'
[32.583s] INFO:colcon.colcon_core.shell:Creating package descriptor '/home/caros/DEV/ROS_DEV/ros2_lidar_navigation/install/rslidar_sdk/share/rslidar_sdk/package.dsv'
[32.584s] INFO:colcon.colcon_core.shell:Creating package script '/home/caros/DEV/ROS_DEV/ros2_lidar_navigation/install/rslidar_sdk/share/rslidar_sdk/package.sh'
[32.585s] INFO:colcon.colcon_core.shell:Creating package script '/home/caros/DEV/ROS_DEV/ros2_lidar_navigation/install/rslidar_sdk/share/rslidar_sdk/package.bash'
[32.585s] INFO:colcon.colcon_core.shell:Creating package script '/home/caros/DEV/ROS_DEV/ros2_lidar_navigation/install/rslidar_sdk/share/rslidar_sdk/package.zsh'
[32.586s] Level 1:colcon.colcon_core.environment:create_file_with_runtime_dependencies(/home/caros/DEV/ROS_DEV/ros2_lidar_navigation/install/rslidar_sdk/share/colcon-core/packages/rslidar_sdk)
[32.586s] DEBUG:colcon.colcon_parallel_executor.executor.parallel:closing loop
[32.586s] DEBUG:colcon.colcon_parallel_executor.executor.parallel:loop closed
[32.586s] DEBUG:colcon.colcon_parallel_executor.executor.parallel:run_until_complete finished with '0'
[32.586s] DEBUG:colcon.colcon_core.event_reactor:joining thread
[32.618s] INFO:colcon.colcon_core.plugin_system:Skipping extension 'colcon_notification.desktop_notification.terminal_notifier': Not used on non-Darwin systems
[32.618s] INFO:colcon.colcon_core.plugin_system:Skipping extension 'colcon_notification.desktop_notification.win32': Not used on non-Windows systems
[32.619s] INFO:colcon.colcon_notification.desktop_notification:Sending desktop notification using 'notify2'
[32.689s] DEBUG:colcon.colcon_core.event_reactor:joined thread
[32.690s] INFO:colcon.colcon_core.shell:Creating prefix script '/home/caros/DEV/ROS_DEV/ros2_lidar_navigation/install/local_setup.ps1'
[32.693s] INFO:colcon.colcon_core.shell:Creating prefix util module '/home/caros/DEV/ROS_DEV/ros2_lidar_navigation/install/_local_setup_util_ps1.py'
[32.697s] INFO:colcon.colcon_core.shell:Creating prefix chain script '/home/caros/DEV/ROS_DEV/ros2_lidar_navigation/install/setup.ps1'
[32.711s] INFO:colcon.colcon_core.shell:Creating prefix script '/home/caros/DEV/ROS_DEV/ros2_lidar_navigation/install/local_setup.sh'
[32.720s] INFO:colcon.colcon_core.shell:Creating prefix util module '/home/caros/DEV/ROS_DEV/ros2_lidar_navigation/install/_local_setup_util_sh.py'
[32.722s] INFO:colcon.colcon_core.shell:Creating prefix chain script '/home/caros/DEV/ROS_DEV/ros2_lidar_navigation/install/setup.sh'
[32.726s] INFO:colcon.colcon_core.shell:Creating prefix script '/home/caros/DEV/ROS_DEV/ros2_lidar_navigation/install/local_setup.bash'
[32.729s] INFO:colcon.colcon_core.shell:Creating prefix chain script '/home/caros/DEV/ROS_DEV/ros2_lidar_navigation/install/setup.bash'
[32.732s] INFO:colcon.colcon_core.shell:Creating prefix script '/home/caros/DEV/ROS_DEV/ros2_lidar_navigation/install/local_setup.zsh'
[32.733s] INFO:colcon.colcon_core.shell:Creating prefix chain script '/home/caros/DEV/ROS_DEV/ros2_lidar_navigation/install/setup.zsh'
