[0.028s] Invoking command in '/home/caros/DEV/ROS_DEV/ros2_lidar_navigation/build/rslidar_msg': CMAKE_PREFIX_PATH=${CMAKE_PREFIX_PATH}:/home/caros/DEV/ROS_DEV/ros2_dev/install/py_pubsub:/home/caros/DEV/ROS_DEV/ros2_dev/install/py_srvcli:/home/caros/DEV/ROS_DEV/ros2_dev/install/examples_rclpy_minimal_subscriber:/home/caros/DEV/ROS_DEV/ros2_dev/install/examples_rclpy_minimal_service:/home/caros/DEV/ROS_DEV/ros2_dev/install/examples_rclpy_minimal_publisher:/home/caros/DEV/ROS_DEV/ros2_dev/install/examples_rclpy_minimal_client:/home/caros/DEV/ROS_DEV/ros2_dev/install/examples_rclpy_minimal_action_server:/home/caros/DEV/ROS_DEV/ros2_dev/install/examples_rclpy_minimal_action_client:/home/caros/DEV/ROS_DEV/ros2_dev/install/examples_rclpy_executors:/opt/ros/foxy /usr/local/bin/cmake /home/caros/DEV/ROS_DEV/ros2_lidar_navigation/src/rslidar_msg -DCMAKE_INSTALL_PREFIX=/home/caros/DEV/ROS_DEV/ros2_lidar_navigation/install/rslidar_msg
[0.383s] [0mCMake Deprecation Warning at CMakeLists.txt:1 (cmake_minimum_required):
[0.383s]   Compatibility with CMake < 3.10 will be removed from a future version of
[0.383s]   CMake.
[0.383s] 
[0.384s]   Update the VERSION argument <min> value.  Or, use the <min>...<max> syntax
[0.384s]   to tell CMake that the project requires at least <min> but has been updated
[0.384s]   to work with policies introduced by <max> or earlier.
[0.384s] 
[0.384s] [0m
[1.376s] -- The C compiler identification is GNU 9.4.0
[1.670s] -- The CXX compiler identification is GNU 9.4.0
[1.712s] -- Detecting C compiler ABI info
[1.897s] -- Detecting C compiler ABI info - done
[1.931s] -- Check for working C compiler: /usr/bin/cc - skipped
[1.947s] -- Detecting C compile features
[1.949s] -- Detecting C compile features - done
[1.996s] -- Detecting CXX compiler ABI info
[2.149s] -- Detecting CXX compiler ABI info - done
[2.185s] -- Check for working CXX compiler: /usr/bin/c++ - skipped
[2.185s] -- Detecting CXX compile features
[2.185s] -- Detecting CXX compile features - done
[2.250s] -- Found ament_cmake: 0.9.12 (/opt/ros/foxy/share/ament_cmake/cmake)
[2.268s] [33mCMake Warning (dev) at /opt/ros/foxy/share/ament_cmake_core/cmake/core/python.cmake:22 (find_package):
[2.269s]   Policy CMP0148 is not set: The FindPythonInterp and FindPythonLibs modules
[2.269s]   are removed.  Run "cmake --help-policy CMP0148" for policy details.  Use
[2.269s]   the cmake_policy command to set the policy and suppress this warning.
[2.269s] 
[2.269s] Call Stack (most recent call first):
[2.270s]   /opt/ros/foxy/share/ament_cmake_core/cmake/core/all.cmake:53 (include)
[2.270s]   /opt/ros/foxy/share/ament_cmake_core/cmake/ament_cmake_core-extras.cmake:17 (include)
[2.270s]   /opt/ros/foxy/share/ament_cmake_core/cmake/ament_cmake_coreConfig.cmake:41 (include)
[2.270s]   /opt/ros/foxy/share/ament_cmake/cmake/ament_cmake_export_dependencies-extras.cmake:15 (find_package)
[2.270s]   /opt/ros/foxy/share/ament_cmake/cmake/ament_cmakeConfig.cmake:41 (include)
[2.270s]   CMakeLists.txt:19 (find_package)
[2.271s] This warning is for project developers.  Use -Wno-dev to suppress it.
[2.271s] [0m
[2.316s] -- Found PythonInterp: /usr/bin/python3 (found suitable version "3.8.10", minimum required is "3")
[2.316s] -- Using PYTHON_EXECUTABLE: /usr/bin/python3
[2.643s] -- Found std_msgs: 2.0.5 (/opt/ros/foxy/share/std_msgs/cmake)
[2.752s] -- Using all available rosidl_typesupport_c: rosidl_typesupport_fastrtps_c;rosidl_typesupport_introspection_c
[2.782s] -- Found rosidl_adapter: 1.3.1 (/opt/ros/foxy/share/rosidl_adapter/cmake)
[3.188s] -- Found OpenSSL: /usr/lib/x86_64-linux-gnu/libcrypto.so (found version "1.1.1f")
[3.243s] -- Found FastRTPS: /opt/ros/foxy/include
[3.372s] -- Using all available rosidl_typesupport_cpp: rosidl_typesupport_fastrtps_cpp;rosidl_typesupport_introspection_cpp
[3.461s] -- Found rclcpp: 2.4.3 (/opt/ros/foxy/share/rclcpp/cmake)
[3.548s] -- Found rmw_implementation_cmake: 1.0.4 (/opt/ros/foxy/share/rmw_implementation_cmake/cmake)
[3.550s] -- Using RMW implementation 'rmw_fastrtps_cpp' as default
[3.551s] -- Performing Test CMAKE_HAVE_LIBC_PTHREAD
[3.690s] -- Performing Test CMAKE_HAVE_LIBC_PTHREAD - Failed
[3.690s] -- Looking for pthread_create in pthreads
[3.817s] -- Looking for pthread_create in pthreads - not found
[3.817s] -- Looking for pthread_create in pthread
[3.968s] -- Looking for pthread_create in pthread - found
[3.972s] -- Found Threads: TRUE
[4.216s] -- Found rosidl_default_generators: 1.0.1 (/opt/ros/foxy/share/rosidl_default_generators/cmake)
[4.233s] [33mCMake Warning (dev) at /opt/ros/foxy/share/rosidl_adapter/cmake/rosidl_adapt_interfaces.cmake:40 (find_package):
[4.233s]   Policy CMP0148 is not set: The FindPythonInterp and FindPythonLibs modules
[4.233s]   are removed.  Run "cmake --help-policy CMP0148" for policy details.  Use
[4.234s]   the cmake_policy command to set the policy and suppress this warning.
[4.234s] 
[4.234s] Call Stack (most recent call first):
[4.234s]   /opt/ros/foxy/share/rosidl_cmake/cmake/rosidl_generate_interfaces.cmake:130 (rosidl_adapt_interfaces)
[4.234s]   CMakeLists.txt:25 (rosidl_generate_interfaces)
[4.234s] This warning is for project developers.  Use -Wno-dev to suppress it.
[4.235s] [0m
[4.274s] -- Found PythonInterp: /usr/bin/python3 (found version "3.8.10")
[4.508s] -- Found ament_cmake_ros: 0.9.2 (/opt/ros/foxy/share/ament_cmake_ros/cmake)
[4.731s] -- Using all available rosidl_typesupport_c: rosidl_typesupport_fastrtps_c;rosidl_typesupport_introspection_c
[4.804s] -- Using all available rosidl_typesupport_cpp: rosidl_typesupport_fastrtps_cpp;rosidl_typesupport_introspection_cpp
[4.810s] [33mCMake Warning (dev) at /opt/ros/foxy/share/rosidl_generator_py/cmake/rosidl_generator_py_generate_interfaces.cmake:20 (find_package):
[4.810s]   Policy CMP0148 is not set: The FindPythonInterp and FindPythonLibs modules
[4.810s]   are removed.  Run "cmake --help-policy CMP0148" for policy details.  Use
[4.811s]   the cmake_policy command to set the policy and suppress this warning.
[4.811s] 
[4.811s] Call Stack (most recent call first):
[4.811s]   /opt/ros/foxy/share/ament_cmake_core/cmake/core/ament_execute_extensions.cmake:48 (include)
[4.811s]   /opt/ros/foxy/share/rosidl_cmake/cmake/rosidl_generate_interfaces.cmake:286 (ament_execute_extensions)
[4.811s]   CMakeLists.txt:25 (rosidl_generate_interfaces)
[4.811s] This warning is for project developers.  Use -Wno-dev to suppress it.
[4.811s] [0m
[4.852s] -- Found PythonInterp: /usr/bin/python3 (found suitable version "3.8.10", minimum required is "3.5")
[4.868s] -- Found python_cmake_module: 0.8.1 (/opt/ros/foxy/share/python_cmake_module/cmake)
[4.877s] [33mCMake Warning (dev) at /opt/ros/foxy/share/python_cmake_module/cmake/Modules/FindPythonExtra.cmake:45 (find_package):
[4.877s]   Policy CMP0148 is not set: The FindPythonInterp and FindPythonLibs modules
[4.877s]   are removed.  Run "cmake --help-policy CMP0148" for policy details.  Use
[4.878s]   the cmake_policy command to set the policy and suppress this warning.
[4.878s] 
[4.878s] Call Stack (most recent call first):
[4.878s]   /opt/ros/foxy/share/rosidl_generator_py/cmake/rosidl_generator_py_generate_interfaces.cmake:23 (find_package)
[4.879s]   /opt/ros/foxy/share/ament_cmake_core/cmake/core/ament_execute_extensions.cmake:48 (include)
[4.879s]   /opt/ros/foxy/share/rosidl_cmake/cmake/rosidl_generate_interfaces.cmake:286 (ament_execute_extensions)
[4.879s]   CMakeLists.txt:25 (rosidl_generate_interfaces)
[4.879s] This warning is for project developers.  Use -Wno-dev to suppress it.
[4.879s] [0m
[4.923s] [33mCMake Warning (dev) at /opt/ros/foxy/share/python_cmake_module/cmake/Modules/FindPythonExtra.cmake:133 (find_package):
[4.923s]   Policy CMP0148 is not set: The FindPythonInterp and FindPythonLibs modules
[4.924s]   are removed.  Run "cmake --help-policy CMP0148" for policy details.  Use
[4.924s]   the cmake_policy command to set the policy and suppress this warning.
[4.924s] 
[4.924s] Call Stack (most recent call first):
[4.925s]   /opt/ros/foxy/share/rosidl_generator_py/cmake/rosidl_generator_py_generate_interfaces.cmake:23 (find_package)
[4.925s]   /opt/ros/foxy/share/ament_cmake_core/cmake/core/ament_execute_extensions.cmake:48 (include)
[4.925s]   /opt/ros/foxy/share/rosidl_cmake/cmake/rosidl_generate_interfaces.cmake:286 (ament_execute_extensions)
[4.926s]   CMakeLists.txt:25 (rosidl_generate_interfaces)
[4.926s] This warning is for project developers.  Use -Wno-dev to suppress it.
[4.926s] [0m
[4.942s] -- Found PythonLibs: /usr/lib/x86_64-linux-gnu/libpython3.8.so (found suitable version "3.8.10", minimum required is "3.5")
[4.942s] -- Using PYTHON_EXECUTABLE: /usr/bin/python3
[4.942s] -- Using PYTHON_INCLUDE_DIRS: /usr/include/python3.8
[4.943s] -- Using PYTHON_LIBRARIES: /usr/lib/x86_64-linux-gnu/libpython3.8.so
[4.986s] -- Found PythonExtra: .so
[5.125s] -- Found ament_lint_auto: 0.9.8 (/opt/ros/foxy/share/ament_lint_auto/cmake)
[5.210s] -- Added test 'copyright' to check source files copyright and LICENSE
[5.236s] -- Added test 'lint_cmake' to check CMake code style
[5.245s] -- Added test 'xmllint' to check XML markup files
[5.249s] -- Configuring done (4.9s)
[5.319s] -- Generating done (0.1s)
[5.331s] -- Build files have been written to: /home/caros/DEV/ROS_DEV/ros2_lidar_navigation/build/rslidar_msg
[5.344s] Invoked command in '/home/caros/DEV/ROS_DEV/ros2_lidar_navigation/build/rslidar_msg' returned '0': CMAKE_PREFIX_PATH=${CMAKE_PREFIX_PATH}:/home/caros/DEV/ROS_DEV/ros2_dev/install/py_pubsub:/home/caros/DEV/ROS_DEV/ros2_dev/install/py_srvcli:/home/caros/DEV/ROS_DEV/ros2_dev/install/examples_rclpy_minimal_subscriber:/home/caros/DEV/ROS_DEV/ros2_dev/install/examples_rclpy_minimal_service:/home/caros/DEV/ROS_DEV/ros2_dev/install/examples_rclpy_minimal_publisher:/home/caros/DEV/ROS_DEV/ros2_dev/install/examples_rclpy_minimal_client:/home/caros/DEV/ROS_DEV/ros2_dev/install/examples_rclpy_minimal_action_server:/home/caros/DEV/ROS_DEV/ros2_dev/install/examples_rclpy_minimal_action_client:/home/caros/DEV/ROS_DEV/ros2_dev/install/examples_rclpy_executors:/opt/ros/foxy /usr/local/bin/cmake /home/caros/DEV/ROS_DEV/ros2_lidar_navigation/src/rslidar_msg -DCMAKE_INSTALL_PREFIX=/home/caros/DEV/ROS_DEV/ros2_lidar_navigation/install/rslidar_msg
[5.349s] Invoking command in '/home/caros/DEV/ROS_DEV/ros2_lidar_navigation/build/rslidar_msg': CMAKE_PREFIX_PATH=${CMAKE_PREFIX_PATH}:/home/caros/DEV/ROS_DEV/ros2_dev/install/py_pubsub:/home/caros/DEV/ROS_DEV/ros2_dev/install/py_srvcli:/home/caros/DEV/ROS_DEV/ros2_dev/install/examples_rclpy_minimal_subscriber:/home/caros/DEV/ROS_DEV/ros2_dev/install/examples_rclpy_minimal_service:/home/caros/DEV/ROS_DEV/ros2_dev/install/examples_rclpy_minimal_publisher:/home/caros/DEV/ROS_DEV/ros2_dev/install/examples_rclpy_minimal_client:/home/caros/DEV/ROS_DEV/ros2_dev/install/examples_rclpy_minimal_action_server:/home/caros/DEV/ROS_DEV/ros2_dev/install/examples_rclpy_minimal_action_client:/home/caros/DEV/ROS_DEV/ros2_dev/install/examples_rclpy_executors:/opt/ros/foxy /usr/local/bin/cmake --build /home/caros/DEV/ROS_DEV/ros2_lidar_navigation/build/rslidar_msg -- -j48 -l48
[5.395s] [  3%] [34m[1mGenerating C code for ROS interfaces[0m
[5.407s] [  6%] [34m[1mGenerating C++ code for ROS interfaces[0m
[5.720s] [  6%] Built target rslidar_msg__cpp
[5.730s] [  9%] [32mBuilding C object CMakeFiles/rslidar_msg__rosidl_generator_c.dir/rosidl_generator_c/rslidar_msg/msg/detail/rslidar_packet__functions.c.o[0m
[5.731s] [ 12%] [34m[1mGenerating C++ type support dispatch for ROS interfaces[0m
[5.732s] [ 16%] [34m[1mGenerating C++ type support for eProsima Fast-RTPS[0m
[5.733s] [ 19%] [34m[1mGenerating C++ introspection for ROS interfaces[0m
[5.964s] [ 22%] [32mBuilding CXX object CMakeFiles/rslidar_msg__rosidl_typesupport_introspection_cpp.dir/rosidl_typesupport_introspection_cpp/rslidar_msg/msg/detail/rslidar_packet__type_support.cpp.o[0m
[6.282s] [ 25%] [32m[1mLinking C shared library librslidar_msg__rosidl_generator_c.so[0m
[6.358s] [ 29%] [32mBuilding CXX object CMakeFiles/rslidar_msg__rosidl_typesupport_cpp.dir/rosidl_typesupport_cpp/rslidar_msg/msg/rslidar_packet__type_support.cpp.o[0m
[6.367s] [ 29%] Built target rslidar_msg__rosidl_generator_c
[6.371s] [ 32%] [32mBuilding CXX object CMakeFiles/rslidar_msg__rosidl_typesupport_fastrtps_cpp.dir/rosidl_typesupport_fastrtps_cpp/rslidar_msg/msg/detail/dds_fastrtps/rslidar_packet__type_support.cpp.o[0m
[6.379s] [ 35%] [34m[1mGenerating C type support dispatch for ROS interfaces[0m
[6.379s] [ 38%] [34m[1mGenerating C introspection for ROS interfaces[0m
[6.456s] [ 41%] [32m[1mLinking CXX shared library librslidar_msg__rosidl_typesupport_introspection_cpp.so[0m
[6.540s] [ 41%] Built target rslidar_msg__rosidl_typesupport_introspection_cpp
[6.603s] [ 45%] [32mBuilding CXX object CMakeFiles/rslidar_msg__rosidl_typesupport_c.dir/rosidl_typesupport_c/rslidar_msg/msg/rslidar_packet__type_support.cpp.o[0m
[6.621s] [ 48%] [32mBuilding C object CMakeFiles/rslidar_msg__rosidl_typesupport_introspection_c.dir/rosidl_typesupport_introspection_c/rslidar_msg/msg/detail/rslidar_packet__type_support.c.o[0m
[6.646s] [ 51%] [32m[1mLinking CXX shared library librslidar_msg__rosidl_typesupport_cpp.so[0m
[6.661s] [ 54%] [32m[1mLinking CXX shared library librslidar_msg__rosidl_typesupport_c.so[0m
[6.682s] [ 58%] [32m[1mLinking C shared library librslidar_msg__rosidl_typesupport_introspection_c.so[0m
[6.703s] [ 58%] Built target rslidar_msg__rosidl_typesupport_cpp
[6.710s] [ 58%] Built target rslidar_msg__rosidl_typesupport_introspection_c
[6.712s] [ 58%] Built target rslidar_msg__rosidl_typesupport_c
[6.866s] [ 61%] [32m[1mLinking CXX shared library librslidar_msg__rosidl_typesupport_fastrtps_cpp.so[0m
[7.014s] [ 61%] Built target rslidar_msg__rosidl_typesupport_fastrtps_cpp
[7.025s] [ 64%] [34m[1mGenerating C type support for eProsima Fast-RTPS[0m
[7.267s] [ 67%] [32mBuilding CXX object CMakeFiles/rslidar_msg__rosidl_typesupport_fastrtps_c.dir/rosidl_typesupport_fastrtps_c/rslidar_msg/msg/detail/rslidar_packet__type_support_c.cpp.o[0m
[7.627s] [ 70%] [32m[1mLinking CXX shared library librslidar_msg__rosidl_typesupport_fastrtps_c.so[0m
[7.747s] [ 70%] Built target rslidar_msg__rosidl_typesupport_fastrtps_c
[7.769s] [ 70%] Built target rslidar_msg
[7.792s] [ 74%] [34m[1mGenerating Python code for ROS interfaces[0m
[8.574s] [ 74%] Built target rslidar_msg__py
[8.596s] [ 77%] [32mBuilding C object CMakeFiles/rslidar_msg__python.dir/rosidl_generator_py/rslidar_msg/msg/_rslidar_packet_s.c.o[0m
[8.930s] [ 80%] [32m[1mLinking C shared library rosidl_generator_py/rslidar_msg/librslidar_msg__python.so[0m
[8.986s] [ 80%] Built target rslidar_msg__python
[9.008s] [ 83%] [32mBuilding C object CMakeFiles/rslidar_msg__rosidl_typesupport_introspection_c__pyext.dir/rosidl_generator_py/rslidar_msg/_rslidar_msg_s.ep.rosidl_typesupport_introspection_c.c.o[0m
[9.010s] [ 87%] [32mBuilding C object CMakeFiles/rslidar_msg__rosidl_typesupport_fastrtps_c__pyext.dir/rosidl_generator_py/rslidar_msg/_rslidar_msg_s.ep.rosidl_typesupport_fastrtps_c.c.o[0m
[9.012s] [ 90%] [32mBuilding C object CMakeFiles/rslidar_msg__rosidl_typesupport_c__pyext.dir/rosidl_generator_py/rslidar_msg/_rslidar_msg_s.ep.rosidl_typesupport_c.c.o[0m
[9.112s] [ 93%] [32m[1mLinking C shared library rosidl_generator_py/rslidar_msg/rslidar_msg_s__rosidl_typesupport_c.cpython-38-x86_64-linux-gnu.so[0m
[9.114s] [ 96%] [32m[1mLinking C shared library rosidl_generator_py/rslidar_msg/rslidar_msg_s__rosidl_typesupport_introspection_c.cpython-38-x86_64-linux-gnu.so[0m
[9.116s] [100%] [32m[1mLinking CXX shared library rosidl_generator_py/rslidar_msg/rslidar_msg_s__rosidl_typesupport_fastrtps_c.cpython-38-x86_64-linux-gnu.so[0m
[9.167s] [100%] Built target rslidar_msg__rosidl_typesupport_c__pyext
[9.170s] [100%] Built target rslidar_msg__rosidl_typesupport_introspection_c__pyext
[9.205s] [100%] Built target rslidar_msg__rosidl_typesupport_fastrtps_c__pyext
[9.216s] Invoked command in '/home/caros/DEV/ROS_DEV/ros2_lidar_navigation/build/rslidar_msg' returned '0': CMAKE_PREFIX_PATH=${CMAKE_PREFIX_PATH}:/home/caros/DEV/ROS_DEV/ros2_dev/install/py_pubsub:/home/caros/DEV/ROS_DEV/ros2_dev/install/py_srvcli:/home/caros/DEV/ROS_DEV/ros2_dev/install/examples_rclpy_minimal_subscriber:/home/caros/DEV/ROS_DEV/ros2_dev/install/examples_rclpy_minimal_service:/home/caros/DEV/ROS_DEV/ros2_dev/install/examples_rclpy_minimal_publisher:/home/caros/DEV/ROS_DEV/ros2_dev/install/examples_rclpy_minimal_client:/home/caros/DEV/ROS_DEV/ros2_dev/install/examples_rclpy_minimal_action_server:/home/caros/DEV/ROS_DEV/ros2_dev/install/examples_rclpy_minimal_action_client:/home/caros/DEV/ROS_DEV/ros2_dev/install/examples_rclpy_executors:/opt/ros/foxy /usr/local/bin/cmake --build /home/caros/DEV/ROS_DEV/ros2_lidar_navigation/build/rslidar_msg -- -j48 -l48
[9.232s] Invoking command in '/home/caros/DEV/ROS_DEV/ros2_lidar_navigation/build/rslidar_msg': CMAKE_PREFIX_PATH=${CMAKE_PREFIX_PATH}:/home/caros/DEV/ROS_DEV/ros2_dev/install/py_pubsub:/home/caros/DEV/ROS_DEV/ros2_dev/install/py_srvcli:/home/caros/DEV/ROS_DEV/ros2_dev/install/examples_rclpy_minimal_subscriber:/home/caros/DEV/ROS_DEV/ros2_dev/install/examples_rclpy_minimal_service:/home/caros/DEV/ROS_DEV/ros2_dev/install/examples_rclpy_minimal_publisher:/home/caros/DEV/ROS_DEV/ros2_dev/install/examples_rclpy_minimal_client:/home/caros/DEV/ROS_DEV/ros2_dev/install/examples_rclpy_minimal_action_server:/home/caros/DEV/ROS_DEV/ros2_dev/install/examples_rclpy_minimal_action_client:/home/caros/DEV/ROS_DEV/ros2_dev/install/examples_rclpy_executors:/opt/ros/foxy /usr/local/bin/cmake --install /home/caros/DEV/ROS_DEV/ros2_lidar_navigation/build/rslidar_msg
[9.239s] -- Install configuration: ""
[9.240s] -- Installing: /home/caros/DEV/ROS_DEV/ros2_lidar_navigation/install/rslidar_msg/share/ament_index/resource_index/rosidl_interfaces/rslidar_msg
[9.240s] -- Installing: /home/caros/DEV/ROS_DEV/ros2_lidar_navigation/install/rslidar_msg/include/rslidar_msg
[9.240s] -- Installing: /home/caros/DEV/ROS_DEV/ros2_lidar_navigation/install/rslidar_msg/include/rslidar_msg/msg
[9.241s] -- Installing: /home/caros/DEV/ROS_DEV/ros2_lidar_navigation/install/rslidar_msg/include/rslidar_msg/msg/rslidar_packet.h
[9.241s] -- Installing: /home/caros/DEV/ROS_DEV/ros2_lidar_navigation/install/rslidar_msg/include/rslidar_msg/msg/detail
[9.241s] -- Installing: /home/caros/DEV/ROS_DEV/ros2_lidar_navigation/install/rslidar_msg/include/rslidar_msg/msg/detail/rslidar_packet__functions.h
[9.241s] -- Installing: /home/caros/DEV/ROS_DEV/ros2_lidar_navigation/install/rslidar_msg/include/rslidar_msg/msg/detail/rslidar_packet__struct.h
[9.241s] -- Installing: /home/caros/DEV/ROS_DEV/ros2_lidar_navigation/install/rslidar_msg/include/rslidar_msg/msg/detail/rslidar_packet__type_support.h
[9.242s] -- Installing: /home/caros/DEV/ROS_DEV/ros2_lidar_navigation/install/rslidar_msg/include/rslidar_msg/msg/detail/rslidar_packet__functions.c
[9.242s] -- Installing: /home/caros/DEV/ROS_DEV/ros2_lidar_navigation/install/rslidar_msg/include/rslidar_msg/msg/rosidl_generator_c__visibility_control.h
[9.242s] -- Installing: /home/caros/DEV/ROS_DEV/ros2_lidar_navigation/install/rslidar_msg/share/rslidar_msg/environment/library_path.sh
[9.242s] -- Installing: /home/caros/DEV/ROS_DEV/ros2_lidar_navigation/install/rslidar_msg/share/rslidar_msg/environment/library_path.dsv
[9.243s] -- Installing: /home/caros/DEV/ROS_DEV/ros2_lidar_navigation/install/rslidar_msg/lib/librslidar_msg__rosidl_generator_c.so
[9.243s] -- Set non-toolchain portion of runtime path of "/home/caros/DEV/ROS_DEV/ros2_lidar_navigation/install/rslidar_msg/lib/librslidar_msg__rosidl_generator_c.so" to ""
[9.243s] -- Up-to-date: /home/caros/DEV/ROS_DEV/ros2_lidar_navigation/install/rslidar_msg/include/rslidar_msg
[9.243s] -- Up-to-date: /home/caros/DEV/ROS_DEV/ros2_lidar_navigation/install/rslidar_msg/include/rslidar_msg/msg
[9.244s] -- Up-to-date: /home/caros/DEV/ROS_DEV/ros2_lidar_navigation/install/rslidar_msg/include/rslidar_msg/msg/detail
[9.244s] -- Installing: /home/caros/DEV/ROS_DEV/ros2_lidar_navigation/install/rslidar_msg/include/rslidar_msg/msg/detail/rslidar_packet__rosidl_typesupport_fastrtps_c.h
[9.244s] -- Installing: /home/caros/DEV/ROS_DEV/ros2_lidar_navigation/install/rslidar_msg/include/rslidar_msg/msg/rosidl_typesupport_fastrtps_c__visibility_control.h
[9.244s] -- Installing: /home/caros/DEV/ROS_DEV/ros2_lidar_navigation/install/rslidar_msg/lib/librslidar_msg__rosidl_typesupport_fastrtps_c.so
[9.244s] -- Set non-toolchain portion of runtime path of "/home/caros/DEV/ROS_DEV/ros2_lidar_navigation/install/rslidar_msg/lib/librslidar_msg__rosidl_typesupport_fastrtps_c.so" to ""
[9.245s] -- Up-to-date: /home/caros/DEV/ROS_DEV/ros2_lidar_navigation/install/rslidar_msg/include/rslidar_msg
[9.245s] -- Up-to-date: /home/caros/DEV/ROS_DEV/ros2_lidar_navigation/install/rslidar_msg/include/rslidar_msg/msg
[9.245s] -- Up-to-date: /home/caros/DEV/ROS_DEV/ros2_lidar_navigation/install/rslidar_msg/include/rslidar_msg/msg/detail
[9.245s] -- Installing: /home/caros/DEV/ROS_DEV/ros2_lidar_navigation/install/rslidar_msg/include/rslidar_msg/msg/detail/dds_fastrtps
[9.246s] -- Installing: /home/caros/DEV/ROS_DEV/ros2_lidar_navigation/install/rslidar_msg/include/rslidar_msg/msg/detail/rslidar_packet__rosidl_typesupport_fastrtps_cpp.hpp
[9.246s] -- Installing: /home/caros/DEV/ROS_DEV/ros2_lidar_navigation/install/rslidar_msg/include/rslidar_msg/msg/rosidl_typesupport_fastrtps_cpp__visibility_control.h
[9.246s] -- Installing: /home/caros/DEV/ROS_DEV/ros2_lidar_navigation/install/rslidar_msg/lib/librslidar_msg__rosidl_typesupport_fastrtps_cpp.so
[9.246s] -- Set non-toolchain portion of runtime path of "/home/caros/DEV/ROS_DEV/ros2_lidar_navigation/install/rslidar_msg/lib/librslidar_msg__rosidl_typesupport_fastrtps_cpp.so" to ""
[9.246s] -- Up-to-date: /home/caros/DEV/ROS_DEV/ros2_lidar_navigation/install/rslidar_msg/include/rslidar_msg
[9.247s] -- Up-to-date: /home/caros/DEV/ROS_DEV/ros2_lidar_navigation/install/rslidar_msg/include/rslidar_msg/msg
[9.247s] -- Up-to-date: /home/caros/DEV/ROS_DEV/ros2_lidar_navigation/install/rslidar_msg/include/rslidar_msg/msg/detail
[9.247s] -- Installing: /home/caros/DEV/ROS_DEV/ros2_lidar_navigation/install/rslidar_msg/include/rslidar_msg/msg/detail/rslidar_packet__type_support.c
[9.247s] -- Installing: /home/caros/DEV/ROS_DEV/ros2_lidar_navigation/install/rslidar_msg/include/rslidar_msg/msg/detail/rslidar_packet__rosidl_typesupport_introspection_c.h
[9.247s] -- Installing: /home/caros/DEV/ROS_DEV/ros2_lidar_navigation/install/rslidar_msg/include/rslidar_msg/msg/rosidl_typesupport_introspection_c__visibility_control.h
[9.248s] -- Installing: /home/caros/DEV/ROS_DEV/ros2_lidar_navigation/install/rslidar_msg/lib/librslidar_msg__rosidl_typesupport_introspection_c.so
[9.248s] -- Set non-toolchain portion of runtime path of "/home/caros/DEV/ROS_DEV/ros2_lidar_navigation/install/rslidar_msg/lib/librslidar_msg__rosidl_typesupport_introspection_c.so" to ""
[9.248s] -- Installing: /home/caros/DEV/ROS_DEV/ros2_lidar_navigation/install/rslidar_msg/lib/librslidar_msg__rosidl_typesupport_c.so
[9.248s] -- Set non-toolchain portion of runtime path of "/home/caros/DEV/ROS_DEV/ros2_lidar_navigation/install/rslidar_msg/lib/librslidar_msg__rosidl_typesupport_c.so" to ""
[9.248s] -- Up-to-date: /home/caros/DEV/ROS_DEV/ros2_lidar_navigation/install/rslidar_msg/include/rslidar_msg
[9.249s] -- Up-to-date: /home/caros/DEV/ROS_DEV/ros2_lidar_navigation/install/rslidar_msg/include/rslidar_msg/msg
[9.249s] -- Up-to-date: /home/caros/DEV/ROS_DEV/ros2_lidar_navigation/install/rslidar_msg/include/rslidar_msg/msg/detail
[9.249s] -- Installing: /home/caros/DEV/ROS_DEV/ros2_lidar_navigation/install/rslidar_msg/include/rslidar_msg/msg/detail/rslidar_packet__traits.hpp
[9.249s] -- Installing: /home/caros/DEV/ROS_DEV/ros2_lidar_navigation/install/rslidar_msg/include/rslidar_msg/msg/detail/rslidar_packet__struct.hpp
[9.249s] -- Installing: /home/caros/DEV/ROS_DEV/ros2_lidar_navigation/install/rslidar_msg/include/rslidar_msg/msg/detail/rslidar_packet__type_support.hpp
[9.250s] -- Installing: /home/caros/DEV/ROS_DEV/ros2_lidar_navigation/install/rslidar_msg/include/rslidar_msg/msg/detail/rslidar_packet__builder.hpp
[9.250s] -- Installing: /home/caros/DEV/ROS_DEV/ros2_lidar_navigation/install/rslidar_msg/include/rslidar_msg/msg/rosidl_generator_cpp__visibility_control.hpp
[9.250s] -- Installing: /home/caros/DEV/ROS_DEV/ros2_lidar_navigation/install/rslidar_msg/include/rslidar_msg/msg/rslidar_packet.hpp
[9.250s] -- Up-to-date: /home/caros/DEV/ROS_DEV/ros2_lidar_navigation/install/rslidar_msg/include/rslidar_msg
[9.251s] -- Up-to-date: /home/caros/DEV/ROS_DEV/ros2_lidar_navigation/install/rslidar_msg/include/rslidar_msg/msg
[9.251s] -- Up-to-date: /home/caros/DEV/ROS_DEV/ros2_lidar_navigation/install/rslidar_msg/include/rslidar_msg/msg/detail
[9.251s] -- Installing: /home/caros/DEV/ROS_DEV/ros2_lidar_navigation/install/rslidar_msg/include/rslidar_msg/msg/detail/rslidar_packet__type_support.cpp
[9.251s] -- Installing: /home/caros/DEV/ROS_DEV/ros2_lidar_navigation/install/rslidar_msg/include/rslidar_msg/msg/detail/rslidar_packet__rosidl_typesupport_introspection_cpp.hpp
[9.251s] -- Installing: /home/caros/DEV/ROS_DEV/ros2_lidar_navigation/install/rslidar_msg/lib/librslidar_msg__rosidl_typesupport_introspection_cpp.so
[9.251s] -- Set non-toolchain portion of runtime path of "/home/caros/DEV/ROS_DEV/ros2_lidar_navigation/install/rslidar_msg/lib/librslidar_msg__rosidl_typesupport_introspection_cpp.so" to ""
[9.252s] -- Installing: /home/caros/DEV/ROS_DEV/ros2_lidar_navigation/install/rslidar_msg/lib/librslidar_msg__rosidl_typesupport_cpp.so
[9.252s] -- Set non-toolchain portion of runtime path of "/home/caros/DEV/ROS_DEV/ros2_lidar_navigation/install/rslidar_msg/lib/librslidar_msg__rosidl_typesupport_cpp.so" to ""
[9.252s] -- Installing: /home/caros/DEV/ROS_DEV/ros2_lidar_navigation/install/rslidar_msg/share/rslidar_msg/environment/pythonpath.sh
[9.252s] -- Installing: /home/caros/DEV/ROS_DEV/ros2_lidar_navigation/install/rslidar_msg/share/rslidar_msg/environment/pythonpath.dsv
[9.252s] -- Installing: /home/caros/DEV/ROS_DEV/ros2_lidar_navigation/install/rslidar_msg/lib/python3.8/site-packages/rslidar_msg/__init__.py
[9.298s] Compiling '/home/caros/DEV/ROS_DEV/ros2_lidar_navigation/install/rslidar_msg/lib/python3.8/site-packages/rslidar_msg/__init__.py'...
[9.302s] -- Installing: /home/caros/DEV/ROS_DEV/ros2_lidar_navigation/install/rslidar_msg/lib/python3.8/site-packages/rslidar_msg/msg
[9.303s] -- Installing: /home/caros/DEV/ROS_DEV/ros2_lidar_navigation/install/rslidar_msg/lib/python3.8/site-packages/rslidar_msg/msg/_rslidar_packet.py
[9.303s] -- Installing: /home/caros/DEV/ROS_DEV/ros2_lidar_navigation/install/rslidar_msg/lib/python3.8/site-packages/rslidar_msg/msg/__init__.py
[9.303s] -- Installing: /home/caros/DEV/ROS_DEV/ros2_lidar_navigation/install/rslidar_msg/lib/python3.8/site-packages/rslidar_msg/msg/_rslidar_packet_s.c
[9.304s] -- Installing: /home/caros/DEV/ROS_DEV/ros2_lidar_navigation/install/rslidar_msg/lib/python3.8/site-packages/rslidar_msg/rslidar_msg_s__rosidl_typesupport_fastrtps_c.cpython-38-x86_64-linux-gnu.so
[9.304s] -- Set non-toolchain portion of runtime path of "/home/caros/DEV/ROS_DEV/ros2_lidar_navigation/install/rslidar_msg/lib/python3.8/site-packages/rslidar_msg/rslidar_msg_s__rosidl_typesupport_fastrtps_c.cpython-38-x86_64-linux-gnu.so" to ""
[9.304s] -- Installing: /home/caros/DEV/ROS_DEV/ros2_lidar_navigation/install/rslidar_msg/lib/python3.8/site-packages/rslidar_msg/rslidar_msg_s__rosidl_typesupport_introspection_c.cpython-38-x86_64-linux-gnu.so
[9.305s] -- Set non-toolchain portion of runtime path of "/home/caros/DEV/ROS_DEV/ros2_lidar_navigation/install/rslidar_msg/lib/python3.8/site-packages/rslidar_msg/rslidar_msg_s__rosidl_typesupport_introspection_c.cpython-38-x86_64-linux-gnu.so" to ""
[9.305s] -- Installing: /home/caros/DEV/ROS_DEV/ros2_lidar_navigation/install/rslidar_msg/lib/python3.8/site-packages/rslidar_msg/rslidar_msg_s__rosidl_typesupport_c.cpython-38-x86_64-linux-gnu.so
[9.306s] -- Set non-toolchain portion of runtime path of "/home/caros/DEV/ROS_DEV/ros2_lidar_navigation/install/rslidar_msg/lib/python3.8/site-packages/rslidar_msg/rslidar_msg_s__rosidl_typesupport_c.cpython-38-x86_64-linux-gnu.so" to ""
[9.307s] -- Installing: /home/caros/DEV/ROS_DEV/ros2_lidar_navigation/install/rslidar_msg/lib/librslidar_msg__python.so
[9.307s] -- Set non-toolchain portion of runtime path of "/home/caros/DEV/ROS_DEV/ros2_lidar_navigation/install/rslidar_msg/lib/librslidar_msg__python.so" to ""
[9.307s] -- Installing: /home/caros/DEV/ROS_DEV/ros2_lidar_navigation/install/rslidar_msg/share/rslidar_msg/msg/RslidarPacket.idl
[9.308s] -- Installing: /home/caros/DEV/ROS_DEV/ros2_lidar_navigation/install/rslidar_msg/share/rslidar_msg/msg/RslidarPacket.msg
[9.308s] -- Installing: /home/caros/DEV/ROS_DEV/ros2_lidar_navigation/install/rslidar_msg/share/ament_index/resource_index/package_run_dependencies/rslidar_msg
[9.308s] -- Installing: /home/caros/DEV/ROS_DEV/ros2_lidar_navigation/install/rslidar_msg/share/ament_index/resource_index/parent_prefix_path/rslidar_msg
[9.309s] -- Installing: /home/caros/DEV/ROS_DEV/ros2_lidar_navigation/install/rslidar_msg/share/rslidar_msg/environment/ament_prefix_path.sh
[9.309s] -- Installing: /home/caros/DEV/ROS_DEV/ros2_lidar_navigation/install/rslidar_msg/share/rslidar_msg/environment/ament_prefix_path.dsv
[9.309s] -- Installing: /home/caros/DEV/ROS_DEV/ros2_lidar_navigation/install/rslidar_msg/share/rslidar_msg/environment/path.sh
[9.309s] -- Installing: /home/caros/DEV/ROS_DEV/ros2_lidar_navigation/install/rslidar_msg/share/rslidar_msg/environment/path.dsv
[9.310s] -- Installing: /home/caros/DEV/ROS_DEV/ros2_lidar_navigation/install/rslidar_msg/share/rslidar_msg/local_setup.bash
[9.310s] -- Installing: /home/caros/DEV/ROS_DEV/ros2_lidar_navigation/install/rslidar_msg/share/rslidar_msg/local_setup.sh
[9.310s] -- Installing: /home/caros/DEV/ROS_DEV/ros2_lidar_navigation/install/rslidar_msg/share/rslidar_msg/local_setup.zsh
[9.311s] -- Installing: /home/caros/DEV/ROS_DEV/ros2_lidar_navigation/install/rslidar_msg/share/rslidar_msg/local_setup.dsv
[9.311s] -- Installing: /home/caros/DEV/ROS_DEV/ros2_lidar_navigation/install/rslidar_msg/share/rslidar_msg/package.dsv
[9.311s] -- Installing: /home/caros/DEV/ROS_DEV/ros2_lidar_navigation/install/rslidar_msg/share/ament_index/resource_index/packages/rslidar_msg
[9.312s] -- Installing: /home/caros/DEV/ROS_DEV/ros2_lidar_navigation/install/rslidar_msg/share/rslidar_msg/cmake/rslidar_msg__rosidl_generator_cExport.cmake
[9.312s] -- Installing: /home/caros/DEV/ROS_DEV/ros2_lidar_navigation/install/rslidar_msg/share/rslidar_msg/cmake/rslidar_msg__rosidl_generator_cExport-noconfig.cmake
[9.312s] -- Installing: /home/caros/DEV/ROS_DEV/ros2_lidar_navigation/install/rslidar_msg/share/rslidar_msg/cmake/rslidar_msg__rosidl_typesupport_introspection_cExport.cmake
[9.312s] -- Installing: /home/caros/DEV/ROS_DEV/ros2_lidar_navigation/install/rslidar_msg/share/rslidar_msg/cmake/rslidar_msg__rosidl_typesupport_introspection_cExport-noconfig.cmake
[9.313s] -- Installing: /home/caros/DEV/ROS_DEV/ros2_lidar_navigation/install/rslidar_msg/share/rslidar_msg/cmake/rslidar_msg__rosidl_typesupport_cExport.cmake
[9.313s] -- Installing: /home/caros/DEV/ROS_DEV/ros2_lidar_navigation/install/rslidar_msg/share/rslidar_msg/cmake/rslidar_msg__rosidl_typesupport_cExport-noconfig.cmake
[9.314s] -- Installing: /home/caros/DEV/ROS_DEV/ros2_lidar_navigation/install/rslidar_msg/share/rslidar_msg/cmake/rslidar_msg__rosidl_generator_cppExport.cmake
[9.314s] -- Installing: /home/caros/DEV/ROS_DEV/ros2_lidar_navigation/install/rslidar_msg/share/rslidar_msg/cmake/rslidar_msg__rosidl_typesupport_introspection_cppExport.cmake
[9.314s] -- Installing: /home/caros/DEV/ROS_DEV/ros2_lidar_navigation/install/rslidar_msg/share/rslidar_msg/cmake/rslidar_msg__rosidl_typesupport_introspection_cppExport-noconfig.cmake
[9.314s] -- Installing: /home/caros/DEV/ROS_DEV/ros2_lidar_navigation/install/rslidar_msg/share/rslidar_msg/cmake/rslidar_msg__rosidl_typesupport_cppExport.cmake
[9.315s] -- Installing: /home/caros/DEV/ROS_DEV/ros2_lidar_navigation/install/rslidar_msg/share/rslidar_msg/cmake/rslidar_msg__rosidl_typesupport_cppExport-noconfig.cmake
[9.315s] -- Installing: /home/caros/DEV/ROS_DEV/ros2_lidar_navigation/install/rslidar_msg/share/rslidar_msg/cmake/rosidl_cmake-extras.cmake
[9.315s] -- Installing: /home/caros/DEV/ROS_DEV/ros2_lidar_navigation/install/rslidar_msg/share/rslidar_msg/cmake/ament_cmake_export_dependencies-extras.cmake
[9.315s] -- Installing: /home/caros/DEV/ROS_DEV/ros2_lidar_navigation/install/rslidar_msg/share/rslidar_msg/cmake/ament_cmake_export_libraries-extras.cmake
[9.315s] -- Installing: /home/caros/DEV/ROS_DEV/ros2_lidar_navigation/install/rslidar_msg/share/rslidar_msg/cmake/ament_cmake_export_targets-extras.cmake
[9.316s] -- Installing: /home/caros/DEV/ROS_DEV/ros2_lidar_navigation/install/rslidar_msg/share/rslidar_msg/cmake/ament_cmake_export_include_directories-extras.cmake
[9.316s] -- Installing: /home/caros/DEV/ROS_DEV/ros2_lidar_navigation/install/rslidar_msg/share/rslidar_msg/cmake/rosidl_cmake_export_typesupport_libraries-extras.cmake
[9.316s] -- Installing: /home/caros/DEV/ROS_DEV/ros2_lidar_navigation/install/rslidar_msg/share/rslidar_msg/cmake/rosidl_cmake_export_typesupport_targets-extras.cmake
[9.316s] -- Installing: /home/caros/DEV/ROS_DEV/ros2_lidar_navigation/install/rslidar_msg/share/rslidar_msg/cmake/rslidar_msgConfig.cmake
[9.316s] -- Installing: /home/caros/DEV/ROS_DEV/ros2_lidar_navigation/install/rslidar_msg/share/rslidar_msg/cmake/rslidar_msgConfig-version.cmake
[9.317s] -- Installing: /home/caros/DEV/ROS_DEV/ros2_lidar_navigation/install/rslidar_msg/share/rslidar_msg/package.xml
[9.320s] Invoked command in '/home/caros/DEV/ROS_DEV/ros2_lidar_navigation/build/rslidar_msg' returned '0': CMAKE_PREFIX_PATH=${CMAKE_PREFIX_PATH}:/home/caros/DEV/ROS_DEV/ros2_dev/install/py_pubsub:/home/caros/DEV/ROS_DEV/ros2_dev/install/py_srvcli:/home/caros/DEV/ROS_DEV/ros2_dev/install/examples_rclpy_minimal_subscriber:/home/caros/DEV/ROS_DEV/ros2_dev/install/examples_rclpy_minimal_service:/home/caros/DEV/ROS_DEV/ros2_dev/install/examples_rclpy_minimal_publisher:/home/caros/DEV/ROS_DEV/ros2_dev/install/examples_rclpy_minimal_client:/home/caros/DEV/ROS_DEV/ros2_dev/install/examples_rclpy_minimal_action_server:/home/caros/DEV/ROS_DEV/ros2_dev/install/examples_rclpy_minimal_action_client:/home/caros/DEV/ROS_DEV/ros2_dev/install/examples_rclpy_executors:/opt/ros/foxy /usr/local/bin/cmake --install /home/caros/DEV/ROS_DEV/ros2_lidar_navigation/build/rslidar_msg
