[0.020s] Invoking command in '/home/caros/DEV/ROS_DEV/ros2_lidar_navigation/build/rslidar_msg': CMAKE_PREFIX_PATH=${CMAKE_PREFIX_PATH}:/home/caros/DEV/ROS_DEV/ros2_dev/install/py_pubsub:/home/caros/DEV/ROS_DEV/ros2_dev/install/py_srvcli:/home/caros/DEV/ROS_DEV/ros2_dev/install/examples_rclpy_minimal_subscriber:/home/caros/DEV/ROS_DEV/ros2_dev/install/examples_rclpy_minimal_service:/home/caros/DEV/ROS_DEV/ros2_dev/install/examples_rclpy_minimal_publisher:/home/caros/DEV/ROS_DEV/ros2_dev/install/examples_rclpy_minimal_client:/home/caros/DEV/ROS_DEV/ros2_dev/install/examples_rclpy_minimal_action_server:/home/caros/DEV/ROS_DEV/ros2_dev/install/examples_rclpy_minimal_action_client:/home/caros/DEV/ROS_DEV/ros2_dev/install/examples_rclpy_executors:/opt/ros/foxy /usr/local/bin/cmake --build /home/caros/DEV/ROS_DEV/ros2_lidar_navigation/build/rslidar_msg -- -j48 -l48
[0.082s] [  3%] Built target rslidar_msg__cpp
[0.084s] [ 12%] Built target rslidar_msg__rosidl_generator_c
[0.111s] [ 22%] Built target rslidar_msg__rosidl_typesupport_cpp
[0.112s] [ 32%] Built target rslidar_msg__rosidl_typesupport_introspection_cpp
[0.113s] [ 41%] Built target rslidar_msg__rosidl_typesupport_c
[0.114s] [ 61%] Built target rslidar_msg__rosidl_typesupport_fastrtps_cpp
[0.114s] [ 61%] Built target rslidar_msg__rosidl_typesupport_introspection_c
[0.145s] [ 70%] Built target rslidar_msg__rosidl_typesupport_fastrtps_c
[0.168s] [ 70%] Built target rslidar_msg
[0.193s] [ 74%] Built target rslidar_msg__py
[0.222s] [ 80%] Built target rslidar_msg__python
[0.252s] [ 87%] Built target rslidar_msg__rosidl_typesupport_fastrtps_c__pyext
[0.253s] [ 93%] Built target rslidar_msg__rosidl_typesupport_introspection_c__pyext
[0.254s] [100%] Built target rslidar_msg__rosidl_typesupport_c__pyext
[0.267s] Invoked command in '/home/caros/DEV/ROS_DEV/ros2_lidar_navigation/build/rslidar_msg' returned '0': CMAKE_PREFIX_PATH=${CMAKE_PREFIX_PATH}:/home/caros/DEV/ROS_DEV/ros2_dev/install/py_pubsub:/home/caros/DEV/ROS_DEV/ros2_dev/install/py_srvcli:/home/caros/DEV/ROS_DEV/ros2_dev/install/examples_rclpy_minimal_subscriber:/home/caros/DEV/ROS_DEV/ros2_dev/install/examples_rclpy_minimal_service:/home/caros/DEV/ROS_DEV/ros2_dev/install/examples_rclpy_minimal_publisher:/home/caros/DEV/ROS_DEV/ros2_dev/install/examples_rclpy_minimal_client:/home/caros/DEV/ROS_DEV/ros2_dev/install/examples_rclpy_minimal_action_server:/home/caros/DEV/ROS_DEV/ros2_dev/install/examples_rclpy_minimal_action_client:/home/caros/DEV/ROS_DEV/ros2_dev/install/examples_rclpy_executors:/opt/ros/foxy /usr/local/bin/cmake --build /home/caros/DEV/ROS_DEV/ros2_lidar_navigation/build/rslidar_msg -- -j48 -l48
[0.285s] Invoking command in '/home/caros/DEV/ROS_DEV/ros2_lidar_navigation/build/rslidar_msg': CMAKE_PREFIX_PATH=${CMAKE_PREFIX_PATH}:/home/caros/DEV/ROS_DEV/ros2_dev/install/py_pubsub:/home/caros/DEV/ROS_DEV/ros2_dev/install/py_srvcli:/home/caros/DEV/ROS_DEV/ros2_dev/install/examples_rclpy_minimal_subscriber:/home/caros/DEV/ROS_DEV/ros2_dev/install/examples_rclpy_minimal_service:/home/caros/DEV/ROS_DEV/ros2_dev/install/examples_rclpy_minimal_publisher:/home/caros/DEV/ROS_DEV/ros2_dev/install/examples_rclpy_minimal_client:/home/caros/DEV/ROS_DEV/ros2_dev/install/examples_rclpy_minimal_action_server:/home/caros/DEV/ROS_DEV/ros2_dev/install/examples_rclpy_minimal_action_client:/home/caros/DEV/ROS_DEV/ros2_dev/install/examples_rclpy_executors:/opt/ros/foxy /usr/local/bin/cmake --install /home/caros/DEV/ROS_DEV/ros2_lidar_navigation/build/rslidar_msg
[0.292s] -- Install configuration: ""
[0.293s] -- Up-to-date: /home/caros/DEV/ROS_DEV/ros2_lidar_navigation/install/rslidar_msg/share/ament_index/resource_index/rosidl_interfaces/rslidar_msg
[0.293s] -- Up-to-date: /home/caros/DEV/ROS_DEV/ros2_lidar_navigation/install/rslidar_msg/include/rslidar_msg
[0.293s] -- Up-to-date: /home/caros/DEV/ROS_DEV/ros2_lidar_navigation/install/rslidar_msg/include/rslidar_msg/msg
[0.294s] -- Up-to-date: /home/caros/DEV/ROS_DEV/ros2_lidar_navigation/install/rslidar_msg/include/rslidar_msg/msg/rslidar_packet.h
[0.294s] -- Up-to-date: /home/caros/DEV/ROS_DEV/ros2_lidar_navigation/install/rslidar_msg/include/rslidar_msg/msg/detail
[0.294s] -- Up-to-date: /home/caros/DEV/ROS_DEV/ros2_lidar_navigation/install/rslidar_msg/include/rslidar_msg/msg/detail/rslidar_packet__functions.h
[0.294s] -- Up-to-date: /home/caros/DEV/ROS_DEV/ros2_lidar_navigation/install/rslidar_msg/include/rslidar_msg/msg/detail/rslidar_packet__struct.h
[0.295s] -- Up-to-date: /home/caros/DEV/ROS_DEV/ros2_lidar_navigation/install/rslidar_msg/include/rslidar_msg/msg/detail/rslidar_packet__type_support.h
[0.295s] -- Up-to-date: /home/caros/DEV/ROS_DEV/ros2_lidar_navigation/install/rslidar_msg/include/rslidar_msg/msg/detail/rslidar_packet__functions.c
[0.295s] -- Up-to-date: /home/caros/DEV/ROS_DEV/ros2_lidar_navigation/install/rslidar_msg/include/rslidar_msg/msg/rosidl_generator_c__visibility_control.h
[0.295s] -- Up-to-date: /home/caros/DEV/ROS_DEV/ros2_lidar_navigation/install/rslidar_msg/share/rslidar_msg/environment/library_path.sh
[0.295s] -- Up-to-date: /home/caros/DEV/ROS_DEV/ros2_lidar_navigation/install/rslidar_msg/share/rslidar_msg/environment/library_path.dsv
[0.296s] -- Up-to-date: /home/caros/DEV/ROS_DEV/ros2_lidar_navigation/install/rslidar_msg/lib/librslidar_msg__rosidl_generator_c.so
[0.296s] -- Up-to-date: /home/caros/DEV/ROS_DEV/ros2_lidar_navigation/install/rslidar_msg/include/rslidar_msg
[0.296s] -- Up-to-date: /home/caros/DEV/ROS_DEV/ros2_lidar_navigation/install/rslidar_msg/include/rslidar_msg/msg
[0.296s] -- Up-to-date: /home/caros/DEV/ROS_DEV/ros2_lidar_navigation/install/rslidar_msg/include/rslidar_msg/msg/detail
[0.297s] -- Up-to-date: /home/caros/DEV/ROS_DEV/ros2_lidar_navigation/install/rslidar_msg/include/rslidar_msg/msg/detail/rslidar_packet__rosidl_typesupport_fastrtps_c.h
[0.297s] -- Up-to-date: /home/caros/DEV/ROS_DEV/ros2_lidar_navigation/install/rslidar_msg/include/rslidar_msg/msg/rosidl_typesupport_fastrtps_c__visibility_control.h
[0.297s] -- Up-to-date: /home/caros/DEV/ROS_DEV/ros2_lidar_navigation/install/rslidar_msg/lib/librslidar_msg__rosidl_typesupport_fastrtps_c.so
[0.297s] -- Up-to-date: /home/caros/DEV/ROS_DEV/ros2_lidar_navigation/install/rslidar_msg/include/rslidar_msg
[0.298s] -- Up-to-date: /home/caros/DEV/ROS_DEV/ros2_lidar_navigation/install/rslidar_msg/include/rslidar_msg/msg
[0.298s] -- Up-to-date: /home/caros/DEV/ROS_DEV/ros2_lidar_navigation/install/rslidar_msg/include/rslidar_msg/msg/detail
[0.298s] -- Up-to-date: /home/caros/DEV/ROS_DEV/ros2_lidar_navigation/install/rslidar_msg/include/rslidar_msg/msg/detail/dds_fastrtps
[0.298s] -- Up-to-date: /home/caros/DEV/ROS_DEV/ros2_lidar_navigation/install/rslidar_msg/include/rslidar_msg/msg/detail/rslidar_packet__rosidl_typesupport_fastrtps_cpp.hpp
[0.298s] -- Up-to-date: /home/caros/DEV/ROS_DEV/ros2_lidar_navigation/install/rslidar_msg/include/rslidar_msg/msg/rosidl_typesupport_fastrtps_cpp__visibility_control.h
[0.299s] -- Up-to-date: /home/caros/DEV/ROS_DEV/ros2_lidar_navigation/install/rslidar_msg/lib/librslidar_msg__rosidl_typesupport_fastrtps_cpp.so
[0.299s] -- Up-to-date: /home/caros/DEV/ROS_DEV/ros2_lidar_navigation/install/rslidar_msg/include/rslidar_msg
[0.299s] -- Up-to-date: /home/caros/DEV/ROS_DEV/ros2_lidar_navigation/install/rslidar_msg/include/rslidar_msg/msg
[0.299s] -- Up-to-date: /home/caros/DEV/ROS_DEV/ros2_lidar_navigation/install/rslidar_msg/include/rslidar_msg/msg/detail
[0.300s] -- Up-to-date: /home/caros/DEV/ROS_DEV/ros2_lidar_navigation/install/rslidar_msg/include/rslidar_msg/msg/detail/rslidar_packet__type_support.c
[0.300s] -- Up-to-date: /home/caros/DEV/ROS_DEV/ros2_lidar_navigation/install/rslidar_msg/include/rslidar_msg/msg/detail/rslidar_packet__rosidl_typesupport_introspection_c.h
[0.300s] -- Up-to-date: /home/caros/DEV/ROS_DEV/ros2_lidar_navigation/install/rslidar_msg/include/rslidar_msg/msg/rosidl_typesupport_introspection_c__visibility_control.h
[0.300s] -- Up-to-date: /home/caros/DEV/ROS_DEV/ros2_lidar_navigation/install/rslidar_msg/lib/librslidar_msg__rosidl_typesupport_introspection_c.so
[0.300s] -- Up-to-date: /home/caros/DEV/ROS_DEV/ros2_lidar_navigation/install/rslidar_msg/lib/librslidar_msg__rosidl_typesupport_c.so
[0.301s] -- Up-to-date: /home/caros/DEV/ROS_DEV/ros2_lidar_navigation/install/rslidar_msg/include/rslidar_msg
[0.301s] -- Up-to-date: /home/caros/DEV/ROS_DEV/ros2_lidar_navigation/install/rslidar_msg/include/rslidar_msg/msg
[0.301s] -- Up-to-date: /home/caros/DEV/ROS_DEV/ros2_lidar_navigation/install/rslidar_msg/include/rslidar_msg/msg/detail
[0.301s] -- Up-to-date: /home/caros/DEV/ROS_DEV/ros2_lidar_navigation/install/rslidar_msg/include/rslidar_msg/msg/detail/rslidar_packet__traits.hpp
[0.301s] -- Up-to-date: /home/caros/DEV/ROS_DEV/ros2_lidar_navigation/install/rslidar_msg/include/rslidar_msg/msg/detail/rslidar_packet__struct.hpp
[0.301s] -- Up-to-date: /home/caros/DEV/ROS_DEV/ros2_lidar_navigation/install/rslidar_msg/include/rslidar_msg/msg/detail/rslidar_packet__type_support.hpp
[0.302s] -- Up-to-date: /home/caros/DEV/ROS_DEV/ros2_lidar_navigation/install/rslidar_msg/include/rslidar_msg/msg/detail/rslidar_packet__builder.hpp
[0.302s] -- Up-to-date: /home/caros/DEV/ROS_DEV/ros2_lidar_navigation/install/rslidar_msg/include/rslidar_msg/msg/rosidl_generator_cpp__visibility_control.hpp
[0.302s] -- Up-to-date: /home/caros/DEV/ROS_DEV/ros2_lidar_navigation/install/rslidar_msg/include/rslidar_msg/msg/rslidar_packet.hpp
[0.302s] -- Up-to-date: /home/caros/DEV/ROS_DEV/ros2_lidar_navigation/install/rslidar_msg/include/rslidar_msg
[0.302s] -- Up-to-date: /home/caros/DEV/ROS_DEV/ros2_lidar_navigation/install/rslidar_msg/include/rslidar_msg/msg
[0.302s] -- Up-to-date: /home/caros/DEV/ROS_DEV/ros2_lidar_navigation/install/rslidar_msg/include/rslidar_msg/msg/detail
[0.303s] -- Up-to-date: /home/caros/DEV/ROS_DEV/ros2_lidar_navigation/install/rslidar_msg/include/rslidar_msg/msg/detail/rslidar_packet__type_support.cpp
[0.303s] -- Up-to-date: /home/caros/DEV/ROS_DEV/ros2_lidar_navigation/install/rslidar_msg/include/rslidar_msg/msg/detail/rslidar_packet__rosidl_typesupport_introspection_cpp.hpp
[0.303s] -- Up-to-date: /home/caros/DEV/ROS_DEV/ros2_lidar_navigation/install/rslidar_msg/lib/librslidar_msg__rosidl_typesupport_introspection_cpp.so
[0.303s] -- Up-to-date: /home/caros/DEV/ROS_DEV/ros2_lidar_navigation/install/rslidar_msg/lib/librslidar_msg__rosidl_typesupport_cpp.so
[0.303s] -- Up-to-date: /home/caros/DEV/ROS_DEV/ros2_lidar_navigation/install/rslidar_msg/share/rslidar_msg/environment/pythonpath.sh
[0.303s] -- Up-to-date: /home/caros/DEV/ROS_DEV/ros2_lidar_navigation/install/rslidar_msg/share/rslidar_msg/environment/pythonpath.dsv
[0.303s] -- Up-to-date: /home/caros/DEV/ROS_DEV/ros2_lidar_navigation/install/rslidar_msg/lib/python3.8/site-packages/rslidar_msg/__init__.py
[0.352s] -- Up-to-date: /home/caros/DEV/ROS_DEV/ros2_lidar_navigation/install/rslidar_msg/lib/python3.8/site-packages/rslidar_msg/msg
[0.352s] -- Up-to-date: /home/caros/DEV/ROS_DEV/ros2_lidar_navigation/install/rslidar_msg/lib/python3.8/site-packages/rslidar_msg/msg/_rslidar_packet.py
[0.352s] -- Up-to-date: /home/caros/DEV/ROS_DEV/ros2_lidar_navigation/install/rslidar_msg/lib/python3.8/site-packages/rslidar_msg/msg/__init__.py
[0.353s] -- Up-to-date: /home/caros/DEV/ROS_DEV/ros2_lidar_navigation/install/rslidar_msg/lib/python3.8/site-packages/rslidar_msg/msg/_rslidar_packet_s.c
[0.353s] -- Up-to-date: /home/caros/DEV/ROS_DEV/ros2_lidar_navigation/install/rslidar_msg/lib/python3.8/site-packages/rslidar_msg/rslidar_msg_s__rosidl_typesupport_fastrtps_c.cpython-38-x86_64-linux-gnu.so
[0.353s] -- Up-to-date: /home/caros/DEV/ROS_DEV/ros2_lidar_navigation/install/rslidar_msg/lib/python3.8/site-packages/rslidar_msg/rslidar_msg_s__rosidl_typesupport_introspection_c.cpython-38-x86_64-linux-gnu.so
[0.354s] -- Up-to-date: /home/caros/DEV/ROS_DEV/ros2_lidar_navigation/install/rslidar_msg/lib/python3.8/site-packages/rslidar_msg/rslidar_msg_s__rosidl_typesupport_c.cpython-38-x86_64-linux-gnu.so
[0.355s] -- Up-to-date: /home/caros/DEV/ROS_DEV/ros2_lidar_navigation/install/rslidar_msg/lib/librslidar_msg__python.so
[0.355s] -- Up-to-date: /home/caros/DEV/ROS_DEV/ros2_lidar_navigation/install/rslidar_msg/share/rslidar_msg/msg/RslidarPacket.idl
[0.355s] -- Up-to-date: /home/caros/DEV/ROS_DEV/ros2_lidar_navigation/install/rslidar_msg/share/rslidar_msg/msg/RslidarPacket.msg
[0.355s] -- Up-to-date: /home/caros/DEV/ROS_DEV/ros2_lidar_navigation/install/rslidar_msg/share/ament_index/resource_index/package_run_dependencies/rslidar_msg
[0.356s] -- Up-to-date: /home/caros/DEV/ROS_DEV/ros2_lidar_navigation/install/rslidar_msg/share/ament_index/resource_index/parent_prefix_path/rslidar_msg
[0.356s] -- Up-to-date: /home/caros/DEV/ROS_DEV/ros2_lidar_navigation/install/rslidar_msg/share/rslidar_msg/environment/ament_prefix_path.sh
[0.356s] -- Up-to-date: /home/caros/DEV/ROS_DEV/ros2_lidar_navigation/install/rslidar_msg/share/rslidar_msg/environment/ament_prefix_path.dsv
[0.356s] -- Up-to-date: /home/caros/DEV/ROS_DEV/ros2_lidar_navigation/install/rslidar_msg/share/rslidar_msg/environment/path.sh
[0.357s] -- Up-to-date: /home/caros/DEV/ROS_DEV/ros2_lidar_navigation/install/rslidar_msg/share/rslidar_msg/environment/path.dsv
[0.357s] -- Up-to-date: /home/caros/DEV/ROS_DEV/ros2_lidar_navigation/install/rslidar_msg/share/rslidar_msg/local_setup.bash
[0.357s] -- Up-to-date: /home/caros/DEV/ROS_DEV/ros2_lidar_navigation/install/rslidar_msg/share/rslidar_msg/local_setup.sh
[0.357s] -- Up-to-date: /home/caros/DEV/ROS_DEV/ros2_lidar_navigation/install/rslidar_msg/share/rslidar_msg/local_setup.zsh
[0.357s] -- Up-to-date: /home/caros/DEV/ROS_DEV/ros2_lidar_navigation/install/rslidar_msg/share/rslidar_msg/local_setup.dsv
[0.358s] -- Installing: /home/caros/DEV/ROS_DEV/ros2_lidar_navigation/install/rslidar_msg/share/rslidar_msg/package.dsv
[0.358s] -- Up-to-date: /home/caros/DEV/ROS_DEV/ros2_lidar_navigation/install/rslidar_msg/share/ament_index/resource_index/packages/rslidar_msg
[0.358s] -- Up-to-date: /home/caros/DEV/ROS_DEV/ros2_lidar_navigation/install/rslidar_msg/share/rslidar_msg/cmake/rslidar_msg__rosidl_generator_cExport.cmake
[0.358s] -- Up-to-date: /home/caros/DEV/ROS_DEV/ros2_lidar_navigation/install/rslidar_msg/share/rslidar_msg/cmake/rslidar_msg__rosidl_generator_cExport-noconfig.cmake
[0.358s] -- Up-to-date: /home/caros/DEV/ROS_DEV/ros2_lidar_navigation/install/rslidar_msg/share/rslidar_msg/cmake/rslidar_msg__rosidl_typesupport_introspection_cExport.cmake
[0.359s] -- Up-to-date: /home/caros/DEV/ROS_DEV/ros2_lidar_navigation/install/rslidar_msg/share/rslidar_msg/cmake/rslidar_msg__rosidl_typesupport_introspection_cExport-noconfig.cmake
[0.359s] -- Up-to-date: /home/caros/DEV/ROS_DEV/ros2_lidar_navigation/install/rslidar_msg/share/rslidar_msg/cmake/rslidar_msg__rosidl_typesupport_cExport.cmake
[0.359s] -- Up-to-date: /home/caros/DEV/ROS_DEV/ros2_lidar_navigation/install/rslidar_msg/share/rslidar_msg/cmake/rslidar_msg__rosidl_typesupport_cExport-noconfig.cmake
[0.360s] -- Up-to-date: /home/caros/DEV/ROS_DEV/ros2_lidar_navigation/install/rslidar_msg/share/rslidar_msg/cmake/rslidar_msg__rosidl_generator_cppExport.cmake
[0.360s] -- Up-to-date: /home/caros/DEV/ROS_DEV/ros2_lidar_navigation/install/rslidar_msg/share/rslidar_msg/cmake/rslidar_msg__rosidl_typesupport_introspection_cppExport.cmake
[0.360s] -- Up-to-date: /home/caros/DEV/ROS_DEV/ros2_lidar_navigation/install/rslidar_msg/share/rslidar_msg/cmake/rslidar_msg__rosidl_typesupport_introspection_cppExport-noconfig.cmake
[0.360s] -- Up-to-date: /home/caros/DEV/ROS_DEV/ros2_lidar_navigation/install/rslidar_msg/share/rslidar_msg/cmake/rslidar_msg__rosidl_typesupport_cppExport.cmake
[0.360s] -- Up-to-date: /home/caros/DEV/ROS_DEV/ros2_lidar_navigation/install/rslidar_msg/share/rslidar_msg/cmake/rslidar_msg__rosidl_typesupport_cppExport-noconfig.cmake
[0.361s] -- Up-to-date: /home/caros/DEV/ROS_DEV/ros2_lidar_navigation/install/rslidar_msg/share/rslidar_msg/cmake/rosidl_cmake-extras.cmake
[0.361s] -- Up-to-date: /home/caros/DEV/ROS_DEV/ros2_lidar_navigation/install/rslidar_msg/share/rslidar_msg/cmake/ament_cmake_export_dependencies-extras.cmake
[0.361s] -- Up-to-date: /home/caros/DEV/ROS_DEV/ros2_lidar_navigation/install/rslidar_msg/share/rslidar_msg/cmake/ament_cmake_export_libraries-extras.cmake
[0.361s] -- Up-to-date: /home/caros/DEV/ROS_DEV/ros2_lidar_navigation/install/rslidar_msg/share/rslidar_msg/cmake/ament_cmake_export_targets-extras.cmake
[0.361s] -- Up-to-date: /home/caros/DEV/ROS_DEV/ros2_lidar_navigation/install/rslidar_msg/share/rslidar_msg/cmake/ament_cmake_export_include_directories-extras.cmake
[0.361s] -- Up-to-date: /home/caros/DEV/ROS_DEV/ros2_lidar_navigation/install/rslidar_msg/share/rslidar_msg/cmake/rosidl_cmake_export_typesupport_libraries-extras.cmake
[0.362s] -- Up-to-date: /home/caros/DEV/ROS_DEV/ros2_lidar_navigation/install/rslidar_msg/share/rslidar_msg/cmake/rosidl_cmake_export_typesupport_targets-extras.cmake
[0.362s] -- Up-to-date: /home/caros/DEV/ROS_DEV/ros2_lidar_navigation/install/rslidar_msg/share/rslidar_msg/cmake/rslidar_msgConfig.cmake
[0.362s] -- Up-to-date: /home/caros/DEV/ROS_DEV/ros2_lidar_navigation/install/rslidar_msg/share/rslidar_msg/cmake/rslidar_msgConfig-version.cmake
[0.362s] -- Up-to-date: /home/caros/DEV/ROS_DEV/ros2_lidar_navigation/install/rslidar_msg/share/rslidar_msg/package.xml
[0.365s] Invoked command in '/home/caros/DEV/ROS_DEV/ros2_lidar_navigation/build/rslidar_msg' returned '0': CMAKE_PREFIX_PATH=${CMAKE_PREFIX_PATH}:/home/caros/DEV/ROS_DEV/ros2_dev/install/py_pubsub:/home/caros/DEV/ROS_DEV/ros2_dev/install/py_srvcli:/home/caros/DEV/ROS_DEV/ros2_dev/install/examples_rclpy_minimal_subscriber:/home/caros/DEV/ROS_DEV/ros2_dev/install/examples_rclpy_minimal_service:/home/caros/DEV/ROS_DEV/ros2_dev/install/examples_rclpy_minimal_publisher:/home/caros/DEV/ROS_DEV/ros2_dev/install/examples_rclpy_minimal_client:/home/caros/DEV/ROS_DEV/ros2_dev/install/examples_rclpy_minimal_action_server:/home/caros/DEV/ROS_DEV/ros2_dev/install/examples_rclpy_minimal_action_client:/home/caros/DEV/ROS_DEV/ros2_dev/install/examples_rclpy_executors:/opt/ros/foxy /usr/local/bin/cmake --install /home/caros/DEV/ROS_DEV/ros2_lidar_navigation/build/rslidar_msg
