[0.032s] Invoking command in '/home/caros/DEV/ROS_DEV/ros2_lidar_navigation/build/rslidar_sdk': AMENT_PREFIX_PATH=/home/caros/DEV/ROS_DEV/ros2_lidar_navigation/install/rslidar_msg:${AMENT_PREFIX_PATH} CMAKE_PREFIX_PATH=/home/caros/DEV/ROS_DEV/ros2_lidar_navigation/install/rslidar_msg:/opt/ros/foxy LD_LIBRARY_PATH=/home/caros/DEV/ROS_DEV/ros2_lidar_navigation/install/rslidar_msg/lib:${LD_LIBRARY_PATH} PYTHONPATH=/home/caros/DEV/ROS_DEV/ros2_lidar_navigation/install/rslidar_msg/lib/python3.8/site-packages:${PYTHONPATH} /usr/local/bin/cmake --build /home/caros/DEV/ROS_DEV/ros2_lidar_navigation/build/rslidar_sdk -- -j48 -l48
[0.053s] [0mCMake Deprecation Warning at CMakeLists.txt:1 (cmake_minimum_required):
[0.053s]   Compatibility with CMake < 3.10 will be removed from a future version of
[0.054s]   CMake.
[0.054s] 
[0.054s]   Update the VERSION argument <min> value.  Or, use the <min>...<max> syntax
[0.054s]   to tell CMake that the project requires at least <min> but has been updated
[0.054s]   to work with policies introduced by <max> or earlier.
[0.055s] 
[0.055s] [0m
[0.077s] [0m=============================================================[0m
[0.078s] [0m-- POINT_TYPE is XYZI[0m
[0.078s] [0m=============================================================[0m
[0.096s] [0m=============================================================[0m
[0.096s] [0m-- ROS Not Found. ROS Support is turned Off.[0m
[0.096s] [0m=============================================================[0m
[0.305s] [33mCMake Warning (dev) at /opt/ros/foxy/share/ament_cmake_core/cmake/core/python.cmake:22 (find_package):
[0.305s]   Policy CMP0148 is not set: The FindPythonInterp and FindPythonLibs modules
[0.305s]   are removed.  Run "cmake --help-policy CMP0148" for policy details.  Use
[0.306s]   the cmake_policy command to set the policy and suppress this warning.
[0.306s] 
[0.306s] Call Stack (most recent call first):
[0.306s]   /opt/ros/foxy/share/ament_cmake_core/cmake/core/all.cmake:53 (include)
[0.306s]   /opt/ros/foxy/share/ament_cmake_core/cmake/ament_cmake_core-extras.cmake:17 (include)
[0.306s]   /opt/ros/foxy/share/ament_cmake_core/cmake/ament_cmake_coreConfig.cmake:41 (include)
[0.307s]   /opt/ros/foxy/share/rclcpp/cmake/ament_cmake_export_include_directories-extras.cmake:8 (find_package)
[0.307s]   /opt/ros/foxy/share/rclcpp/cmake/rclcppConfig.cmake:41 (include)
[0.307s]   CMakeLists.txt:130 (find_package)
[0.307s] This warning is for project developers.  Use -Wno-dev to suppress it.
[0.307s] [0m
[0.357s] -- Using PYTHON_EXECUTABLE: /usr/bin/python3
[0.811s] -- Using all available rosidl_typesupport_c: rosidl_typesupport_fastrtps_c;rosidl_typesupport_introspection_c
[0.835s] -- Found rosidl_adapter: 1.3.1 (/opt/ros/foxy/share/rosidl_adapter/cmake)
[1.092s] -- Using all available rosidl_typesupport_cpp: rosidl_typesupport_fastrtps_cpp;rosidl_typesupport_introspection_cpp
[1.184s] -- Found rmw_implementation_cmake: 1.0.4 (/opt/ros/foxy/share/rmw_implementation_cmake/cmake)
[1.186s] -- Using RMW implementation 'rmw_fastrtps_cpp' as default
[1.381s] [0m=============================================================[0m
[1.382s] [0m-- ROS2 Found. ROS2 Support is turned On.[0m
[1.382s] [0m=============================================================[0m
[1.390s] -- Found sensor_msgs: 2.0.5 (/opt/ros/foxy/share/sensor_msgs/cmake)
[1.511s] -- Found rslidar_msg: 0.0.0 (/home/caros/DEV/ROS_DEV/ros2_lidar_navigation/install/rslidar_msg/share/rslidar_msg/cmake)
[1.545s] [0mCMake Deprecation Warning at src/rs_driver/CMakeLists.txt:1 (cmake_minimum_required):
[1.545s]   Compatibility with CMake < 3.10 will be removed from a future version of
[1.546s]   CMake.
[1.546s] 
[1.546s]   Update the VERSION argument <min> value.  Or, use the <min>...<max> syntax
[1.546s]   to tell CMake that the project requires at least <min> but has been updated
[1.546s]   to work with policies introduced by <max> or earlier.
[1.546s] 
[1.547s] [0m
[1.547s] [0m=============================================================[0m
[1.547s] [0m-- CMake run for UNIX GNU Compiler[0m
[1.547s] [0m=============================================================[0m
[1.547s] [0m=============================================================[0m
[1.547s] [0m-- rs_driver Version : v1.5.17[0m
[1.548s] [0m=============================================================[0m
[1.629s] -- Configuring done (1.6s)
[1.653s] -- Generating done (0.0s)
[1.655s] -- Build files have been written to: /home/caros/DEV/ROS_DEV/ros2_lidar_navigation/build/rslidar_sdk
[1.724s] [ 33%] [32mBuilding CXX object CMakeFiles/rslidar_sdk_node.dir/node/rslidar_sdk_node.cpp.o[0m
[1.740s] [ 66%] [32mBuilding CXX object CMakeFiles/rslidar_sdk_node.dir/src/manager/node_manager.cpp.o[0m
[18.581s] [100%] [32m[1mLinking CXX executable rslidar_sdk_node[0m
[18.989s] [100%] Built target rslidar_sdk_node
[18.998s] Invoked command in '/home/caros/DEV/ROS_DEV/ros2_lidar_navigation/build/rslidar_sdk' returned '0': AMENT_PREFIX_PATH=/home/caros/DEV/ROS_DEV/ros2_lidar_navigation/install/rslidar_msg:${AMENT_PREFIX_PATH} CMAKE_PREFIX_PATH=/home/caros/DEV/ROS_DEV/ros2_lidar_navigation/install/rslidar_msg:/opt/ros/foxy LD_LIBRARY_PATH=/home/caros/DEV/ROS_DEV/ros2_lidar_navigation/install/rslidar_msg/lib:${LD_LIBRARY_PATH} PYTHONPATH=/home/caros/DEV/ROS_DEV/ros2_lidar_navigation/install/rslidar_msg/lib/python3.8/site-packages:${PYTHONPATH} /usr/local/bin/cmake --build /home/caros/DEV/ROS_DEV/ros2_lidar_navigation/build/rslidar_sdk -- -j48 -l48
[19.004s] Invoking command in '/home/caros/DEV/ROS_DEV/ros2_lidar_navigation/build/rslidar_sdk': AMENT_PREFIX_PATH=/home/caros/DEV/ROS_DEV/ros2_lidar_navigation/install/rslidar_msg:${AMENT_PREFIX_PATH} CMAKE_PREFIX_PATH=/home/caros/DEV/ROS_DEV/ros2_lidar_navigation/install/rslidar_msg:/opt/ros/foxy LD_LIBRARY_PATH=/home/caros/DEV/ROS_DEV/ros2_lidar_navigation/install/rslidar_msg/lib:${LD_LIBRARY_PATH} PYTHONPATH=/home/caros/DEV/ROS_DEV/ros2_lidar_navigation/install/rslidar_msg/lib/python3.8/site-packages:${PYTHONPATH} /usr/local/bin/cmake --install /home/caros/DEV/ROS_DEV/ros2_lidar_navigation/build/rslidar_sdk
[19.011s] -- Install configuration: "Release"
[19.017s] -- Installing: /home/caros/DEV/ROS_DEV/ros2_lidar_navigation/install/rslidar_sdk/lib/rslidar_sdk/rslidar_sdk_node
[19.021s] -- Set non-toolchain portion of runtime path of "/home/caros/DEV/ROS_DEV/ros2_lidar_navigation/install/rslidar_sdk/lib/rslidar_sdk/rslidar_sdk_node" to ""
[19.022s] -- Up-to-date: /home/caros/DEV/ROS_DEV/ros2_lidar_navigation/install/rslidar_sdk/share/rslidar_sdk/launch
[19.022s] -- Up-to-date: /home/caros/DEV/ROS_DEV/ros2_lidar_navigation/install/rslidar_sdk/share/rslidar_sdk/launch/elequent_start.py
[19.022s] -- Up-to-date: /home/caros/DEV/ROS_DEV/ros2_lidar_navigation/install/rslidar_sdk/share/rslidar_sdk/launch/start.py
[19.022s] -- Up-to-date: /home/caros/DEV/ROS_DEV/ros2_lidar_navigation/install/rslidar_sdk/share/rslidar_sdk/launch/start.launch
[19.023s] -- Up-to-date: /home/caros/DEV/ROS_DEV/ros2_lidar_navigation/install/rslidar_sdk/share/rslidar_sdk/rviz
[19.023s] -- Up-to-date: /home/caros/DEV/ROS_DEV/ros2_lidar_navigation/install/rslidar_sdk/share/rslidar_sdk/rviz/rviz2.rviz
[19.023s] -- Up-to-date: /home/caros/DEV/ROS_DEV/ros2_lidar_navigation/install/rslidar_sdk/share/rslidar_sdk/rviz/rviz.rviz
[19.023s] -- Up-to-date: /home/caros/DEV/ROS_DEV/ros2_lidar_navigation/install/rslidar_sdk/share/ament_index/resource_index/package_run_dependencies/rslidar_sdk
[19.024s] -- Installing: /home/caros/DEV/ROS_DEV/ros2_lidar_navigation/install/rslidar_sdk/share/ament_index/resource_index/parent_prefix_path/rslidar_sdk
[19.024s] -- Up-to-date: /home/caros/DEV/ROS_DEV/ros2_lidar_navigation/install/rslidar_sdk/share/rslidar_sdk/environment/ament_prefix_path.sh
[19.024s] -- Installing: /home/caros/DEV/ROS_DEV/ros2_lidar_navigation/install/rslidar_sdk/share/rslidar_sdk/environment/ament_prefix_path.dsv
[19.024s] -- Up-to-date: /home/caros/DEV/ROS_DEV/ros2_lidar_navigation/install/rslidar_sdk/share/rslidar_sdk/environment/path.sh
[19.024s] -- Installing: /home/caros/DEV/ROS_DEV/ros2_lidar_navigation/install/rslidar_sdk/share/rslidar_sdk/environment/path.dsv
[19.025s] -- Up-to-date: /home/caros/DEV/ROS_DEV/ros2_lidar_navigation/install/rslidar_sdk/share/rslidar_sdk/local_setup.bash
[19.025s] -- Up-to-date: /home/caros/DEV/ROS_DEV/ros2_lidar_navigation/install/rslidar_sdk/share/rslidar_sdk/local_setup.sh
[19.025s] -- Up-to-date: /home/caros/DEV/ROS_DEV/ros2_lidar_navigation/install/rslidar_sdk/share/rslidar_sdk/local_setup.zsh
[19.025s] -- Installing: /home/caros/DEV/ROS_DEV/ros2_lidar_navigation/install/rslidar_sdk/share/rslidar_sdk/local_setup.dsv
[19.025s] -- Installing: /home/caros/DEV/ROS_DEV/ros2_lidar_navigation/install/rslidar_sdk/share/rslidar_sdk/package.dsv
[19.026s] -- Up-to-date: /home/caros/DEV/ROS_DEV/ros2_lidar_navigation/install/rslidar_sdk/share/ament_index/resource_index/packages/rslidar_sdk
[19.026s] -- Up-to-date: /home/caros/DEV/ROS_DEV/ros2_lidar_navigation/install/rslidar_sdk/share/rslidar_sdk/cmake/rslidar_sdkConfig.cmake
[19.026s] -- Up-to-date: /home/caros/DEV/ROS_DEV/ros2_lidar_navigation/install/rslidar_sdk/share/rslidar_sdk/cmake/rslidar_sdkConfig-version.cmake
[19.026s] -- Up-to-date: /home/caros/DEV/ROS_DEV/ros2_lidar_navigation/install/rslidar_sdk/share/rslidar_sdk/package.xml
[19.030s] Invoked command in '/home/caros/DEV/ROS_DEV/ros2_lidar_navigation/build/rslidar_sdk' returned '0': AMENT_PREFIX_PATH=/home/caros/DEV/ROS_DEV/ros2_lidar_navigation/install/rslidar_msg:${AMENT_PREFIX_PATH} CMAKE_PREFIX_PATH=/home/caros/DEV/ROS_DEV/ros2_lidar_navigation/install/rslidar_msg:/opt/ros/foxy LD_LIBRARY_PATH=/home/caros/DEV/ROS_DEV/ros2_lidar_navigation/install/rslidar_msg/lib:${LD_LIBRARY_PATH} PYTHONPATH=/home/caros/DEV/ROS_DEV/ros2_lidar_navigation/install/rslidar_msg/lib/python3.8/site-packages:${PYTHONPATH} /usr/local/bin/cmake --install /home/caros/DEV/ROS_DEV/ros2_lidar_navigation/build/rslidar_sdk
