[0.232s] DEBUG:colcon:Command line arguments: ['/usr/bin/colcon', 'build']
[0.232s] DEBUG:colcon:Parsed command line arguments: Namespace(allow_overriding=[], ament_cmake_args=None, base_paths=['.'], build_base='build', catkin_cmake_args=None, catkin_skip_building_tests=False, cmake_args=None, cmake_clean_cache=False, cmake_clean_first=False, cmake_force_configure=False, cmake_target=None, cmake_target_skip_unavailable=False, continue_on_error=False, event_handlers=None, executor='parallel', ignore_user_meta=False, install_base='install', log_base=None, log_level=None, main=<bound method BuildVerb.main of <colcon_core.verb.build.BuildVerb object at 0x7f140e794400>>, merge_install=False, metas=['./colcon.meta'], mixin=None, mixin_files=None, mixin_verb=('build',), packages_above=None, packages_above_and_dependencies=None, packages_above_depth=None, packages_end=None, packages_ignore=None, packages_ignore_regex=None, packages_select=None, packages_select_build_failed=False, packages_select_by_dep=None, packages_select_regex=None, packages_select_test_failures=False, packages_skip=None, packages_skip_build_finished=False, packages_skip_by_dep=None, packages_skip_regex=None, packages_skip_test_passed=False, packages_skip_up_to=None, packages_start=None, packages_up_to=None, packages_up_to_regex=None, parallel_workers=48, paths=None, symlink_install=False, test_result_base=None, verb_extension=<colcon_core.verb.build.BuildVerb object at 0x7f140e794400>, verb_name='build', verb_parser=<colcon_mixin.mixin.mixin_argument.MixinArgumentDecorator object at 0x7f140e794a60>)
[0.399s] Level 1:colcon.colcon_core.package_discovery:discover_packages(colcon_meta) check parameters
[0.399s] Level 1:colcon.colcon_core.package_discovery:discover_packages(recursive) check parameters
[0.399s] Level 1:colcon.colcon_core.package_discovery:discover_packages(ignore) check parameters
[0.399s] Level 1:colcon.colcon_core.package_discovery:discover_packages(path) check parameters
[0.399s] Level 1:colcon.colcon_core.package_discovery:discover_packages(colcon_meta) discover
[0.399s] Level 1:colcon.colcon_core.package_discovery:discover_packages(recursive) discover
[0.399s] INFO:colcon.colcon_core.package_discovery:Crawling recursively for packages in '/home/caros/DEV/ROS_DEV/ros2_lidar_navigation'
[0.399s] Level 1:colcon.colcon_core.package_identification:_identify(.) by extensions ['ignore', 'ignore_ament_install']
[0.400s] Level 1:colcon.colcon_core.package_identification:_identify(.) by extension 'ignore'
[0.400s] Level 1:colcon.colcon_core.package_identification:_identify(.) by extension 'ignore_ament_install'
[0.400s] Level 1:colcon.colcon_core.package_identification:_identify(.) by extensions ['colcon_pkg']
[0.400s] Level 1:colcon.colcon_core.package_identification:_identify(.) by extension 'colcon_pkg'
[0.400s] Level 1:colcon.colcon_core.package_identification:_identify(.) by extensions ['colcon_meta']
[0.400s] Level 1:colcon.colcon_core.package_identification:_identify(.) by extension 'colcon_meta'
[0.400s] Level 1:colcon.colcon_core.package_identification:_identify(.) by extensions ['ros']
[0.400s] Level 1:colcon.colcon_core.package_identification:_identify(.) by extension 'ros'
[0.411s] Level 1:colcon.colcon_core.package_identification:_identify(.) by extensions ['cmake', 'python']
[0.411s] Level 1:colcon.colcon_core.package_identification:_identify(.) by extension 'cmake'
[0.411s] Level 1:colcon.colcon_core.package_identification:_identify(.) by extension 'python'
[0.411s] Level 1:colcon.colcon_core.package_identification:_identify(.) by extensions ['python_setup_py']
[0.411s] Level 1:colcon.colcon_core.package_identification:_identify(.) by extension 'python_setup_py'
[0.411s] Level 1:colcon.colcon_core.package_identification:_identify(build) by extensions ['ignore', 'ignore_ament_install']
[0.411s] Level 1:colcon.colcon_core.package_identification:_identify(build) by extension 'ignore'
[0.411s] Level 1:colcon.colcon_core.package_identification:_identify(build) ignored
[0.411s] Level 1:colcon.colcon_core.package_identification:_identify(install) by extensions ['ignore', 'ignore_ament_install']
[0.412s] Level 1:colcon.colcon_core.package_identification:_identify(install) by extension 'ignore'
[0.412s] Level 1:colcon.colcon_core.package_identification:_identify(install) ignored
[0.412s] Level 1:colcon.colcon_core.package_identification:_identify(log) by extensions ['ignore', 'ignore_ament_install']
[0.412s] Level 1:colcon.colcon_core.package_identification:_identify(log) by extension 'ignore'
[0.412s] Level 1:colcon.colcon_core.package_identification:_identify(log) ignored
[0.412s] Level 1:colcon.colcon_core.package_identification:_identify(src) by extensions ['ignore', 'ignore_ament_install']
[0.412s] Level 1:colcon.colcon_core.package_identification:_identify(src) by extension 'ignore'
[0.412s] Level 1:colcon.colcon_core.package_identification:_identify(src) by extension 'ignore_ament_install'
[0.412s] Level 1:colcon.colcon_core.package_identification:_identify(src) by extensions ['colcon_pkg']
[0.412s] Level 1:colcon.colcon_core.package_identification:_identify(src) by extension 'colcon_pkg'
[0.412s] Level 1:colcon.colcon_core.package_identification:_identify(src) by extensions ['colcon_meta']
[0.412s] Level 1:colcon.colcon_core.package_identification:_identify(src) by extension 'colcon_meta'
[0.412s] Level 1:colcon.colcon_core.package_identification:_identify(src) by extensions ['ros']
[0.412s] Level 1:colcon.colcon_core.package_identification:_identify(src) by extension 'ros'
[0.412s] Level 1:colcon.colcon_core.package_identification:_identify(src) by extensions ['cmake', 'python']
[0.412s] Level 1:colcon.colcon_core.package_identification:_identify(src) by extension 'cmake'
[0.412s] Level 1:colcon.colcon_core.package_identification:_identify(src) by extension 'python'
[0.412s] Level 1:colcon.colcon_core.package_identification:_identify(src) by extensions ['python_setup_py']
[0.412s] Level 1:colcon.colcon_core.package_identification:_identify(src) by extension 'python_setup_py'
[0.412s] Level 1:colcon.colcon_core.package_identification:_identify(src/rslidar_msg) by extensions ['ignore', 'ignore_ament_install']
[0.412s] Level 1:colcon.colcon_core.package_identification:_identify(src/rslidar_msg) by extension 'ignore'
[0.413s] Level 1:colcon.colcon_core.package_identification:_identify(src/rslidar_msg) by extension 'ignore_ament_install'
[0.413s] Level 1:colcon.colcon_core.package_identification:_identify(src/rslidar_msg) by extensions ['colcon_pkg']
[0.413s] Level 1:colcon.colcon_core.package_identification:_identify(src/rslidar_msg) by extension 'colcon_pkg'
[0.413s] Level 1:colcon.colcon_core.package_identification:_identify(src/rslidar_msg) by extensions ['colcon_meta']
[0.413s] Level 1:colcon.colcon_core.package_identification:_identify(src/rslidar_msg) by extension 'colcon_meta'
[0.413s] Level 1:colcon.colcon_core.package_identification:_identify(src/rslidar_msg) by extensions ['ros']
[0.413s] Level 1:colcon.colcon_core.package_identification:_identify(src/rslidar_msg) by extension 'ros'
[0.415s] DEBUG:colcon.colcon_core.package_identification:Package 'src/rslidar_msg' with type 'ros.ament_cmake' and name 'rslidar_msg'
[0.416s] Level 1:colcon.colcon_core.package_identification:_identify(src/rslidar_sdk) by extensions ['ignore', 'ignore_ament_install']
[0.416s] Level 1:colcon.colcon_core.package_identification:_identify(src/rslidar_sdk) by extension 'ignore'
[0.416s] Level 1:colcon.colcon_core.package_identification:_identify(src/rslidar_sdk) by extension 'ignore_ament_install'
[0.416s] Level 1:colcon.colcon_core.package_identification:_identify(src/rslidar_sdk) by extensions ['colcon_pkg']
[0.416s] Level 1:colcon.colcon_core.package_identification:_identify(src/rslidar_sdk) by extension 'colcon_pkg'
[0.416s] Level 1:colcon.colcon_core.package_identification:_identify(src/rslidar_sdk) by extensions ['colcon_meta']
[0.416s] Level 1:colcon.colcon_core.package_identification:_identify(src/rslidar_sdk) by extension 'colcon_meta'
[0.416s] Level 1:colcon.colcon_core.package_identification:_identify(src/rslidar_sdk) by extensions ['ros']
[0.416s] Level 1:colcon.colcon_core.package_identification:_identify(src/rslidar_sdk) by extension 'ros'
[0.432s] DEBUG:colcon.colcon_core.package_identification:Package 'src/rslidar_sdk' with type 'ros.ament_cmake' and name 'rslidar_sdk'
[0.432s] Level 1:colcon.colcon_core.package_discovery:discover_packages(recursive) using defaults
[0.432s] Level 1:colcon.colcon_core.package_discovery:discover_packages(ignore) discover
[0.432s] Level 1:colcon.colcon_core.package_discovery:discover_packages(ignore) using defaults
[0.432s] Level 1:colcon.colcon_core.package_discovery:discover_packages(path) discover
[0.432s] Level 1:colcon.colcon_core.package_discovery:discover_packages(path) using defaults
[0.448s] Level 1:colcon.colcon_core.package_discovery:discover_packages(prefix_path) check parameters
[0.448s] Level 1:colcon.colcon_core.package_discovery:discover_packages(prefix_path) discover
[0.449s] WARNING:colcon.colcon_core.prefix_path.colcon:The path '/home/caros/DEV/ROS_DEV/ros2_dev/install' in the environment variable COLCON_PREFIX_PATH doesn't exist
[0.449s] WARNING:colcon.colcon_ros.prefix_path.ament:The path '/home/caros/DEV/ROS_DEV/ros2_dev/install/py_pubsub' in the environment variable AMENT_PREFIX_PATH doesn't exist
[0.449s] WARNING:colcon.colcon_ros.prefix_path.ament:The path '/home/caros/DEV/ROS_DEV/ros2_dev/install/more_interfaces' in the environment variable AMENT_PREFIX_PATH doesn't exist
[0.449s] WARNING:colcon.colcon_ros.prefix_path.ament:The path '/home/caros/DEV/ROS_DEV/ros2_dev/install/cpp_srvcli' in the environment variable AMENT_PREFIX_PATH doesn't exist
[0.449s] WARNING:colcon.colcon_ros.prefix_path.ament:The path '/home/caros/DEV/ROS_DEV/ros2_dev/install/cpp_pubsub' in the environment variable AMENT_PREFIX_PATH doesn't exist
[0.449s] WARNING:colcon.colcon_ros.prefix_path.ament:The path '/home/caros/DEV/ROS_DEV/ros2_dev/install/tutorial_interfaces' in the environment variable AMENT_PREFIX_PATH doesn't exist
[0.449s] WARNING:colcon.colcon_ros.prefix_path.ament:The path '/home/caros/DEV/ROS_DEV/ros2_dev/install/turtlesim' in the environment variable AMENT_PREFIX_PATH doesn't exist
[0.449s] WARNING:colcon.colcon_ros.prefix_path.ament:The path '/home/caros/DEV/ROS_DEV/ros2_dev/install/py_srvcli' in the environment variable AMENT_PREFIX_PATH doesn't exist
[0.449s] WARNING:colcon.colcon_ros.prefix_path.ament:The path '/home/caros/DEV/ROS_DEV/ros2_dev/install/examples_rclpy_minimal_subscriber' in the environment variable AMENT_PREFIX_PATH doesn't exist
[0.449s] WARNING:colcon.colcon_ros.prefix_path.ament:The path '/home/caros/DEV/ROS_DEV/ros2_dev/install/examples_rclpy_minimal_service' in the environment variable AMENT_PREFIX_PATH doesn't exist
[0.449s] WARNING:colcon.colcon_ros.prefix_path.ament:The path '/home/caros/DEV/ROS_DEV/ros2_dev/install/examples_rclpy_minimal_publisher' in the environment variable AMENT_PREFIX_PATH doesn't exist
[0.449s] WARNING:colcon.colcon_ros.prefix_path.ament:The path '/home/caros/DEV/ROS_DEV/ros2_dev/install/examples_rclpy_minimal_client' in the environment variable AMENT_PREFIX_PATH doesn't exist
[0.449s] WARNING:colcon.colcon_ros.prefix_path.ament:The path '/home/caros/DEV/ROS_DEV/ros2_dev/install/examples_rclpy_minimal_action_server' in the environment variable AMENT_PREFIX_PATH doesn't exist
[0.449s] WARNING:colcon.colcon_ros.prefix_path.ament:The path '/home/caros/DEV/ROS_DEV/ros2_dev/install/examples_rclpy_minimal_action_client' in the environment variable AMENT_PREFIX_PATH doesn't exist
[0.449s] WARNING:colcon.colcon_ros.prefix_path.ament:The path '/home/caros/DEV/ROS_DEV/ros2_dev/install/examples_rclpy_executors' in the environment variable AMENT_PREFIX_PATH doesn't exist
[0.449s] WARNING:colcon.colcon_ros.prefix_path.ament:The path '/home/caros/DEV/ROS_DEV/ros2_dev/install/examples_rclcpp_multithreaded_executor' in the environment variable AMENT_PREFIX_PATH doesn't exist
[0.449s] WARNING:colcon.colcon_ros.prefix_path.ament:The path '/home/caros/DEV/ROS_DEV/ros2_dev/install/examples_rclcpp_minimal_timer' in the environment variable AMENT_PREFIX_PATH doesn't exist
[0.449s] WARNING:colcon.colcon_ros.prefix_path.ament:The path '/home/caros/DEV/ROS_DEV/ros2_dev/install/examples_rclcpp_minimal_subscriber' in the environment variable AMENT_PREFIX_PATH doesn't exist
[0.449s] WARNING:colcon.colcon_ros.prefix_path.ament:The path '/home/caros/DEV/ROS_DEV/ros2_dev/install/examples_rclcpp_minimal_service' in the environment variable AMENT_PREFIX_PATH doesn't exist
[0.449s] WARNING:colcon.colcon_ros.prefix_path.ament:The path '/home/caros/DEV/ROS_DEV/ros2_dev/install/examples_rclcpp_minimal_publisher' in the environment variable AMENT_PREFIX_PATH doesn't exist
[0.449s] WARNING:colcon.colcon_ros.prefix_path.ament:The path '/home/caros/DEV/ROS_DEV/ros2_dev/install/examples_rclcpp_minimal_composition' in the environment variable AMENT_PREFIX_PATH doesn't exist
[0.449s] WARNING:colcon.colcon_ros.prefix_path.ament:The path '/home/caros/DEV/ROS_DEV/ros2_dev/install/examples_rclcpp_minimal_client' in the environment variable AMENT_PREFIX_PATH doesn't exist
[0.450s] WARNING:colcon.colcon_ros.prefix_path.ament:The path '/home/caros/DEV/ROS_DEV/ros2_dev/install/examples_rclcpp_minimal_action_server' in the environment variable AMENT_PREFIX_PATH doesn't exist
[0.450s] WARNING:colcon.colcon_ros.prefix_path.ament:The path '/home/caros/DEV/ROS_DEV/ros2_dev/install/examples_rclcpp_minimal_action_client' in the environment variable AMENT_PREFIX_PATH doesn't exist
[0.450s] WARNING:colcon.colcon_ros.prefix_path.ament:The path '/home/caros/DEV/ROS_DEV/ros2_dev/install/cpp_parameters' in the environment variable AMENT_PREFIX_PATH doesn't exist
[0.450s] WARNING:colcon.colcon_ros.prefix_path.ament:The path '/home/caros/DEV/ROS_DEV/ros2_dev/install/action_tutorials_cpp' in the environment variable AMENT_PREFIX_PATH doesn't exist
[0.450s] WARNING:colcon.colcon_ros.prefix_path.ament:The path '/home/caros/DEV/ROS_DEV/ros2_dev/install/action_tutorials_interfaces' in the environment variable AMENT_PREFIX_PATH doesn't exist
[0.450s] WARNING:colcon.colcon_ros.prefix_path.catkin:The path '/home/caros/DEV/ROS_DEV/ros2_dev/install/more_interfaces' in the environment variable CMAKE_PREFIX_PATH doesn't exist
[0.450s] WARNING:colcon.colcon_ros.prefix_path.catkin:The path '/home/caros/DEV/ROS_DEV/ros2_dev/install/cpp_srvcli' in the environment variable CMAKE_PREFIX_PATH doesn't exist
[0.450s] WARNING:colcon.colcon_ros.prefix_path.catkin:The path '/home/caros/DEV/ROS_DEV/ros2_dev/install/cpp_pubsub' in the environment variable CMAKE_PREFIX_PATH doesn't exist
[0.450s] WARNING:colcon.colcon_ros.prefix_path.catkin:The path '/home/caros/DEV/ROS_DEV/ros2_dev/install/tutorial_interfaces' in the environment variable CMAKE_PREFIX_PATH doesn't exist
[0.450s] WARNING:colcon.colcon_ros.prefix_path.catkin:The path '/home/caros/DEV/ROS_DEV/ros2_dev/install/turtlesim' in the environment variable CMAKE_PREFIX_PATH doesn't exist
[0.450s] WARNING:colcon.colcon_ros.prefix_path.catkin:The path '/home/caros/DEV/ROS_DEV/ros2_dev/install/examples_rclcpp_multithreaded_executor' in the environment variable CMAKE_PREFIX_PATH doesn't exist
[0.450s] WARNING:colcon.colcon_ros.prefix_path.catkin:The path '/home/caros/DEV/ROS_DEV/ros2_dev/install/examples_rclcpp_minimal_timer' in the environment variable CMAKE_PREFIX_PATH doesn't exist
[0.450s] WARNING:colcon.colcon_ros.prefix_path.catkin:The path '/home/caros/DEV/ROS_DEV/ros2_dev/install/examples_rclcpp_minimal_subscriber' in the environment variable CMAKE_PREFIX_PATH doesn't exist
[0.450s] WARNING:colcon.colcon_ros.prefix_path.catkin:The path '/home/caros/DEV/ROS_DEV/ros2_dev/install/examples_rclcpp_minimal_service' in the environment variable CMAKE_PREFIX_PATH doesn't exist
[0.450s] WARNING:colcon.colcon_ros.prefix_path.catkin:The path '/home/caros/DEV/ROS_DEV/ros2_dev/install/examples_rclcpp_minimal_publisher' in the environment variable CMAKE_PREFIX_PATH doesn't exist
[0.450s] WARNING:colcon.colcon_ros.prefix_path.catkin:The path '/home/caros/DEV/ROS_DEV/ros2_dev/install/examples_rclcpp_minimal_composition' in the environment variable CMAKE_PREFIX_PATH doesn't exist
[0.450s] WARNING:colcon.colcon_ros.prefix_path.catkin:The path '/home/caros/DEV/ROS_DEV/ros2_dev/install/examples_rclcpp_minimal_client' in the environment variable CMAKE_PREFIX_PATH doesn't exist
[0.450s] WARNING:colcon.colcon_ros.prefix_path.catkin:The path '/home/caros/DEV/ROS_DEV/ros2_dev/install/examples_rclcpp_minimal_action_server' in the environment variable CMAKE_PREFIX_PATH doesn't exist
[0.450s] WARNING:colcon.colcon_ros.prefix_path.catkin:The path '/home/caros/DEV/ROS_DEV/ros2_dev/install/examples_rclcpp_minimal_action_client' in the environment variable CMAKE_PREFIX_PATH doesn't exist
[0.450s] WARNING:colcon.colcon_ros.prefix_path.catkin:The path '/home/caros/DEV/ROS_DEV/ros2_dev/install/cpp_parameters' in the environment variable CMAKE_PREFIX_PATH doesn't exist
[0.450s] WARNING:colcon.colcon_ros.prefix_path.catkin:The path '/home/caros/DEV/ROS_DEV/ros2_dev/install/action_tutorials_cpp' in the environment variable CMAKE_PREFIX_PATH doesn't exist
[0.450s] WARNING:colcon.colcon_ros.prefix_path.catkin:The path '/home/caros/DEV/ROS_DEV/ros2_dev/install/action_tutorials_interfaces' in the environment variable CMAKE_PREFIX_PATH doesn't exist
[0.451s] DEBUG:colcon.colcon_installed_package_information.package_discovery:Found 2 installed packages in /home/caros/DEV/ROS_DEV/ros2_lidar_navigation/install
[0.452s] DEBUG:colcon.colcon_installed_package_information.package_discovery:Found 299 installed packages in /opt/ros/foxy
[0.454s] Level 1:colcon.colcon_core.package_discovery:discover_packages(prefix_path) using defaults
[0.635s] Level 5:colcon.colcon_core.verb:set package 'rslidar_msg' build argument 'cmake_args' from command line to 'None'
[0.635s] Level 5:colcon.colcon_core.verb:set package 'rslidar_msg' build argument 'cmake_target' from command line to 'None'
[0.635s] Level 5:colcon.colcon_core.verb:set package 'rslidar_msg' build argument 'cmake_target_skip_unavailable' from command line to 'False'
[0.635s] Level 5:colcon.colcon_core.verb:set package 'rslidar_msg' build argument 'cmake_clean_cache' from command line to 'False'
[0.635s] Level 5:colcon.colcon_core.verb:set package 'rslidar_msg' build argument 'cmake_clean_first' from command line to 'False'
[0.635s] Level 5:colcon.colcon_core.verb:set package 'rslidar_msg' build argument 'cmake_force_configure' from command line to 'False'
[0.635s] Level 5:colcon.colcon_core.verb:set package 'rslidar_msg' build argument 'ament_cmake_args' from command line to 'None'
[0.635s] Level 5:colcon.colcon_core.verb:set package 'rslidar_msg' build argument 'catkin_cmake_args' from command line to 'None'
[0.635s] Level 5:colcon.colcon_core.verb:set package 'rslidar_msg' build argument 'catkin_skip_building_tests' from command line to 'False'
[0.635s] DEBUG:colcon.colcon_core.verb:Building package 'rslidar_msg' with the following arguments: {'ament_cmake_args': None, 'build_base': '/home/caros/DEV/ROS_DEV/ros2_lidar_navigation/build/rslidar_msg', 'catkin_cmake_args': None, 'catkin_skip_building_tests': False, 'cmake_args': None, 'cmake_clean_cache': False, 'cmake_clean_first': False, 'cmake_force_configure': False, 'cmake_target': None, 'cmake_target_skip_unavailable': False, 'install_base': '/home/caros/DEV/ROS_DEV/ros2_lidar_navigation/install/rslidar_msg', 'merge_install': False, 'path': '/home/caros/DEV/ROS_DEV/ros2_lidar_navigation/src/rslidar_msg', 'symlink_install': False, 'test_result_base': None}
[0.635s] Level 5:colcon.colcon_core.verb:set package 'rslidar_sdk' build argument 'cmake_args' from command line to 'None'
[0.635s] Level 5:colcon.colcon_core.verb:set package 'rslidar_sdk' build argument 'cmake_target' from command line to 'None'
[0.635s] Level 5:colcon.colcon_core.verb:set package 'rslidar_sdk' build argument 'cmake_target_skip_unavailable' from command line to 'False'
[0.635s] Level 5:colcon.colcon_core.verb:set package 'rslidar_sdk' build argument 'cmake_clean_cache' from command line to 'False'
[0.635s] Level 5:colcon.colcon_core.verb:set package 'rslidar_sdk' build argument 'cmake_clean_first' from command line to 'False'
[0.635s] Level 5:colcon.colcon_core.verb:set package 'rslidar_sdk' build argument 'cmake_force_configure' from command line to 'False'
[0.636s] Level 5:colcon.colcon_core.verb:set package 'rslidar_sdk' build argument 'ament_cmake_args' from command line to 'None'
[0.636s] Level 5:colcon.colcon_core.verb:set package 'rslidar_sdk' build argument 'catkin_cmake_args' from command line to 'None'
[0.636s] Level 5:colcon.colcon_core.verb:set package 'rslidar_sdk' build argument 'catkin_skip_building_tests' from command line to 'False'
[0.636s] DEBUG:colcon.colcon_core.verb:Building package 'rslidar_sdk' with the following arguments: {'ament_cmake_args': None, 'build_base': '/home/caros/DEV/ROS_DEV/ros2_lidar_navigation/build/rslidar_sdk', 'catkin_cmake_args': None, 'catkin_skip_building_tests': False, 'cmake_args': None, 'cmake_clean_cache': False, 'cmake_clean_first': False, 'cmake_force_configure': False, 'cmake_target': None, 'cmake_target_skip_unavailable': False, 'install_base': '/home/caros/DEV/ROS_DEV/ros2_lidar_navigation/install/rslidar_sdk', 'merge_install': False, 'path': '/home/caros/DEV/ROS_DEV/ros2_lidar_navigation/src/rslidar_sdk', 'symlink_install': False, 'test_result_base': None}
[0.636s] INFO:colcon.colcon_core.executor:Executing jobs using 'parallel' executor
[0.637s] DEBUG:colcon.colcon_parallel_executor.executor.parallel:run_until_complete
[0.637s] INFO:colcon.colcon_ros.task.ament_cmake.build:Building ROS package in '/home/caros/DEV/ROS_DEV/ros2_lidar_navigation/src/rslidar_msg' with build type 'ament_cmake'
[0.638s] INFO:colcon.colcon_cmake.task.cmake.build:Building CMake package in '/home/caros/DEV/ROS_DEV/ros2_lidar_navigation/src/rslidar_msg'
[0.640s] INFO:colcon.colcon_core.plugin_system:Skipping extension 'colcon_core.shell.bat': Not used on non-Windows systems
[0.640s] INFO:colcon.colcon_core.shell:Skip shell extension 'powershell' for command environment: Not usable outside of PowerShell
[0.640s] DEBUG:colcon.colcon_core.shell:Skip shell extension 'dsv' for command environment
[0.661s] DEBUG:colcon.colcon_core.event_handler.log_command:Invoking command in '/home/caros/DEV/ROS_DEV/ros2_lidar_navigation/build/rslidar_msg': CMAKE_PREFIX_PATH=${CMAKE_PREFIX_PATH}:/home/caros/DEV/ROS_DEV/ros2_dev/install/py_pubsub:/home/caros/DEV/ROS_DEV/ros2_dev/install/py_srvcli:/home/caros/DEV/ROS_DEV/ros2_dev/install/examples_rclpy_minimal_subscriber:/home/caros/DEV/ROS_DEV/ros2_dev/install/examples_rclpy_minimal_service:/home/caros/DEV/ROS_DEV/ros2_dev/install/examples_rclpy_minimal_publisher:/home/caros/DEV/ROS_DEV/ros2_dev/install/examples_rclpy_minimal_client:/home/caros/DEV/ROS_DEV/ros2_dev/install/examples_rclpy_minimal_action_server:/home/caros/DEV/ROS_DEV/ros2_dev/install/examples_rclpy_minimal_action_client:/home/caros/DEV/ROS_DEV/ros2_dev/install/examples_rclpy_executors:/opt/ros/foxy /usr/local/bin/cmake --build /home/caros/DEV/ROS_DEV/ros2_lidar_navigation/build/rslidar_msg -- -j48 -l48
[0.904s] DEBUG:colcon.colcon_core.event_handler.log_command:Invoked command in '/home/caros/DEV/ROS_DEV/ros2_lidar_navigation/build/rslidar_msg' returned '0': CMAKE_PREFIX_PATH=${CMAKE_PREFIX_PATH}:/home/caros/DEV/ROS_DEV/ros2_dev/install/py_pubsub:/home/caros/DEV/ROS_DEV/ros2_dev/install/py_srvcli:/home/caros/DEV/ROS_DEV/ros2_dev/install/examples_rclpy_minimal_subscriber:/home/caros/DEV/ROS_DEV/ros2_dev/install/examples_rclpy_minimal_service:/home/caros/DEV/ROS_DEV/ros2_dev/install/examples_rclpy_minimal_publisher:/home/caros/DEV/ROS_DEV/ros2_dev/install/examples_rclpy_minimal_client:/home/caros/DEV/ROS_DEV/ros2_dev/install/examples_rclpy_minimal_action_server:/home/caros/DEV/ROS_DEV/ros2_dev/install/examples_rclpy_minimal_action_client:/home/caros/DEV/ROS_DEV/ros2_dev/install/examples_rclpy_executors:/opt/ros/foxy /usr/local/bin/cmake --build /home/caros/DEV/ROS_DEV/ros2_lidar_navigation/build/rslidar_msg -- -j48 -l48
[0.921s] DEBUG:colcon.colcon_core.event_handler.log_command:Invoking command in '/home/caros/DEV/ROS_DEV/ros2_lidar_navigation/build/rslidar_msg': CMAKE_PREFIX_PATH=${CMAKE_PREFIX_PATH}:/home/caros/DEV/ROS_DEV/ros2_dev/install/py_pubsub:/home/caros/DEV/ROS_DEV/ros2_dev/install/py_srvcli:/home/caros/DEV/ROS_DEV/ros2_dev/install/examples_rclpy_minimal_subscriber:/home/caros/DEV/ROS_DEV/ros2_dev/install/examples_rclpy_minimal_service:/home/caros/DEV/ROS_DEV/ros2_dev/install/examples_rclpy_minimal_publisher:/home/caros/DEV/ROS_DEV/ros2_dev/install/examples_rclpy_minimal_client:/home/caros/DEV/ROS_DEV/ros2_dev/install/examples_rclpy_minimal_action_server:/home/caros/DEV/ROS_DEV/ros2_dev/install/examples_rclpy_minimal_action_client:/home/caros/DEV/ROS_DEV/ros2_dev/install/examples_rclpy_executors:/opt/ros/foxy /usr/local/bin/cmake --install /home/caros/DEV/ROS_DEV/ros2_lidar_navigation/build/rslidar_msg
[1.003s] Level 1:colcon.colcon_core.environment:create_environment_scripts_only(rslidar_msg)
[1.005s] DEBUG:colcon.colcon_core.event_handler.log_command:Invoked command in '/home/caros/DEV/ROS_DEV/ros2_lidar_navigation/build/rslidar_msg' returned '0': CMAKE_PREFIX_PATH=${CMAKE_PREFIX_PATH}:/home/caros/DEV/ROS_DEV/ros2_dev/install/py_pubsub:/home/caros/DEV/ROS_DEV/ros2_dev/install/py_srvcli:/home/caros/DEV/ROS_DEV/ros2_dev/install/examples_rclpy_minimal_subscriber:/home/caros/DEV/ROS_DEV/ros2_dev/install/examples_rclpy_minimal_service:/home/caros/DEV/ROS_DEV/ros2_dev/install/examples_rclpy_minimal_publisher:/home/caros/DEV/ROS_DEV/ros2_dev/install/examples_rclpy_minimal_client:/home/caros/DEV/ROS_DEV/ros2_dev/install/examples_rclpy_minimal_action_server:/home/caros/DEV/ROS_DEV/ros2_dev/install/examples_rclpy_minimal_action_client:/home/caros/DEV/ROS_DEV/ros2_dev/install/examples_rclpy_executors:/opt/ros/foxy /usr/local/bin/cmake --install /home/caros/DEV/ROS_DEV/ros2_lidar_navigation/build/rslidar_msg
[1.011s] Level 1:colcon.colcon_core.environment:checking '/home/caros/DEV/ROS_DEV/ros2_lidar_navigation/install/rslidar_msg' for CMake module files
[1.013s] Level 1:colcon.colcon_core.environment:checking '/home/caros/DEV/ROS_DEV/ros2_lidar_navigation/install/rslidar_msg' for CMake config files
[1.014s] Level 1:colcon.colcon_core.shell:create_environment_hook('rslidar_msg', 'cmake_prefix_path')
[1.015s] INFO:colcon.colcon_core.shell:Creating environment hook '/home/caros/DEV/ROS_DEV/ros2_lidar_navigation/install/rslidar_msg/share/rslidar_msg/hook/cmake_prefix_path.ps1'
[1.016s] INFO:colcon.colcon_core.shell:Creating environment descriptor '/home/caros/DEV/ROS_DEV/ros2_lidar_navigation/install/rslidar_msg/share/rslidar_msg/hook/cmake_prefix_path.dsv'
[1.017s] INFO:colcon.colcon_core.shell:Creating environment hook '/home/caros/DEV/ROS_DEV/ros2_lidar_navigation/install/rslidar_msg/share/rslidar_msg/hook/cmake_prefix_path.sh'
[1.019s] Level 1:colcon.colcon_core.environment:checking '/home/caros/DEV/ROS_DEV/ros2_lidar_navigation/install/rslidar_msg/lib'
[1.020s] Level 1:colcon.colcon_core.shell:create_environment_hook('rslidar_msg', 'ld_library_path_lib')
[1.020s] INFO:colcon.colcon_core.shell:Creating environment hook '/home/caros/DEV/ROS_DEV/ros2_lidar_navigation/install/rslidar_msg/share/rslidar_msg/hook/ld_library_path_lib.ps1'
[1.021s] INFO:colcon.colcon_core.shell:Creating environment descriptor '/home/caros/DEV/ROS_DEV/ros2_lidar_navigation/install/rslidar_msg/share/rslidar_msg/hook/ld_library_path_lib.dsv'
[1.022s] INFO:colcon.colcon_core.shell:Creating environment hook '/home/caros/DEV/ROS_DEV/ros2_lidar_navigation/install/rslidar_msg/share/rslidar_msg/hook/ld_library_path_lib.sh'
[1.022s] Level 1:colcon.colcon_core.environment:checking '/home/caros/DEV/ROS_DEV/ros2_lidar_navigation/install/rslidar_msg/bin'
[1.023s] Level 1:colcon.colcon_core.environment:checking '/home/caros/DEV/ROS_DEV/ros2_lidar_navigation/install/rslidar_msg/lib/pkgconfig/rslidar_msg.pc'
[1.023s] Level 1:colcon.colcon_core.environment:checking '/home/caros/DEV/ROS_DEV/ros2_lidar_navigation/install/rslidar_msg/lib/python3.8/site-packages'
[1.023s] Level 1:colcon.colcon_core.shell:create_environment_hook('rslidar_msg', 'pythonpath')
[1.024s] INFO:colcon.colcon_core.shell:Creating environment hook '/home/caros/DEV/ROS_DEV/ros2_lidar_navigation/install/rslidar_msg/share/rslidar_msg/hook/pythonpath.ps1'
[1.025s] INFO:colcon.colcon_core.shell:Creating environment descriptor '/home/caros/DEV/ROS_DEV/ros2_lidar_navigation/install/rslidar_msg/share/rslidar_msg/hook/pythonpath.dsv'
[1.025s] INFO:colcon.colcon_core.shell:Creating environment hook '/home/caros/DEV/ROS_DEV/ros2_lidar_navigation/install/rslidar_msg/share/rslidar_msg/hook/pythonpath.sh'
[1.026s] Level 1:colcon.colcon_core.environment:checking '/home/caros/DEV/ROS_DEV/ros2_lidar_navigation/install/rslidar_msg/bin'
[1.027s] INFO:colcon.colcon_core.shell:Creating package script '/home/caros/DEV/ROS_DEV/ros2_lidar_navigation/install/rslidar_msg/share/rslidar_msg/package.ps1'
[1.028s] INFO:colcon.colcon_core.shell:Creating package descriptor '/home/caros/DEV/ROS_DEV/ros2_lidar_navigation/install/rslidar_msg/share/rslidar_msg/package.dsv'
[1.029s] INFO:colcon.colcon_core.shell:Creating package script '/home/caros/DEV/ROS_DEV/ros2_lidar_navigation/install/rslidar_msg/share/rslidar_msg/package.sh'
[1.030s] INFO:colcon.colcon_core.shell:Creating package script '/home/caros/DEV/ROS_DEV/ros2_lidar_navigation/install/rslidar_msg/share/rslidar_msg/package.bash'
[1.031s] INFO:colcon.colcon_core.shell:Creating package script '/home/caros/DEV/ROS_DEV/ros2_lidar_navigation/install/rslidar_msg/share/rslidar_msg/package.zsh'
[1.032s] Level 1:colcon.colcon_core.environment:create_file_with_runtime_dependencies(/home/caros/DEV/ROS_DEV/ros2_lidar_navigation/install/rslidar_msg/share/colcon-core/packages/rslidar_msg)
[1.033s] Level 1:colcon.colcon_core.environment:create_environment_scripts_only(rslidar_msg)
[1.033s] Level 1:colcon.colcon_core.environment:checking '/home/caros/DEV/ROS_DEV/ros2_lidar_navigation/install/rslidar_msg' for CMake module files
[1.034s] Level 1:colcon.colcon_core.environment:checking '/home/caros/DEV/ROS_DEV/ros2_lidar_navigation/install/rslidar_msg' for CMake config files
[1.035s] Level 1:colcon.colcon_core.shell:create_environment_hook('rslidar_msg', 'cmake_prefix_path')
[1.035s] INFO:colcon.colcon_core.shell:Creating environment hook '/home/caros/DEV/ROS_DEV/ros2_lidar_navigation/install/rslidar_msg/share/rslidar_msg/hook/cmake_prefix_path.ps1'
[1.035s] INFO:colcon.colcon_core.shell:Creating environment descriptor '/home/caros/DEV/ROS_DEV/ros2_lidar_navigation/install/rslidar_msg/share/rslidar_msg/hook/cmake_prefix_path.dsv'
[1.036s] INFO:colcon.colcon_core.shell:Creating environment hook '/home/caros/DEV/ROS_DEV/ros2_lidar_navigation/install/rslidar_msg/share/rslidar_msg/hook/cmake_prefix_path.sh'
[1.036s] Level 1:colcon.colcon_core.environment:checking '/home/caros/DEV/ROS_DEV/ros2_lidar_navigation/install/rslidar_msg/lib'
[1.036s] Level 1:colcon.colcon_core.shell:create_environment_hook('rslidar_msg', 'ld_library_path_lib')
[1.037s] INFO:colcon.colcon_core.shell:Creating environment hook '/home/caros/DEV/ROS_DEV/ros2_lidar_navigation/install/rslidar_msg/share/rslidar_msg/hook/ld_library_path_lib.ps1'
[1.037s] INFO:colcon.colcon_core.shell:Creating environment descriptor '/home/caros/DEV/ROS_DEV/ros2_lidar_navigation/install/rslidar_msg/share/rslidar_msg/hook/ld_library_path_lib.dsv'
[1.038s] INFO:colcon.colcon_core.shell:Creating environment hook '/home/caros/DEV/ROS_DEV/ros2_lidar_navigation/install/rslidar_msg/share/rslidar_msg/hook/ld_library_path_lib.sh'
[1.038s] Level 1:colcon.colcon_core.environment:checking '/home/caros/DEV/ROS_DEV/ros2_lidar_navigation/install/rslidar_msg/bin'
[1.038s] Level 1:colcon.colcon_core.environment:checking '/home/caros/DEV/ROS_DEV/ros2_lidar_navigation/install/rslidar_msg/lib/pkgconfig/rslidar_msg.pc'
[1.039s] Level 1:colcon.colcon_core.environment:checking '/home/caros/DEV/ROS_DEV/ros2_lidar_navigation/install/rslidar_msg/lib/python3.8/site-packages'
[1.039s] Level 1:colcon.colcon_core.shell:create_environment_hook('rslidar_msg', 'pythonpath')
[1.039s] INFO:colcon.colcon_core.shell:Creating environment hook '/home/caros/DEV/ROS_DEV/ros2_lidar_navigation/install/rslidar_msg/share/rslidar_msg/hook/pythonpath.ps1'
[1.039s] INFO:colcon.colcon_core.shell:Creating environment descriptor '/home/caros/DEV/ROS_DEV/ros2_lidar_navigation/install/rslidar_msg/share/rslidar_msg/hook/pythonpath.dsv'
[1.040s] INFO:colcon.colcon_core.shell:Creating environment hook '/home/caros/DEV/ROS_DEV/ros2_lidar_navigation/install/rslidar_msg/share/rslidar_msg/hook/pythonpath.sh'
[1.040s] Level 1:colcon.colcon_core.environment:checking '/home/caros/DEV/ROS_DEV/ros2_lidar_navigation/install/rslidar_msg/bin'
[1.040s] INFO:colcon.colcon_core.shell:Creating package script '/home/caros/DEV/ROS_DEV/ros2_lidar_navigation/install/rslidar_msg/share/rslidar_msg/package.ps1'
[1.041s] INFO:colcon.colcon_core.shell:Creating package descriptor '/home/caros/DEV/ROS_DEV/ros2_lidar_navigation/install/rslidar_msg/share/rslidar_msg/package.dsv'
[1.042s] INFO:colcon.colcon_core.shell:Creating package script '/home/caros/DEV/ROS_DEV/ros2_lidar_navigation/install/rslidar_msg/share/rslidar_msg/package.sh'
[1.042s] INFO:colcon.colcon_core.shell:Creating package script '/home/caros/DEV/ROS_DEV/ros2_lidar_navigation/install/rslidar_msg/share/rslidar_msg/package.bash'
[1.043s] INFO:colcon.colcon_core.shell:Creating package script '/home/caros/DEV/ROS_DEV/ros2_lidar_navigation/install/rslidar_msg/share/rslidar_msg/package.zsh'
[1.043s] Level 1:colcon.colcon_core.environment:create_file_with_runtime_dependencies(/home/caros/DEV/ROS_DEV/ros2_lidar_navigation/install/rslidar_msg/share/colcon-core/packages/rslidar_msg)
[1.043s] INFO:colcon.colcon_ros.task.ament_cmake.build:Building ROS package in '/home/caros/DEV/ROS_DEV/ros2_lidar_navigation/src/rslidar_sdk' with build type 'ament_cmake'
[1.044s] INFO:colcon.colcon_cmake.task.cmake.build:Building CMake package in '/home/caros/DEV/ROS_DEV/ros2_lidar_navigation/src/rslidar_sdk'
[1.044s] INFO:colcon.colcon_core.shell:Skip shell extension 'powershell' for command environment: Not usable outside of PowerShell
[1.044s] DEBUG:colcon.colcon_core.shell:Skip shell extension 'dsv' for command environment
[1.072s] DEBUG:colcon.colcon_core.event_handler.log_command:Invoking command in '/home/caros/DEV/ROS_DEV/ros2_lidar_navigation/build/rslidar_sdk': CMAKE_PREFIX_PATH=/home/caros/DEV/ROS_DEV/ros2_lidar_navigation/install/rslidar_msg:/home/caros/DEV/ROS_DEV/ros2_lidar_navigation/install/rslidar_sdk:/home/caros/DEV/ROS_DEV/ros2_dev/install/more_interfaces:/home/caros/DEV/ROS_DEV/ros2_dev/install/cpp_srvcli:/home/caros/DEV/ROS_DEV/ros2_dev/install/cpp_pubsub:/home/caros/DEV/ROS_DEV/ros2_dev/install/tutorial_interfaces:/home/caros/DEV/ROS_DEV/ros2_dev/install/turtlesim:/home/caros/DEV/ROS_DEV/ros2_dev/install/examples_rclcpp_multithreaded_executor:/home/caros/DEV/ROS_DEV/ros2_dev/install/examples_rclcpp_minimal_timer:/home/caros/DEV/ROS_DEV/ros2_dev/install/examples_rclcpp_minimal_subscriber:/home/caros/DEV/ROS_DEV/ros2_dev/install/examples_rclcpp_minimal_service:/home/caros/DEV/ROS_DEV/ros2_dev/install/examples_rclcpp_minimal_publisher:/home/caros/DEV/ROS_DEV/ros2_dev/install/examples_rclcpp_minimal_composition:/home/caros/DEV/ROS_DEV/ros2_dev/install/examples_rclcpp_minimal_client:/home/caros/DEV/ROS_DEV/ros2_dev/install/examples_rclcpp_minimal_action_server:/home/caros/DEV/ROS_DEV/ros2_dev/install/examples_rclcpp_minimal_action_client:/home/caros/DEV/ROS_DEV/ros2_dev/install/cpp_parameters:/home/caros/DEV/ROS_DEV/ros2_dev/install/action_tutorials_cpp:/home/caros/DEV/ROS_DEV/ros2_dev/install/action_tutorials_interfaces:/home/caros/DEV/ROS_DEV/ros2_dev/install/py_pubsub:/home/caros/DEV/ROS_DEV/ros2_dev/install/py_srvcli:/home/caros/DEV/ROS_DEV/ros2_dev/install/examples_rclpy_minimal_subscriber:/home/caros/DEV/ROS_DEV/ros2_dev/install/examples_rclpy_minimal_service:/home/caros/DEV/ROS_DEV/ros2_dev/install/examples_rclpy_minimal_publisher:/home/caros/DEV/ROS_DEV/ros2_dev/install/examples_rclpy_minimal_client:/home/caros/DEV/ROS_DEV/ros2_dev/install/examples_rclpy_minimal_action_server:/home/caros/DEV/ROS_DEV/ros2_dev/install/examples_rclpy_minimal_action_client:/home/caros/DEV/ROS_DEV/ros2_dev/install/examples_rclpy_executors:/opt/ros/foxy /usr/local/bin/cmake --build /home/caros/DEV/ROS_DEV/ros2_lidar_navigation/build/rslidar_sdk -- -j48 -l48
[1.170s] DEBUG:colcon.colcon_core.event_handler.log_command:Invoked command in '/home/caros/DEV/ROS_DEV/ros2_lidar_navigation/build/rslidar_sdk' returned '0': CMAKE_PREFIX_PATH=/home/caros/DEV/ROS_DEV/ros2_lidar_navigation/install/rslidar_msg:/home/caros/DEV/ROS_DEV/ros2_lidar_navigation/install/rslidar_sdk:/home/caros/DEV/ROS_DEV/ros2_dev/install/more_interfaces:/home/caros/DEV/ROS_DEV/ros2_dev/install/cpp_srvcli:/home/caros/DEV/ROS_DEV/ros2_dev/install/cpp_pubsub:/home/caros/DEV/ROS_DEV/ros2_dev/install/tutorial_interfaces:/home/caros/DEV/ROS_DEV/ros2_dev/install/turtlesim:/home/caros/DEV/ROS_DEV/ros2_dev/install/examples_rclcpp_multithreaded_executor:/home/caros/DEV/ROS_DEV/ros2_dev/install/examples_rclcpp_minimal_timer:/home/caros/DEV/ROS_DEV/ros2_dev/install/examples_rclcpp_minimal_subscriber:/home/caros/DEV/ROS_DEV/ros2_dev/install/examples_rclcpp_minimal_service:/home/caros/DEV/ROS_DEV/ros2_dev/install/examples_rclcpp_minimal_publisher:/home/caros/DEV/ROS_DEV/ros2_dev/install/examples_rclcpp_minimal_composition:/home/caros/DEV/ROS_DEV/ros2_dev/install/examples_rclcpp_minimal_client:/home/caros/DEV/ROS_DEV/ros2_dev/install/examples_rclcpp_minimal_action_server:/home/caros/DEV/ROS_DEV/ros2_dev/install/examples_rclcpp_minimal_action_client:/home/caros/DEV/ROS_DEV/ros2_dev/install/cpp_parameters:/home/caros/DEV/ROS_DEV/ros2_dev/install/action_tutorials_cpp:/home/caros/DEV/ROS_DEV/ros2_dev/install/action_tutorials_interfaces:/home/caros/DEV/ROS_DEV/ros2_dev/install/py_pubsub:/home/caros/DEV/ROS_DEV/ros2_dev/install/py_srvcli:/home/caros/DEV/ROS_DEV/ros2_dev/install/examples_rclpy_minimal_subscriber:/home/caros/DEV/ROS_DEV/ros2_dev/install/examples_rclpy_minimal_service:/home/caros/DEV/ROS_DEV/ros2_dev/install/examples_rclpy_minimal_publisher:/home/caros/DEV/ROS_DEV/ros2_dev/install/examples_rclpy_minimal_client:/home/caros/DEV/ROS_DEV/ros2_dev/install/examples_rclpy_minimal_action_server:/home/caros/DEV/ROS_DEV/ros2_dev/install/examples_rclpy_minimal_action_client:/home/caros/DEV/ROS_DEV/ros2_dev/install/examples_rclpy_executors:/opt/ros/foxy /usr/local/bin/cmake --build /home/caros/DEV/ROS_DEV/ros2_lidar_navigation/build/rslidar_sdk -- -j48 -l48
[1.177s] DEBUG:colcon.colcon_core.event_handler.log_command:Invoking command in '/home/caros/DEV/ROS_DEV/ros2_lidar_navigation/build/rslidar_sdk': CMAKE_PREFIX_PATH=/home/caros/DEV/ROS_DEV/ros2_lidar_navigation/install/rslidar_msg:/home/caros/DEV/ROS_DEV/ros2_lidar_navigation/install/rslidar_sdk:/home/caros/DEV/ROS_DEV/ros2_dev/install/more_interfaces:/home/caros/DEV/ROS_DEV/ros2_dev/install/cpp_srvcli:/home/caros/DEV/ROS_DEV/ros2_dev/install/cpp_pubsub:/home/caros/DEV/ROS_DEV/ros2_dev/install/tutorial_interfaces:/home/caros/DEV/ROS_DEV/ros2_dev/install/turtlesim:/home/caros/DEV/ROS_DEV/ros2_dev/install/examples_rclcpp_multithreaded_executor:/home/caros/DEV/ROS_DEV/ros2_dev/install/examples_rclcpp_minimal_timer:/home/caros/DEV/ROS_DEV/ros2_dev/install/examples_rclcpp_minimal_subscriber:/home/caros/DEV/ROS_DEV/ros2_dev/install/examples_rclcpp_minimal_service:/home/caros/DEV/ROS_DEV/ros2_dev/install/examples_rclcpp_minimal_publisher:/home/caros/DEV/ROS_DEV/ros2_dev/install/examples_rclcpp_minimal_composition:/home/caros/DEV/ROS_DEV/ros2_dev/install/examples_rclcpp_minimal_client:/home/caros/DEV/ROS_DEV/ros2_dev/install/examples_rclcpp_minimal_action_server:/home/caros/DEV/ROS_DEV/ros2_dev/install/examples_rclcpp_minimal_action_client:/home/caros/DEV/ROS_DEV/ros2_dev/install/cpp_parameters:/home/caros/DEV/ROS_DEV/ros2_dev/install/action_tutorials_cpp:/home/caros/DEV/ROS_DEV/ros2_dev/install/action_tutorials_interfaces:/home/caros/DEV/ROS_DEV/ros2_dev/install/py_pubsub:/home/caros/DEV/ROS_DEV/ros2_dev/install/py_srvcli:/home/caros/DEV/ROS_DEV/ros2_dev/install/examples_rclpy_minimal_subscriber:/home/caros/DEV/ROS_DEV/ros2_dev/install/examples_rclpy_minimal_service:/home/caros/DEV/ROS_DEV/ros2_dev/install/examples_rclpy_minimal_publisher:/home/caros/DEV/ROS_DEV/ros2_dev/install/examples_rclpy_minimal_client:/home/caros/DEV/ROS_DEV/ros2_dev/install/examples_rclpy_minimal_action_server:/home/caros/DEV/ROS_DEV/ros2_dev/install/examples_rclpy_minimal_action_client:/home/caros/DEV/ROS_DEV/ros2_dev/install/examples_rclpy_executors:/opt/ros/foxy /usr/local/bin/cmake --install /home/caros/DEV/ROS_DEV/ros2_lidar_navigation/build/rslidar_sdk
[1.189s] Level 1:colcon.colcon_core.environment:create_environment_scripts_only(rslidar_sdk)
[1.191s] Level 1:colcon.colcon_core.environment:checking '/home/caros/DEV/ROS_DEV/ros2_lidar_navigation/install/rslidar_sdk' for CMake module files
[1.192s] DEBUG:colcon.colcon_core.event_handler.log_command:Invoked command in '/home/caros/DEV/ROS_DEV/ros2_lidar_navigation/build/rslidar_sdk' returned '0': CMAKE_PREFIX_PATH=/home/caros/DEV/ROS_DEV/ros2_lidar_navigation/install/rslidar_msg:/home/caros/DEV/ROS_DEV/ros2_lidar_navigation/install/rslidar_sdk:/home/caros/DEV/ROS_DEV/ros2_dev/install/more_interfaces:/home/caros/DEV/ROS_DEV/ros2_dev/install/cpp_srvcli:/home/caros/DEV/ROS_DEV/ros2_dev/install/cpp_pubsub:/home/caros/DEV/ROS_DEV/ros2_dev/install/tutorial_interfaces:/home/caros/DEV/ROS_DEV/ros2_dev/install/turtlesim:/home/caros/DEV/ROS_DEV/ros2_dev/install/examples_rclcpp_multithreaded_executor:/home/caros/DEV/ROS_DEV/ros2_dev/install/examples_rclcpp_minimal_timer:/home/caros/DEV/ROS_DEV/ros2_dev/install/examples_rclcpp_minimal_subscriber:/home/caros/DEV/ROS_DEV/ros2_dev/install/examples_rclcpp_minimal_service:/home/caros/DEV/ROS_DEV/ros2_dev/install/examples_rclcpp_minimal_publisher:/home/caros/DEV/ROS_DEV/ros2_dev/install/examples_rclcpp_minimal_composition:/home/caros/DEV/ROS_DEV/ros2_dev/install/examples_rclcpp_minimal_client:/home/caros/DEV/ROS_DEV/ros2_dev/install/examples_rclcpp_minimal_action_server:/home/caros/DEV/ROS_DEV/ros2_dev/install/examples_rclcpp_minimal_action_client:/home/caros/DEV/ROS_DEV/ros2_dev/install/cpp_parameters:/home/caros/DEV/ROS_DEV/ros2_dev/install/action_tutorials_cpp:/home/caros/DEV/ROS_DEV/ros2_dev/install/action_tutorials_interfaces:/home/caros/DEV/ROS_DEV/ros2_dev/install/py_pubsub:/home/caros/DEV/ROS_DEV/ros2_dev/install/py_srvcli:/home/caros/DEV/ROS_DEV/ros2_dev/install/examples_rclpy_minimal_subscriber:/home/caros/DEV/ROS_DEV/ros2_dev/install/examples_rclpy_minimal_service:/home/caros/DEV/ROS_DEV/ros2_dev/install/examples_rclpy_minimal_publisher:/home/caros/DEV/ROS_DEV/ros2_dev/install/examples_rclpy_minimal_client:/home/caros/DEV/ROS_DEV/ros2_dev/install/examples_rclpy_minimal_action_server:/home/caros/DEV/ROS_DEV/ros2_dev/install/examples_rclpy_minimal_action_client:/home/caros/DEV/ROS_DEV/ros2_dev/install/examples_rclpy_executors:/opt/ros/foxy /usr/local/bin/cmake --install /home/caros/DEV/ROS_DEV/ros2_lidar_navigation/build/rslidar_sdk
[1.193s] Level 1:colcon.colcon_core.environment:checking '/home/caros/DEV/ROS_DEV/ros2_lidar_navigation/install/rslidar_sdk' for CMake config files
[1.194s] Level 1:colcon.colcon_core.shell:create_environment_hook('rslidar_sdk', 'cmake_prefix_path')
[1.195s] INFO:colcon.colcon_core.shell:Creating environment hook '/home/caros/DEV/ROS_DEV/ros2_lidar_navigation/install/rslidar_sdk/share/rslidar_sdk/hook/cmake_prefix_path.ps1'
[1.196s] INFO:colcon.colcon_core.shell:Creating environment descriptor '/home/caros/DEV/ROS_DEV/ros2_lidar_navigation/install/rslidar_sdk/share/rslidar_sdk/hook/cmake_prefix_path.dsv'
[1.197s] INFO:colcon.colcon_core.shell:Creating environment hook '/home/caros/DEV/ROS_DEV/ros2_lidar_navigation/install/rslidar_sdk/share/rslidar_sdk/hook/cmake_prefix_path.sh'
[1.199s] Level 1:colcon.colcon_core.environment:checking '/home/caros/DEV/ROS_DEV/ros2_lidar_navigation/install/rslidar_sdk/lib'
[1.199s] Level 1:colcon.colcon_core.environment:checking '/home/caros/DEV/ROS_DEV/ros2_lidar_navigation/install/rslidar_sdk/bin'
[1.199s] Level 1:colcon.colcon_core.environment:checking '/home/caros/DEV/ROS_DEV/ros2_lidar_navigation/install/rslidar_sdk/lib/pkgconfig/rslidar_sdk.pc'
[1.200s] Level 1:colcon.colcon_core.environment:checking '/home/caros/DEV/ROS_DEV/ros2_lidar_navigation/install/rslidar_sdk/lib/python3.8/site-packages'
[1.201s] Level 1:colcon.colcon_core.environment:checking '/home/caros/DEV/ROS_DEV/ros2_lidar_navigation/install/rslidar_sdk/bin'
[1.201s] INFO:colcon.colcon_core.shell:Creating package script '/home/caros/DEV/ROS_DEV/ros2_lidar_navigation/install/rslidar_sdk/share/rslidar_sdk/package.ps1'
[1.203s] INFO:colcon.colcon_core.shell:Creating package descriptor '/home/caros/DEV/ROS_DEV/ros2_lidar_navigation/install/rslidar_sdk/share/rslidar_sdk/package.dsv'
[1.204s] INFO:colcon.colcon_core.shell:Creating package script '/home/caros/DEV/ROS_DEV/ros2_lidar_navigation/install/rslidar_sdk/share/rslidar_sdk/package.sh'
[1.205s] INFO:colcon.colcon_core.shell:Creating package script '/home/caros/DEV/ROS_DEV/ros2_lidar_navigation/install/rslidar_sdk/share/rslidar_sdk/package.bash'
[1.206s] INFO:colcon.colcon_core.shell:Creating package script '/home/caros/DEV/ROS_DEV/ros2_lidar_navigation/install/rslidar_sdk/share/rslidar_sdk/package.zsh'
[1.207s] Level 1:colcon.colcon_core.environment:create_file_with_runtime_dependencies(/home/caros/DEV/ROS_DEV/ros2_lidar_navigation/install/rslidar_sdk/share/colcon-core/packages/rslidar_sdk)
[1.210s] Level 1:colcon.colcon_core.environment:create_environment_scripts_only(rslidar_sdk)
[1.210s] Level 1:colcon.colcon_core.environment:checking '/home/caros/DEV/ROS_DEV/ros2_lidar_navigation/install/rslidar_sdk' for CMake module files
[1.211s] Level 1:colcon.colcon_core.environment:checking '/home/caros/DEV/ROS_DEV/ros2_lidar_navigation/install/rslidar_sdk' for CMake config files
[1.212s] Level 1:colcon.colcon_core.shell:create_environment_hook('rslidar_sdk', 'cmake_prefix_path')
[1.212s] INFO:colcon.colcon_core.shell:Creating environment hook '/home/caros/DEV/ROS_DEV/ros2_lidar_navigation/install/rslidar_sdk/share/rslidar_sdk/hook/cmake_prefix_path.ps1'
[1.213s] INFO:colcon.colcon_core.shell:Creating environment descriptor '/home/caros/DEV/ROS_DEV/ros2_lidar_navigation/install/rslidar_sdk/share/rslidar_sdk/hook/cmake_prefix_path.dsv'
[1.213s] INFO:colcon.colcon_core.shell:Creating environment hook '/home/caros/DEV/ROS_DEV/ros2_lidar_navigation/install/rslidar_sdk/share/rslidar_sdk/hook/cmake_prefix_path.sh'
[1.214s] Level 1:colcon.colcon_core.environment:checking '/home/caros/DEV/ROS_DEV/ros2_lidar_navigation/install/rslidar_sdk/lib'
[1.215s] Level 1:colcon.colcon_core.environment:checking '/home/caros/DEV/ROS_DEV/ros2_lidar_navigation/install/rslidar_sdk/bin'
[1.215s] Level 1:colcon.colcon_core.environment:checking '/home/caros/DEV/ROS_DEV/ros2_lidar_navigation/install/rslidar_sdk/lib/pkgconfig/rslidar_sdk.pc'
[1.215s] Level 1:colcon.colcon_core.environment:checking '/home/caros/DEV/ROS_DEV/ros2_lidar_navigation/install/rslidar_sdk/lib/python3.8/site-packages'
[1.215s] Level 1:colcon.colcon_core.environment:checking '/home/caros/DEV/ROS_DEV/ros2_lidar_navigation/install/rslidar_sdk/bin'
[1.216s] INFO:colcon.colcon_core.shell:Creating package script '/home/caros/DEV/ROS_DEV/ros2_lidar_navigation/install/rslidar_sdk/share/rslidar_sdk/package.ps1'
[1.217s] INFO:colcon.colcon_core.shell:Creating package descriptor '/home/caros/DEV/ROS_DEV/ros2_lidar_navigation/install/rslidar_sdk/share/rslidar_sdk/package.dsv'
[1.218s] INFO:colcon.colcon_core.shell:Creating package script '/home/caros/DEV/ROS_DEV/ros2_lidar_navigation/install/rslidar_sdk/share/rslidar_sdk/package.sh'
[1.218s] INFO:colcon.colcon_core.shell:Creating package script '/home/caros/DEV/ROS_DEV/ros2_lidar_navigation/install/rslidar_sdk/share/rslidar_sdk/package.bash'
[1.219s] INFO:colcon.colcon_core.shell:Creating package script '/home/caros/DEV/ROS_DEV/ros2_lidar_navigation/install/rslidar_sdk/share/rslidar_sdk/package.zsh'
[1.219s] Level 1:colcon.colcon_core.environment:create_file_with_runtime_dependencies(/home/caros/DEV/ROS_DEV/ros2_lidar_navigation/install/rslidar_sdk/share/colcon-core/packages/rslidar_sdk)
[1.220s] DEBUG:colcon.colcon_parallel_executor.executor.parallel:closing loop
[1.220s] DEBUG:colcon.colcon_parallel_executor.executor.parallel:loop closed
[1.221s] DEBUG:colcon.colcon_parallel_executor.executor.parallel:run_until_complete finished with '0'
[1.221s] DEBUG:colcon.colcon_core.event_reactor:joining thread
[1.235s] INFO:colcon.colcon_core.plugin_system:Skipping extension 'colcon_notification.desktop_notification.terminal_notifier': Not used on non-Darwin systems
[1.235s] INFO:colcon.colcon_core.plugin_system:Skipping extension 'colcon_notification.desktop_notification.win32': Not used on non-Windows systems
[1.236s] INFO:colcon.colcon_notification.desktop_notification:Sending desktop notification using 'notify2'
[1.290s] DEBUG:colcon.colcon_core.event_reactor:joined thread
[1.291s] INFO:colcon.colcon_core.shell:Creating prefix script '/home/caros/DEV/ROS_DEV/ros2_lidar_navigation/install/local_setup.ps1'
[1.294s] INFO:colcon.colcon_core.shell:Creating prefix util module '/home/caros/DEV/ROS_DEV/ros2_lidar_navigation/install/_local_setup_util_ps1.py'
[1.298s] INFO:colcon.colcon_core.shell:Creating prefix chain script '/home/caros/DEV/ROS_DEV/ros2_lidar_navigation/install/setup.ps1'
[1.302s] INFO:colcon.colcon_core.shell:Creating prefix script '/home/caros/DEV/ROS_DEV/ros2_lidar_navigation/install/local_setup.sh'
[1.303s] INFO:colcon.colcon_core.shell:Creating prefix util module '/home/caros/DEV/ROS_DEV/ros2_lidar_navigation/install/_local_setup_util_sh.py'
[1.305s] INFO:colcon.colcon_core.shell:Creating prefix chain script '/home/caros/DEV/ROS_DEV/ros2_lidar_navigation/install/setup.sh'
[1.308s] INFO:colcon.colcon_core.shell:Creating prefix script '/home/caros/DEV/ROS_DEV/ros2_lidar_navigation/install/local_setup.bash'
[1.309s] INFO:colcon.colcon_core.shell:Creating prefix chain script '/home/caros/DEV/ROS_DEV/ros2_lidar_navigation/install/setup.bash'
[1.311s] INFO:colcon.colcon_core.shell:Creating prefix script '/home/caros/DEV/ROS_DEV/ros2_lidar_navigation/install/local_setup.zsh'
[1.312s] INFO:colcon.colcon_core.shell:Creating prefix chain script '/home/caros/DEV/ROS_DEV/ros2_lidar_navigation/install/setup.zsh'
